[0.020s] Invoking command in '/home/yeray/sensors_ws/build/custom_nodes': CMAKE_PREFIX_PATH=/home/yeray/sensors_ws/install/realsense2_camera:/home/yeray/sensors_ws/install/ultralytics_ros:/home/yeray/sensors_ws/install/realsense2_camera_msgs:/home/yeray/sensors_ws/install/optris_drivers2:/home/yeray/sensors_ws/install/custom_nodes:/home/yeray/sensors_ws/install/realsense2_description LD_LIBRARY_PATH=/home/yeray/sensors_ws/install/realsense2_camera/lib:/home/yeray/sensors_ws/install/ultralytics_ros/lib:/home/yeray/sensors_ws/install/realsense2_camera_msgs/lib:/home/yeray/sensors_ws/install/optris_drivers2/lib:/usr/lib/x86_64-linux-gnu/gazebo-11/plugins:/opt/ros/humble/opt/rviz_ogre_vendor/lib:/opt/ros/humble/lib/x86_64-linux-gnu:/opt/ros/humble/lib /usr/bin/cmake /home/yeray/sensors_ws/src/custom_nodes -DCATKIN_INSTALL_INTO_PREFIX_ROOT=0 -DCMAKE_INSTALL_PREFIX=/home/yeray/sensors_ws/install/custom_nodes
[0.035s] -- Found ament_cmake: 1.3.10 (/opt/ros/humble/share/ament_cmake/cmake)
[0.246s] -- Configuring done
[0.249s] -- Generating done
[0.249s] -- Build files have been written to: /home/yeray/sensors_ws/build/custom_nodes
[0.252s] Invoked command in '/home/yeray/sensors_ws/build/custom_nodes' returned '0': CMAKE_PREFIX_PATH=/home/yeray/sensors_ws/install/realsense2_camera:/home/yeray/sensors_ws/install/ultralytics_ros:/home/yeray/sensors_ws/install/realsense2_camera_msgs:/home/yeray/sensors_ws/install/optris_drivers2:/home/yeray/sensors_ws/install/custom_nodes:/home/yeray/sensors_ws/install/realsense2_description LD_LIBRARY_PATH=/home/yeray/sensors_ws/install/realsense2_camera/lib:/home/yeray/sensors_ws/install/ultralytics_ros/lib:/home/yeray/sensors_ws/install/realsense2_camera_msgs/lib:/home/yeray/sensors_ws/install/optris_drivers2/lib:/usr/lib/x86_64-linux-gnu/gazebo-11/plugins:/opt/ros/humble/opt/rviz_ogre_vendor/lib:/opt/ros/humble/lib/x86_64-linux-gnu:/opt/ros/humble/lib /usr/bin/cmake /home/yeray/sensors_ws/src/custom_nodes -DCATKIN_INSTALL_INTO_PREFIX_ROOT=0 -DCMAKE_INSTALL_PREFIX=/home/yeray/sensors_ws/install/custom_nodes
[0.254s] Invoking command in '/home/yeray/sensors_ws/build/custom_nodes': CMAKE_PREFIX_PATH=/home/yeray/sensors_ws/install/realsense2_camera:/home/yeray/sensors_ws/install/ultralytics_ros:/home/yeray/sensors_ws/install/realsense2_camera_msgs:/home/yeray/sensors_ws/install/optris_drivers2:/home/yeray/sensors_ws/install/custom_nodes:/home/yeray/sensors_ws/install/realsense2_description LD_LIBRARY_PATH=/home/yeray/sensors_ws/install/realsense2_camera/lib:/home/yeray/sensors_ws/install/ultralytics_ros/lib:/home/yeray/sensors_ws/install/realsense2_camera_msgs/lib:/home/yeray/sensors_ws/install/optris_drivers2/lib:/usr/lib/x86_64-linux-gnu/gazebo-11/plugins:/opt/ros/humble/opt/rviz_ogre_vendor/lib:/opt/ros/humble/lib/x86_64-linux-gnu:/opt/ros/humble/lib /usr/bin/cmake --build /home/yeray/sensors_ws/build/custom_nodes -- -j8 -l8
[0.272s] /usr/bin/cmake -S/home/yeray/sensors_ws/src/custom_nodes -B/home/yeray/sensors_ws/build/custom_nodes --check-build-system CMakeFiles/Makefile.cmake 0
[0.282s] /usr/bin/cmake -E cmake_progress_start /home/yeray/sensors_ws/build/custom_nodes/CMakeFiles /home/yeray/sensors_ws/build/custom_nodes//CMakeFiles/progress.marks
[0.290s] /usr/bin/gmake  -f CMakeFiles/Makefile2 all
[0.292s] gmake[1]: Entering directory '/home/yeray/sensors_ws/build/custom_nodes'
[0.292s] gmake[1]: Nothing to be done for 'all'.
[0.292s] gmake[1]: Leaving directory '/home/yeray/sensors_ws/build/custom_nodes'
[0.292s] /usr/bin/cmake -E cmake_progress_start /home/yeray/sensors_ws/build/custom_nodes/CMakeFiles 0
[0.303s] Invoked command in '/home/yeray/sensors_ws/build/custom_nodes' returned '0': CMAKE_PREFIX_PATH=/home/yeray/sensors_ws/install/realsense2_camera:/home/yeray/sensors_ws/install/ultralytics_ros:/home/yeray/sensors_ws/install/realsense2_camera_msgs:/home/yeray/sensors_ws/install/optris_drivers2:/home/yeray/sensors_ws/install/custom_nodes:/home/yeray/sensors_ws/install/realsense2_description LD_LIBRARY_PATH=/home/yeray/sensors_ws/install/realsense2_camera/lib:/home/yeray/sensors_ws/install/ultralytics_ros/lib:/home/yeray/sensors_ws/install/realsense2_camera_msgs/lib:/home/yeray/sensors_ws/install/optris_drivers2/lib:/usr/lib/x86_64-linux-gnu/gazebo-11/plugins:/opt/ros/humble/opt/rviz_ogre_vendor/lib:/opt/ros/humble/lib/x86_64-linux-gnu:/opt/ros/humble/lib /usr/bin/cmake --build /home/yeray/sensors_ws/build/custom_nodes -- -j8 -l8
[0.372s] Invoking command in '/home/yeray/sensors_ws/build/custom_nodes': CMAKE_PREFIX_PATH=/home/yeray/sensors_ws/install/realsense2_camera:/home/yeray/sensors_ws/install/ultralytics_ros:/home/yeray/sensors_ws/install/realsense2_camera_msgs:/home/yeray/sensors_ws/install/optris_drivers2:/home/yeray/sensors_ws/install/custom_nodes:/home/yeray/sensors_ws/install/realsense2_description LD_LIBRARY_PATH=/home/yeray/sensors_ws/install/realsense2_camera/lib:/home/yeray/sensors_ws/install/ultralytics_ros/lib:/home/yeray/sensors_ws/install/realsense2_camera_msgs/lib:/home/yeray/sensors_ws/install/optris_drivers2/lib:/usr/lib/x86_64-linux-gnu/gazebo-11/plugins:/opt/ros/humble/opt/rviz_ogre_vendor/lib:/opt/ros/humble/lib/x86_64-linux-gnu:/opt/ros/humble/lib /usr/bin/cmake --install /home/yeray/sensors_ws/build/custom_nodes
[0.380s] -- Install configuration: ""
[0.381s] -- Up-to-date: /home/yeray/sensors_ws/install/custom_nodes/share/custom_nodes/launch
[0.381s] -- Up-to-date: /home/yeray/sensors_ws/install/custom_nodes/share/custom_nodes/launch/main_launch.py
[0.381s] -- Up-to-date: /home/yeray/sensors_ws/install/custom_nodes/share/custom_nodes/launch/thermal_launch.py
[0.381s] -- Up-to-date: /home/yeray/sensors_ws/install/custom_nodes/share/custom_nodes/launch/rviz2_config_thermal.rviz
[0.381s] -- Up-to-date: /home/yeray/sensors_ws/install/custom_nodes/share/custom_nodes/launch/rviz2_config3.rviz
[0.381s] -- Up-to-date: /home/yeray/sensors_ws/install/custom_nodes/share/custom_nodes/scripts
[0.381s] -- Up-to-date: /home/yeray/sensors_ws/install/custom_nodes/share/custom_nodes/scripts/temperature_cswi_calculation.py
[0.381s] -- Up-to-date: /home/yeray/sensors_ws/install/custom_nodes/share/custom_nodes/scripts/modify_xml.py
[0.381s] -- Up-to-date: /home/yeray/sensors_ws/install/custom_nodes/share/custom_nodes/scripts/test.py
[0.381s] -- Up-to-date: /home/yeray/sensors_ws/install/custom_nodes/share/ament_index/resource_index/package_run_dependencies/custom_nodes
[0.382s] -- Installing: /home/yeray/sensors_ws/install/custom_nodes/share/ament_index/resource_index/parent_prefix_path/custom_nodes
[0.382s] -- Up-to-date: /home/yeray/sensors_ws/install/custom_nodes/share/custom_nodes/environment/ament_prefix_path.sh
[0.382s] -- Installing: /home/yeray/sensors_ws/install/custom_nodes/share/custom_nodes/environment/ament_prefix_path.dsv
[0.382s] -- Up-to-date: /home/yeray/sensors_ws/install/custom_nodes/share/custom_nodes/environment/path.sh
[0.382s] -- Installing: /home/yeray/sensors_ws/install/custom_nodes/share/custom_nodes/environment/path.dsv
[0.382s] -- Up-to-date: /home/yeray/sensors_ws/install/custom_nodes/share/custom_nodes/local_setup.bash
[0.382s] -- Up-to-date: /home/yeray/sensors_ws/install/custom_nodes/share/custom_nodes/local_setup.sh
[0.382s] -- Up-to-date: /home/yeray/sensors_ws/install/custom_nodes/share/custom_nodes/local_setup.zsh
[0.382s] -- Installing: /home/yeray/sensors_ws/install/custom_nodes/share/custom_nodes/local_setup.dsv
[0.382s] -- Installing: /home/yeray/sensors_ws/install/custom_nodes/share/custom_nodes/package.dsv
[0.382s] -- Up-to-date: /home/yeray/sensors_ws/install/custom_nodes/share/ament_index/resource_index/packages/custom_nodes
[0.383s] -- Up-to-date: /home/yeray/sensors_ws/install/custom_nodes/share/custom_nodes/cmake/custom_nodesConfig.cmake
[0.383s] -- Up-to-date: /home/yeray/sensors_ws/install/custom_nodes/share/custom_nodes/cmake/custom_nodesConfig-version.cmake
[0.383s] -- Up-to-date: /home/yeray/sensors_ws/install/custom_nodes/share/custom_nodes/package.xml
[0.384s] Invoked command in '/home/yeray/sensors_ws/build/custom_nodes' returned '0': CMAKE_PREFIX_PATH=/home/yeray/sensors_ws/install/realsense2_camera:/home/yeray/sensors_ws/install/ultralytics_ros:/home/yeray/sensors_ws/install/realsense2_camera_msgs:/home/yeray/sensors_ws/install/optris_drivers2:/home/yeray/sensors_ws/install/custom_nodes:/home/yeray/sensors_ws/install/realsense2_description LD_LIBRARY_PATH=/home/yeray/sensors_ws/install/realsense2_camera/lib:/home/yeray/sensors_ws/install/ultralytics_ros/lib:/home/yeray/sensors_ws/install/realsense2_camera_msgs/lib:/home/yeray/sensors_ws/install/optris_drivers2/lib:/usr/lib/x86_64-linux-gnu/gazebo-11/plugins:/opt/ros/humble/opt/rviz_ogre_vendor/lib:/opt/ros/humble/lib/x86_64-linux-gnu:/opt/ros/humble/lib /usr/bin/cmake --install /home/yeray/sensors_ws/build/custom_nodes
