/usr/bin/cmake -S/home/yeray/sensors_ws/src/custom_nodes -B/home/yeray/sensors_ws/build/custom_nodes --check-build-system CMakeFiles/Makefile.cmake 0
/usr/bin/cmake -E cmake_progress_start /home/yeray/sensors_ws/build/custom_nodes/CMakeFiles /home/yeray/sensors_ws/build/custom_nodes//CMakeFiles/progress.marks
/usr/bin/gmake  -f CMakeFiles/Makefile2 all
gmake[1]: Entering directory '/home/yeray/sensors_ws/build/custom_nodes'
gmake[1]: Nothing to be done for 'all'.
gmake[1]: Leaving directory '/home/yeray/sensors_ws/build/custom_nodes'
/usr/bin/cmake -E cmake_progress_start /home/yeray/sensors_ws/build/custom_nodes/CMakeFiles 0
-- Install configuration: ""
-- Up-to-date: /home/yeray/sensors_ws/install/custom_nodes/share/custom_nodes/launch
-- Up-to-date: /home/yeray/sensors_ws/install/custom_nodes/share/custom_nodes/launch/main_launch.py
-- Up-to-date: /home/yeray/sensors_ws/install/custom_nodes/share/custom_nodes/launch/frontend.py
-- Installing: /home/yeray/sensors_ws/install/custom_nodes/share/custom_nodes/launch/frontend_theme.py
-- Up-to-date: /home/yeray/sensors_ws/install/custom_nodes/share/custom_nodes/launch/thermal_launch.py
-- Installing: /home/yeray/sensors_ws/install/custom_nodes/share/custom_nodes/launch/main_launch2.py
-- Installing: /home/yeray/sensors_ws/install/custom_nodes/share/custom_nodes/launch/frontend_theme2.py
-- Up-to-date: /home/yeray/sensors_ws/install/custom_nodes/share/custom_nodes/launch/azure.tcl
-- Up-to-date: /home/yeray/sensors_ws/install/custom_nodes/share/custom_nodes/launch/theme
-- Up-to-date: /home/yeray/sensors_ws/install/custom_nodes/share/custom_nodes/launch/theme/dark
-- Up-to-date: /home/yeray/sensors_ws/install/custom_nodes/share/custom_nodes/launch/theme/dark/check-tri-accent.png
-- Up-to-date: /home/yeray/sensors_ws/install/custom_nodes/share/custom_nodes/launch/theme/dark/radio-basic.png
-- Up-to-date: /home/yeray/sensors_ws/install/custom_nodes/share/custom_nodes/launch/theme/dark/on-accent.png
-- Up-to-date: /home/yeray/sensors_ws/install/custom_nodes/share/custom_nodes/launch/theme/dark/radio-tri-basic.png
-- Up-to-date: /home/yeray/sensors_ws/install/custom_nodes/share/custom_nodes/launch/theme/dark/tree-pressed.png
-- Up-to-date: /home/yeray/sensors_ws/install/custom_nodes/share/custom_nodes/launch/theme/dark/circle-hover.png
-- Up-to-date: /home/yeray/sensors_ws/install/custom_nodes/share/custom_nodes/launch/theme/dark/empty.png
-- Up-to-date: /home/yeray/sensors_ws/install/custom_nodes/share/custom_nodes/launch/theme/dark/vert-basic.png
-- Up-to-date: /home/yeray/sensors_ws/install/custom_nodes/share/custom_nodes/launch/theme/dark/radio-tri-hover.png
-- Up-to-date: /home/yeray/sensors_ws/install/custom_nodes/share/custom_nodes/launch/theme/dark/vert-accent.png
-- Up-to-date: /home/yeray/sensors_ws/install/custom_nodes/share/custom_nodes/launch/theme/dark/rect-accent.png
-- Up-to-date: /home/yeray/sensors_ws/install/custom_nodes/share/custom_nodes/launch/theme/dark/check-accent.png
-- Up-to-date: /home/yeray/sensors_ws/install/custom_nodes/share/custom_nodes/launch/theme/dark/up.png
-- Up-to-date: /home/yeray/sensors_ws/install/custom_nodes/share/custom_nodes/launch/theme/dark/combo-button-hover.png
-- Up-to-date: /home/yeray/sensors_ws/install/custom_nodes/share/custom_nodes/launch/theme/dark/down-accent.png
-- Up-to-date: /home/yeray/sensors_ws/install/custom_nodes/share/custom_nodes/launch/theme/dark/box-basic.png
-- Up-to-date: /home/yeray/sensors_ws/install/custom_nodes/share/custom_nodes/launch/theme/dark/combo-button-basic.png
-- Up-to-date: /home/yeray/sensors_ws/install/custom_nodes/share/custom_nodes/launch/theme/dark/tick-hor-basic.png
-- Up-to-date: /home/yeray/sensors_ws/install/custom_nodes/share/custom_nodes/launch/theme/dark/combo-button-focus.png
-- Up-to-date: /home/yeray/sensors_ws/install/custom_nodes/share/custom_nodes/launch/theme/dark/box-invalid.png
-- Up-to-date: /home/yeray/sensors_ws/install/custom_nodes/share/custom_nodes/launch/theme/dark/check-tri-hover.png
-- Up-to-date: /home/yeray/sensors_ws/install/custom_nodes/share/custom_nodes/launch/theme/dark/scale-vert.png
-- Up-to-date: /home/yeray/sensors_ws/install/custom_nodes/share/custom_nodes/launch/theme/dark/rect-basic.png
-- Up-to-date: /home/yeray/sensors_ws/install/custom_nodes/share/custom_nodes/launch/theme/dark/scale-hor.png
-- Up-to-date: /home/yeray/sensors_ws/install/custom_nodes/share/custom_nodes/launch/theme/dark/check-tri-basic.png
-- Up-to-date: /home/yeray/sensors_ws/install/custom_nodes/share/custom_nodes/launch/theme/dark/hor-basic.png
-- Up-to-date: /home/yeray/sensors_ws/install/custom_nodes/share/custom_nodes/launch/theme/dark/right.png
-- Up-to-date: /home/yeray/sensors_ws/install/custom_nodes/share/custom_nodes/launch/theme/dark/hor-accent.png
-- Up-to-date: /home/yeray/sensors_ws/install/custom_nodes/share/custom_nodes/launch/theme/dark/tab-hover.png
-- Up-to-date: /home/yeray/sensors_ws/install/custom_nodes/share/custom_nodes/launch/theme/dark/off-basic.png
-- Up-to-date: /home/yeray/sensors_ws/install/custom_nodes/share/custom_nodes/launch/theme/dark/rect-hover.png
-- Up-to-date: /home/yeray/sensors_ws/install/custom_nodes/share/custom_nodes/launch/theme/dark/tick-vert-accent.png
-- Up-to-date: /home/yeray/sensors_ws/install/custom_nodes/share/custom_nodes/launch/theme/dark/tick-hor-hover.png
-- Up-to-date: /home/yeray/sensors_ws/install/custom_nodes/share/custom_nodes/launch/theme/dark/radio-hover.png
-- Up-to-date: /home/yeray/sensors_ws/install/custom_nodes/share/custom_nodes/launch/theme/dark/circle-basic.png
-- Up-to-date: /home/yeray/sensors_ws/install/custom_nodes/share/custom_nodes/launch/theme/dark/separator.png
-- Up-to-date: /home/yeray/sensors_ws/install/custom_nodes/share/custom_nodes/launch/theme/dark/check-basic.png
-- Up-to-date: /home/yeray/sensors_ws/install/custom_nodes/share/custom_nodes/launch/theme/dark/tick-vert-basic.png
-- Up-to-date: /home/yeray/sensors_ws/install/custom_nodes/share/custom_nodes/launch/theme/dark/circle-accent.png
-- Up-to-date: /home/yeray/sensors_ws/install/custom_nodes/share/custom_nodes/launch/theme/dark/check-hover.png
-- Up-to-date: /home/yeray/sensors_ws/install/custom_nodes/share/custom_nodes/launch/theme/dark/up-accent.png
-- Up-to-date: /home/yeray/sensors_ws/install/custom_nodes/share/custom_nodes/launch/theme/dark/box-hover.png
-- Up-to-date: /home/yeray/sensors_ws/install/custom_nodes/share/custom_nodes/launch/theme/dark/tick-vert-hover.png
-- Up-to-date: /home/yeray/sensors_ws/install/custom_nodes/share/custom_nodes/launch/theme/dark/hor-hover.png
-- Up-to-date: /home/yeray/sensors_ws/install/custom_nodes/share/custom_nodes/launch/theme/dark/down.png
-- Up-to-date: /home/yeray/sensors_ws/install/custom_nodes/share/custom_nodes/launch/theme/dark/outline-hover.png
-- Up-to-date: /home/yeray/sensors_ws/install/custom_nodes/share/custom_nodes/launch/theme/dark/vert-hover.png
-- Up-to-date: /home/yeray/sensors_ws/install/custom_nodes/share/custom_nodes/launch/theme/dark/notebook.png
-- Up-to-date: /home/yeray/sensors_ws/install/custom_nodes/share/custom_nodes/launch/theme/dark/button-hover.png
-- Up-to-date: /home/yeray/sensors_ws/install/custom_nodes/share/custom_nodes/launch/theme/dark/outline-basic.png
-- Up-to-date: /home/yeray/sensors_ws/install/custom_nodes/share/custom_nodes/launch/theme/dark/radio-tri-accent.png
-- Up-to-date: /home/yeray/sensors_ws/install/custom_nodes/share/custom_nodes/launch/theme/dark/on-basic.png
-- Up-to-date: /home/yeray/sensors_ws/install/custom_nodes/share/custom_nodes/launch/theme/dark/box-accent.png
-- Up-to-date: /home/yeray/sensors_ws/install/custom_nodes/share/custom_nodes/launch/theme/dark/rect-accent-hover.png
-- Up-to-date: /home/yeray/sensors_ws/install/custom_nodes/share/custom_nodes/launch/theme/dark/tab-basic.png
-- Up-to-date: /home/yeray/sensors_ws/install/custom_nodes/share/custom_nodes/launch/theme/dark/size.png
-- Up-to-date: /home/yeray/sensors_ws/install/custom_nodes/share/custom_nodes/launch/theme/dark/tab-disabled.png
-- Up-to-date: /home/yeray/sensors_ws/install/custom_nodes/share/custom_nodes/launch/theme/dark/tree-basic.png
-- Up-to-date: /home/yeray/sensors_ws/install/custom_nodes/share/custom_nodes/launch/theme/dark/card.png
-- Up-to-date: /home/yeray/sensors_ws/install/custom_nodes/share/custom_nodes/launch/theme/dark/radio-accent.png
-- Up-to-date: /home/yeray/sensors_ws/install/custom_nodes/share/custom_nodes/launch/theme/dark/tick-hor-accent.png
-- Up-to-date: /home/yeray/sensors_ws/install/custom_nodes/share/custom_nodes/launch/theme/dark.tcl
-- Up-to-date: /home/yeray/sensors_ws/install/custom_nodes/share/custom_nodes/launch/theme/light.tcl
-- Up-to-date: /home/yeray/sensors_ws/install/custom_nodes/share/custom_nodes/launch/theme/light
-- Up-to-date: /home/yeray/sensors_ws/install/custom_nodes/share/custom_nodes/launch/theme/light/check-tri-accent.png
-- Up-to-date: /home/yeray/sensors_ws/install/custom_nodes/share/custom_nodes/launch/theme/light/radio-basic.png
-- Up-to-date: /home/yeray/sensors_ws/install/custom_nodes/share/custom_nodes/launch/theme/light/on-accent.png
-- Up-to-date: /home/yeray/sensors_ws/install/custom_nodes/share/custom_nodes/launch/theme/light/radio-tri-basic.png
-- Up-to-date: /home/yeray/sensors_ws/install/custom_nodes/share/custom_nodes/launch/theme/light/tree-pressed.png
-- Up-to-date: /home/yeray/sensors_ws/install/custom_nodes/share/custom_nodes/launch/theme/light/circle-hover.png
-- Up-to-date: /home/yeray/sensors_ws/install/custom_nodes/share/custom_nodes/launch/theme/light/empty.png
-- Up-to-date: /home/yeray/sensors_ws/install/custom_nodes/share/custom_nodes/launch/theme/light/vert-basic.png
-- Up-to-date: /home/yeray/sensors_ws/install/custom_nodes/share/custom_nodes/launch/theme/light/radio-tri-hover.png
-- Up-to-date: /home/yeray/sensors_ws/install/custom_nodes/share/custom_nodes/launch/theme/light/vert-accent.png
-- Up-to-date: /home/yeray/sensors_ws/install/custom_nodes/share/custom_nodes/launch/theme/light/rect-accent.png
-- Up-to-date: /home/yeray/sensors_ws/install/custom_nodes/share/custom_nodes/launch/theme/light/check-accent.png
-- Up-to-date: /home/yeray/sensors_ws/install/custom_nodes/share/custom_nodes/launch/theme/light/up.png
-- Up-to-date: /home/yeray/sensors_ws/install/custom_nodes/share/custom_nodes/launch/theme/light/combo-button-hover.png
-- Up-to-date: /home/yeray/sensors_ws/install/custom_nodes/share/custom_nodes/launch/theme/light/down-accent.png
-- Up-to-date: /home/yeray/sensors_ws/install/custom_nodes/share/custom_nodes/launch/theme/light/box-basic.png
-- Up-to-date: /home/yeray/sensors_ws/install/custom_nodes/share/custom_nodes/launch/theme/light/combo-button-basic.png
-- Up-to-date: /home/yeray/sensors_ws/install/custom_nodes/share/custom_nodes/launch/theme/light/tick-hor-basic.png
-- Up-to-date: /home/yeray/sensors_ws/install/custom_nodes/share/custom_nodes/launch/theme/light/combo-button-focus.png
-- Up-to-date: /home/yeray/sensors_ws/install/custom_nodes/share/custom_nodes/launch/theme/light/box-invalid.png
-- Up-to-date: /home/yeray/sensors_ws/install/custom_nodes/share/custom_nodes/launch/theme/light/check-tri-hover.png
-- Up-to-date: /home/yeray/sensors_ws/install/custom_nodes/share/custom_nodes/launch/theme/light/scale-vert.png
-- Up-to-date: /home/yeray/sensors_ws/install/custom_nodes/share/custom_nodes/launch/theme/light/rect-basic.png
-- Up-to-date: /home/yeray/sensors_ws/install/custom_nodes/share/custom_nodes/launch/theme/light/scale-hor.png
-- Up-to-date: /home/yeray/sensors_ws/install/custom_nodes/share/custom_nodes/launch/theme/light/check-tri-basic.png
-- Up-to-date: /home/yeray/sensors_ws/install/custom_nodes/share/custom_nodes/launch/theme/light/hor-basic.png
-- Up-to-date: /home/yeray/sensors_ws/install/custom_nodes/share/custom_nodes/launch/theme/light/right.png
-- Up-to-date: /home/yeray/sensors_ws/install/custom_nodes/share/custom_nodes/launch/theme/light/hor-accent.png
-- Up-to-date: /home/yeray/sensors_ws/install/custom_nodes/share/custom_nodes/launch/theme/light/tab-hover.png
-- Up-to-date: /home/yeray/sensors_ws/install/custom_nodes/share/custom_nodes/launch/theme/light/off-basic.png
-- Up-to-date: /home/yeray/sensors_ws/install/custom_nodes/share/custom_nodes/launch/theme/light/rect-hover.png
-- Up-to-date: /home/yeray/sensors_ws/install/custom_nodes/share/custom_nodes/launch/theme/light/tick-vert-accent.png
-- Up-to-date: /home/yeray/sensors_ws/install/custom_nodes/share/custom_nodes/launch/theme/light/tick-hor-hover.png
-- Up-to-date: /home/yeray/sensors_ws/install/custom_nodes/share/custom_nodes/launch/theme/light/radio-hover.png
-- Up-to-date: /home/yeray/sensors_ws/install/custom_nodes/share/custom_nodes/launch/theme/light/circle-basic.png
-- Up-to-date: /home/yeray/sensors_ws/install/custom_nodes/share/custom_nodes/launch/theme/light/separator.png
-- Up-to-date: /home/yeray/sensors_ws/install/custom_nodes/share/custom_nodes/launch/theme/light/check-basic.png
-- Up-to-date: /home/yeray/sensors_ws/install/custom_nodes/share/custom_nodes/launch/theme/light/off-hover.png
-- Up-to-date: /home/yeray/sensors_ws/install/custom_nodes/share/custom_nodes/launch/theme/light/tick-vert-basic.png
-- Up-to-date: /home/yeray/sensors_ws/install/custom_nodes/share/custom_nodes/launch/theme/light/circle-accent.png
-- Up-to-date: /home/yeray/sensors_ws/install/custom_nodes/share/custom_nodes/launch/theme/light/check-hover.png
-- Up-to-date: /home/yeray/sensors_ws/install/custom_nodes/share/custom_nodes/launch/theme/light/up-accent.png
-- Up-to-date: /home/yeray/sensors_ws/install/custom_nodes/share/custom_nodes/launch/theme/light/box-hover.png
-- Up-to-date: /home/yeray/sensors_ws/install/custom_nodes/share/custom_nodes/launch/theme/light/tick-vert-hover.png
-- Up-to-date: /home/yeray/sensors_ws/install/custom_nodes/share/custom_nodes/launch/theme/light/hor-hover.png
-- Up-to-date: /home/yeray/sensors_ws/install/custom_nodes/share/custom_nodes/launch/theme/light/down.png
-- Up-to-date: /home/yeray/sensors_ws/install/custom_nodes/share/custom_nodes/launch/theme/light/outline-hover.png
-- Up-to-date: /home/yeray/sensors_ws/install/custom_nodes/share/custom_nodes/launch/theme/light/vert-hover.png
-- Up-to-date: /home/yeray/sensors_ws/install/custom_nodes/share/custom_nodes/launch/theme/light/notebook.png
-- Up-to-date: /home/yeray/sensors_ws/install/custom_nodes/share/custom_nodes/launch/theme/light/button-hover.png
-- Up-to-date: /home/yeray/sensors_ws/install/custom_nodes/share/custom_nodes/launch/theme/light/outline-basic.png
-- Up-to-date: /home/yeray/sensors_ws/install/custom_nodes/share/custom_nodes/launch/theme/light/radio-tri-accent.png
-- Up-to-date: /home/yeray/sensors_ws/install/custom_nodes/share/custom_nodes/launch/theme/light/on-basic.png
-- Up-to-date: /home/yeray/sensors_ws/install/custom_nodes/share/custom_nodes/launch/theme/light/box-accent.png
-- Up-to-date: /home/yeray/sensors_ws/install/custom_nodes/share/custom_nodes/launch/theme/light/rect-accent-hover.png
-- Up-to-date: /home/yeray/sensors_ws/install/custom_nodes/share/custom_nodes/launch/theme/light/tab-basic.png
-- Up-to-date: /home/yeray/sensors_ws/install/custom_nodes/share/custom_nodes/launch/theme/light/size.png
-- Up-to-date: /home/yeray/sensors_ws/install/custom_nodes/share/custom_nodes/launch/theme/light/tab-disabled.png
-- Up-to-date: /home/yeray/sensors_ws/install/custom_nodes/share/custom_nodes/launch/theme/light/on-hover.png
-- Up-to-date: /home/yeray/sensors_ws/install/custom_nodes/share/custom_nodes/launch/theme/light/tree-basic.png
-- Up-to-date: /home/yeray/sensors_ws/install/custom_nodes/share/custom_nodes/launch/theme/light/card.png
-- Up-to-date: /home/yeray/sensors_ws/install/custom_nodes/share/custom_nodes/launch/theme/light/radio-accent.png
-- Up-to-date: /home/yeray/sensors_ws/install/custom_nodes/share/custom_nodes/launch/theme/light/tick-hor-accent.png
-- Up-to-date: /home/yeray/sensors_ws/install/custom_nodes/share/custom_nodes/launch/rviz2_config_thermal.rviz
-- Up-to-date: /home/yeray/sensors_ws/install/custom_nodes/share/custom_nodes/launch/rviz2_config3.rviz
-- Up-to-date: /home/yeray/sensors_ws/install/custom_nodes/share/custom_nodes/launch/test.py
-- Up-to-date: /home/yeray/sensors_ws/install/custom_nodes/share/custom_nodes/scripts
-- Up-to-date: /home/yeray/sensors_ws/install/custom_nodes/share/custom_nodes/scripts/temperature_cswi_calculation.py
-- Up-to-date: /home/yeray/sensors_ws/install/custom_nodes/share/custom_nodes/scripts/modify_xml.py
-- Up-to-date: /home/yeray/sensors_ws/install/custom_nodes/share/custom_nodes/scripts/test.py
-- Up-to-date: /home/yeray/sensors_ws/install/custom_nodes/share/ament_index/resource_index/package_run_dependencies/custom_nodes
-- Up-to-date: /home/yeray/sensors_ws/install/custom_nodes/share/ament_index/resource_index/parent_prefix_path/custom_nodes
-- Up-to-date: /home/yeray/sensors_ws/install/custom_nodes/share/custom_nodes/environment/ament_prefix_path.sh
-- Up-to-date: /home/yeray/sensors_ws/install/custom_nodes/share/custom_nodes/environment/ament_prefix_path.dsv
-- Up-to-date: /home/yeray/sensors_ws/install/custom_nodes/share/custom_nodes/environment/path.sh
-- Up-to-date: /home/yeray/sensors_ws/install/custom_nodes/share/custom_nodes/environment/path.dsv
-- Up-to-date: /home/yeray/sensors_ws/install/custom_nodes/share/custom_nodes/local_setup.bash
-- Up-to-date: /home/yeray/sensors_ws/install/custom_nodes/share/custom_nodes/local_setup.sh
-- Up-to-date: /home/yeray/sensors_ws/install/custom_nodes/share/custom_nodes/local_setup.zsh
-- Up-to-date: /home/yeray/sensors_ws/install/custom_nodes/share/custom_nodes/local_setup.dsv
-- Installing: /home/yeray/sensors_ws/install/custom_nodes/share/custom_nodes/package.dsv
-- Up-to-date: /home/yeray/sensors_ws/install/custom_nodes/share/ament_index/resource_index/packages/custom_nodes
-- Up-to-date: /home/yeray/sensors_ws/install/custom_nodes/share/custom_nodes/cmake/custom_nodesConfig.cmake
-- Up-to-date: /home/yeray/sensors_ws/install/custom_nodes/share/custom_nodes/cmake/custom_nodesConfig-version.cmake
-- Up-to-date: /home/yeray/sensors_ws/install/custom_nodes/share/custom_nodes/package.xml
