[0.015s] Invoking command in '/home/yeray/sensors_ws/build/realsense2_camera': CMAKE_PREFIX_PATH=/home/yeray/sensors_ws/install/realsense2_camera_msgs:/home/yeray/sensors_ws/install/ultralytics_ros:/home/yeray/sensors_ws/install/realsense2_description:/home/yeray/sensors_ws/install/realsense2_camera:/opt/ros/humble LD_LIBRARY_PATH=/home/yeray/sensors_ws/install/realsense2_camera_msgs/lib:/home/yeray/sensors_ws/install/ultralytics_ros/lib:/home/yeray/sensors_ws/install/realsense2_camera/lib:/usr/lib/x86_64-linux-gnu/gazebo-11/plugins:/opt/ros/humble/opt/rviz_ogre_vendor/lib:/opt/ros/humble/lib/x86_64-linux-gnu:/opt/ros/humble/lib /usr/bin/cmake /home/yeray/sensors_ws/src/realsense-ros/realsense2_camera -DCMAKE_INSTALL_PREFIX=/home/yeray/sensors_ws/install/realsense2_camera
[0.092s] -- The C compiler identification is GNU 11.4.0
[0.198s] -- The CXX compiler identification is GNU 11.4.0
[0.211s] -- Detecting C compiler ABI info
[0.319s] -- Detecting C compiler ABI info - done
[0.340s] -- Check for working C compiler: /usr/bin/cc - skipped
[0.341s] -- Detecting C compile features
[0.342s] -- Detecting C compile features - done
[0.350s] -- Detecting CXX compiler ABI info
[0.472s] -- Detecting CXX compiler ABI info - done
[0.485s] -- Check for working CXX compiler: /usr/bin/c++ - skipped
[0.485s] -- Detecting CXX compile features
[0.486s] -- Detecting CXX compile features - done
[0.487s] -- Create Release Build.
[0.490s] -- Found ament_cmake: 1.3.10 (/opt/ros/humble/share/ament_cmake/cmake)
[0.699s] -- Found Python3: /usr/bin/python3 (found version "3.10.12") found components: Interpreter 
[0.900s] -- Found builtin_interfaces: 1.2.1 (/opt/ros/humble/share/builtin_interfaces/cmake)
[0.968s] -- Found rosidl_generator_c: 3.1.5 (/opt/ros/humble/share/rosidl_generator_c/cmake)
[0.978s] -- Found rosidl_adapter: 3.1.5 (/opt/ros/humble/share/rosidl_adapter/cmake)
[0.994s] -- Found rosidl_generator_cpp: 3.1.5 (/opt/ros/humble/share/rosidl_generator_cpp/cmake)
[1.014s] -- Using all available rosidl_typesupport_c: rosidl_typesupport_fastrtps_c;rosidl_typesupport_introspection_c
[1.043s] -- Using all available rosidl_typesupport_cpp: rosidl_typesupport_fastrtps_cpp;rosidl_typesupport_introspection_cpp
[1.069s] -- Found cv_bridge: 3.2.1 (/opt/ros/humble/share/cv_bridge/cmake)
[1.166s] -- Found image_transport: 3.1.9 (/opt/ros/humble/share/image_transport/cmake)
[1.229s] -- Found rmw_implementation_cmake: 6.1.2 (/opt/ros/humble/share/rmw_implementation_cmake/cmake)
[1.233s] -- Found rmw_fastrtps_cpp: 6.2.7 (/opt/ros/humble/share/rmw_fastrtps_cpp/cmake)
[1.331s] -- Found OpenSSL: /usr/lib/x86_64-linux-gnu/libcrypto.so (found version "3.0.2")  
[1.364s] -- Found FastRTPS: /opt/ros/humble/include  
[1.413s] -- Using RMW implementation 'rmw_fastrtps_cpp' as default
[1.424s] -- Looking for pthread.h
[1.503s] -- Looking for pthread.h - found
[1.503s] -- Performing Test CMAKE_HAVE_LIBC_PTHREAD
[1.585s] -- Performing Test CMAKE_HAVE_LIBC_PTHREAD - Success
[1.586s] -- Found Threads: TRUE  
[1.665s] -- Found rclcpp_components: 16.0.10 (/opt/ros/humble/share/rclcpp_components/cmake)
[1.684s] -- Found realsense2_camera_msgs: 4.55.1 (/home/yeray/sensors_ws/install/realsense2_camera_msgs/share/realsense2_camera_msgs/cmake)
[1.705s] -- Found nav_msgs: 4.2.4 (/opt/ros/humble/share/nav_msgs/cmake)
[1.724s] -- Found tf2_ros: 0.25.8 (/opt/ros/humble/share/tf2_ros/cmake)
[1.803s] -- Found diagnostic_updater: 4.0.0 (/opt/ros/humble/share/diagnostic_updater/cmake)
[1.825s] -- Found OpenCV: /usr (found version "4.5.4") found components: core 
[1.826s] -- Build for ROS2 Humble
[1.834s] -- Found ament_cmake_gtest: 1.3.10 (/opt/ros/humble/share/ament_cmake_gtest/cmake)
[1.837s] -- Found gtest sources under '/opt/ros/humble/src/gtest_vendor': C++ tests using 'Google Test' will be built
[1.844s] -- Found ament_cmake_pytest: 1.3.10 (/opt/ros/humble/share/ament_cmake_pytest/cmake)
[5.506s] -- rs_device_info:
[5.507s] -- No device detected. Is it plugged in?
[5.507s] 
[5.627s] -- Configuring done
[5.661s] -- Generating done
[5.664s] -- Build files have been written to: /home/yeray/sensors_ws/build/realsense2_camera
[5.679s] Invoked command in '/home/yeray/sensors_ws/build/realsense2_camera' returned '0': CMAKE_PREFIX_PATH=/home/yeray/sensors_ws/install/realsense2_camera_msgs:/home/yeray/sensors_ws/install/ultralytics_ros:/home/yeray/sensors_ws/install/realsense2_description:/home/yeray/sensors_ws/install/realsense2_camera:/opt/ros/humble LD_LIBRARY_PATH=/home/yeray/sensors_ws/install/realsense2_camera_msgs/lib:/home/yeray/sensors_ws/install/ultralytics_ros/lib:/home/yeray/sensors_ws/install/realsense2_camera/lib:/usr/lib/x86_64-linux-gnu/gazebo-11/plugins:/opt/ros/humble/opt/rviz_ogre_vendor/lib:/opt/ros/humble/lib/x86_64-linux-gnu:/opt/ros/humble/lib /usr/bin/cmake /home/yeray/sensors_ws/src/realsense-ros/realsense2_camera -DCMAKE_INSTALL_PREFIX=/home/yeray/sensors_ws/install/realsense2_camera
[5.681s] Invoking command in '/home/yeray/sensors_ws/build/realsense2_camera': CMAKE_PREFIX_PATH=/home/yeray/sensors_ws/install/realsense2_camera_msgs:/home/yeray/sensors_ws/install/ultralytics_ros:/home/yeray/sensors_ws/install/realsense2_description:/home/yeray/sensors_ws/install/realsense2_camera:/opt/ros/humble LD_LIBRARY_PATH=/home/yeray/sensors_ws/install/realsense2_camera_msgs/lib:/home/yeray/sensors_ws/install/ultralytics_ros/lib:/home/yeray/sensors_ws/install/realsense2_camera/lib:/usr/lib/x86_64-linux-gnu/gazebo-11/plugins:/opt/ros/humble/opt/rviz_ogre_vendor/lib:/opt/ros/humble/lib/x86_64-linux-gnu:/opt/ros/humble/lib /usr/bin/cmake --build /home/yeray/sensors_ws/build/realsense2_camera -- -j8 -l8
[5.732s] [35m[1mConsolidate compiler generated dependencies of target gtest_main[0m
[5.732s] [35m[1mConsolidate compiler generated dependencies of target gtest[0m
[5.732s] [35m[1mConsolidate compiler generated dependencies of target realsense2_camera_node[0m
[5.745s] [35m[1mConsolidate compiler generated dependencies of target realsense2_camera[0m
[5.749s] [  9%] Built target gtest_main
[5.751s] [ 18%] Built target gtest
[5.753s] [ 27%] Built target realsense2_camera_node
[5.764s] [35m[1mConsolidate compiler generated dependencies of target gtest_template[0m
[5.779s] [ 36%] Built target gtest_template
[5.804s] [100%] Built target realsense2_camera
[5.817s] Invoked command in '/home/yeray/sensors_ws/build/realsense2_camera' returned '0': CMAKE_PREFIX_PATH=/home/yeray/sensors_ws/install/realsense2_camera_msgs:/home/yeray/sensors_ws/install/ultralytics_ros:/home/yeray/sensors_ws/install/realsense2_description:/home/yeray/sensors_ws/install/realsense2_camera:/opt/ros/humble LD_LIBRARY_PATH=/home/yeray/sensors_ws/install/realsense2_camera_msgs/lib:/home/yeray/sensors_ws/install/ultralytics_ros/lib:/home/yeray/sensors_ws/install/realsense2_camera/lib:/usr/lib/x86_64-linux-gnu/gazebo-11/plugins:/opt/ros/humble/opt/rviz_ogre_vendor/lib:/opt/ros/humble/lib/x86_64-linux-gnu:/opt/ros/humble/lib /usr/bin/cmake --build /home/yeray/sensors_ws/build/realsense2_camera -- -j8 -l8
[5.886s] Invoking command in '/home/yeray/sensors_ws/build/realsense2_camera': CMAKE_PREFIX_PATH=/home/yeray/sensors_ws/install/realsense2_camera_msgs:/home/yeray/sensors_ws/install/ultralytics_ros:/home/yeray/sensors_ws/install/realsense2_description:/home/yeray/sensors_ws/install/realsense2_camera:/opt/ros/humble LD_LIBRARY_PATH=/home/yeray/sensors_ws/install/realsense2_camera_msgs/lib:/home/yeray/sensors_ws/install/ultralytics_ros/lib:/home/yeray/sensors_ws/install/realsense2_camera/lib:/usr/lib/x86_64-linux-gnu/gazebo-11/plugins:/opt/ros/humble/opt/rviz_ogre_vendor/lib:/opt/ros/humble/lib/x86_64-linux-gnu:/opt/ros/humble/lib /usr/bin/cmake --install /home/yeray/sensors_ws/build/realsense2_camera
[5.895s] -- Install configuration: "Release"
[5.895s] -- Up-to-date: /home/yeray/sensors_ws/install/realsense2_camera/lib/realsense2_camera/realsense2_camera_node
[5.895s] -- Up-to-date: /home/yeray/sensors_ws/install/realsense2_camera/lib/librealsense2_camera.so
[5.896s] -- Up-to-date: /home/yeray/sensors_ws/install/realsense2_camera/include
[5.896s] -- Up-to-date: /home/yeray/sensors_ws/install/realsense2_camera/include/ros_param_backend.h
[5.896s] -- Up-to-date: /home/yeray/sensors_ws/install/realsense2_camera/include/profile_manager.h
[5.896s] -- Up-to-date: /home/yeray/sensors_ws/install/realsense2_camera/include/ros_sensor.h
[5.896s] -- Up-to-date: /home/yeray/sensors_ws/install/realsense2_camera/include/named_filter.h
[5.896s] -- Up-to-date: /home/yeray/sensors_ws/install/realsense2_camera/include/base_realsense_node.h
[5.897s] -- Up-to-date: /home/yeray/sensors_ws/install/realsense2_camera/include/dynamic_params.h
[5.897s] -- Up-to-date: /home/yeray/sensors_ws/install/realsense2_camera/include/realsense_node_factory.h
[5.897s] -- Up-to-date: /home/yeray/sensors_ws/install/realsense2_camera/include/ros_utils.h
[5.897s] -- Up-to-date: /home/yeray/sensors_ws/install/realsense2_camera/include/sensor_params.h
[5.897s] -- Up-to-date: /home/yeray/sensors_ws/install/realsense2_camera/include/gl_window.h
[5.897s] -- Up-to-date: /home/yeray/sensors_ws/install/realsense2_camera/include/constants.h
[5.897s] -- Up-to-date: /home/yeray/sensors_ws/install/realsense2_camera/include/image_publisher.h
[5.897s] -- Up-to-date: /home/yeray/sensors_ws/install/realsense2_camera/share/realsense2_camera/launch
[5.897s] -- Up-to-date: /home/yeray/sensors_ws/install/realsense2_camera/share/realsense2_camera/launch/rs_launch.py
[5.897s] -- Up-to-date: /home/yeray/sensors_ws/install/realsense2_camera/share/realsense2_camera/launch/default.rviz
[5.897s] -- Up-to-date: /home/yeray/sensors_ws/install/realsense2_camera/share/realsense2_camera/launch/rs_intra_process_demo_launch.py
[5.897s] -- Up-to-date: /home/yeray/sensors_ws/install/realsense2_camera/share/realsense2_camera/launch/rs_multi_camera_launch.py
[5.897s] -- Up-to-date: /home/yeray/sensors_ws/install/realsense2_camera/share/realsense2_camera/examples
[5.898s] -- Up-to-date: /home/yeray/sensors_ws/install/realsense2_camera/share/realsense2_camera/examples/align_depth
[5.898s] -- Up-to-date: /home/yeray/sensors_ws/install/realsense2_camera/share/realsense2_camera/examples/align_depth/README.md
[5.898s] -- Up-to-date: /home/yeray/sensors_ws/install/realsense2_camera/share/realsense2_camera/examples/align_depth/rs_align_depth_launch.py
[5.898s] -- Up-to-date: /home/yeray/sensors_ws/install/realsense2_camera/share/realsense2_camera/examples/launch_from_rosbag
[5.898s] -- Up-to-date: /home/yeray/sensors_ws/install/realsense2_camera/share/realsense2_camera/examples/launch_from_rosbag/README.md
[5.898s] -- Up-to-date: /home/yeray/sensors_ws/install/realsense2_camera/share/realsense2_camera/examples/launch_from_rosbag/rs_launch_from_rosbag.py
[5.898s] -- Up-to-date: /home/yeray/sensors_ws/install/realsense2_camera/share/realsense2_camera/examples/pointcloud
[5.898s] -- Up-to-date: /home/yeray/sensors_ws/install/realsense2_camera/share/realsense2_camera/examples/pointcloud/rviz
[5.898s] -- Up-to-date: /home/yeray/sensors_ws/install/realsense2_camera/share/realsense2_camera/examples/pointcloud/rviz/urdf_pointcloud.rviz
[5.898s] -- Up-to-date: /home/yeray/sensors_ws/install/realsense2_camera/share/realsense2_camera/examples/pointcloud/rviz/pointcloud.rviz
[5.899s] -- Up-to-date: /home/yeray/sensors_ws/install/realsense2_camera/share/realsense2_camera/examples/pointcloud/README.md
[5.899s] -- Up-to-date: /home/yeray/sensors_ws/install/realsense2_camera/share/realsense2_camera/examples/pointcloud/rs_pointcloud_launch.py
[5.899s] -- Up-to-date: /home/yeray/sensors_ws/install/realsense2_camera/share/realsense2_camera/examples/pointcloud/rs_d455_pointcloud_launch.py
[5.899s] -- Up-to-date: /home/yeray/sensors_ws/install/realsense2_camera/share/realsense2_camera/examples/pointcloud/rs_d405_pointcloud_launch.py
[5.899s] -- Up-to-date: /home/yeray/sensors_ws/install/realsense2_camera/share/realsense2_camera/examples/launch_params_from_file
[5.899s] -- Up-to-date: /home/yeray/sensors_ws/install/realsense2_camera/share/realsense2_camera/examples/launch_params_from_file/README.md
[5.899s] -- Up-to-date: /home/yeray/sensors_ws/install/realsense2_camera/share/realsense2_camera/examples/launch_params_from_file/rs_launch_get_params_from_yaml.py
[5.899s] -- Up-to-date: /home/yeray/sensors_ws/install/realsense2_camera/share/realsense2_camera/examples/launch_params_from_file/config
[5.899s] -- Up-to-date: /home/yeray/sensors_ws/install/realsense2_camera/share/realsense2_camera/examples/launch_params_from_file/config/config.yaml
[5.899s] -- Up-to-date: /home/yeray/sensors_ws/install/realsense2_camera/share/realsense2_camera/examples/dual_camera
[5.899s] -- Up-to-date: /home/yeray/sensors_ws/install/realsense2_camera/share/realsense2_camera/examples/dual_camera/rviz
[5.899s] -- Up-to-date: /home/yeray/sensors_ws/install/realsense2_camera/share/realsense2_camera/examples/dual_camera/rviz/dual_camera_pointcloud.rviz
[5.900s] -- Up-to-date: /home/yeray/sensors_ws/install/realsense2_camera/share/realsense2_camera/examples/dual_camera/README.md
[5.900s] -- Up-to-date: /home/yeray/sensors_ws/install/realsense2_camera/share/realsense2_camera/examples/dual_camera/rs_dual_camera_launch.py
[5.900s] -- Up-to-date: /home/yeray/sensors_ws/install/realsense2_camera/share/realsense2_camera/environment/library_path.sh
[5.900s] -- Installing: /home/yeray/sensors_ws/install/realsense2_camera/share/realsense2_camera/environment/library_path.dsv
[5.900s] -- Up-to-date: /home/yeray/sensors_ws/install/realsense2_camera/share/ament_index/resource_index/package_run_dependencies/realsense2_camera
[5.900s] -- Installing: /home/yeray/sensors_ws/install/realsense2_camera/share/ament_index/resource_index/parent_prefix_path/realsense2_camera
[5.900s] -- Up-to-date: /home/yeray/sensors_ws/install/realsense2_camera/share/realsense2_camera/environment/ament_prefix_path.sh
[5.900s] -- Installing: /home/yeray/sensors_ws/install/realsense2_camera/share/realsense2_camera/environment/ament_prefix_path.dsv
[5.900s] -- Up-to-date: /home/yeray/sensors_ws/install/realsense2_camera/share/realsense2_camera/environment/path.sh
[5.900s] -- Installing: /home/yeray/sensors_ws/install/realsense2_camera/share/realsense2_camera/environment/path.dsv
[5.901s] -- Up-to-date: /home/yeray/sensors_ws/install/realsense2_camera/share/realsense2_camera/local_setup.bash
[5.901s] -- Up-to-date: /home/yeray/sensors_ws/install/realsense2_camera/share/realsense2_camera/local_setup.sh
[5.901s] -- Up-to-date: /home/yeray/sensors_ws/install/realsense2_camera/share/realsense2_camera/local_setup.zsh
[5.901s] -- Installing: /home/yeray/sensors_ws/install/realsense2_camera/share/realsense2_camera/local_setup.dsv
[5.901s] -- Installing: /home/yeray/sensors_ws/install/realsense2_camera/share/realsense2_camera/package.dsv
[5.901s] -- Up-to-date: /home/yeray/sensors_ws/install/realsense2_camera/share/ament_index/resource_index/packages/realsense2_camera
[5.901s] -- Up-to-date: /home/yeray/sensors_ws/install/realsense2_camera/share/ament_index/resource_index/rclcpp_components/realsense2_camera
[5.901s] -- Up-to-date: /home/yeray/sensors_ws/install/realsense2_camera/share/realsense2_camera/cmake/ament_cmake_export_include_directories-extras.cmake
[5.901s] -- Up-to-date: /home/yeray/sensors_ws/install/realsense2_camera/share/realsense2_camera/cmake/ament_cmake_export_libraries-extras.cmake
[5.901s] -- Up-to-date: /home/yeray/sensors_ws/install/realsense2_camera/share/realsense2_camera/cmake/ament_cmake_export_dependencies-extras.cmake
[5.901s] -- Up-to-date: /home/yeray/sensors_ws/install/realsense2_camera/share/realsense2_camera/cmake/realsense2_cameraConfig.cmake
[5.902s] -- Up-to-date: /home/yeray/sensors_ws/install/realsense2_camera/share/realsense2_camera/cmake/realsense2_cameraConfig-version.cmake
[5.902s] -- Up-to-date: /home/yeray/sensors_ws/install/realsense2_camera/share/realsense2_camera/package.xml
[5.903s] Invoked command in '/home/yeray/sensors_ws/build/realsense2_camera' returned '0': CMAKE_PREFIX_PATH=/home/yeray/sensors_ws/install/realsense2_camera_msgs:/home/yeray/sensors_ws/install/ultralytics_ros:/home/yeray/sensors_ws/install/realsense2_description:/home/yeray/sensors_ws/install/realsense2_camera:/opt/ros/humble LD_LIBRARY_PATH=/home/yeray/sensors_ws/install/realsense2_camera_msgs/lib:/home/yeray/sensors_ws/install/ultralytics_ros/lib:/home/yeray/sensors_ws/install/realsense2_camera/lib:/usr/lib/x86_64-linux-gnu/gazebo-11/plugins:/opt/ros/humble/opt/rviz_ogre_vendor/lib:/opt/ros/humble/lib/x86_64-linux-gnu:/opt/ros/humble/lib /usr/bin/cmake --install /home/yeray/sensors_ws/build/realsense2_camera
