[0.107s] DEBUG:colcon:Command line arguments: ['/usr/bin/colcon', 'build']
[0.108s] DEBUG:colcon:Parsed command line arguments: Namespace(log_base=None, log_level=None, verb_name='build', build_base='build', install_base='install', merge_install=False, symlink_install=False, test_result_base=None, continue_on_error=False, executor='parallel', parallel_workers=8, event_handlers=None, ignore_user_meta=False, metas=['./colcon.meta'], base_paths=['.'], packages_ignore=None, packages_ignore_regex=None, paths=None, packages_up_to=None, packages_up_to_regex=None, packages_above=None, packages_above_and_dependencies=None, packages_above_depth=None, packages_select_by_dep=None, packages_skip_by_dep=None, packages_skip_up_to=None, packages_select_build_failed=False, packages_skip_build_finished=False, packages_select_test_failures=False, packages_skip_test_passed=False, packages_select=None, packages_skip=None, packages_select_regex=None, packages_skip_regex=None, packages_start=None, packages_end=None, allow_overriding=[], cmake_args=None, cmake_target=None, cmake_target_skip_unavailable=False, cmake_clean_cache=False, cmake_clean_first=False, cmake_force_configure=False, ament_cmake_args=None, catkin_cmake_args=None, catkin_skip_building_tests=False, mixin_files=None, mixin=None, verb_parser=<colcon_mixin.mixin.mixin_argument.MixinArgumentDecorator object at 0x728118a373d0>, verb_extension=<colcon_core.verb.build.BuildVerb object at 0x728118a36dd0>, main=<bound method BuildVerb.main of <colcon_core.verb.build.BuildVerb object at 0x728118a36dd0>>, mixin_verb=('build',))
[0.262s] Level 1:colcon.colcon_core.package_discovery:discover_packages(colcon_meta) check parameters
[0.262s] Level 1:colcon.colcon_core.package_discovery:discover_packages(recursive) check parameters
[0.262s] Level 1:colcon.colcon_core.package_discovery:discover_packages(ignore) check parameters
[0.262s] Level 1:colcon.colcon_core.package_discovery:discover_packages(path) check parameters
[0.262s] Level 1:colcon.colcon_core.package_discovery:discover_packages(colcon_meta) discover
[0.262s] Level 1:colcon.colcon_core.package_discovery:discover_packages(recursive) discover
[0.262s] INFO:colcon.colcon_core.package_discovery:Crawling recursively for packages in '/home/yeray/sensors_ws'
[0.262s] Level 1:colcon.colcon_core.package_identification:_identify(.) by extensions ['ignore', 'ignore_ament_install']
[0.262s] Level 1:colcon.colcon_core.package_identification:_identify(.) by extension 'ignore'
[0.262s] Level 1:colcon.colcon_core.package_identification:_identify(.) by extension 'ignore_ament_install'
[0.262s] Level 1:colcon.colcon_core.package_identification:_identify(.) by extensions ['colcon_pkg']
[0.262s] Level 1:colcon.colcon_core.package_identification:_identify(.) by extension 'colcon_pkg'
[0.262s] Level 1:colcon.colcon_core.package_identification:_identify(.) by extensions ['colcon_meta']
[0.262s] Level 1:colcon.colcon_core.package_identification:_identify(.) by extension 'colcon_meta'
[0.262s] Level 1:colcon.colcon_core.package_identification:_identify(.) by extensions ['ros']
[0.263s] Level 1:colcon.colcon_core.package_identification:_identify(.) by extension 'ros'
[0.272s] Level 1:colcon.colcon_core.package_identification:_identify(.) by extensions ['cmake', 'python']
[0.272s] Level 1:colcon.colcon_core.package_identification:_identify(.) by extension 'cmake'
[0.272s] Level 1:colcon.colcon_core.package_identification:_identify(.) by extension 'python'
[0.272s] Level 1:colcon.colcon_core.package_identification:_identify(.) by extensions ['python_setup_py']
[0.272s] Level 1:colcon.colcon_core.package_identification:_identify(.) by extension 'python_setup_py'
[0.272s] Level 1:colcon.colcon_core.package_identification:_identify(build) by extensions ['ignore', 'ignore_ament_install']
[0.272s] Level 1:colcon.colcon_core.package_identification:_identify(build) by extension 'ignore'
[0.272s] Level 1:colcon.colcon_core.package_identification:_identify(build) ignored
[0.272s] Level 1:colcon.colcon_core.package_identification:_identify(install) by extensions ['ignore', 'ignore_ament_install']
[0.272s] Level 1:colcon.colcon_core.package_identification:_identify(install) by extension 'ignore'
[0.272s] Level 1:colcon.colcon_core.package_identification:_identify(install) ignored
[0.272s] Level 1:colcon.colcon_core.package_identification:_identify(log) by extensions ['ignore', 'ignore_ament_install']
[0.272s] Level 1:colcon.colcon_core.package_identification:_identify(log) by extension 'ignore'
[0.273s] Level 1:colcon.colcon_core.package_identification:_identify(log) ignored
[0.273s] Level 1:colcon.colcon_core.package_identification:_identify(src) by extensions ['ignore', 'ignore_ament_install']
[0.273s] Level 1:colcon.colcon_core.package_identification:_identify(src) by extension 'ignore'
[0.273s] Level 1:colcon.colcon_core.package_identification:_identify(src) by extension 'ignore_ament_install'
[0.273s] Level 1:colcon.colcon_core.package_identification:_identify(src) by extensions ['colcon_pkg']
[0.273s] Level 1:colcon.colcon_core.package_identification:_identify(src) by extension 'colcon_pkg'
[0.273s] Level 1:colcon.colcon_core.package_identification:_identify(src) by extensions ['colcon_meta']
[0.273s] Level 1:colcon.colcon_core.package_identification:_identify(src) by extension 'colcon_meta'
[0.273s] Level 1:colcon.colcon_core.package_identification:_identify(src) by extensions ['ros']
[0.273s] Level 1:colcon.colcon_core.package_identification:_identify(src) by extension 'ros'
[0.273s] Level 1:colcon.colcon_core.package_identification:_identify(src) by extensions ['cmake', 'python']
[0.273s] Level 1:colcon.colcon_core.package_identification:_identify(src) by extension 'cmake'
[0.273s] Level 1:colcon.colcon_core.package_identification:_identify(src) by extension 'python'
[0.273s] Level 1:colcon.colcon_core.package_identification:_identify(src) by extensions ['python_setup_py']
[0.273s] Level 1:colcon.colcon_core.package_identification:_identify(src) by extension 'python_setup_py'
[0.273s] Level 1:colcon.colcon_core.package_identification:_identify(src/optris_drivers2) by extensions ['ignore', 'ignore_ament_install']
[0.273s] Level 1:colcon.colcon_core.package_identification:_identify(src/optris_drivers2) by extension 'ignore'
[0.273s] Level 1:colcon.colcon_core.package_identification:_identify(src/optris_drivers2) by extension 'ignore_ament_install'
[0.273s] Level 1:colcon.colcon_core.package_identification:_identify(src/optris_drivers2) by extensions ['colcon_pkg']
[0.273s] Level 1:colcon.colcon_core.package_identification:_identify(src/optris_drivers2) by extension 'colcon_pkg'
[0.273s] Level 1:colcon.colcon_core.package_identification:_identify(src/optris_drivers2) by extensions ['colcon_meta']
[0.273s] Level 1:colcon.colcon_core.package_identification:_identify(src/optris_drivers2) by extension 'colcon_meta'
[0.273s] Level 1:colcon.colcon_core.package_identification:_identify(src/optris_drivers2) by extensions ['ros']
[0.273s] Level 1:colcon.colcon_core.package_identification:_identify(src/optris_drivers2) by extension 'ros'
[0.276s] DEBUG:colcon.colcon_core.package_identification:Package 'src/optris_drivers2' with type 'ros.ament_cmake' and name 'optris_drivers2'
[0.276s] Level 1:colcon.colcon_core.package_identification:_identify(src/realsense-ros) by extensions ['ignore', 'ignore_ament_install']
[0.276s] Level 1:colcon.colcon_core.package_identification:_identify(src/realsense-ros) by extension 'ignore'
[0.276s] Level 1:colcon.colcon_core.package_identification:_identify(src/realsense-ros) by extension 'ignore_ament_install'
[0.276s] Level 1:colcon.colcon_core.package_identification:_identify(src/realsense-ros) by extensions ['colcon_pkg']
[0.276s] Level 1:colcon.colcon_core.package_identification:_identify(src/realsense-ros) by extension 'colcon_pkg'
[0.276s] Level 1:colcon.colcon_core.package_identification:_identify(src/realsense-ros) by extensions ['colcon_meta']
[0.276s] Level 1:colcon.colcon_core.package_identification:_identify(src/realsense-ros) by extension 'colcon_meta'
[0.276s] Level 1:colcon.colcon_core.package_identification:_identify(src/realsense-ros) by extensions ['ros']
[0.276s] Level 1:colcon.colcon_core.package_identification:_identify(src/realsense-ros) by extension 'ros'
[0.276s] Level 1:colcon.colcon_core.package_identification:_identify(src/realsense-ros) by extensions ['cmake', 'python']
[0.276s] Level 1:colcon.colcon_core.package_identification:_identify(src/realsense-ros) by extension 'cmake'
[0.276s] Level 1:colcon.colcon_core.package_identification:_identify(src/realsense-ros) by extension 'python'
[0.276s] Level 1:colcon.colcon_core.package_identification:_identify(src/realsense-ros) by extensions ['python_setup_py']
[0.276s] Level 1:colcon.colcon_core.package_identification:_identify(src/realsense-ros) by extension 'python_setup_py'
[0.277s] Level 1:colcon.colcon_core.package_identification:_identify(src/realsense-ros/realsense2_camera) by extensions ['ignore', 'ignore_ament_install']
[0.277s] Level 1:colcon.colcon_core.package_identification:_identify(src/realsense-ros/realsense2_camera) by extension 'ignore'
[0.277s] Level 1:colcon.colcon_core.package_identification:_identify(src/realsense-ros/realsense2_camera) by extension 'ignore_ament_install'
[0.277s] Level 1:colcon.colcon_core.package_identification:_identify(src/realsense-ros/realsense2_camera) by extensions ['colcon_pkg']
[0.277s] Level 1:colcon.colcon_core.package_identification:_identify(src/realsense-ros/realsense2_camera) by extension 'colcon_pkg'
[0.277s] Level 1:colcon.colcon_core.package_identification:_identify(src/realsense-ros/realsense2_camera) by extensions ['colcon_meta']
[0.277s] Level 1:colcon.colcon_core.package_identification:_identify(src/realsense-ros/realsense2_camera) by extension 'colcon_meta'
[0.277s] Level 1:colcon.colcon_core.package_identification:_identify(src/realsense-ros/realsense2_camera) by extensions ['ros']
[0.277s] Level 1:colcon.colcon_core.package_identification:_identify(src/realsense-ros/realsense2_camera) by extension 'ros'
[0.291s] DEBUG:colcon.colcon_core.package_identification:Package 'src/realsense-ros/realsense2_camera' with type 'ros.ament_cmake' and name 'realsense2_camera'
[0.291s] Level 1:colcon.colcon_core.package_identification:_identify(src/realsense-ros/realsense2_camera_msgs) by extensions ['ignore', 'ignore_ament_install']
[0.291s] Level 1:colcon.colcon_core.package_identification:_identify(src/realsense-ros/realsense2_camera_msgs) by extension 'ignore'
[0.291s] Level 1:colcon.colcon_core.package_identification:_identify(src/realsense-ros/realsense2_camera_msgs) by extension 'ignore_ament_install'
[0.291s] Level 1:colcon.colcon_core.package_identification:_identify(src/realsense-ros/realsense2_camera_msgs) by extensions ['colcon_pkg']
[0.291s] Level 1:colcon.colcon_core.package_identification:_identify(src/realsense-ros/realsense2_camera_msgs) by extension 'colcon_pkg'
[0.291s] Level 1:colcon.colcon_core.package_identification:_identify(src/realsense-ros/realsense2_camera_msgs) by extensions ['colcon_meta']
[0.291s] Level 1:colcon.colcon_core.package_identification:_identify(src/realsense-ros/realsense2_camera_msgs) by extension 'colcon_meta'
[0.291s] Level 1:colcon.colcon_core.package_identification:_identify(src/realsense-ros/realsense2_camera_msgs) by extensions ['ros']
[0.291s] Level 1:colcon.colcon_core.package_identification:_identify(src/realsense-ros/realsense2_camera_msgs) by extension 'ros'
[0.292s] DEBUG:colcon.colcon_core.package_identification:Package 'src/realsense-ros/realsense2_camera_msgs' with type 'ros.ament_cmake' and name 'realsense2_camera_msgs'
[0.292s] Level 1:colcon.colcon_core.package_identification:_identify(src/realsense-ros/realsense2_description) by extensions ['ignore', 'ignore_ament_install']
[0.292s] Level 1:colcon.colcon_core.package_identification:_identify(src/realsense-ros/realsense2_description) by extension 'ignore'
[0.292s] Level 1:colcon.colcon_core.package_identification:_identify(src/realsense-ros/realsense2_description) by extension 'ignore_ament_install'
[0.292s] Level 1:colcon.colcon_core.package_identification:_identify(src/realsense-ros/realsense2_description) by extensions ['colcon_pkg']
[0.292s] Level 1:colcon.colcon_core.package_identification:_identify(src/realsense-ros/realsense2_description) by extension 'colcon_pkg'
[0.292s] Level 1:colcon.colcon_core.package_identification:_identify(src/realsense-ros/realsense2_description) by extensions ['colcon_meta']
[0.292s] Level 1:colcon.colcon_core.package_identification:_identify(src/realsense-ros/realsense2_description) by extension 'colcon_meta'
[0.293s] Level 1:colcon.colcon_core.package_identification:_identify(src/realsense-ros/realsense2_description) by extensions ['ros']
[0.293s] Level 1:colcon.colcon_core.package_identification:_identify(src/realsense-ros/realsense2_description) by extension 'ros'
[0.293s] DEBUG:colcon.colcon_core.package_identification:Package 'src/realsense-ros/realsense2_description' with type 'ros.ament_cmake' and name 'realsense2_description'
[0.294s] Level 1:colcon.colcon_core.package_identification:_identify(src/realsense-ros/scripts) by extensions ['ignore', 'ignore_ament_install']
[0.294s] Level 1:colcon.colcon_core.package_identification:_identify(src/realsense-ros/scripts) by extension 'ignore'
[0.294s] Level 1:colcon.colcon_core.package_identification:_identify(src/realsense-ros/scripts) by extension 'ignore_ament_install'
[0.294s] Level 1:colcon.colcon_core.package_identification:_identify(src/realsense-ros/scripts) by extensions ['colcon_pkg']
[0.294s] Level 1:colcon.colcon_core.package_identification:_identify(src/realsense-ros/scripts) by extension 'colcon_pkg'
[0.294s] Level 1:colcon.colcon_core.package_identification:_identify(src/realsense-ros/scripts) by extensions ['colcon_meta']
[0.294s] Level 1:colcon.colcon_core.package_identification:_identify(src/realsense-ros/scripts) by extension 'colcon_meta'
[0.294s] Level 1:colcon.colcon_core.package_identification:_identify(src/realsense-ros/scripts) by extensions ['ros']
[0.294s] Level 1:colcon.colcon_core.package_identification:_identify(src/realsense-ros/scripts) by extension 'ros'
[0.294s] Level 1:colcon.colcon_core.package_identification:_identify(src/realsense-ros/scripts) by extensions ['cmake', 'python']
[0.294s] Level 1:colcon.colcon_core.package_identification:_identify(src/realsense-ros/scripts) by extension 'cmake'
[0.294s] Level 1:colcon.colcon_core.package_identification:_identify(src/realsense-ros/scripts) by extension 'python'
[0.294s] Level 1:colcon.colcon_core.package_identification:_identify(src/realsense-ros/scripts) by extensions ['python_setup_py']
[0.294s] Level 1:colcon.colcon_core.package_identification:_identify(src/realsense-ros/scripts) by extension 'python_setup_py'
[0.294s] Level 1:colcon.colcon_core.package_identification:_identify(src/ultralytics_ros) by extensions ['ignore', 'ignore_ament_install']
[0.294s] Level 1:colcon.colcon_core.package_identification:_identify(src/ultralytics_ros) by extension 'ignore'
[0.294s] Level 1:colcon.colcon_core.package_identification:_identify(src/ultralytics_ros) by extension 'ignore_ament_install'
[0.294s] Level 1:colcon.colcon_core.package_identification:_identify(src/ultralytics_ros) by extensions ['colcon_pkg']
[0.294s] Level 1:colcon.colcon_core.package_identification:_identify(src/ultralytics_ros) by extension 'colcon_pkg'
[0.295s] Level 1:colcon.colcon_core.package_identification:_identify(src/ultralytics_ros) by extensions ['colcon_meta']
[0.295s] Level 1:colcon.colcon_core.package_identification:_identify(src/ultralytics_ros) by extension 'colcon_meta'
[0.295s] Level 1:colcon.colcon_core.package_identification:_identify(src/ultralytics_ros) by extensions ['ros']
[0.295s] Level 1:colcon.colcon_core.package_identification:_identify(src/ultralytics_ros) by extension 'ros'
[0.296s] DEBUG:colcon.colcon_core.package_identification:Package 'src/ultralytics_ros' with type 'ros.ament_cmake' and name 'ultralytics_ros'
[0.296s] Level 1:colcon.colcon_core.package_discovery:discover_packages(recursive) using defaults
[0.296s] Level 1:colcon.colcon_core.package_discovery:discover_packages(ignore) discover
[0.296s] Level 1:colcon.colcon_core.package_discovery:discover_packages(ignore) using defaults
[0.296s] Level 1:colcon.colcon_core.package_discovery:discover_packages(path) discover
[0.296s] Level 1:colcon.colcon_core.package_discovery:discover_packages(path) using defaults
[0.320s] Level 1:colcon.colcon_core.package_discovery:discover_packages(prefix_path) check parameters
[0.320s] Level 1:colcon.colcon_core.package_discovery:discover_packages(prefix_path) discover
[0.322s] DEBUG:colcon.colcon_installed_package_information.package_discovery:Found 5 installed packages in /home/yeray/sensors_ws/install
[0.323s] DEBUG:colcon.colcon_installed_package_information.package_discovery:Found 398 installed packages in /opt/ros/humble
[0.326s] Level 1:colcon.colcon_core.package_discovery:discover_packages(prefix_path) using defaults
[0.374s] Level 5:colcon.colcon_core.verb:set package 'optris_drivers2' build argument 'cmake_args' from command line to 'None'
[0.374s] Level 5:colcon.colcon_core.verb:set package 'optris_drivers2' build argument 'cmake_target' from command line to 'None'
[0.374s] Level 5:colcon.colcon_core.verb:set package 'optris_drivers2' build argument 'cmake_target_skip_unavailable' from command line to 'False'
[0.374s] Level 5:colcon.colcon_core.verb:set package 'optris_drivers2' build argument 'cmake_clean_cache' from command line to 'False'
[0.374s] Level 5:colcon.colcon_core.verb:set package 'optris_drivers2' build argument 'cmake_clean_first' from command line to 'False'
[0.374s] Level 5:colcon.colcon_core.verb:set package 'optris_drivers2' build argument 'cmake_force_configure' from command line to 'False'
[0.374s] Level 5:colcon.colcon_core.verb:set package 'optris_drivers2' build argument 'ament_cmake_args' from command line to 'None'
[0.374s] Level 5:colcon.colcon_core.verb:set package 'optris_drivers2' build argument 'catkin_cmake_args' from command line to 'None'
[0.374s] Level 5:colcon.colcon_core.verb:set package 'optris_drivers2' build argument 'catkin_skip_building_tests' from command line to 'False'
[0.374s] DEBUG:colcon.colcon_core.verb:Building package 'optris_drivers2' with the following arguments: {'ament_cmake_args': None, 'build_base': '/home/yeray/sensors_ws/build/optris_drivers2', 'catkin_cmake_args': None, 'catkin_skip_building_tests': False, 'cmake_args': None, 'cmake_clean_cache': False, 'cmake_clean_first': False, 'cmake_force_configure': False, 'cmake_target': None, 'cmake_target_skip_unavailable': False, 'install_base': '/home/yeray/sensors_ws/install/optris_drivers2', 'merge_install': False, 'path': '/home/yeray/sensors_ws/src/optris_drivers2', 'symlink_install': False, 'test_result_base': None}
[0.374s] Level 5:colcon.colcon_core.verb:set package 'realsense2_camera_msgs' build argument 'cmake_args' from command line to 'None'
[0.374s] Level 5:colcon.colcon_core.verb:set package 'realsense2_camera_msgs' build argument 'cmake_target' from command line to 'None'
[0.374s] Level 5:colcon.colcon_core.verb:set package 'realsense2_camera_msgs' build argument 'cmake_target_skip_unavailable' from command line to 'False'
[0.374s] Level 5:colcon.colcon_core.verb:set package 'realsense2_camera_msgs' build argument 'cmake_clean_cache' from command line to 'False'
[0.374s] Level 5:colcon.colcon_core.verb:set package 'realsense2_camera_msgs' build argument 'cmake_clean_first' from command line to 'False'
[0.374s] Level 5:colcon.colcon_core.verb:set package 'realsense2_camera_msgs' build argument 'cmake_force_configure' from command line to 'False'
[0.374s] Level 5:colcon.colcon_core.verb:set package 'realsense2_camera_msgs' build argument 'ament_cmake_args' from command line to 'None'
[0.374s] Level 5:colcon.colcon_core.verb:set package 'realsense2_camera_msgs' build argument 'catkin_cmake_args' from command line to 'None'
[0.374s] Level 5:colcon.colcon_core.verb:set package 'realsense2_camera_msgs' build argument 'catkin_skip_building_tests' from command line to 'False'
[0.374s] DEBUG:colcon.colcon_core.verb:Building package 'realsense2_camera_msgs' with the following arguments: {'ament_cmake_args': None, 'build_base': '/home/yeray/sensors_ws/build/realsense2_camera_msgs', 'catkin_cmake_args': None, 'catkin_skip_building_tests': False, 'cmake_args': None, 'cmake_clean_cache': False, 'cmake_clean_first': False, 'cmake_force_configure': False, 'cmake_target': None, 'cmake_target_skip_unavailable': False, 'install_base': '/home/yeray/sensors_ws/install/realsense2_camera_msgs', 'merge_install': False, 'path': '/home/yeray/sensors_ws/src/realsense-ros/realsense2_camera_msgs', 'symlink_install': False, 'test_result_base': None}
[0.375s] Level 5:colcon.colcon_core.verb:set package 'ultralytics_ros' build argument 'cmake_args' from command line to 'None'
[0.375s] Level 5:colcon.colcon_core.verb:set package 'ultralytics_ros' build argument 'cmake_target' from command line to 'None'
[0.375s] Level 5:colcon.colcon_core.verb:set package 'ultralytics_ros' build argument 'cmake_target_skip_unavailable' from command line to 'False'
[0.375s] Level 5:colcon.colcon_core.verb:set package 'ultralytics_ros' build argument 'cmake_clean_cache' from command line to 'False'
[0.375s] Level 5:colcon.colcon_core.verb:set package 'ultralytics_ros' build argument 'cmake_clean_first' from command line to 'False'
[0.375s] Level 5:colcon.colcon_core.verb:set package 'ultralytics_ros' build argument 'cmake_force_configure' from command line to 'False'
[0.375s] Level 5:colcon.colcon_core.verb:set package 'ultralytics_ros' build argument 'ament_cmake_args' from command line to 'None'
[0.375s] Level 5:colcon.colcon_core.verb:set package 'ultralytics_ros' build argument 'catkin_cmake_args' from command line to 'None'
[0.375s] Level 5:colcon.colcon_core.verb:set package 'ultralytics_ros' build argument 'catkin_skip_building_tests' from command line to 'False'
[0.375s] DEBUG:colcon.colcon_core.verb:Building package 'ultralytics_ros' with the following arguments: {'ament_cmake_args': None, 'build_base': '/home/yeray/sensors_ws/build/ultralytics_ros', 'catkin_cmake_args': None, 'catkin_skip_building_tests': False, 'cmake_args': None, 'cmake_clean_cache': False, 'cmake_clean_first': False, 'cmake_force_configure': False, 'cmake_target': None, 'cmake_target_skip_unavailable': False, 'install_base': '/home/yeray/sensors_ws/install/ultralytics_ros', 'merge_install': False, 'path': '/home/yeray/sensors_ws/src/ultralytics_ros', 'symlink_install': False, 'test_result_base': None}
[0.375s] Level 5:colcon.colcon_core.verb:set package 'realsense2_camera' build argument 'cmake_args' from command line to 'None'
[0.375s] Level 5:colcon.colcon_core.verb:set package 'realsense2_camera' build argument 'cmake_target' from command line to 'None'
[0.375s] Level 5:colcon.colcon_core.verb:set package 'realsense2_camera' build argument 'cmake_target_skip_unavailable' from command line to 'False'
[0.375s] Level 5:colcon.colcon_core.verb:set package 'realsense2_camera' build argument 'cmake_clean_cache' from command line to 'False'
[0.375s] Level 5:colcon.colcon_core.verb:set package 'realsense2_camera' build argument 'cmake_clean_first' from command line to 'False'
[0.375s] Level 5:colcon.colcon_core.verb:set package 'realsense2_camera' build argument 'cmake_force_configure' from command line to 'False'
[0.375s] Level 5:colcon.colcon_core.verb:set package 'realsense2_camera' build argument 'ament_cmake_args' from command line to 'None'
[0.375s] Level 5:colcon.colcon_core.verb:set package 'realsense2_camera' build argument 'catkin_cmake_args' from command line to 'None'
[0.375s] Level 5:colcon.colcon_core.verb:set package 'realsense2_camera' build argument 'catkin_skip_building_tests' from command line to 'False'
[0.375s] DEBUG:colcon.colcon_core.verb:Building package 'realsense2_camera' with the following arguments: {'ament_cmake_args': None, 'build_base': '/home/yeray/sensors_ws/build/realsense2_camera', 'catkin_cmake_args': None, 'catkin_skip_building_tests': False, 'cmake_args': None, 'cmake_clean_cache': False, 'cmake_clean_first': False, 'cmake_force_configure': False, 'cmake_target': None, 'cmake_target_skip_unavailable': False, 'install_base': '/home/yeray/sensors_ws/install/realsense2_camera', 'merge_install': False, 'path': '/home/yeray/sensors_ws/src/realsense-ros/realsense2_camera', 'symlink_install': False, 'test_result_base': None}
[0.376s] Level 5:colcon.colcon_core.verb:set package 'realsense2_description' build argument 'cmake_args' from command line to 'None'
[0.376s] Level 5:colcon.colcon_core.verb:set package 'realsense2_description' build argument 'cmake_target' from command line to 'None'
[0.376s] Level 5:colcon.colcon_core.verb:set package 'realsense2_description' build argument 'cmake_target_skip_unavailable' from command line to 'False'
[0.376s] Level 5:colcon.colcon_core.verb:set package 'realsense2_description' build argument 'cmake_clean_cache' from command line to 'False'
[0.376s] Level 5:colcon.colcon_core.verb:set package 'realsense2_description' build argument 'cmake_clean_first' from command line to 'False'
[0.376s] Level 5:colcon.colcon_core.verb:set package 'realsense2_description' build argument 'cmake_force_configure' from command line to 'False'
[0.376s] Level 5:colcon.colcon_core.verb:set package 'realsense2_description' build argument 'ament_cmake_args' from command line to 'None'
[0.376s] Level 5:colcon.colcon_core.verb:set package 'realsense2_description' build argument 'catkin_cmake_args' from command line to 'None'
[0.376s] Level 5:colcon.colcon_core.verb:set package 'realsense2_description' build argument 'catkin_skip_building_tests' from command line to 'False'
[0.376s] DEBUG:colcon.colcon_core.verb:Building package 'realsense2_description' with the following arguments: {'ament_cmake_args': None, 'build_base': '/home/yeray/sensors_ws/build/realsense2_description', 'catkin_cmake_args': None, 'catkin_skip_building_tests': False, 'cmake_args': None, 'cmake_clean_cache': False, 'cmake_clean_first': False, 'cmake_force_configure': False, 'cmake_target': None, 'cmake_target_skip_unavailable': False, 'install_base': '/home/yeray/sensors_ws/install/realsense2_description', 'merge_install': False, 'path': '/home/yeray/sensors_ws/src/realsense-ros/realsense2_description', 'symlink_install': False, 'test_result_base': None}
[0.376s] INFO:colcon.colcon_core.executor:Executing jobs using 'parallel' executor
[0.377s] DEBUG:colcon.colcon_parallel_executor.executor.parallel:run_until_complete
[0.377s] INFO:colcon.colcon_ros.task.ament_cmake.build:Building ROS package in '/home/yeray/sensors_ws/src/realsense-ros/realsense2_camera_msgs' with build type 'ament_cmake'
[0.377s] INFO:colcon.colcon_cmake.task.cmake.build:Building CMake package in '/home/yeray/sensors_ws/src/realsense-ros/realsense2_camera_msgs'
[0.379s] INFO:colcon.colcon_core.plugin_system:Skipping extension 'colcon_core.shell.bat': Not used on non-Windows systems
[0.379s] INFO:colcon.colcon_core.shell:Skip shell extension 'powershell' for command environment: Not usable outside of PowerShell
[0.379s] DEBUG:colcon.colcon_core.shell:Skip shell extension 'dsv' for command environment
[0.382s] INFO:colcon.colcon_ros.task.ament_cmake.build:Building ROS package in '/home/yeray/sensors_ws/src/optris_drivers2' with build type 'ament_cmake'
[0.382s] INFO:colcon.colcon_cmake.task.cmake.build:Building CMake package in '/home/yeray/sensors_ws/src/optris_drivers2'
[0.383s] INFO:colcon.colcon_core.shell:Skip shell extension 'powershell' for command environment: Not usable outside of PowerShell
[0.383s] DEBUG:colcon.colcon_core.shell:Skip shell extension 'dsv' for command environment
[0.386s] INFO:colcon.colcon_ros.task.ament_cmake.build:Building ROS package in '/home/yeray/sensors_ws/src/ultralytics_ros' with build type 'ament_cmake'
[0.386s] INFO:colcon.colcon_cmake.task.cmake.build:Building CMake package in '/home/yeray/sensors_ws/src/ultralytics_ros'
[0.386s] INFO:colcon.colcon_core.shell:Skip shell extension 'powershell' for command environment: Not usable outside of PowerShell
[0.386s] DEBUG:colcon.colcon_core.shell:Skip shell extension 'dsv' for command environment
[0.396s] DEBUG:colcon.colcon_core.event_handler.log_command:Invoking command in '/home/yeray/sensors_ws/build/realsense2_camera_msgs': CMAKE_PREFIX_PATH=${CMAKE_PREFIX_PATH}:/opt/ros/humble /usr/bin/cmake --build /home/yeray/sensors_ws/build/realsense2_camera_msgs -- -j8 -l8
[0.399s] DEBUG:colcon.colcon_core.event_handler.log_command:Invoking command in '/home/yeray/sensors_ws/build/optris_drivers2': CMAKE_PREFIX_PATH=${CMAKE_PREFIX_PATH}:/opt/ros/humble /usr/bin/cmake --build /home/yeray/sensors_ws/build/optris_drivers2 -- -j8 -l8
[0.403s] DEBUG:colcon.colcon_core.event_handler.log_command:Invoking command in '/home/yeray/sensors_ws/build/ultralytics_ros': CMAKE_PREFIX_PATH=${CMAKE_PREFIX_PATH}:/opt/ros/humble /usr/bin/cmake --build /home/yeray/sensors_ws/build/ultralytics_ros -- -j8 -l8
[0.956s] DEBUG:colcon.colcon_core.event_handler.log_command:Invoked command in '/home/yeray/sensors_ws/build/optris_drivers2' returned '0': CMAKE_PREFIX_PATH=${CMAKE_PREFIX_PATH}:/opt/ros/humble /usr/bin/cmake --build /home/yeray/sensors_ws/build/optris_drivers2 -- -j8 -l8
[0.961s] DEBUG:colcon.colcon_core.event_handler.log_command:Invoked command in '/home/yeray/sensors_ws/build/ultralytics_ros' returned '0': CMAKE_PREFIX_PATH=${CMAKE_PREFIX_PATH}:/opt/ros/humble /usr/bin/cmake --build /home/yeray/sensors_ws/build/ultralytics_ros -- -j8 -l8
[0.964s] DEBUG:colcon.colcon_core.event_handler.log_command:Invoked command in '/home/yeray/sensors_ws/build/realsense2_camera_msgs' returned '0': CMAKE_PREFIX_PATH=${CMAKE_PREFIX_PATH}:/opt/ros/humble /usr/bin/cmake --build /home/yeray/sensors_ws/build/realsense2_camera_msgs -- -j8 -l8
[1.039s] DEBUG:colcon.colcon_core.event_handler.log_command:Invoking command in '/home/yeray/sensors_ws/build/ultralytics_ros': CMAKE_PREFIX_PATH=${CMAKE_PREFIX_PATH}:/opt/ros/humble /usr/bin/cmake --install /home/yeray/sensors_ws/build/ultralytics_ros
[1.096s] DEBUG:colcon.colcon_core.event_handler.log_command:Invoking command in '/home/yeray/sensors_ws/build/realsense2_camera_msgs': CMAKE_PREFIX_PATH=${CMAKE_PREFIX_PATH}:/opt/ros/humble /usr/bin/cmake --install /home/yeray/sensors_ws/build/realsense2_camera_msgs
[1.103s] DEBUG:colcon.colcon_core.event_handler.log_command:Invoking command in '/home/yeray/sensors_ws/build/optris_drivers2': CMAKE_PREFIX_PATH=${CMAKE_PREFIX_PATH}:/opt/ros/humble /usr/bin/cmake --install /home/yeray/sensors_ws/build/optris_drivers2
[1.104s] Level 1:colcon.colcon_core.environment:create_environment_scripts_only(ultralytics_ros)
[1.105s] DEBUG:colcon.colcon_core.event_handler.log_command:Invoked command in '/home/yeray/sensors_ws/build/ultralytics_ros' returned '0': CMAKE_PREFIX_PATH=${CMAKE_PREFIX_PATH}:/opt/ros/humble /usr/bin/cmake --install /home/yeray/sensors_ws/build/ultralytics_ros
[1.118s] Level 1:colcon.colcon_core.environment:checking '/home/yeray/sensors_ws/install/ultralytics_ros' for CMake module files
[1.133s] Level 1:colcon.colcon_core.environment:checking '/home/yeray/sensors_ws/install/ultralytics_ros' for CMake config files
[1.134s] Level 1:colcon.colcon_core.shell:create_environment_hook('ultralytics_ros', 'cmake_prefix_path')
[1.135s] INFO:colcon.colcon_core.shell:Creating environment hook '/home/yeray/sensors_ws/install/ultralytics_ros/share/ultralytics_ros/hook/cmake_prefix_path.ps1'
[1.136s] INFO:colcon.colcon_core.shell:Creating environment descriptor '/home/yeray/sensors_ws/install/ultralytics_ros/share/ultralytics_ros/hook/cmake_prefix_path.dsv'
[1.137s] INFO:colcon.colcon_core.shell:Creating environment hook '/home/yeray/sensors_ws/install/ultralytics_ros/share/ultralytics_ros/hook/cmake_prefix_path.sh'
[1.138s] Level 1:colcon.colcon_core.environment:checking '/home/yeray/sensors_ws/install/ultralytics_ros/lib'
[1.139s] Level 1:colcon.colcon_core.shell:create_environment_hook('ultralytics_ros', 'ld_library_path_lib')
[1.139s] INFO:colcon.colcon_core.shell:Creating environment hook '/home/yeray/sensors_ws/install/ultralytics_ros/share/ultralytics_ros/hook/ld_library_path_lib.ps1'
[1.140s] INFO:colcon.colcon_core.shell:Creating environment descriptor '/home/yeray/sensors_ws/install/ultralytics_ros/share/ultralytics_ros/hook/ld_library_path_lib.dsv'
[1.140s] INFO:colcon.colcon_core.shell:Creating environment hook '/home/yeray/sensors_ws/install/ultralytics_ros/share/ultralytics_ros/hook/ld_library_path_lib.sh'
[1.141s] Level 1:colcon.colcon_core.environment:checking '/home/yeray/sensors_ws/install/ultralytics_ros/bin'
[1.141s] Level 1:colcon.colcon_core.environment:checking '/home/yeray/sensors_ws/install/ultralytics_ros/lib/pkgconfig/ultralytics_ros.pc'
[1.142s] Level 1:colcon.colcon_core.environment:checking '/home/yeray/sensors_ws/install/ultralytics_ros/lib/python3.10/site-packages'
[1.142s] Level 1:colcon.colcon_core.environment:checking '/home/yeray/sensors_ws/install/ultralytics_ros/bin'
[1.143s] INFO:colcon.colcon_core.shell:Creating package script '/home/yeray/sensors_ws/install/ultralytics_ros/share/ultralytics_ros/package.ps1'
[1.144s] INFO:colcon.colcon_core.shell:Creating package descriptor '/home/yeray/sensors_ws/install/ultralytics_ros/share/ultralytics_ros/package.dsv'
[1.145s] INFO:colcon.colcon_core.shell:Creating package script '/home/yeray/sensors_ws/install/ultralytics_ros/share/ultralytics_ros/package.sh'
[1.146s] INFO:colcon.colcon_core.shell:Creating package script '/home/yeray/sensors_ws/install/ultralytics_ros/share/ultralytics_ros/package.bash'
[1.148s] INFO:colcon.colcon_core.shell:Creating package script '/home/yeray/sensors_ws/install/ultralytics_ros/share/ultralytics_ros/package.zsh'
[1.149s] Level 1:colcon.colcon_core.environment:create_file_with_runtime_dependencies(/home/yeray/sensors_ws/install/ultralytics_ros/share/colcon-core/packages/ultralytics_ros)
[1.162s] Level 1:colcon.colcon_core.environment:create_environment_scripts_only(realsense2_camera_msgs)
[1.162s] Level 1:colcon.colcon_core.environment:checking '/home/yeray/sensors_ws/install/realsense2_camera_msgs' for CMake module files
[1.163s] DEBUG:colcon.colcon_core.event_handler.log_command:Invoked command in '/home/yeray/sensors_ws/build/realsense2_camera_msgs' returned '0': CMAKE_PREFIX_PATH=${CMAKE_PREFIX_PATH}:/opt/ros/humble /usr/bin/cmake --install /home/yeray/sensors_ws/build/realsense2_camera_msgs
[1.164s] Level 1:colcon.colcon_core.environment:checking '/home/yeray/sensors_ws/install/realsense2_camera_msgs' for CMake config files
[1.165s] Level 1:colcon.colcon_core.shell:create_environment_hook('realsense2_camera_msgs', 'cmake_prefix_path')
[1.165s] INFO:colcon.colcon_core.shell:Creating environment hook '/home/yeray/sensors_ws/install/realsense2_camera_msgs/share/realsense2_camera_msgs/hook/cmake_prefix_path.ps1'
[1.166s] INFO:colcon.colcon_core.shell:Creating environment descriptor '/home/yeray/sensors_ws/install/realsense2_camera_msgs/share/realsense2_camera_msgs/hook/cmake_prefix_path.dsv'
[1.166s] INFO:colcon.colcon_core.shell:Creating environment hook '/home/yeray/sensors_ws/install/realsense2_camera_msgs/share/realsense2_camera_msgs/hook/cmake_prefix_path.sh'
[1.167s] Level 1:colcon.colcon_core.environment:checking '/home/yeray/sensors_ws/install/realsense2_camera_msgs/lib'
[1.167s] Level 1:colcon.colcon_core.shell:create_environment_hook('realsense2_camera_msgs', 'ld_library_path_lib')
[1.167s] INFO:colcon.colcon_core.shell:Creating environment hook '/home/yeray/sensors_ws/install/realsense2_camera_msgs/share/realsense2_camera_msgs/hook/ld_library_path_lib.ps1'
[1.168s] INFO:colcon.colcon_core.shell:Creating environment descriptor '/home/yeray/sensors_ws/install/realsense2_camera_msgs/share/realsense2_camera_msgs/hook/ld_library_path_lib.dsv'
[1.168s] INFO:colcon.colcon_core.shell:Creating environment hook '/home/yeray/sensors_ws/install/realsense2_camera_msgs/share/realsense2_camera_msgs/hook/ld_library_path_lib.sh'
[1.169s] Level 1:colcon.colcon_core.environment:checking '/home/yeray/sensors_ws/install/realsense2_camera_msgs/bin'
[1.169s] Level 1:colcon.colcon_core.environment:checking '/home/yeray/sensors_ws/install/realsense2_camera_msgs/lib/pkgconfig/realsense2_camera_msgs.pc'
[1.170s] Level 1:colcon.colcon_core.environment:checking '/home/yeray/sensors_ws/install/realsense2_camera_msgs/lib/python3.10/site-packages'
[1.170s] Level 1:colcon.colcon_core.environment:checking '/home/yeray/sensors_ws/install/realsense2_camera_msgs/bin'
[1.170s] INFO:colcon.colcon_core.shell:Creating package script '/home/yeray/sensors_ws/install/realsense2_camera_msgs/share/realsense2_camera_msgs/package.ps1'
[1.174s] INFO:colcon.colcon_core.shell:Creating package descriptor '/home/yeray/sensors_ws/install/realsense2_camera_msgs/share/realsense2_camera_msgs/package.dsv'
[1.176s] INFO:colcon.colcon_core.shell:Creating package script '/home/yeray/sensors_ws/install/realsense2_camera_msgs/share/realsense2_camera_msgs/package.sh'
[1.177s] INFO:colcon.colcon_core.shell:Creating package script '/home/yeray/sensors_ws/install/realsense2_camera_msgs/share/realsense2_camera_msgs/package.bash'
[1.179s] INFO:colcon.colcon_core.shell:Creating package script '/home/yeray/sensors_ws/install/realsense2_camera_msgs/share/realsense2_camera_msgs/package.zsh'
[1.180s] Level 1:colcon.colcon_core.environment:create_file_with_runtime_dependencies(/home/yeray/sensors_ws/install/realsense2_camera_msgs/share/colcon-core/packages/realsense2_camera_msgs)
[1.182s] Level 1:colcon.colcon_core.environment:create_environment_scripts_only(optris_drivers2)
[1.182s] Level 1:colcon.colcon_core.environment:checking '/home/yeray/sensors_ws/install/optris_drivers2' for CMake module files
[1.183s] DEBUG:colcon.colcon_core.event_handler.log_command:Invoked command in '/home/yeray/sensors_ws/build/optris_drivers2' returned '0': CMAKE_PREFIX_PATH=${CMAKE_PREFIX_PATH}:/opt/ros/humble /usr/bin/cmake --install /home/yeray/sensors_ws/build/optris_drivers2
[1.183s] Level 1:colcon.colcon_core.environment:checking '/home/yeray/sensors_ws/install/optris_drivers2' for CMake config files
[1.184s] Level 1:colcon.colcon_core.shell:create_environment_hook('optris_drivers2', 'cmake_prefix_path')
[1.184s] INFO:colcon.colcon_core.shell:Creating environment hook '/home/yeray/sensors_ws/install/optris_drivers2/share/optris_drivers2/hook/cmake_prefix_path.ps1'
[1.184s] INFO:colcon.colcon_core.shell:Creating environment descriptor '/home/yeray/sensors_ws/install/optris_drivers2/share/optris_drivers2/hook/cmake_prefix_path.dsv'
[1.185s] INFO:colcon.colcon_core.shell:Creating environment hook '/home/yeray/sensors_ws/install/optris_drivers2/share/optris_drivers2/hook/cmake_prefix_path.sh'
[1.185s] Level 1:colcon.colcon_core.environment:checking '/home/yeray/sensors_ws/install/optris_drivers2/lib'
[1.185s] Level 1:colcon.colcon_core.shell:create_environment_hook('optris_drivers2', 'ld_library_path_lib')
[1.186s] INFO:colcon.colcon_core.shell:Creating environment hook '/home/yeray/sensors_ws/install/optris_drivers2/share/optris_drivers2/hook/ld_library_path_lib.ps1'
[1.186s] INFO:colcon.colcon_core.shell:Creating environment descriptor '/home/yeray/sensors_ws/install/optris_drivers2/share/optris_drivers2/hook/ld_library_path_lib.dsv'
[1.187s] INFO:colcon.colcon_core.shell:Creating environment hook '/home/yeray/sensors_ws/install/optris_drivers2/share/optris_drivers2/hook/ld_library_path_lib.sh'
[1.187s] Level 1:colcon.colcon_core.environment:checking '/home/yeray/sensors_ws/install/optris_drivers2/bin'
[1.187s] Level 1:colcon.colcon_core.environment:checking '/home/yeray/sensors_ws/install/optris_drivers2/lib/pkgconfig/optris_drivers2.pc'
[1.187s] Level 1:colcon.colcon_core.environment:checking '/home/yeray/sensors_ws/install/optris_drivers2/lib/python3.10/site-packages'
[1.188s] Level 1:colcon.colcon_core.environment:checking '/home/yeray/sensors_ws/install/optris_drivers2/bin'
[1.188s] INFO:colcon.colcon_core.shell:Creating package script '/home/yeray/sensors_ws/install/optris_drivers2/share/optris_drivers2/package.ps1'
[1.189s] INFO:colcon.colcon_core.shell:Creating package descriptor '/home/yeray/sensors_ws/install/optris_drivers2/share/optris_drivers2/package.dsv'
[1.189s] INFO:colcon.colcon_core.shell:Creating package script '/home/yeray/sensors_ws/install/optris_drivers2/share/optris_drivers2/package.sh'
[1.190s] INFO:colcon.colcon_core.shell:Creating package script '/home/yeray/sensors_ws/install/optris_drivers2/share/optris_drivers2/package.bash'
[1.190s] INFO:colcon.colcon_core.shell:Creating package script '/home/yeray/sensors_ws/install/optris_drivers2/share/optris_drivers2/package.zsh'
[1.190s] Level 1:colcon.colcon_core.environment:create_file_with_runtime_dependencies(/home/yeray/sensors_ws/install/optris_drivers2/share/colcon-core/packages/optris_drivers2)
[1.215s] Level 1:colcon.colcon_core.environment:create_environment_scripts_only(ultralytics_ros)
[1.215s] Level 1:colcon.colcon_core.environment:checking '/home/yeray/sensors_ws/install/ultralytics_ros' for CMake module files
[1.216s] Level 1:colcon.colcon_core.environment:checking '/home/yeray/sensors_ws/install/ultralytics_ros' for CMake config files
[1.217s] Level 1:colcon.colcon_core.shell:create_environment_hook('ultralytics_ros', 'cmake_prefix_path')
[1.217s] INFO:colcon.colcon_core.shell:Creating environment hook '/home/yeray/sensors_ws/install/ultralytics_ros/share/ultralytics_ros/hook/cmake_prefix_path.ps1'
[1.217s] INFO:colcon.colcon_core.shell:Creating environment descriptor '/home/yeray/sensors_ws/install/ultralytics_ros/share/ultralytics_ros/hook/cmake_prefix_path.dsv'
[1.218s] INFO:colcon.colcon_core.shell:Creating environment hook '/home/yeray/sensors_ws/install/ultralytics_ros/share/ultralytics_ros/hook/cmake_prefix_path.sh'
[1.218s] Level 1:colcon.colcon_core.environment:checking '/home/yeray/sensors_ws/install/ultralytics_ros/lib'
[1.219s] Level 1:colcon.colcon_core.shell:create_environment_hook('ultralytics_ros', 'ld_library_path_lib')
[1.219s] INFO:colcon.colcon_core.shell:Creating environment hook '/home/yeray/sensors_ws/install/ultralytics_ros/share/ultralytics_ros/hook/ld_library_path_lib.ps1'
[1.219s] INFO:colcon.colcon_core.shell:Creating environment descriptor '/home/yeray/sensors_ws/install/ultralytics_ros/share/ultralytics_ros/hook/ld_library_path_lib.dsv'
[1.220s] INFO:colcon.colcon_core.shell:Creating environment hook '/home/yeray/sensors_ws/install/ultralytics_ros/share/ultralytics_ros/hook/ld_library_path_lib.sh'
[1.220s] Level 1:colcon.colcon_core.environment:checking '/home/yeray/sensors_ws/install/ultralytics_ros/bin'
[1.220s] Level 1:colcon.colcon_core.environment:checking '/home/yeray/sensors_ws/install/ultralytics_ros/lib/pkgconfig/ultralytics_ros.pc'
[1.220s] Level 1:colcon.colcon_core.environment:checking '/home/yeray/sensors_ws/install/ultralytics_ros/lib/python3.10/site-packages'
[1.221s] Level 1:colcon.colcon_core.environment:checking '/home/yeray/sensors_ws/install/ultralytics_ros/bin'
[1.221s] INFO:colcon.colcon_core.shell:Creating package script '/home/yeray/sensors_ws/install/ultralytics_ros/share/ultralytics_ros/package.ps1'
[1.222s] INFO:colcon.colcon_core.shell:Creating package descriptor '/home/yeray/sensors_ws/install/ultralytics_ros/share/ultralytics_ros/package.dsv'
[1.222s] INFO:colcon.colcon_core.shell:Creating package script '/home/yeray/sensors_ws/install/ultralytics_ros/share/ultralytics_ros/package.sh'
[1.223s] INFO:colcon.colcon_core.shell:Creating package script '/home/yeray/sensors_ws/install/ultralytics_ros/share/ultralytics_ros/package.bash'
[1.223s] INFO:colcon.colcon_core.shell:Creating package script '/home/yeray/sensors_ws/install/ultralytics_ros/share/ultralytics_ros/package.zsh'
[1.224s] Level 1:colcon.colcon_core.environment:create_file_with_runtime_dependencies(/home/yeray/sensors_ws/install/ultralytics_ros/share/colcon-core/packages/ultralytics_ros)
[1.312s] Level 1:colcon.colcon_core.environment:create_environment_scripts_only(realsense2_camera_msgs)
[1.312s] Level 1:colcon.colcon_core.environment:checking '/home/yeray/sensors_ws/install/realsense2_camera_msgs' for CMake module files
[1.313s] Level 1:colcon.colcon_core.environment:checking '/home/yeray/sensors_ws/install/realsense2_camera_msgs' for CMake config files
[1.313s] Level 1:colcon.colcon_core.shell:create_environment_hook('realsense2_camera_msgs', 'cmake_prefix_path')
[1.313s] INFO:colcon.colcon_core.shell:Creating environment hook '/home/yeray/sensors_ws/install/realsense2_camera_msgs/share/realsense2_camera_msgs/hook/cmake_prefix_path.ps1'
[1.314s] INFO:colcon.colcon_core.shell:Creating environment descriptor '/home/yeray/sensors_ws/install/realsense2_camera_msgs/share/realsense2_camera_msgs/hook/cmake_prefix_path.dsv'
[1.314s] INFO:colcon.colcon_core.shell:Creating environment hook '/home/yeray/sensors_ws/install/realsense2_camera_msgs/share/realsense2_camera_msgs/hook/cmake_prefix_path.sh'
[1.315s] Level 1:colcon.colcon_core.environment:checking '/home/yeray/sensors_ws/install/realsense2_camera_msgs/lib'
[1.315s] Level 1:colcon.colcon_core.shell:create_environment_hook('realsense2_camera_msgs', 'ld_library_path_lib')
[1.315s] INFO:colcon.colcon_core.shell:Creating environment hook '/home/yeray/sensors_ws/install/realsense2_camera_msgs/share/realsense2_camera_msgs/hook/ld_library_path_lib.ps1'
[1.316s] INFO:colcon.colcon_core.shell:Creating environment descriptor '/home/yeray/sensors_ws/install/realsense2_camera_msgs/share/realsense2_camera_msgs/hook/ld_library_path_lib.dsv'
[1.316s] INFO:colcon.colcon_core.shell:Creating environment hook '/home/yeray/sensors_ws/install/realsense2_camera_msgs/share/realsense2_camera_msgs/hook/ld_library_path_lib.sh'
[1.316s] Level 1:colcon.colcon_core.environment:checking '/home/yeray/sensors_ws/install/realsense2_camera_msgs/bin'
[1.316s] Level 1:colcon.colcon_core.environment:checking '/home/yeray/sensors_ws/install/realsense2_camera_msgs/lib/pkgconfig/realsense2_camera_msgs.pc'
[1.317s] Level 1:colcon.colcon_core.environment:checking '/home/yeray/sensors_ws/install/realsense2_camera_msgs/lib/python3.10/site-packages'
[1.317s] Level 1:colcon.colcon_core.environment:checking '/home/yeray/sensors_ws/install/realsense2_camera_msgs/bin'
[1.317s] INFO:colcon.colcon_core.shell:Creating package script '/home/yeray/sensors_ws/install/realsense2_camera_msgs/share/realsense2_camera_msgs/package.ps1'
[1.318s] INFO:colcon.colcon_core.shell:Creating package descriptor '/home/yeray/sensors_ws/install/realsense2_camera_msgs/share/realsense2_camera_msgs/package.dsv'
[1.318s] INFO:colcon.colcon_core.shell:Creating package script '/home/yeray/sensors_ws/install/realsense2_camera_msgs/share/realsense2_camera_msgs/package.sh'
[1.319s] INFO:colcon.colcon_core.shell:Creating package script '/home/yeray/sensors_ws/install/realsense2_camera_msgs/share/realsense2_camera_msgs/package.bash'
[1.319s] INFO:colcon.colcon_core.shell:Creating package script '/home/yeray/sensors_ws/install/realsense2_camera_msgs/share/realsense2_camera_msgs/package.zsh'
[1.320s] Level 1:colcon.colcon_core.environment:create_file_with_runtime_dependencies(/home/yeray/sensors_ws/install/realsense2_camera_msgs/share/colcon-core/packages/realsense2_camera_msgs)
[1.320s] INFO:colcon.colcon_ros.task.ament_cmake.build:Building ROS package in '/home/yeray/sensors_ws/src/realsense-ros/realsense2_camera' with build type 'ament_cmake'
[1.320s] INFO:colcon.colcon_cmake.task.cmake.build:Building CMake package in '/home/yeray/sensors_ws/src/realsense-ros/realsense2_camera'
[1.321s] INFO:colcon.colcon_core.shell:Skip shell extension 'powershell' for command environment: Not usable outside of PowerShell
[1.321s] DEBUG:colcon.colcon_core.shell:Skip shell extension 'dsv' for command environment
[1.326s] INFO:colcon.colcon_ros.task.ament_cmake.build:Building ROS package in '/home/yeray/sensors_ws/src/realsense-ros/realsense2_description' with build type 'ament_cmake'
[1.326s] INFO:colcon.colcon_cmake.task.cmake.build:Building CMake package in '/home/yeray/sensors_ws/src/realsense-ros/realsense2_description'
[1.327s] INFO:colcon.colcon_core.shell:Skip shell extension 'powershell' for command environment: Not usable outside of PowerShell
[1.327s] DEBUG:colcon.colcon_core.shell:Skip shell extension 'dsv' for command environment
[1.336s] Level 1:colcon.colcon_core.environment:create_environment_scripts_only(optris_drivers2)
[1.336s] Level 1:colcon.colcon_core.environment:checking '/home/yeray/sensors_ws/install/optris_drivers2' for CMake module files
[1.337s] DEBUG:colcon.colcon_core.event_handler.log_command:Invoking command in '/home/yeray/sensors_ws/build/realsense2_camera': CMAKE_PREFIX_PATH=/home/yeray/sensors_ws/install/realsense2_camera_msgs:/home/yeray/sensors_ws/install/ultralytics_ros:/home/yeray/sensors_ws/install/realsense2_description:/home/yeray/sensors_ws/install/realsense2_camera:/home/yeray/sensors_ws/install/optris_drivers2:/opt/ros/humble LD_LIBRARY_PATH=/home/yeray/sensors_ws/install/realsense2_camera_msgs/lib:/home/yeray/sensors_ws/install/ultralytics_ros/lib:/home/yeray/sensors_ws/install/realsense2_camera/lib:/home/yeray/sensors_ws/install/optris_drivers2/lib:/usr/lib/x86_64-linux-gnu/gazebo-11/plugins:/opt/ros/humble/opt/rviz_ogre_vendor/lib:/opt/ros/humble/lib/x86_64-linux-gnu:/opt/ros/humble/lib /usr/bin/cmake --build /home/yeray/sensors_ws/build/realsense2_camera -- -j8 -l8
[1.337s] Level 1:colcon.colcon_core.environment:checking '/home/yeray/sensors_ws/install/optris_drivers2' for CMake config files
[1.338s] Level 1:colcon.colcon_core.shell:create_environment_hook('optris_drivers2', 'cmake_prefix_path')
[1.338s] INFO:colcon.colcon_core.shell:Creating environment hook '/home/yeray/sensors_ws/install/optris_drivers2/share/optris_drivers2/hook/cmake_prefix_path.ps1'
[1.339s] INFO:colcon.colcon_core.shell:Creating environment descriptor '/home/yeray/sensors_ws/install/optris_drivers2/share/optris_drivers2/hook/cmake_prefix_path.dsv'
[1.339s] INFO:colcon.colcon_core.shell:Creating environment hook '/home/yeray/sensors_ws/install/optris_drivers2/share/optris_drivers2/hook/cmake_prefix_path.sh'
[1.340s] Level 1:colcon.colcon_core.environment:checking '/home/yeray/sensors_ws/install/optris_drivers2/lib'
[1.340s] Level 1:colcon.colcon_core.shell:create_environment_hook('optris_drivers2', 'ld_library_path_lib')
[1.340s] INFO:colcon.colcon_core.shell:Creating environment hook '/home/yeray/sensors_ws/install/optris_drivers2/share/optris_drivers2/hook/ld_library_path_lib.ps1'
[1.341s] INFO:colcon.colcon_core.shell:Creating environment descriptor '/home/yeray/sensors_ws/install/optris_drivers2/share/optris_drivers2/hook/ld_library_path_lib.dsv'
[1.341s] INFO:colcon.colcon_core.shell:Creating environment hook '/home/yeray/sensors_ws/install/optris_drivers2/share/optris_drivers2/hook/ld_library_path_lib.sh'
[1.342s] Level 1:colcon.colcon_core.environment:checking '/home/yeray/sensors_ws/install/optris_drivers2/bin'
[1.342s] Level 1:colcon.colcon_core.environment:checking '/home/yeray/sensors_ws/install/optris_drivers2/lib/pkgconfig/optris_drivers2.pc'
[1.342s] Level 1:colcon.colcon_core.environment:checking '/home/yeray/sensors_ws/install/optris_drivers2/lib/python3.10/site-packages'
[1.343s] Level 1:colcon.colcon_core.environment:checking '/home/yeray/sensors_ws/install/optris_drivers2/bin'
[1.343s] INFO:colcon.colcon_core.shell:Creating package script '/home/yeray/sensors_ws/install/optris_drivers2/share/optris_drivers2/package.ps1'
[1.344s] INFO:colcon.colcon_core.shell:Creating package descriptor '/home/yeray/sensors_ws/install/optris_drivers2/share/optris_drivers2/package.dsv'
[1.344s] INFO:colcon.colcon_core.shell:Creating package script '/home/yeray/sensors_ws/install/optris_drivers2/share/optris_drivers2/package.sh'
[1.345s] INFO:colcon.colcon_core.shell:Creating package script '/home/yeray/sensors_ws/install/optris_drivers2/share/optris_drivers2/package.bash'
[1.345s] INFO:colcon.colcon_core.shell:Creating package script '/home/yeray/sensors_ws/install/optris_drivers2/share/optris_drivers2/package.zsh'
[1.346s] Level 1:colcon.colcon_core.environment:create_file_with_runtime_dependencies(/home/yeray/sensors_ws/install/optris_drivers2/share/colcon-core/packages/optris_drivers2)
[1.350s] DEBUG:colcon.colcon_core.event_handler.log_command:Invoking command in '/home/yeray/sensors_ws/build/realsense2_description': CMAKE_PREFIX_PATH=/home/yeray/sensors_ws/install/realsense2_camera_msgs:/home/yeray/sensors_ws/install/ultralytics_ros:/home/yeray/sensors_ws/install/realsense2_description:/home/yeray/sensors_ws/install/realsense2_camera:/home/yeray/sensors_ws/install/optris_drivers2:/opt/ros/humble LD_LIBRARY_PATH=/home/yeray/sensors_ws/install/realsense2_camera_msgs/lib:/home/yeray/sensors_ws/install/ultralytics_ros/lib:/home/yeray/sensors_ws/install/realsense2_camera/lib:/home/yeray/sensors_ws/install/optris_drivers2/lib:/usr/lib/x86_64-linux-gnu/gazebo-11/plugins:/opt/ros/humble/opt/rviz_ogre_vendor/lib:/opt/ros/humble/lib/x86_64-linux-gnu:/opt/ros/humble/lib /usr/bin/cmake --build /home/yeray/sensors_ws/build/realsense2_description -- -j8 -l8
[1.395s] DEBUG:colcon.colcon_core.event_handler.log_command:Invoked command in '/home/yeray/sensors_ws/build/realsense2_description' returned '0': CMAKE_PREFIX_PATH=/home/yeray/sensors_ws/install/realsense2_camera_msgs:/home/yeray/sensors_ws/install/ultralytics_ros:/home/yeray/sensors_ws/install/realsense2_description:/home/yeray/sensors_ws/install/realsense2_camera:/home/yeray/sensors_ws/install/optris_drivers2:/opt/ros/humble LD_LIBRARY_PATH=/home/yeray/sensors_ws/install/realsense2_camera_msgs/lib:/home/yeray/sensors_ws/install/ultralytics_ros/lib:/home/yeray/sensors_ws/install/realsense2_camera/lib:/home/yeray/sensors_ws/install/optris_drivers2/lib:/usr/lib/x86_64-linux-gnu/gazebo-11/plugins:/opt/ros/humble/opt/rviz_ogre_vendor/lib:/opt/ros/humble/lib/x86_64-linux-gnu:/opt/ros/humble/lib /usr/bin/cmake --build /home/yeray/sensors_ws/build/realsense2_description -- -j8 -l8
[1.424s] DEBUG:colcon.colcon_core.event_handler.log_command:Invoking command in '/home/yeray/sensors_ws/build/realsense2_description': CMAKE_PREFIX_PATH=/home/yeray/sensors_ws/install/realsense2_camera_msgs:/home/yeray/sensors_ws/install/ultralytics_ros:/home/yeray/sensors_ws/install/realsense2_description:/home/yeray/sensors_ws/install/realsense2_camera:/home/yeray/sensors_ws/install/optris_drivers2:/opt/ros/humble LD_LIBRARY_PATH=/home/yeray/sensors_ws/install/realsense2_camera_msgs/lib:/home/yeray/sensors_ws/install/ultralytics_ros/lib:/home/yeray/sensors_ws/install/realsense2_camera/lib:/home/yeray/sensors_ws/install/optris_drivers2/lib:/usr/lib/x86_64-linux-gnu/gazebo-11/plugins:/opt/ros/humble/opt/rviz_ogre_vendor/lib:/opt/ros/humble/lib/x86_64-linux-gnu:/opt/ros/humble/lib /usr/bin/cmake --install /home/yeray/sensors_ws/build/realsense2_description
[1.436s] Level 1:colcon.colcon_core.environment:create_environment_scripts_only(realsense2_description)
[1.436s] DEBUG:colcon.colcon_core.event_handler.log_command:Invoked command in '/home/yeray/sensors_ws/build/realsense2_description' returned '0': CMAKE_PREFIX_PATH=/home/yeray/sensors_ws/install/realsense2_camera_msgs:/home/yeray/sensors_ws/install/ultralytics_ros:/home/yeray/sensors_ws/install/realsense2_description:/home/yeray/sensors_ws/install/realsense2_camera:/home/yeray/sensors_ws/install/optris_drivers2:/opt/ros/humble LD_LIBRARY_PATH=/home/yeray/sensors_ws/install/realsense2_camera_msgs/lib:/home/yeray/sensors_ws/install/ultralytics_ros/lib:/home/yeray/sensors_ws/install/realsense2_camera/lib:/home/yeray/sensors_ws/install/optris_drivers2/lib:/usr/lib/x86_64-linux-gnu/gazebo-11/plugins:/opt/ros/humble/opt/rviz_ogre_vendor/lib:/opt/ros/humble/lib/x86_64-linux-gnu:/opt/ros/humble/lib /usr/bin/cmake --install /home/yeray/sensors_ws/build/realsense2_description
[1.437s] Level 1:colcon.colcon_core.environment:checking '/home/yeray/sensors_ws/install/realsense2_description' for CMake module files
[1.437s] Level 1:colcon.colcon_core.environment:checking '/home/yeray/sensors_ws/install/realsense2_description' for CMake config files
[1.438s] Level 1:colcon.colcon_core.shell:create_environment_hook('realsense2_description', 'cmake_prefix_path')
[1.438s] INFO:colcon.colcon_core.shell:Creating environment hook '/home/yeray/sensors_ws/install/realsense2_description/share/realsense2_description/hook/cmake_prefix_path.ps1'
[1.438s] INFO:colcon.colcon_core.shell:Creating environment descriptor '/home/yeray/sensors_ws/install/realsense2_description/share/realsense2_description/hook/cmake_prefix_path.dsv'
[1.439s] INFO:colcon.colcon_core.shell:Creating environment hook '/home/yeray/sensors_ws/install/realsense2_description/share/realsense2_description/hook/cmake_prefix_path.sh'
[1.439s] Level 1:colcon.colcon_core.environment:checking '/home/yeray/sensors_ws/install/realsense2_description/bin'
[1.440s] Level 1:colcon.colcon_core.environment:checking '/home/yeray/sensors_ws/install/realsense2_description/lib/pkgconfig/realsense2_description.pc'
[1.440s] Level 1:colcon.colcon_core.environment:checking '/home/yeray/sensors_ws/install/realsense2_description/lib/python3.10/site-packages'
[1.440s] Level 1:colcon.colcon_core.environment:checking '/home/yeray/sensors_ws/install/realsense2_description/bin'
[1.440s] INFO:colcon.colcon_core.shell:Creating package script '/home/yeray/sensors_ws/install/realsense2_description/share/realsense2_description/package.ps1'
[1.441s] INFO:colcon.colcon_core.shell:Creating package descriptor '/home/yeray/sensors_ws/install/realsense2_description/share/realsense2_description/package.dsv'
[1.442s] INFO:colcon.colcon_core.shell:Creating package script '/home/yeray/sensors_ws/install/realsense2_description/share/realsense2_description/package.sh'
[1.442s] INFO:colcon.colcon_core.shell:Creating package script '/home/yeray/sensors_ws/install/realsense2_description/share/realsense2_description/package.bash'
[1.442s] INFO:colcon.colcon_core.shell:Creating package script '/home/yeray/sensors_ws/install/realsense2_description/share/realsense2_description/package.zsh'
[1.443s] Level 1:colcon.colcon_core.environment:create_file_with_runtime_dependencies(/home/yeray/sensors_ws/install/realsense2_description/share/colcon-core/packages/realsense2_description)
[1.445s] DEBUG:colcon.colcon_core.event_handler.log_command:Invoked command in '/home/yeray/sensors_ws/build/realsense2_camera' returned '0': CMAKE_PREFIX_PATH=/home/yeray/sensors_ws/install/realsense2_camera_msgs:/home/yeray/sensors_ws/install/ultralytics_ros:/home/yeray/sensors_ws/install/realsense2_description:/home/yeray/sensors_ws/install/realsense2_camera:/home/yeray/sensors_ws/install/optris_drivers2:/opt/ros/humble LD_LIBRARY_PATH=/home/yeray/sensors_ws/install/realsense2_camera_msgs/lib:/home/yeray/sensors_ws/install/ultralytics_ros/lib:/home/yeray/sensors_ws/install/realsense2_camera/lib:/home/yeray/sensors_ws/install/optris_drivers2/lib:/usr/lib/x86_64-linux-gnu/gazebo-11/plugins:/opt/ros/humble/opt/rviz_ogre_vendor/lib:/opt/ros/humble/lib/x86_64-linux-gnu:/opt/ros/humble/lib /usr/bin/cmake --build /home/yeray/sensors_ws/build/realsense2_camera -- -j8 -l8
[1.466s] Level 1:colcon.colcon_core.environment:create_environment_scripts_only(realsense2_description)
[1.466s] Level 1:colcon.colcon_core.environment:checking '/home/yeray/sensors_ws/install/realsense2_description' for CMake module files
[1.466s] Level 1:colcon.colcon_core.environment:checking '/home/yeray/sensors_ws/install/realsense2_description' for CMake config files
[1.467s] Level 1:colcon.colcon_core.shell:create_environment_hook('realsense2_description', 'cmake_prefix_path')
[1.467s] INFO:colcon.colcon_core.shell:Creating environment hook '/home/yeray/sensors_ws/install/realsense2_description/share/realsense2_description/hook/cmake_prefix_path.ps1'
[1.468s] INFO:colcon.colcon_core.shell:Creating environment descriptor '/home/yeray/sensors_ws/install/realsense2_description/share/realsense2_description/hook/cmake_prefix_path.dsv'
[1.468s] INFO:colcon.colcon_core.shell:Creating environment hook '/home/yeray/sensors_ws/install/realsense2_description/share/realsense2_description/hook/cmake_prefix_path.sh'
[1.469s] Level 1:colcon.colcon_core.environment:checking '/home/yeray/sensors_ws/install/realsense2_description/bin'
[1.469s] Level 1:colcon.colcon_core.environment:checking '/home/yeray/sensors_ws/install/realsense2_description/lib/pkgconfig/realsense2_description.pc'
[1.469s] Level 1:colcon.colcon_core.environment:checking '/home/yeray/sensors_ws/install/realsense2_description/lib/python3.10/site-packages'
[1.469s] Level 1:colcon.colcon_core.environment:checking '/home/yeray/sensors_ws/install/realsense2_description/bin'
[1.470s] INFO:colcon.colcon_core.shell:Creating package script '/home/yeray/sensors_ws/install/realsense2_description/share/realsense2_description/package.ps1'
[1.470s] INFO:colcon.colcon_core.shell:Creating package descriptor '/home/yeray/sensors_ws/install/realsense2_description/share/realsense2_description/package.dsv'
[1.471s] INFO:colcon.colcon_core.shell:Creating package script '/home/yeray/sensors_ws/install/realsense2_description/share/realsense2_description/package.sh'
[1.471s] INFO:colcon.colcon_core.shell:Creating package script '/home/yeray/sensors_ws/install/realsense2_description/share/realsense2_description/package.bash'
[1.472s] INFO:colcon.colcon_core.shell:Creating package script '/home/yeray/sensors_ws/install/realsense2_description/share/realsense2_description/package.zsh'
[1.472s] Level 1:colcon.colcon_core.environment:create_file_with_runtime_dependencies(/home/yeray/sensors_ws/install/realsense2_description/share/colcon-core/packages/realsense2_description)
[1.510s] DEBUG:colcon.colcon_core.event_handler.log_command:Invoking command in '/home/yeray/sensors_ws/build/realsense2_camera': CMAKE_PREFIX_PATH=/home/yeray/sensors_ws/install/realsense2_camera_msgs:/home/yeray/sensors_ws/install/ultralytics_ros:/home/yeray/sensors_ws/install/realsense2_description:/home/yeray/sensors_ws/install/realsense2_camera:/home/yeray/sensors_ws/install/optris_drivers2:/opt/ros/humble LD_LIBRARY_PATH=/home/yeray/sensors_ws/install/realsense2_camera_msgs/lib:/home/yeray/sensors_ws/install/ultralytics_ros/lib:/home/yeray/sensors_ws/install/realsense2_camera/lib:/home/yeray/sensors_ws/install/optris_drivers2/lib:/usr/lib/x86_64-linux-gnu/gazebo-11/plugins:/opt/ros/humble/opt/rviz_ogre_vendor/lib:/opt/ros/humble/lib/x86_64-linux-gnu:/opt/ros/humble/lib /usr/bin/cmake --install /home/yeray/sensors_ws/build/realsense2_camera
[1.524s] Level 1:colcon.colcon_core.environment:create_environment_scripts_only(realsense2_camera)
[1.524s] Level 1:colcon.colcon_core.environment:checking '/home/yeray/sensors_ws/install/realsense2_camera' for CMake module files
[1.526s] DEBUG:colcon.colcon_core.event_handler.log_command:Invoked command in '/home/yeray/sensors_ws/build/realsense2_camera' returned '0': CMAKE_PREFIX_PATH=/home/yeray/sensors_ws/install/realsense2_camera_msgs:/home/yeray/sensors_ws/install/ultralytics_ros:/home/yeray/sensors_ws/install/realsense2_description:/home/yeray/sensors_ws/install/realsense2_camera:/home/yeray/sensors_ws/install/optris_drivers2:/opt/ros/humble LD_LIBRARY_PATH=/home/yeray/sensors_ws/install/realsense2_camera_msgs/lib:/home/yeray/sensors_ws/install/ultralytics_ros/lib:/home/yeray/sensors_ws/install/realsense2_camera/lib:/home/yeray/sensors_ws/install/optris_drivers2/lib:/usr/lib/x86_64-linux-gnu/gazebo-11/plugins:/opt/ros/humble/opt/rviz_ogre_vendor/lib:/opt/ros/humble/lib/x86_64-linux-gnu:/opt/ros/humble/lib /usr/bin/cmake --install /home/yeray/sensors_ws/build/realsense2_camera
[1.526s] Level 1:colcon.colcon_core.environment:checking '/home/yeray/sensors_ws/install/realsense2_camera' for CMake config files
[1.526s] Level 1:colcon.colcon_core.shell:create_environment_hook('realsense2_camera', 'cmake_prefix_path')
[1.527s] INFO:colcon.colcon_core.shell:Creating environment hook '/home/yeray/sensors_ws/install/realsense2_camera/share/realsense2_camera/hook/cmake_prefix_path.ps1'
[1.527s] INFO:colcon.colcon_core.shell:Creating environment descriptor '/home/yeray/sensors_ws/install/realsense2_camera/share/realsense2_camera/hook/cmake_prefix_path.dsv'
[1.528s] INFO:colcon.colcon_core.shell:Creating environment hook '/home/yeray/sensors_ws/install/realsense2_camera/share/realsense2_camera/hook/cmake_prefix_path.sh'
[1.528s] Level 1:colcon.colcon_core.environment:checking '/home/yeray/sensors_ws/install/realsense2_camera/lib'
[1.528s] Level 1:colcon.colcon_core.shell:create_environment_hook('realsense2_camera', 'ld_library_path_lib')
[1.529s] INFO:colcon.colcon_core.shell:Creating environment hook '/home/yeray/sensors_ws/install/realsense2_camera/share/realsense2_camera/hook/ld_library_path_lib.ps1'
[1.529s] INFO:colcon.colcon_core.shell:Creating environment descriptor '/home/yeray/sensors_ws/install/realsense2_camera/share/realsense2_camera/hook/ld_library_path_lib.dsv'
[1.530s] INFO:colcon.colcon_core.shell:Creating environment hook '/home/yeray/sensors_ws/install/realsense2_camera/share/realsense2_camera/hook/ld_library_path_lib.sh'
[1.530s] Level 1:colcon.colcon_core.environment:checking '/home/yeray/sensors_ws/install/realsense2_camera/bin'
[1.530s] Level 1:colcon.colcon_core.environment:checking '/home/yeray/sensors_ws/install/realsense2_camera/lib/pkgconfig/realsense2_camera.pc'
[1.530s] Level 1:colcon.colcon_core.environment:checking '/home/yeray/sensors_ws/install/realsense2_camera/lib/python3.10/site-packages'
[1.531s] Level 1:colcon.colcon_core.environment:checking '/home/yeray/sensors_ws/install/realsense2_camera/bin'
[1.531s] INFO:colcon.colcon_core.shell:Creating package script '/home/yeray/sensors_ws/install/realsense2_camera/share/realsense2_camera/package.ps1'
[1.532s] INFO:colcon.colcon_core.shell:Creating package descriptor '/home/yeray/sensors_ws/install/realsense2_camera/share/realsense2_camera/package.dsv'
[1.532s] INFO:colcon.colcon_core.shell:Creating package script '/home/yeray/sensors_ws/install/realsense2_camera/share/realsense2_camera/package.sh'
[1.533s] INFO:colcon.colcon_core.shell:Creating package script '/home/yeray/sensors_ws/install/realsense2_camera/share/realsense2_camera/package.bash'
[1.533s] INFO:colcon.colcon_core.shell:Creating package script '/home/yeray/sensors_ws/install/realsense2_camera/share/realsense2_camera/package.zsh'
[1.533s] Level 1:colcon.colcon_core.environment:create_file_with_runtime_dependencies(/home/yeray/sensors_ws/install/realsense2_camera/share/colcon-core/packages/realsense2_camera)
[1.598s] Level 1:colcon.colcon_core.environment:create_environment_scripts_only(realsense2_camera)
[1.599s] Level 1:colcon.colcon_core.environment:checking '/home/yeray/sensors_ws/install/realsense2_camera' for CMake module files
[1.599s] Level 1:colcon.colcon_core.environment:checking '/home/yeray/sensors_ws/install/realsense2_camera' for CMake config files
[1.599s] Level 1:colcon.colcon_core.shell:create_environment_hook('realsense2_camera', 'cmake_prefix_path')
[1.600s] INFO:colcon.colcon_core.shell:Creating environment hook '/home/yeray/sensors_ws/install/realsense2_camera/share/realsense2_camera/hook/cmake_prefix_path.ps1'
[1.600s] INFO:colcon.colcon_core.shell:Creating environment descriptor '/home/yeray/sensors_ws/install/realsense2_camera/share/realsense2_camera/hook/cmake_prefix_path.dsv'
[1.600s] INFO:colcon.colcon_core.shell:Creating environment hook '/home/yeray/sensors_ws/install/realsense2_camera/share/realsense2_camera/hook/cmake_prefix_path.sh'
[1.601s] Level 1:colcon.colcon_core.environment:checking '/home/yeray/sensors_ws/install/realsense2_camera/lib'
[1.601s] Level 1:colcon.colcon_core.shell:create_environment_hook('realsense2_camera', 'ld_library_path_lib')
[1.601s] INFO:colcon.colcon_core.shell:Creating environment hook '/home/yeray/sensors_ws/install/realsense2_camera/share/realsense2_camera/hook/ld_library_path_lib.ps1'
[1.602s] INFO:colcon.colcon_core.shell:Creating environment descriptor '/home/yeray/sensors_ws/install/realsense2_camera/share/realsense2_camera/hook/ld_library_path_lib.dsv'
[1.602s] INFO:colcon.colcon_core.shell:Creating environment hook '/home/yeray/sensors_ws/install/realsense2_camera/share/realsense2_camera/hook/ld_library_path_lib.sh'
[1.603s] Level 1:colcon.colcon_core.environment:checking '/home/yeray/sensors_ws/install/realsense2_camera/bin'
[1.603s] Level 1:colcon.colcon_core.environment:checking '/home/yeray/sensors_ws/install/realsense2_camera/lib/pkgconfig/realsense2_camera.pc'
[1.603s] Level 1:colcon.colcon_core.environment:checking '/home/yeray/sensors_ws/install/realsense2_camera/lib/python3.10/site-packages'
[1.603s] Level 1:colcon.colcon_core.environment:checking '/home/yeray/sensors_ws/install/realsense2_camera/bin'
[1.604s] INFO:colcon.colcon_core.shell:Creating package script '/home/yeray/sensors_ws/install/realsense2_camera/share/realsense2_camera/package.ps1'
[1.604s] INFO:colcon.colcon_core.shell:Creating package descriptor '/home/yeray/sensors_ws/install/realsense2_camera/share/realsense2_camera/package.dsv'
[1.605s] INFO:colcon.colcon_core.shell:Creating package script '/home/yeray/sensors_ws/install/realsense2_camera/share/realsense2_camera/package.sh'
[1.606s] INFO:colcon.colcon_core.shell:Creating package script '/home/yeray/sensors_ws/install/realsense2_camera/share/realsense2_camera/package.bash'
[1.606s] INFO:colcon.colcon_core.shell:Creating package script '/home/yeray/sensors_ws/install/realsense2_camera/share/realsense2_camera/package.zsh'
[1.607s] Level 1:colcon.colcon_core.environment:create_file_with_runtime_dependencies(/home/yeray/sensors_ws/install/realsense2_camera/share/colcon-core/packages/realsense2_camera)
[1.607s] DEBUG:colcon.colcon_parallel_executor.executor.parallel:closing loop
[1.607s] DEBUG:colcon.colcon_parallel_executor.executor.parallel:loop closed
[1.607s] DEBUG:colcon.colcon_parallel_executor.executor.parallel:run_until_complete finished with '0'
[1.607s] DEBUG:colcon.colcon_core.event_reactor:joining thread
[1.614s] INFO:colcon.colcon_core.plugin_system:Skipping extension 'colcon_notification.desktop_notification.terminal_notifier': Not used on non-Darwin systems
[1.614s] INFO:colcon.colcon_core.plugin_system:Skipping extension 'colcon_notification.desktop_notification.win32': Not used on non-Windows systems
[1.614s] INFO:colcon.colcon_notification.desktop_notification:Sending desktop notification using 'notify2'
[1.627s] DEBUG:colcon.colcon_core.event_reactor:joined thread
[1.628s] INFO:colcon.colcon_core.shell:Creating prefix script '/home/yeray/sensors_ws/install/local_setup.ps1'
[1.629s] INFO:colcon.colcon_core.shell:Creating prefix util module '/home/yeray/sensors_ws/install/_local_setup_util_ps1.py'
[1.633s] INFO:colcon.colcon_core.shell:Creating prefix chain script '/home/yeray/sensors_ws/install/setup.ps1'
[1.634s] INFO:colcon.colcon_core.shell:Creating prefix script '/home/yeray/sensors_ws/install/local_setup.sh'
[1.635s] INFO:colcon.colcon_core.shell:Creating prefix util module '/home/yeray/sensors_ws/install/_local_setup_util_sh.py'
[1.635s] INFO:colcon.colcon_core.shell:Creating prefix chain script '/home/yeray/sensors_ws/install/setup.sh'
[1.637s] INFO:colcon.colcon_core.shell:Creating prefix script '/home/yeray/sensors_ws/install/local_setup.bash'
[1.637s] INFO:colcon.colcon_core.shell:Creating prefix chain script '/home/yeray/sensors_ws/install/setup.bash'
[1.639s] INFO:colcon.colcon_core.shell:Creating prefix script '/home/yeray/sensors_ws/install/local_setup.zsh'
[1.639s] INFO:colcon.colcon_core.shell:Creating prefix chain script '/home/yeray/sensors_ws/install/setup.zsh'
