[0.116s] DEBUG:colcon:Command line arguments: ['/usr/bin/colcon', 'build']
[0.116s] DEBUG:colcon:Parsed command line arguments: Namespace(log_base=None, log_level=None, verb_name='build', build_base='build', install_base='install', merge_install=False, symlink_install=False, test_result_base=None, continue_on_error=False, executor='parallel', parallel_workers=8, event_handlers=None, ignore_user_meta=False, metas=['./colcon.meta'], base_paths=['.'], packages_ignore=None, packages_ignore_regex=None, paths=None, packages_up_to=None, packages_up_to_regex=None, packages_above=None, packages_above_and_dependencies=None, packages_above_depth=None, packages_select_by_dep=None, packages_skip_by_dep=None, packages_skip_up_to=None, packages_select_build_failed=False, packages_skip_build_finished=False, packages_select_test_failures=False, packages_skip_test_passed=False, packages_select=None, packages_skip=None, packages_select_regex=None, packages_skip_regex=None, packages_start=None, packages_end=None, allow_overriding=[], cmake_args=None, cmake_target=None, cmake_target_skip_unavailable=False, cmake_clean_cache=False, cmake_clean_first=False, cmake_force_configure=False, ament_cmake_args=None, catkin_cmake_args=None, catkin_skip_building_tests=False, mixin_files=None, mixin=None, verb_parser=<colcon_mixin.mixin.mixin_argument.MixinArgumentDecorator object at 0x7a340d4433d0>, verb_extension=<colcon_core.verb.build.BuildVerb object at 0x7a340d442dd0>, main=<bound method BuildVerb.main of <colcon_core.verb.build.BuildVerb object at 0x7a340d442dd0>>, mixin_verb=('build',))
[0.288s] Level 1:colcon.colcon_core.package_discovery:discover_packages(colcon_meta) check parameters
[0.289s] Level 1:colcon.colcon_core.package_discovery:discover_packages(recursive) check parameters
[0.289s] Level 1:colcon.colcon_core.package_discovery:discover_packages(ignore) check parameters
[0.289s] Level 1:colcon.colcon_core.package_discovery:discover_packages(path) check parameters
[0.289s] Level 1:colcon.colcon_core.package_discovery:discover_packages(colcon_meta) discover
[0.289s] Level 1:colcon.colcon_core.package_discovery:discover_packages(recursive) discover
[0.289s] INFO:colcon.colcon_core.package_discovery:Crawling recursively for packages in '/home/yeray/sensors_ws'
[0.289s] Level 1:colcon.colcon_core.package_identification:_identify(.) by extensions ['ignore', 'ignore_ament_install']
[0.289s] Level 1:colcon.colcon_core.package_identification:_identify(.) by extension 'ignore'
[0.289s] Level 1:colcon.colcon_core.package_identification:_identify(.) by extension 'ignore_ament_install'
[0.289s] Level 1:colcon.colcon_core.package_identification:_identify(.) by extensions ['colcon_pkg']
[0.289s] Level 1:colcon.colcon_core.package_identification:_identify(.) by extension 'colcon_pkg'
[0.289s] Level 1:colcon.colcon_core.package_identification:_identify(.) by extensions ['colcon_meta']
[0.289s] Level 1:colcon.colcon_core.package_identification:_identify(.) by extension 'colcon_meta'
[0.289s] Level 1:colcon.colcon_core.package_identification:_identify(.) by extensions ['ros']
[0.289s] Level 1:colcon.colcon_core.package_identification:_identify(.) by extension 'ros'
[0.299s] Level 1:colcon.colcon_core.package_identification:_identify(.) by extensions ['cmake', 'python']
[0.299s] Level 1:colcon.colcon_core.package_identification:_identify(.) by extension 'cmake'
[0.299s] Level 1:colcon.colcon_core.package_identification:_identify(.) by extension 'python'
[0.299s] Level 1:colcon.colcon_core.package_identification:_identify(.) by extensions ['python_setup_py']
[0.299s] Level 1:colcon.colcon_core.package_identification:_identify(.) by extension 'python_setup_py'
[0.299s] Level 1:colcon.colcon_core.package_identification:_identify(build) by extensions ['ignore', 'ignore_ament_install']
[0.299s] Level 1:colcon.colcon_core.package_identification:_identify(build) by extension 'ignore'
[0.299s] Level 1:colcon.colcon_core.package_identification:_identify(build) ignored
[0.299s] Level 1:colcon.colcon_core.package_identification:_identify(install) by extensions ['ignore', 'ignore_ament_install']
[0.299s] Level 1:colcon.colcon_core.package_identification:_identify(install) by extension 'ignore'
[0.299s] Level 1:colcon.colcon_core.package_identification:_identify(install) ignored
[0.300s] Level 1:colcon.colcon_core.package_identification:_identify(log) by extensions ['ignore', 'ignore_ament_install']
[0.300s] Level 1:colcon.colcon_core.package_identification:_identify(log) by extension 'ignore'
[0.300s] Level 1:colcon.colcon_core.package_identification:_identify(log) ignored
[0.300s] Level 1:colcon.colcon_core.package_identification:_identify(src) by extensions ['ignore', 'ignore_ament_install']
[0.300s] Level 1:colcon.colcon_core.package_identification:_identify(src) by extension 'ignore'
[0.300s] Level 1:colcon.colcon_core.package_identification:_identify(src) by extension 'ignore_ament_install'
[0.300s] Level 1:colcon.colcon_core.package_identification:_identify(src) by extensions ['colcon_pkg']
[0.300s] Level 1:colcon.colcon_core.package_identification:_identify(src) by extension 'colcon_pkg'
[0.300s] Level 1:colcon.colcon_core.package_identification:_identify(src) by extensions ['colcon_meta']
[0.300s] Level 1:colcon.colcon_core.package_identification:_identify(src) by extension 'colcon_meta'
[0.300s] Level 1:colcon.colcon_core.package_identification:_identify(src) by extensions ['ros']
[0.300s] Level 1:colcon.colcon_core.package_identification:_identify(src) by extension 'ros'
[0.300s] Level 1:colcon.colcon_core.package_identification:_identify(src) by extensions ['cmake', 'python']
[0.300s] Level 1:colcon.colcon_core.package_identification:_identify(src) by extension 'cmake'
[0.300s] Level 1:colcon.colcon_core.package_identification:_identify(src) by extension 'python'
[0.300s] Level 1:colcon.colcon_core.package_identification:_identify(src) by extensions ['python_setup_py']
[0.300s] Level 1:colcon.colcon_core.package_identification:_identify(src) by extension 'python_setup_py'
[0.300s] Level 1:colcon.colcon_core.package_identification:_identify(src/optris_drivers2) by extensions ['ignore', 'ignore_ament_install']
[0.300s] Level 1:colcon.colcon_core.package_identification:_identify(src/optris_drivers2) by extension 'ignore'
[0.300s] Level 1:colcon.colcon_core.package_identification:_identify(src/optris_drivers2) by extension 'ignore_ament_install'
[0.300s] Level 1:colcon.colcon_core.package_identification:_identify(src/optris_drivers2) by extensions ['colcon_pkg']
[0.301s] Level 1:colcon.colcon_core.package_identification:_identify(src/optris_drivers2) by extension 'colcon_pkg'
[0.301s] Level 1:colcon.colcon_core.package_identification:_identify(src/optris_drivers2) by extensions ['colcon_meta']
[0.301s] Level 1:colcon.colcon_core.package_identification:_identify(src/optris_drivers2) by extension 'colcon_meta'
[0.301s] Level 1:colcon.colcon_core.package_identification:_identify(src/optris_drivers2) by extensions ['ros']
[0.301s] Level 1:colcon.colcon_core.package_identification:_identify(src/optris_drivers2) by extension 'ros'
[0.303s] DEBUG:colcon.colcon_core.package_identification:Package 'src/optris_drivers2' with type 'ros.ament_cmake' and name 'optris_drivers2'
[0.303s] Level 1:colcon.colcon_core.package_identification:_identify(src/realsense-ros) by extensions ['ignore', 'ignore_ament_install']
[0.303s] Level 1:colcon.colcon_core.package_identification:_identify(src/realsense-ros) by extension 'ignore'
[0.303s] Level 1:colcon.colcon_core.package_identification:_identify(src/realsense-ros) by extension 'ignore_ament_install'
[0.304s] Level 1:colcon.colcon_core.package_identification:_identify(src/realsense-ros) by extensions ['colcon_pkg']
[0.304s] Level 1:colcon.colcon_core.package_identification:_identify(src/realsense-ros) by extension 'colcon_pkg'
[0.304s] Level 1:colcon.colcon_core.package_identification:_identify(src/realsense-ros) by extensions ['colcon_meta']
[0.304s] Level 1:colcon.colcon_core.package_identification:_identify(src/realsense-ros) by extension 'colcon_meta'
[0.304s] Level 1:colcon.colcon_core.package_identification:_identify(src/realsense-ros) by extensions ['ros']
[0.304s] Level 1:colcon.colcon_core.package_identification:_identify(src/realsense-ros) by extension 'ros'
[0.304s] Level 1:colcon.colcon_core.package_identification:_identify(src/realsense-ros) by extensions ['cmake', 'python']
[0.304s] Level 1:colcon.colcon_core.package_identification:_identify(src/realsense-ros) by extension 'cmake'
[0.304s] Level 1:colcon.colcon_core.package_identification:_identify(src/realsense-ros) by extension 'python'
[0.304s] Level 1:colcon.colcon_core.package_identification:_identify(src/realsense-ros) by extensions ['python_setup_py']
[0.304s] Level 1:colcon.colcon_core.package_identification:_identify(src/realsense-ros) by extension 'python_setup_py'
[0.304s] Level 1:colcon.colcon_core.package_identification:_identify(src/realsense-ros/realsense2_camera) by extensions ['ignore', 'ignore_ament_install']
[0.304s] Level 1:colcon.colcon_core.package_identification:_identify(src/realsense-ros/realsense2_camera) by extension 'ignore'
[0.304s] Level 1:colcon.colcon_core.package_identification:_identify(src/realsense-ros/realsense2_camera) by extension 'ignore_ament_install'
[0.304s] Level 1:colcon.colcon_core.package_identification:_identify(src/realsense-ros/realsense2_camera) by extensions ['colcon_pkg']
[0.304s] Level 1:colcon.colcon_core.package_identification:_identify(src/realsense-ros/realsense2_camera) by extension 'colcon_pkg'
[0.304s] Level 1:colcon.colcon_core.package_identification:_identify(src/realsense-ros/realsense2_camera) by extensions ['colcon_meta']
[0.304s] Level 1:colcon.colcon_core.package_identification:_identify(src/realsense-ros/realsense2_camera) by extension 'colcon_meta'
[0.304s] Level 1:colcon.colcon_core.package_identification:_identify(src/realsense-ros/realsense2_camera) by extensions ['ros']
[0.304s] Level 1:colcon.colcon_core.package_identification:_identify(src/realsense-ros/realsense2_camera) by extension 'ros'
[0.319s] DEBUG:colcon.colcon_core.package_identification:Package 'src/realsense-ros/realsense2_camera' with type 'ros.ament_cmake' and name 'realsense2_camera'
[0.319s] Level 1:colcon.colcon_core.package_identification:_identify(src/realsense-ros/realsense2_camera_msgs) by extensions ['ignore', 'ignore_ament_install']
[0.320s] Level 1:colcon.colcon_core.package_identification:_identify(src/realsense-ros/realsense2_camera_msgs) by extension 'ignore'
[0.320s] Level 1:colcon.colcon_core.package_identification:_identify(src/realsense-ros/realsense2_camera_msgs) by extension 'ignore_ament_install'
[0.320s] Level 1:colcon.colcon_core.package_identification:_identify(src/realsense-ros/realsense2_camera_msgs) by extensions ['colcon_pkg']
[0.320s] Level 1:colcon.colcon_core.package_identification:_identify(src/realsense-ros/realsense2_camera_msgs) by extension 'colcon_pkg'
[0.320s] Level 1:colcon.colcon_core.package_identification:_identify(src/realsense-ros/realsense2_camera_msgs) by extensions ['colcon_meta']
[0.320s] Level 1:colcon.colcon_core.package_identification:_identify(src/realsense-ros/realsense2_camera_msgs) by extension 'colcon_meta'
[0.320s] Level 1:colcon.colcon_core.package_identification:_identify(src/realsense-ros/realsense2_camera_msgs) by extensions ['ros']
[0.320s] Level 1:colcon.colcon_core.package_identification:_identify(src/realsense-ros/realsense2_camera_msgs) by extension 'ros'
[0.321s] DEBUG:colcon.colcon_core.package_identification:Package 'src/realsense-ros/realsense2_camera_msgs' with type 'ros.ament_cmake' and name 'realsense2_camera_msgs'
[0.321s] Level 1:colcon.colcon_core.package_identification:_identify(src/realsense-ros/realsense2_description) by extensions ['ignore', 'ignore_ament_install']
[0.321s] Level 1:colcon.colcon_core.package_identification:_identify(src/realsense-ros/realsense2_description) by extension 'ignore'
[0.321s] Level 1:colcon.colcon_core.package_identification:_identify(src/realsense-ros/realsense2_description) by extension 'ignore_ament_install'
[0.321s] Level 1:colcon.colcon_core.package_identification:_identify(src/realsense-ros/realsense2_description) by extensions ['colcon_pkg']
[0.321s] Level 1:colcon.colcon_core.package_identification:_identify(src/realsense-ros/realsense2_description) by extension 'colcon_pkg'
[0.321s] Level 1:colcon.colcon_core.package_identification:_identify(src/realsense-ros/realsense2_description) by extensions ['colcon_meta']
[0.321s] Level 1:colcon.colcon_core.package_identification:_identify(src/realsense-ros/realsense2_description) by extension 'colcon_meta'
[0.321s] Level 1:colcon.colcon_core.package_identification:_identify(src/realsense-ros/realsense2_description) by extensions ['ros']
[0.321s] Level 1:colcon.colcon_core.package_identification:_identify(src/realsense-ros/realsense2_description) by extension 'ros'
[0.322s] DEBUG:colcon.colcon_core.package_identification:Package 'src/realsense-ros/realsense2_description' with type 'ros.ament_cmake' and name 'realsense2_description'
[0.322s] Level 1:colcon.colcon_core.package_identification:_identify(src/realsense-ros/scripts) by extensions ['ignore', 'ignore_ament_install']
[0.322s] Level 1:colcon.colcon_core.package_identification:_identify(src/realsense-ros/scripts) by extension 'ignore'
[0.322s] Level 1:colcon.colcon_core.package_identification:_identify(src/realsense-ros/scripts) by extension 'ignore_ament_install'
[0.322s] Level 1:colcon.colcon_core.package_identification:_identify(src/realsense-ros/scripts) by extensions ['colcon_pkg']
[0.322s] Level 1:colcon.colcon_core.package_identification:_identify(src/realsense-ros/scripts) by extension 'colcon_pkg'
[0.322s] Level 1:colcon.colcon_core.package_identification:_identify(src/realsense-ros/scripts) by extensions ['colcon_meta']
[0.323s] Level 1:colcon.colcon_core.package_identification:_identify(src/realsense-ros/scripts) by extension 'colcon_meta'
[0.323s] Level 1:colcon.colcon_core.package_identification:_identify(src/realsense-ros/scripts) by extensions ['ros']
[0.323s] Level 1:colcon.colcon_core.package_identification:_identify(src/realsense-ros/scripts) by extension 'ros'
[0.323s] Level 1:colcon.colcon_core.package_identification:_identify(src/realsense-ros/scripts) by extensions ['cmake', 'python']
[0.323s] Level 1:colcon.colcon_core.package_identification:_identify(src/realsense-ros/scripts) by extension 'cmake'
[0.323s] Level 1:colcon.colcon_core.package_identification:_identify(src/realsense-ros/scripts) by extension 'python'
[0.323s] Level 1:colcon.colcon_core.package_identification:_identify(src/realsense-ros/scripts) by extensions ['python_setup_py']
[0.323s] Level 1:colcon.colcon_core.package_identification:_identify(src/realsense-ros/scripts) by extension 'python_setup_py'
[0.323s] Level 1:colcon.colcon_core.package_identification:_identify(src/ultralytics_ros) by extensions ['ignore', 'ignore_ament_install']
[0.323s] Level 1:colcon.colcon_core.package_identification:_identify(src/ultralytics_ros) by extension 'ignore'
[0.323s] Level 1:colcon.colcon_core.package_identification:_identify(src/ultralytics_ros) by extension 'ignore_ament_install'
[0.323s] Level 1:colcon.colcon_core.package_identification:_identify(src/ultralytics_ros) by extensions ['colcon_pkg']
[0.323s] Level 1:colcon.colcon_core.package_identification:_identify(src/ultralytics_ros) by extension 'colcon_pkg'
[0.323s] Level 1:colcon.colcon_core.package_identification:_identify(src/ultralytics_ros) by extensions ['colcon_meta']
[0.323s] Level 1:colcon.colcon_core.package_identification:_identify(src/ultralytics_ros) by extension 'colcon_meta'
[0.323s] Level 1:colcon.colcon_core.package_identification:_identify(src/ultralytics_ros) by extensions ['ros']
[0.323s] Level 1:colcon.colcon_core.package_identification:_identify(src/ultralytics_ros) by extension 'ros'
[0.325s] DEBUG:colcon.colcon_core.package_identification:Package 'src/ultralytics_ros' with type 'ros.ament_cmake' and name 'ultralytics_ros'
[0.325s] Level 1:colcon.colcon_core.package_discovery:discover_packages(recursive) using defaults
[0.325s] Level 1:colcon.colcon_core.package_discovery:discover_packages(ignore) discover
[0.325s] Level 1:colcon.colcon_core.package_discovery:discover_packages(ignore) using defaults
[0.325s] Level 1:colcon.colcon_core.package_discovery:discover_packages(path) discover
[0.325s] Level 1:colcon.colcon_core.package_discovery:discover_packages(path) using defaults
[0.351s] Level 1:colcon.colcon_core.package_discovery:discover_packages(prefix_path) check parameters
[0.351s] Level 1:colcon.colcon_core.package_discovery:discover_packages(prefix_path) discover
[0.353s] DEBUG:colcon.colcon_installed_package_information.package_discovery:Found 5 installed packages in /home/yeray/sensors_ws/install
[0.355s] DEBUG:colcon.colcon_installed_package_information.package_discovery:Found 398 installed packages in /opt/ros/humble
[0.358s] Level 1:colcon.colcon_core.package_discovery:discover_packages(prefix_path) using defaults
[0.409s] Level 5:colcon.colcon_core.verb:set package 'optris_drivers2' build argument 'cmake_args' from command line to 'None'
[0.409s] Level 5:colcon.colcon_core.verb:set package 'optris_drivers2' build argument 'cmake_target' from command line to 'None'
[0.409s] Level 5:colcon.colcon_core.verb:set package 'optris_drivers2' build argument 'cmake_target_skip_unavailable' from command line to 'False'
[0.410s] Level 5:colcon.colcon_core.verb:set package 'optris_drivers2' build argument 'cmake_clean_cache' from command line to 'False'
[0.410s] Level 5:colcon.colcon_core.verb:set package 'optris_drivers2' build argument 'cmake_clean_first' from command line to 'False'
[0.410s] Level 5:colcon.colcon_core.verb:set package 'optris_drivers2' build argument 'cmake_force_configure' from command line to 'False'
[0.410s] Level 5:colcon.colcon_core.verb:set package 'optris_drivers2' build argument 'ament_cmake_args' from command line to 'None'
[0.410s] Level 5:colcon.colcon_core.verb:set package 'optris_drivers2' build argument 'catkin_cmake_args' from command line to 'None'
[0.410s] Level 5:colcon.colcon_core.verb:set package 'optris_drivers2' build argument 'catkin_skip_building_tests' from command line to 'False'
[0.410s] DEBUG:colcon.colcon_core.verb:Building package 'optris_drivers2' with the following arguments: {'ament_cmake_args': None, 'build_base': '/home/yeray/sensors_ws/build/optris_drivers2', 'catkin_cmake_args': None, 'catkin_skip_building_tests': False, 'cmake_args': None, 'cmake_clean_cache': False, 'cmake_clean_first': False, 'cmake_force_configure': False, 'cmake_target': None, 'cmake_target_skip_unavailable': False, 'install_base': '/home/yeray/sensors_ws/install/optris_drivers2', 'merge_install': False, 'path': '/home/yeray/sensors_ws/src/optris_drivers2', 'symlink_install': False, 'test_result_base': None}
[0.410s] Level 5:colcon.colcon_core.verb:set package 'realsense2_camera_msgs' build argument 'cmake_args' from command line to 'None'
[0.410s] Level 5:colcon.colcon_core.verb:set package 'realsense2_camera_msgs' build argument 'cmake_target' from command line to 'None'
[0.410s] Level 5:colcon.colcon_core.verb:set package 'realsense2_camera_msgs' build argument 'cmake_target_skip_unavailable' from command line to 'False'
[0.410s] Level 5:colcon.colcon_core.verb:set package 'realsense2_camera_msgs' build argument 'cmake_clean_cache' from command line to 'False'
[0.410s] Level 5:colcon.colcon_core.verb:set package 'realsense2_camera_msgs' build argument 'cmake_clean_first' from command line to 'False'
[0.410s] Level 5:colcon.colcon_core.verb:set package 'realsense2_camera_msgs' build argument 'cmake_force_configure' from command line to 'False'
[0.410s] Level 5:colcon.colcon_core.verb:set package 'realsense2_camera_msgs' build argument 'ament_cmake_args' from command line to 'None'
[0.410s] Level 5:colcon.colcon_core.verb:set package 'realsense2_camera_msgs' build argument 'catkin_cmake_args' from command line to 'None'
[0.410s] Level 5:colcon.colcon_core.verb:set package 'realsense2_camera_msgs' build argument 'catkin_skip_building_tests' from command line to 'False'
[0.410s] DEBUG:colcon.colcon_core.verb:Building package 'realsense2_camera_msgs' with the following arguments: {'ament_cmake_args': None, 'build_base': '/home/yeray/sensors_ws/build/realsense2_camera_msgs', 'catkin_cmake_args': None, 'catkin_skip_building_tests': False, 'cmake_args': None, 'cmake_clean_cache': False, 'cmake_clean_first': False, 'cmake_force_configure': False, 'cmake_target': None, 'cmake_target_skip_unavailable': False, 'install_base': '/home/yeray/sensors_ws/install/realsense2_camera_msgs', 'merge_install': False, 'path': '/home/yeray/sensors_ws/src/realsense-ros/realsense2_camera_msgs', 'symlink_install': False, 'test_result_base': None}
[0.411s] Level 5:colcon.colcon_core.verb:set package 'ultralytics_ros' build argument 'cmake_args' from command line to 'None'
[0.411s] Level 5:colcon.colcon_core.verb:set package 'ultralytics_ros' build argument 'cmake_target' from command line to 'None'
[0.411s] Level 5:colcon.colcon_core.verb:set package 'ultralytics_ros' build argument 'cmake_target_skip_unavailable' from command line to 'False'
[0.411s] Level 5:colcon.colcon_core.verb:set package 'ultralytics_ros' build argument 'cmake_clean_cache' from command line to 'False'
[0.411s] Level 5:colcon.colcon_core.verb:set package 'ultralytics_ros' build argument 'cmake_clean_first' from command line to 'False'
[0.411s] Level 5:colcon.colcon_core.verb:set package 'ultralytics_ros' build argument 'cmake_force_configure' from command line to 'False'
[0.411s] Level 5:colcon.colcon_core.verb:set package 'ultralytics_ros' build argument 'ament_cmake_args' from command line to 'None'
[0.411s] Level 5:colcon.colcon_core.verb:set package 'ultralytics_ros' build argument 'catkin_cmake_args' from command line to 'None'
[0.411s] Level 5:colcon.colcon_core.verb:set package 'ultralytics_ros' build argument 'catkin_skip_building_tests' from command line to 'False'
[0.411s] DEBUG:colcon.colcon_core.verb:Building package 'ultralytics_ros' with the following arguments: {'ament_cmake_args': None, 'build_base': '/home/yeray/sensors_ws/build/ultralytics_ros', 'catkin_cmake_args': None, 'catkin_skip_building_tests': False, 'cmake_args': None, 'cmake_clean_cache': False, 'cmake_clean_first': False, 'cmake_force_configure': False, 'cmake_target': None, 'cmake_target_skip_unavailable': False, 'install_base': '/home/yeray/sensors_ws/install/ultralytics_ros', 'merge_install': False, 'path': '/home/yeray/sensors_ws/src/ultralytics_ros', 'symlink_install': False, 'test_result_base': None}
[0.411s] Level 5:colcon.colcon_core.verb:set package 'realsense2_camera' build argument 'cmake_args' from command line to 'None'
[0.411s] Level 5:colcon.colcon_core.verb:set package 'realsense2_camera' build argument 'cmake_target' from command line to 'None'
[0.411s] Level 5:colcon.colcon_core.verb:set package 'realsense2_camera' build argument 'cmake_target_skip_unavailable' from command line to 'False'
[0.411s] Level 5:colcon.colcon_core.verb:set package 'realsense2_camera' build argument 'cmake_clean_cache' from command line to 'False'
[0.411s] Level 5:colcon.colcon_core.verb:set package 'realsense2_camera' build argument 'cmake_clean_first' from command line to 'False'
[0.411s] Level 5:colcon.colcon_core.verb:set package 'realsense2_camera' build argument 'cmake_force_configure' from command line to 'False'
[0.411s] Level 5:colcon.colcon_core.verb:set package 'realsense2_camera' build argument 'ament_cmake_args' from command line to 'None'
[0.411s] Level 5:colcon.colcon_core.verb:set package 'realsense2_camera' build argument 'catkin_cmake_args' from command line to 'None'
[0.411s] Level 5:colcon.colcon_core.verb:set package 'realsense2_camera' build argument 'catkin_skip_building_tests' from command line to 'False'
[0.411s] DEBUG:colcon.colcon_core.verb:Building package 'realsense2_camera' with the following arguments: {'ament_cmake_args': None, 'build_base': '/home/yeray/sensors_ws/build/realsense2_camera', 'catkin_cmake_args': None, 'catkin_skip_building_tests': False, 'cmake_args': None, 'cmake_clean_cache': False, 'cmake_clean_first': False, 'cmake_force_configure': False, 'cmake_target': None, 'cmake_target_skip_unavailable': False, 'install_base': '/home/yeray/sensors_ws/install/realsense2_camera', 'merge_install': False, 'path': '/home/yeray/sensors_ws/src/realsense-ros/realsense2_camera', 'symlink_install': False, 'test_result_base': None}
[0.412s] Level 5:colcon.colcon_core.verb:set package 'realsense2_description' build argument 'cmake_args' from command line to 'None'
[0.412s] Level 5:colcon.colcon_core.verb:set package 'realsense2_description' build argument 'cmake_target' from command line to 'None'
[0.412s] Level 5:colcon.colcon_core.verb:set package 'realsense2_description' build argument 'cmake_target_skip_unavailable' from command line to 'False'
[0.412s] Level 5:colcon.colcon_core.verb:set package 'realsense2_description' build argument 'cmake_clean_cache' from command line to 'False'
[0.412s] Level 5:colcon.colcon_core.verb:set package 'realsense2_description' build argument 'cmake_clean_first' from command line to 'False'
[0.412s] Level 5:colcon.colcon_core.verb:set package 'realsense2_description' build argument 'cmake_force_configure' from command line to 'False'
[0.412s] Level 5:colcon.colcon_core.verb:set package 'realsense2_description' build argument 'ament_cmake_args' from command line to 'None'
[0.412s] Level 5:colcon.colcon_core.verb:set package 'realsense2_description' build argument 'catkin_cmake_args' from command line to 'None'
[0.412s] Level 5:colcon.colcon_core.verb:set package 'realsense2_description' build argument 'catkin_skip_building_tests' from command line to 'False'
[0.412s] DEBUG:colcon.colcon_core.verb:Building package 'realsense2_description' with the following arguments: {'ament_cmake_args': None, 'build_base': '/home/yeray/sensors_ws/build/realsense2_description', 'catkin_cmake_args': None, 'catkin_skip_building_tests': False, 'cmake_args': None, 'cmake_clean_cache': False, 'cmake_clean_first': False, 'cmake_force_configure': False, 'cmake_target': None, 'cmake_target_skip_unavailable': False, 'install_base': '/home/yeray/sensors_ws/install/realsense2_description', 'merge_install': False, 'path': '/home/yeray/sensors_ws/src/realsense-ros/realsense2_description', 'symlink_install': False, 'test_result_base': None}
[0.412s] INFO:colcon.colcon_core.executor:Executing jobs using 'parallel' executor
[0.413s] DEBUG:colcon.colcon_parallel_executor.executor.parallel:run_until_complete
[0.413s] INFO:colcon.colcon_ros.task.ament_cmake.build:Building ROS package in '/home/yeray/sensors_ws/src/realsense-ros/realsense2_camera_msgs' with build type 'ament_cmake'
[0.413s] INFO:colcon.colcon_cmake.task.cmake.build:Building CMake package in '/home/yeray/sensors_ws/src/realsense-ros/realsense2_camera_msgs'
[0.416s] INFO:colcon.colcon_core.plugin_system:Skipping extension 'colcon_core.shell.bat': Not used on non-Windows systems
[0.416s] INFO:colcon.colcon_core.shell:Skip shell extension 'powershell' for command environment: Not usable outside of PowerShell
[0.416s] DEBUG:colcon.colcon_core.shell:Skip shell extension 'dsv' for command environment
[0.420s] INFO:colcon.colcon_ros.task.ament_cmake.build:Building ROS package in '/home/yeray/sensors_ws/src/optris_drivers2' with build type 'ament_cmake'
[0.420s] INFO:colcon.colcon_cmake.task.cmake.build:Building CMake package in '/home/yeray/sensors_ws/src/optris_drivers2'
[0.420s] INFO:colcon.colcon_core.shell:Skip shell extension 'powershell' for command environment: Not usable outside of PowerShell
[0.420s] DEBUG:colcon.colcon_core.shell:Skip shell extension 'dsv' for command environment
[0.424s] INFO:colcon.colcon_ros.task.ament_cmake.build:Building ROS package in '/home/yeray/sensors_ws/src/ultralytics_ros' with build type 'ament_cmake'
[0.424s] INFO:colcon.colcon_cmake.task.cmake.build:Building CMake package in '/home/yeray/sensors_ws/src/ultralytics_ros'
[0.424s] INFO:colcon.colcon_core.shell:Skip shell extension 'powershell' for command environment: Not usable outside of PowerShell
[0.424s] DEBUG:colcon.colcon_core.shell:Skip shell extension 'dsv' for command environment
[0.434s] DEBUG:colcon.colcon_core.event_handler.log_command:Invoking command in '/home/yeray/sensors_ws/build/realsense2_camera_msgs': CMAKE_PREFIX_PATH=${CMAKE_PREFIX_PATH}:/opt/ros/humble /usr/bin/cmake --build /home/yeray/sensors_ws/build/realsense2_camera_msgs -- -j8 -l8
[0.437s] DEBUG:colcon.colcon_core.event_handler.log_command:Invoking command in '/home/yeray/sensors_ws/build/optris_drivers2': CMAKE_PREFIX_PATH=${CMAKE_PREFIX_PATH}:/opt/ros/humble /usr/bin/cmake --build /home/yeray/sensors_ws/build/optris_drivers2 -- -j8 -l8
[0.442s] DEBUG:colcon.colcon_core.event_handler.log_command:Invoking command in '/home/yeray/sensors_ws/build/ultralytics_ros': CMAKE_PREFIX_PATH=${CMAKE_PREFIX_PATH}:/opt/ros/humble /usr/bin/cmake --build /home/yeray/sensors_ws/build/ultralytics_ros -- -j8 -l8
[1.040s] DEBUG:colcon.colcon_core.event_handler.log_command:Invoked command in '/home/yeray/sensors_ws/build/realsense2_camera_msgs' returned '0': CMAKE_PREFIX_PATH=${CMAKE_PREFIX_PATH}:/opt/ros/humble /usr/bin/cmake --build /home/yeray/sensors_ws/build/realsense2_camera_msgs -- -j8 -l8
[1.066s] DEBUG:colcon.colcon_core.event_handler.log_command:Invoked command in '/home/yeray/sensors_ws/build/ultralytics_ros' returned '0': CMAKE_PREFIX_PATH=${CMAKE_PREFIX_PATH}:/opt/ros/humble /usr/bin/cmake --build /home/yeray/sensors_ws/build/ultralytics_ros -- -j8 -l8
[1.078s] DEBUG:colcon.colcon_core.event_handler.log_command:Invoked command in '/home/yeray/sensors_ws/build/optris_drivers2' returned '0': CMAKE_PREFIX_PATH=${CMAKE_PREFIX_PATH}:/opt/ros/humble /usr/bin/cmake --build /home/yeray/sensors_ws/build/optris_drivers2 -- -j8 -l8
[1.148s] DEBUG:colcon.colcon_core.event_handler.log_command:Invoking command in '/home/yeray/sensors_ws/build/ultralytics_ros': CMAKE_PREFIX_PATH=${CMAKE_PREFIX_PATH}:/opt/ros/humble /usr/bin/cmake --install /home/yeray/sensors_ws/build/ultralytics_ros
[1.188s] DEBUG:colcon.colcon_core.event_handler.log_command:Invoking command in '/home/yeray/sensors_ws/build/realsense2_camera_msgs': CMAKE_PREFIX_PATH=${CMAKE_PREFIX_PATH}:/opt/ros/humble /usr/bin/cmake --install /home/yeray/sensors_ws/build/realsense2_camera_msgs
[1.215s] Level 1:colcon.colcon_core.environment:create_environment_scripts_only(ultralytics_ros)
[1.219s] DEBUG:colcon.colcon_core.event_handler.log_command:Invoked command in '/home/yeray/sensors_ws/build/ultralytics_ros' returned '0': CMAKE_PREFIX_PATH=${CMAKE_PREFIX_PATH}:/opt/ros/humble /usr/bin/cmake --install /home/yeray/sensors_ws/build/ultralytics_ros
[1.221s] Level 1:colcon.colcon_core.environment:checking '/home/yeray/sensors_ws/install/ultralytics_ros' for CMake module files
[1.222s] Level 1:colcon.colcon_core.environment:checking '/home/yeray/sensors_ws/install/ultralytics_ros' for CMake config files
[1.222s] Level 1:colcon.colcon_core.shell:create_environment_hook('ultralytics_ros', 'cmake_prefix_path')
[1.223s] INFO:colcon.colcon_core.shell:Creating environment hook '/home/yeray/sensors_ws/install/ultralytics_ros/share/ultralytics_ros/hook/cmake_prefix_path.ps1'
[1.224s] INFO:colcon.colcon_core.shell:Creating environment descriptor '/home/yeray/sensors_ws/install/ultralytics_ros/share/ultralytics_ros/hook/cmake_prefix_path.dsv'
[1.224s] INFO:colcon.colcon_core.shell:Creating environment hook '/home/yeray/sensors_ws/install/ultralytics_ros/share/ultralytics_ros/hook/cmake_prefix_path.sh'
[1.225s] Level 1:colcon.colcon_core.environment:checking '/home/yeray/sensors_ws/install/ultralytics_ros/lib'
[1.225s] Level 1:colcon.colcon_core.shell:create_environment_hook('ultralytics_ros', 'ld_library_path_lib')
[1.226s] INFO:colcon.colcon_core.shell:Creating environment hook '/home/yeray/sensors_ws/install/ultralytics_ros/share/ultralytics_ros/hook/ld_library_path_lib.ps1'
[1.226s] INFO:colcon.colcon_core.shell:Creating environment descriptor '/home/yeray/sensors_ws/install/ultralytics_ros/share/ultralytics_ros/hook/ld_library_path_lib.dsv'
[1.226s] INFO:colcon.colcon_core.shell:Creating environment hook '/home/yeray/sensors_ws/install/ultralytics_ros/share/ultralytics_ros/hook/ld_library_path_lib.sh'
[1.227s] Level 1:colcon.colcon_core.environment:checking '/home/yeray/sensors_ws/install/ultralytics_ros/bin'
[1.227s] Level 1:colcon.colcon_core.environment:checking '/home/yeray/sensors_ws/install/ultralytics_ros/lib/pkgconfig/ultralytics_ros.pc'
[1.227s] Level 1:colcon.colcon_core.environment:checking '/home/yeray/sensors_ws/install/ultralytics_ros/lib/python3.10/site-packages'
[1.227s] Level 1:colcon.colcon_core.environment:checking '/home/yeray/sensors_ws/install/ultralytics_ros/bin'
[1.228s] INFO:colcon.colcon_core.shell:Creating package script '/home/yeray/sensors_ws/install/ultralytics_ros/share/ultralytics_ros/package.ps1'
[1.229s] INFO:colcon.colcon_core.shell:Creating package descriptor '/home/yeray/sensors_ws/install/ultralytics_ros/share/ultralytics_ros/package.dsv'
[1.229s] INFO:colcon.colcon_core.shell:Creating package script '/home/yeray/sensors_ws/install/ultralytics_ros/share/ultralytics_ros/package.sh'
[1.230s] INFO:colcon.colcon_core.shell:Creating package script '/home/yeray/sensors_ws/install/ultralytics_ros/share/ultralytics_ros/package.bash'
[1.231s] INFO:colcon.colcon_core.shell:Creating package script '/home/yeray/sensors_ws/install/ultralytics_ros/share/ultralytics_ros/package.zsh'
[1.232s] Level 1:colcon.colcon_core.environment:create_file_with_runtime_dependencies(/home/yeray/sensors_ws/install/ultralytics_ros/share/colcon-core/packages/ultralytics_ros)
[1.235s] DEBUG:colcon.colcon_core.event_handler.log_command:Invoking command in '/home/yeray/sensors_ws/build/optris_drivers2': CMAKE_PREFIX_PATH=${CMAKE_PREFIX_PATH}:/opt/ros/humble /usr/bin/cmake --install /home/yeray/sensors_ws/build/optris_drivers2
[1.256s] Level 1:colcon.colcon_core.environment:create_environment_scripts_only(realsense2_camera_msgs)
[1.257s] Level 1:colcon.colcon_core.environment:checking '/home/yeray/sensors_ws/install/realsense2_camera_msgs' for CMake module files
[1.265s] Level 1:colcon.colcon_core.environment:checking '/home/yeray/sensors_ws/install/realsense2_camera_msgs' for CMake config files
[1.265s] DEBUG:colcon.colcon_core.event_handler.log_command:Invoked command in '/home/yeray/sensors_ws/build/realsense2_camera_msgs' returned '0': CMAKE_PREFIX_PATH=${CMAKE_PREFIX_PATH}:/opt/ros/humble /usr/bin/cmake --install /home/yeray/sensors_ws/build/realsense2_camera_msgs
[1.266s] Level 1:colcon.colcon_core.shell:create_environment_hook('realsense2_camera_msgs', 'cmake_prefix_path')
[1.267s] INFO:colcon.colcon_core.shell:Creating environment hook '/home/yeray/sensors_ws/install/realsense2_camera_msgs/share/realsense2_camera_msgs/hook/cmake_prefix_path.ps1'
[1.268s] INFO:colcon.colcon_core.shell:Creating environment descriptor '/home/yeray/sensors_ws/install/realsense2_camera_msgs/share/realsense2_camera_msgs/hook/cmake_prefix_path.dsv'
[1.268s] INFO:colcon.colcon_core.shell:Creating environment hook '/home/yeray/sensors_ws/install/realsense2_camera_msgs/share/realsense2_camera_msgs/hook/cmake_prefix_path.sh'
[1.269s] Level 1:colcon.colcon_core.environment:checking '/home/yeray/sensors_ws/install/realsense2_camera_msgs/lib'
[1.269s] Level 1:colcon.colcon_core.shell:create_environment_hook('realsense2_camera_msgs', 'ld_library_path_lib')
[1.270s] INFO:colcon.colcon_core.shell:Creating environment hook '/home/yeray/sensors_ws/install/realsense2_camera_msgs/share/realsense2_camera_msgs/hook/ld_library_path_lib.ps1'
[1.271s] INFO:colcon.colcon_core.shell:Creating environment descriptor '/home/yeray/sensors_ws/install/realsense2_camera_msgs/share/realsense2_camera_msgs/hook/ld_library_path_lib.dsv'
[1.271s] INFO:colcon.colcon_core.shell:Creating environment hook '/home/yeray/sensors_ws/install/realsense2_camera_msgs/share/realsense2_camera_msgs/hook/ld_library_path_lib.sh'
[1.272s] Level 1:colcon.colcon_core.environment:checking '/home/yeray/sensors_ws/install/realsense2_camera_msgs/bin'
[1.272s] Level 1:colcon.colcon_core.environment:checking '/home/yeray/sensors_ws/install/realsense2_camera_msgs/lib/pkgconfig/realsense2_camera_msgs.pc'
[1.272s] Level 1:colcon.colcon_core.environment:checking '/home/yeray/sensors_ws/install/realsense2_camera_msgs/lib/python3.10/site-packages'
[1.273s] Level 1:colcon.colcon_core.environment:checking '/home/yeray/sensors_ws/install/realsense2_camera_msgs/bin'
[1.274s] INFO:colcon.colcon_core.shell:Creating package script '/home/yeray/sensors_ws/install/realsense2_camera_msgs/share/realsense2_camera_msgs/package.ps1'
[1.274s] INFO:colcon.colcon_core.shell:Creating package descriptor '/home/yeray/sensors_ws/install/realsense2_camera_msgs/share/realsense2_camera_msgs/package.dsv'
[1.275s] INFO:colcon.colcon_core.shell:Creating package script '/home/yeray/sensors_ws/install/realsense2_camera_msgs/share/realsense2_camera_msgs/package.sh'
[1.276s] INFO:colcon.colcon_core.shell:Creating package script '/home/yeray/sensors_ws/install/realsense2_camera_msgs/share/realsense2_camera_msgs/package.bash'
[1.277s] INFO:colcon.colcon_core.shell:Creating package script '/home/yeray/sensors_ws/install/realsense2_camera_msgs/share/realsense2_camera_msgs/package.zsh'
[1.277s] Level 1:colcon.colcon_core.environment:create_file_with_runtime_dependencies(/home/yeray/sensors_ws/install/realsense2_camera_msgs/share/colcon-core/packages/realsense2_camera_msgs)
[1.302s] Level 1:colcon.colcon_core.environment:create_environment_scripts_only(ultralytics_ros)
[1.302s] Level 1:colcon.colcon_core.environment:checking '/home/yeray/sensors_ws/install/ultralytics_ros' for CMake module files
[1.310s] Level 1:colcon.colcon_core.environment:checking '/home/yeray/sensors_ws/install/ultralytics_ros' for CMake config files
[1.310s] Level 1:colcon.colcon_core.shell:create_environment_hook('ultralytics_ros', 'cmake_prefix_path')
[1.311s] INFO:colcon.colcon_core.shell:Creating environment hook '/home/yeray/sensors_ws/install/ultralytics_ros/share/ultralytics_ros/hook/cmake_prefix_path.ps1'
[1.311s] INFO:colcon.colcon_core.shell:Creating environment descriptor '/home/yeray/sensors_ws/install/ultralytics_ros/share/ultralytics_ros/hook/cmake_prefix_path.dsv'
[1.312s] INFO:colcon.colcon_core.shell:Creating environment hook '/home/yeray/sensors_ws/install/ultralytics_ros/share/ultralytics_ros/hook/cmake_prefix_path.sh'
[1.312s] Level 1:colcon.colcon_core.environment:checking '/home/yeray/sensors_ws/install/ultralytics_ros/lib'
[1.313s] Level 1:colcon.colcon_core.shell:create_environment_hook('ultralytics_ros', 'ld_library_path_lib')
[1.313s] INFO:colcon.colcon_core.shell:Creating environment hook '/home/yeray/sensors_ws/install/ultralytics_ros/share/ultralytics_ros/hook/ld_library_path_lib.ps1'
[1.313s] INFO:colcon.colcon_core.shell:Creating environment descriptor '/home/yeray/sensors_ws/install/ultralytics_ros/share/ultralytics_ros/hook/ld_library_path_lib.dsv'
[1.314s] INFO:colcon.colcon_core.shell:Creating environment hook '/home/yeray/sensors_ws/install/ultralytics_ros/share/ultralytics_ros/hook/ld_library_path_lib.sh'
[1.314s] Level 1:colcon.colcon_core.environment:checking '/home/yeray/sensors_ws/install/ultralytics_ros/bin'
[1.315s] Level 1:colcon.colcon_core.environment:checking '/home/yeray/sensors_ws/install/ultralytics_ros/lib/pkgconfig/ultralytics_ros.pc'
[1.315s] Level 1:colcon.colcon_core.environment:checking '/home/yeray/sensors_ws/install/ultralytics_ros/lib/python3.10/site-packages'
[1.315s] Level 1:colcon.colcon_core.environment:checking '/home/yeray/sensors_ws/install/ultralytics_ros/bin'
[1.316s] INFO:colcon.colcon_core.shell:Creating package script '/home/yeray/sensors_ws/install/ultralytics_ros/share/ultralytics_ros/package.ps1'
[1.316s] INFO:colcon.colcon_core.shell:Creating package descriptor '/home/yeray/sensors_ws/install/ultralytics_ros/share/ultralytics_ros/package.dsv'
[1.317s] INFO:colcon.colcon_core.shell:Creating package script '/home/yeray/sensors_ws/install/ultralytics_ros/share/ultralytics_ros/package.sh'
[1.317s] INFO:colcon.colcon_core.shell:Creating package script '/home/yeray/sensors_ws/install/ultralytics_ros/share/ultralytics_ros/package.bash'
[1.318s] INFO:colcon.colcon_core.shell:Creating package script '/home/yeray/sensors_ws/install/ultralytics_ros/share/ultralytics_ros/package.zsh'
[1.319s] Level 1:colcon.colcon_core.environment:create_file_with_runtime_dependencies(/home/yeray/sensors_ws/install/ultralytics_ros/share/colcon-core/packages/ultralytics_ros)
[1.320s] Level 1:colcon.colcon_core.environment:create_environment_scripts_only(optris_drivers2)
[1.320s] Level 1:colcon.colcon_core.environment:checking '/home/yeray/sensors_ws/install/optris_drivers2' for CMake module files
[1.321s] DEBUG:colcon.colcon_core.event_handler.log_command:Invoked command in '/home/yeray/sensors_ws/build/optris_drivers2' returned '0': CMAKE_PREFIX_PATH=${CMAKE_PREFIX_PATH}:/opt/ros/humble /usr/bin/cmake --install /home/yeray/sensors_ws/build/optris_drivers2
[1.322s] Level 1:colcon.colcon_core.environment:checking '/home/yeray/sensors_ws/install/optris_drivers2' for CMake config files
[1.322s] Level 1:colcon.colcon_core.shell:create_environment_hook('optris_drivers2', 'cmake_prefix_path')
[1.323s] INFO:colcon.colcon_core.shell:Creating environment hook '/home/yeray/sensors_ws/install/optris_drivers2/share/optris_drivers2/hook/cmake_prefix_path.ps1'
[1.323s] INFO:colcon.colcon_core.shell:Creating environment descriptor '/home/yeray/sensors_ws/install/optris_drivers2/share/optris_drivers2/hook/cmake_prefix_path.dsv'
[1.324s] INFO:colcon.colcon_core.shell:Creating environment hook '/home/yeray/sensors_ws/install/optris_drivers2/share/optris_drivers2/hook/cmake_prefix_path.sh'
[1.324s] Level 1:colcon.colcon_core.environment:checking '/home/yeray/sensors_ws/install/optris_drivers2/lib'
[1.325s] Level 1:colcon.colcon_core.shell:create_environment_hook('optris_drivers2', 'ld_library_path_lib')
[1.325s] INFO:colcon.colcon_core.shell:Creating environment hook '/home/yeray/sensors_ws/install/optris_drivers2/share/optris_drivers2/hook/ld_library_path_lib.ps1'
[1.325s] INFO:colcon.colcon_core.shell:Creating environment descriptor '/home/yeray/sensors_ws/install/optris_drivers2/share/optris_drivers2/hook/ld_library_path_lib.dsv'
[1.326s] INFO:colcon.colcon_core.shell:Creating environment hook '/home/yeray/sensors_ws/install/optris_drivers2/share/optris_drivers2/hook/ld_library_path_lib.sh'
[1.327s] Level 1:colcon.colcon_core.environment:checking '/home/yeray/sensors_ws/install/optris_drivers2/bin'
[1.327s] Level 1:colcon.colcon_core.environment:checking '/home/yeray/sensors_ws/install/optris_drivers2/lib/pkgconfig/optris_drivers2.pc'
[1.327s] Level 1:colcon.colcon_core.environment:checking '/home/yeray/sensors_ws/install/optris_drivers2/lib/python3.10/site-packages'
[1.328s] Level 1:colcon.colcon_core.environment:checking '/home/yeray/sensors_ws/install/optris_drivers2/bin'
[1.328s] INFO:colcon.colcon_core.shell:Creating package script '/home/yeray/sensors_ws/install/optris_drivers2/share/optris_drivers2/package.ps1'
[1.329s] INFO:colcon.colcon_core.shell:Creating package descriptor '/home/yeray/sensors_ws/install/optris_drivers2/share/optris_drivers2/package.dsv'
[1.330s] INFO:colcon.colcon_core.shell:Creating package script '/home/yeray/sensors_ws/install/optris_drivers2/share/optris_drivers2/package.sh'
[1.331s] INFO:colcon.colcon_core.shell:Creating package script '/home/yeray/sensors_ws/install/optris_drivers2/share/optris_drivers2/package.bash'
[1.331s] INFO:colcon.colcon_core.shell:Creating package script '/home/yeray/sensors_ws/install/optris_drivers2/share/optris_drivers2/package.zsh'
[1.332s] Level 1:colcon.colcon_core.environment:create_file_with_runtime_dependencies(/home/yeray/sensors_ws/install/optris_drivers2/share/colcon-core/packages/optris_drivers2)
[1.424s] Level 1:colcon.colcon_core.environment:create_environment_scripts_only(realsense2_camera_msgs)
[1.424s] Level 1:colcon.colcon_core.environment:checking '/home/yeray/sensors_ws/install/realsense2_camera_msgs' for CMake module files
[1.425s] Level 1:colcon.colcon_core.environment:checking '/home/yeray/sensors_ws/install/realsense2_camera_msgs' for CMake config files
[1.426s] Level 1:colcon.colcon_core.shell:create_environment_hook('realsense2_camera_msgs', 'cmake_prefix_path')
[1.426s] INFO:colcon.colcon_core.shell:Creating environment hook '/home/yeray/sensors_ws/install/realsense2_camera_msgs/share/realsense2_camera_msgs/hook/cmake_prefix_path.ps1'
[1.427s] INFO:colcon.colcon_core.shell:Creating environment descriptor '/home/yeray/sensors_ws/install/realsense2_camera_msgs/share/realsense2_camera_msgs/hook/cmake_prefix_path.dsv'
[1.427s] INFO:colcon.colcon_core.shell:Creating environment hook '/home/yeray/sensors_ws/install/realsense2_camera_msgs/share/realsense2_camera_msgs/hook/cmake_prefix_path.sh'
[1.428s] Level 1:colcon.colcon_core.environment:checking '/home/yeray/sensors_ws/install/realsense2_camera_msgs/lib'
[1.428s] Level 1:colcon.colcon_core.shell:create_environment_hook('realsense2_camera_msgs', 'ld_library_path_lib')
[1.429s] INFO:colcon.colcon_core.shell:Creating environment hook '/home/yeray/sensors_ws/install/realsense2_camera_msgs/share/realsense2_camera_msgs/hook/ld_library_path_lib.ps1'
[1.429s] INFO:colcon.colcon_core.shell:Creating environment descriptor '/home/yeray/sensors_ws/install/realsense2_camera_msgs/share/realsense2_camera_msgs/hook/ld_library_path_lib.dsv'
[1.430s] INFO:colcon.colcon_core.shell:Creating environment hook '/home/yeray/sensors_ws/install/realsense2_camera_msgs/share/realsense2_camera_msgs/hook/ld_library_path_lib.sh'
[1.430s] Level 1:colcon.colcon_core.environment:checking '/home/yeray/sensors_ws/install/realsense2_camera_msgs/bin'
[1.430s] Level 1:colcon.colcon_core.environment:checking '/home/yeray/sensors_ws/install/realsense2_camera_msgs/lib/pkgconfig/realsense2_camera_msgs.pc'
[1.431s] Level 1:colcon.colcon_core.environment:checking '/home/yeray/sensors_ws/install/realsense2_camera_msgs/lib/python3.10/site-packages'
[1.431s] Level 1:colcon.colcon_core.environment:checking '/home/yeray/sensors_ws/install/realsense2_camera_msgs/bin'
[1.431s] INFO:colcon.colcon_core.shell:Creating package script '/home/yeray/sensors_ws/install/realsense2_camera_msgs/share/realsense2_camera_msgs/package.ps1'
[1.432s] INFO:colcon.colcon_core.shell:Creating package descriptor '/home/yeray/sensors_ws/install/realsense2_camera_msgs/share/realsense2_camera_msgs/package.dsv'
[1.433s] INFO:colcon.colcon_core.shell:Creating package script '/home/yeray/sensors_ws/install/realsense2_camera_msgs/share/realsense2_camera_msgs/package.sh'
[1.433s] INFO:colcon.colcon_core.shell:Creating package script '/home/yeray/sensors_ws/install/realsense2_camera_msgs/share/realsense2_camera_msgs/package.bash'
[1.434s] INFO:colcon.colcon_core.shell:Creating package script '/home/yeray/sensors_ws/install/realsense2_camera_msgs/share/realsense2_camera_msgs/package.zsh'
[1.434s] Level 1:colcon.colcon_core.environment:create_file_with_runtime_dependencies(/home/yeray/sensors_ws/install/realsense2_camera_msgs/share/colcon-core/packages/realsense2_camera_msgs)
[1.435s] INFO:colcon.colcon_ros.task.ament_cmake.build:Building ROS package in '/home/yeray/sensors_ws/src/realsense-ros/realsense2_camera' with build type 'ament_cmake'
[1.435s] INFO:colcon.colcon_cmake.task.cmake.build:Building CMake package in '/home/yeray/sensors_ws/src/realsense-ros/realsense2_camera'
[1.435s] INFO:colcon.colcon_core.shell:Skip shell extension 'powershell' for command environment: Not usable outside of PowerShell
[1.435s] DEBUG:colcon.colcon_core.shell:Skip shell extension 'dsv' for command environment
[1.440s] INFO:colcon.colcon_ros.task.ament_cmake.build:Building ROS package in '/home/yeray/sensors_ws/src/realsense-ros/realsense2_description' with build type 'ament_cmake'
[1.440s] INFO:colcon.colcon_cmake.task.cmake.build:Building CMake package in '/home/yeray/sensors_ws/src/realsense-ros/realsense2_description'
[1.440s] INFO:colcon.colcon_core.shell:Skip shell extension 'powershell' for command environment: Not usable outside of PowerShell
[1.440s] DEBUG:colcon.colcon_core.shell:Skip shell extension 'dsv' for command environment
[1.454s] DEBUG:colcon.colcon_core.event_handler.log_command:Invoking command in '/home/yeray/sensors_ws/build/realsense2_camera': CMAKE_PREFIX_PATH=/home/yeray/sensors_ws/install/realsense2_camera_msgs:/home/yeray/sensors_ws/install/ultralytics_ros:/home/yeray/sensors_ws/install/realsense2_description:/home/yeray/sensors_ws/install/realsense2_camera:/home/yeray/sensors_ws/install/optris_drivers2:/opt/ros/humble LD_LIBRARY_PATH=/home/yeray/sensors_ws/install/realsense2_camera_msgs/lib:/home/yeray/sensors_ws/install/ultralytics_ros/lib:/home/yeray/sensors_ws/install/realsense2_camera/lib:/home/yeray/sensors_ws/install/optris_drivers2/lib:/usr/lib/x86_64-linux-gnu/gazebo-11/plugins:/opt/ros/humble/opt/rviz_ogre_vendor/lib:/opt/ros/humble/lib/x86_64-linux-gnu:/opt/ros/humble/lib /usr/bin/cmake --build /home/yeray/sensors_ws/build/realsense2_camera -- -j8 -l8
[1.457s] DEBUG:colcon.colcon_core.event_handler.log_command:Invoking command in '/home/yeray/sensors_ws/build/realsense2_description': CMAKE_PREFIX_PATH=/home/yeray/sensors_ws/install/realsense2_camera_msgs:/home/yeray/sensors_ws/install/ultralytics_ros:/home/yeray/sensors_ws/install/realsense2_description:/home/yeray/sensors_ws/install/realsense2_camera:/home/yeray/sensors_ws/install/optris_drivers2:/opt/ros/humble LD_LIBRARY_PATH=/home/yeray/sensors_ws/install/realsense2_camera_msgs/lib:/home/yeray/sensors_ws/install/ultralytics_ros/lib:/home/yeray/sensors_ws/install/realsense2_camera/lib:/home/yeray/sensors_ws/install/optris_drivers2/lib:/usr/lib/x86_64-linux-gnu/gazebo-11/plugins:/opt/ros/humble/opt/rviz_ogre_vendor/lib:/opt/ros/humble/lib/x86_64-linux-gnu:/opt/ros/humble/lib /usr/bin/cmake --build /home/yeray/sensors_ws/build/realsense2_description -- -j8 -l8
[1.500s] Level 1:colcon.colcon_core.environment:create_environment_scripts_only(optris_drivers2)
[1.500s] Level 1:colcon.colcon_core.environment:checking '/home/yeray/sensors_ws/install/optris_drivers2' for CMake module files
[1.502s] Level 1:colcon.colcon_core.environment:checking '/home/yeray/sensors_ws/install/optris_drivers2' for CMake config files
[1.503s] Level 1:colcon.colcon_core.shell:create_environment_hook('optris_drivers2', 'cmake_prefix_path')
[1.503s] INFO:colcon.colcon_core.shell:Creating environment hook '/home/yeray/sensors_ws/install/optris_drivers2/share/optris_drivers2/hook/cmake_prefix_path.ps1'
[1.504s] INFO:colcon.colcon_core.shell:Creating environment descriptor '/home/yeray/sensors_ws/install/optris_drivers2/share/optris_drivers2/hook/cmake_prefix_path.dsv'
[1.505s] INFO:colcon.colcon_core.shell:Creating environment hook '/home/yeray/sensors_ws/install/optris_drivers2/share/optris_drivers2/hook/cmake_prefix_path.sh'
[1.506s] Level 1:colcon.colcon_core.environment:checking '/home/yeray/sensors_ws/install/optris_drivers2/lib'
[1.506s] Level 1:colcon.colcon_core.shell:create_environment_hook('optris_drivers2', 'ld_library_path_lib')
[1.507s] INFO:colcon.colcon_core.shell:Creating environment hook '/home/yeray/sensors_ws/install/optris_drivers2/share/optris_drivers2/hook/ld_library_path_lib.ps1'
[1.508s] INFO:colcon.colcon_core.shell:Creating environment descriptor '/home/yeray/sensors_ws/install/optris_drivers2/share/optris_drivers2/hook/ld_library_path_lib.dsv'
[1.508s] INFO:colcon.colcon_core.shell:Creating environment hook '/home/yeray/sensors_ws/install/optris_drivers2/share/optris_drivers2/hook/ld_library_path_lib.sh'
[1.509s] Level 1:colcon.colcon_core.environment:checking '/home/yeray/sensors_ws/install/optris_drivers2/bin'
[1.509s] Level 1:colcon.colcon_core.environment:checking '/home/yeray/sensors_ws/install/optris_drivers2/lib/pkgconfig/optris_drivers2.pc'
[1.510s] Level 1:colcon.colcon_core.environment:checking '/home/yeray/sensors_ws/install/optris_drivers2/lib/python3.10/site-packages'
[1.510s] Level 1:colcon.colcon_core.environment:checking '/home/yeray/sensors_ws/install/optris_drivers2/bin'
[1.511s] INFO:colcon.colcon_core.shell:Creating package script '/home/yeray/sensors_ws/install/optris_drivers2/share/optris_drivers2/package.ps1'
[1.511s] INFO:colcon.colcon_core.shell:Creating package descriptor '/home/yeray/sensors_ws/install/optris_drivers2/share/optris_drivers2/package.dsv'
[1.512s] INFO:colcon.colcon_core.shell:Creating package script '/home/yeray/sensors_ws/install/optris_drivers2/share/optris_drivers2/package.sh'
[1.513s] INFO:colcon.colcon_core.shell:Creating package script '/home/yeray/sensors_ws/install/optris_drivers2/share/optris_drivers2/package.bash'
[1.513s] INFO:colcon.colcon_core.shell:Creating package script '/home/yeray/sensors_ws/install/optris_drivers2/share/optris_drivers2/package.zsh'
[1.514s] Level 1:colcon.colcon_core.environment:create_file_with_runtime_dependencies(/home/yeray/sensors_ws/install/optris_drivers2/share/colcon-core/packages/optris_drivers2)
[1.516s] DEBUG:colcon.colcon_core.event_handler.log_command:Invoked command in '/home/yeray/sensors_ws/build/realsense2_description' returned '0': CMAKE_PREFIX_PATH=/home/yeray/sensors_ws/install/realsense2_camera_msgs:/home/yeray/sensors_ws/install/ultralytics_ros:/home/yeray/sensors_ws/install/realsense2_description:/home/yeray/sensors_ws/install/realsense2_camera:/home/yeray/sensors_ws/install/optris_drivers2:/opt/ros/humble LD_LIBRARY_PATH=/home/yeray/sensors_ws/install/realsense2_camera_msgs/lib:/home/yeray/sensors_ws/install/ultralytics_ros/lib:/home/yeray/sensors_ws/install/realsense2_camera/lib:/home/yeray/sensors_ws/install/optris_drivers2/lib:/usr/lib/x86_64-linux-gnu/gazebo-11/plugins:/opt/ros/humble/opt/rviz_ogre_vendor/lib:/opt/ros/humble/lib/x86_64-linux-gnu:/opt/ros/humble/lib /usr/bin/cmake --build /home/yeray/sensors_ws/build/realsense2_description -- -j8 -l8
[1.544s] DEBUG:colcon.colcon_core.event_handler.log_command:Invoking command in '/home/yeray/sensors_ws/build/realsense2_description': CMAKE_PREFIX_PATH=/home/yeray/sensors_ws/install/realsense2_camera_msgs:/home/yeray/sensors_ws/install/ultralytics_ros:/home/yeray/sensors_ws/install/realsense2_description:/home/yeray/sensors_ws/install/realsense2_camera:/home/yeray/sensors_ws/install/optris_drivers2:/opt/ros/humble LD_LIBRARY_PATH=/home/yeray/sensors_ws/install/realsense2_camera_msgs/lib:/home/yeray/sensors_ws/install/ultralytics_ros/lib:/home/yeray/sensors_ws/install/realsense2_camera/lib:/home/yeray/sensors_ws/install/optris_drivers2/lib:/usr/lib/x86_64-linux-gnu/gazebo-11/plugins:/opt/ros/humble/opt/rviz_ogre_vendor/lib:/opt/ros/humble/lib/x86_64-linux-gnu:/opt/ros/humble/lib /usr/bin/cmake --install /home/yeray/sensors_ws/build/realsense2_description
[1.558s] Level 1:colcon.colcon_core.environment:create_environment_scripts_only(realsense2_description)
[1.558s] Level 1:colcon.colcon_core.environment:checking '/home/yeray/sensors_ws/install/realsense2_description' for CMake module files
[1.560s] DEBUG:colcon.colcon_core.event_handler.log_command:Invoked command in '/home/yeray/sensors_ws/build/realsense2_description' returned '0': CMAKE_PREFIX_PATH=/home/yeray/sensors_ws/install/realsense2_camera_msgs:/home/yeray/sensors_ws/install/ultralytics_ros:/home/yeray/sensors_ws/install/realsense2_description:/home/yeray/sensors_ws/install/realsense2_camera:/home/yeray/sensors_ws/install/optris_drivers2:/opt/ros/humble LD_LIBRARY_PATH=/home/yeray/sensors_ws/install/realsense2_camera_msgs/lib:/home/yeray/sensors_ws/install/ultralytics_ros/lib:/home/yeray/sensors_ws/install/realsense2_camera/lib:/home/yeray/sensors_ws/install/optris_drivers2/lib:/usr/lib/x86_64-linux-gnu/gazebo-11/plugins:/opt/ros/humble/opt/rviz_ogre_vendor/lib:/opt/ros/humble/lib/x86_64-linux-gnu:/opt/ros/humble/lib /usr/bin/cmake --install /home/yeray/sensors_ws/build/realsense2_description
[1.561s] Level 1:colcon.colcon_core.environment:checking '/home/yeray/sensors_ws/install/realsense2_description' for CMake config files
[1.561s] Level 1:colcon.colcon_core.shell:create_environment_hook('realsense2_description', 'cmake_prefix_path')
[1.561s] INFO:colcon.colcon_core.shell:Creating environment hook '/home/yeray/sensors_ws/install/realsense2_description/share/realsense2_description/hook/cmake_prefix_path.ps1'
[1.562s] INFO:colcon.colcon_core.shell:Creating environment descriptor '/home/yeray/sensors_ws/install/realsense2_description/share/realsense2_description/hook/cmake_prefix_path.dsv'
[1.562s] INFO:colcon.colcon_core.shell:Creating environment hook '/home/yeray/sensors_ws/install/realsense2_description/share/realsense2_description/hook/cmake_prefix_path.sh'
[1.563s] Level 1:colcon.colcon_core.environment:checking '/home/yeray/sensors_ws/install/realsense2_description/bin'
[1.563s] Level 1:colcon.colcon_core.environment:checking '/home/yeray/sensors_ws/install/realsense2_description/lib/pkgconfig/realsense2_description.pc'
[1.563s] Level 1:colcon.colcon_core.environment:checking '/home/yeray/sensors_ws/install/realsense2_description/lib/python3.10/site-packages'
[1.564s] Level 1:colcon.colcon_core.environment:checking '/home/yeray/sensors_ws/install/realsense2_description/bin'
[1.564s] INFO:colcon.colcon_core.shell:Creating package script '/home/yeray/sensors_ws/install/realsense2_description/share/realsense2_description/package.ps1'
[1.565s] INFO:colcon.colcon_core.shell:Creating package descriptor '/home/yeray/sensors_ws/install/realsense2_description/share/realsense2_description/package.dsv'
[1.565s] INFO:colcon.colcon_core.shell:Creating package script '/home/yeray/sensors_ws/install/realsense2_description/share/realsense2_description/package.sh'
[1.566s] INFO:colcon.colcon_core.shell:Creating package script '/home/yeray/sensors_ws/install/realsense2_description/share/realsense2_description/package.bash'
[1.567s] INFO:colcon.colcon_core.shell:Creating package script '/home/yeray/sensors_ws/install/realsense2_description/share/realsense2_description/package.zsh'
[1.567s] Level 1:colcon.colcon_core.environment:create_file_with_runtime_dependencies(/home/yeray/sensors_ws/install/realsense2_description/share/colcon-core/packages/realsense2_description)
[1.578s] DEBUG:colcon.colcon_core.event_handler.log_command:Invoked command in '/home/yeray/sensors_ws/build/realsense2_camera' returned '0': CMAKE_PREFIX_PATH=/home/yeray/sensors_ws/install/realsense2_camera_msgs:/home/yeray/sensors_ws/install/ultralytics_ros:/home/yeray/sensors_ws/install/realsense2_description:/home/yeray/sensors_ws/install/realsense2_camera:/home/yeray/sensors_ws/install/optris_drivers2:/opt/ros/humble LD_LIBRARY_PATH=/home/yeray/sensors_ws/install/realsense2_camera_msgs/lib:/home/yeray/sensors_ws/install/ultralytics_ros/lib:/home/yeray/sensors_ws/install/realsense2_camera/lib:/home/yeray/sensors_ws/install/optris_drivers2/lib:/usr/lib/x86_64-linux-gnu/gazebo-11/plugins:/opt/ros/humble/opt/rviz_ogre_vendor/lib:/opt/ros/humble/lib/x86_64-linux-gnu:/opt/ros/humble/lib /usr/bin/cmake --build /home/yeray/sensors_ws/build/realsense2_camera -- -j8 -l8
[1.591s] Level 1:colcon.colcon_core.environment:create_environment_scripts_only(realsense2_description)
[1.591s] Level 1:colcon.colcon_core.environment:checking '/home/yeray/sensors_ws/install/realsense2_description' for CMake module files
[1.592s] Level 1:colcon.colcon_core.environment:checking '/home/yeray/sensors_ws/install/realsense2_description' for CMake config files
[1.592s] Level 1:colcon.colcon_core.shell:create_environment_hook('realsense2_description', 'cmake_prefix_path')
[1.592s] INFO:colcon.colcon_core.shell:Creating environment hook '/home/yeray/sensors_ws/install/realsense2_description/share/realsense2_description/hook/cmake_prefix_path.ps1'
[1.593s] INFO:colcon.colcon_core.shell:Creating environment descriptor '/home/yeray/sensors_ws/install/realsense2_description/share/realsense2_description/hook/cmake_prefix_path.dsv'
[1.593s] INFO:colcon.colcon_core.shell:Creating environment hook '/home/yeray/sensors_ws/install/realsense2_description/share/realsense2_description/hook/cmake_prefix_path.sh'
[1.594s] Level 1:colcon.colcon_core.environment:checking '/home/yeray/sensors_ws/install/realsense2_description/bin'
[1.594s] Level 1:colcon.colcon_core.environment:checking '/home/yeray/sensors_ws/install/realsense2_description/lib/pkgconfig/realsense2_description.pc'
[1.594s] Level 1:colcon.colcon_core.environment:checking '/home/yeray/sensors_ws/install/realsense2_description/lib/python3.10/site-packages'
[1.594s] Level 1:colcon.colcon_core.environment:checking '/home/yeray/sensors_ws/install/realsense2_description/bin'
[1.595s] INFO:colcon.colcon_core.shell:Creating package script '/home/yeray/sensors_ws/install/realsense2_description/share/realsense2_description/package.ps1'
[1.595s] INFO:colcon.colcon_core.shell:Creating package descriptor '/home/yeray/sensors_ws/install/realsense2_description/share/realsense2_description/package.dsv'
[1.596s] INFO:colcon.colcon_core.shell:Creating package script '/home/yeray/sensors_ws/install/realsense2_description/share/realsense2_description/package.sh'
[1.597s] INFO:colcon.colcon_core.shell:Creating package script '/home/yeray/sensors_ws/install/realsense2_description/share/realsense2_description/package.bash'
[1.597s] INFO:colcon.colcon_core.shell:Creating package script '/home/yeray/sensors_ws/install/realsense2_description/share/realsense2_description/package.zsh'
[1.598s] Level 1:colcon.colcon_core.environment:create_file_with_runtime_dependencies(/home/yeray/sensors_ws/install/realsense2_description/share/colcon-core/packages/realsense2_description)
[1.649s] DEBUG:colcon.colcon_core.event_handler.log_command:Invoking command in '/home/yeray/sensors_ws/build/realsense2_camera': CMAKE_PREFIX_PATH=/home/yeray/sensors_ws/install/realsense2_camera_msgs:/home/yeray/sensors_ws/install/ultralytics_ros:/home/yeray/sensors_ws/install/realsense2_description:/home/yeray/sensors_ws/install/realsense2_camera:/home/yeray/sensors_ws/install/optris_drivers2:/opt/ros/humble LD_LIBRARY_PATH=/home/yeray/sensors_ws/install/realsense2_camera_msgs/lib:/home/yeray/sensors_ws/install/ultralytics_ros/lib:/home/yeray/sensors_ws/install/realsense2_camera/lib:/home/yeray/sensors_ws/install/optris_drivers2/lib:/usr/lib/x86_64-linux-gnu/gazebo-11/plugins:/opt/ros/humble/opt/rviz_ogre_vendor/lib:/opt/ros/humble/lib/x86_64-linux-gnu:/opt/ros/humble/lib /usr/bin/cmake --install /home/yeray/sensors_ws/build/realsense2_camera
[1.664s] Level 1:colcon.colcon_core.environment:create_environment_scripts_only(realsense2_camera)
[1.665s] Level 1:colcon.colcon_core.environment:checking '/home/yeray/sensors_ws/install/realsense2_camera' for CMake module files
[1.666s] DEBUG:colcon.colcon_core.event_handler.log_command:Invoked command in '/home/yeray/sensors_ws/build/realsense2_camera' returned '0': CMAKE_PREFIX_PATH=/home/yeray/sensors_ws/install/realsense2_camera_msgs:/home/yeray/sensors_ws/install/ultralytics_ros:/home/yeray/sensors_ws/install/realsense2_description:/home/yeray/sensors_ws/install/realsense2_camera:/home/yeray/sensors_ws/install/optris_drivers2:/opt/ros/humble LD_LIBRARY_PATH=/home/yeray/sensors_ws/install/realsense2_camera_msgs/lib:/home/yeray/sensors_ws/install/ultralytics_ros/lib:/home/yeray/sensors_ws/install/realsense2_camera/lib:/home/yeray/sensors_ws/install/optris_drivers2/lib:/usr/lib/x86_64-linux-gnu/gazebo-11/plugins:/opt/ros/humble/opt/rviz_ogre_vendor/lib:/opt/ros/humble/lib/x86_64-linux-gnu:/opt/ros/humble/lib /usr/bin/cmake --install /home/yeray/sensors_ws/build/realsense2_camera
[1.666s] Level 1:colcon.colcon_core.environment:checking '/home/yeray/sensors_ws/install/realsense2_camera' for CMake config files
[1.666s] Level 1:colcon.colcon_core.shell:create_environment_hook('realsense2_camera', 'cmake_prefix_path')
[1.666s] INFO:colcon.colcon_core.shell:Creating environment hook '/home/yeray/sensors_ws/install/realsense2_camera/share/realsense2_camera/hook/cmake_prefix_path.ps1'
[1.667s] INFO:colcon.colcon_core.shell:Creating environment descriptor '/home/yeray/sensors_ws/install/realsense2_camera/share/realsense2_camera/hook/cmake_prefix_path.dsv'
[1.667s] INFO:colcon.colcon_core.shell:Creating environment hook '/home/yeray/sensors_ws/install/realsense2_camera/share/realsense2_camera/hook/cmake_prefix_path.sh'
[1.668s] Level 1:colcon.colcon_core.environment:checking '/home/yeray/sensors_ws/install/realsense2_camera/lib'
[1.668s] Level 1:colcon.colcon_core.shell:create_environment_hook('realsense2_camera', 'ld_library_path_lib')
[1.668s] INFO:colcon.colcon_core.shell:Creating environment hook '/home/yeray/sensors_ws/install/realsense2_camera/share/realsense2_camera/hook/ld_library_path_lib.ps1'
[1.669s] INFO:colcon.colcon_core.shell:Creating environment descriptor '/home/yeray/sensors_ws/install/realsense2_camera/share/realsense2_camera/hook/ld_library_path_lib.dsv'
[1.669s] INFO:colcon.colcon_core.shell:Creating environment hook '/home/yeray/sensors_ws/install/realsense2_camera/share/realsense2_camera/hook/ld_library_path_lib.sh'
[1.670s] Level 1:colcon.colcon_core.environment:checking '/home/yeray/sensors_ws/install/realsense2_camera/bin'
[1.670s] Level 1:colcon.colcon_core.environment:checking '/home/yeray/sensors_ws/install/realsense2_camera/lib/pkgconfig/realsense2_camera.pc'
[1.670s] Level 1:colcon.colcon_core.environment:checking '/home/yeray/sensors_ws/install/realsense2_camera/lib/python3.10/site-packages'
[1.670s] Level 1:colcon.colcon_core.environment:checking '/home/yeray/sensors_ws/install/realsense2_camera/bin'
[1.671s] INFO:colcon.colcon_core.shell:Creating package script '/home/yeray/sensors_ws/install/realsense2_camera/share/realsense2_camera/package.ps1'
[1.671s] INFO:colcon.colcon_core.shell:Creating package descriptor '/home/yeray/sensors_ws/install/realsense2_camera/share/realsense2_camera/package.dsv'
[1.672s] INFO:colcon.colcon_core.shell:Creating package script '/home/yeray/sensors_ws/install/realsense2_camera/share/realsense2_camera/package.sh'
[1.672s] INFO:colcon.colcon_core.shell:Creating package script '/home/yeray/sensors_ws/install/realsense2_camera/share/realsense2_camera/package.bash'
[1.673s] INFO:colcon.colcon_core.shell:Creating package script '/home/yeray/sensors_ws/install/realsense2_camera/share/realsense2_camera/package.zsh'
[1.673s] Level 1:colcon.colcon_core.environment:create_file_with_runtime_dependencies(/home/yeray/sensors_ws/install/realsense2_camera/share/colcon-core/packages/realsense2_camera)
[1.742s] Level 1:colcon.colcon_core.environment:create_environment_scripts_only(realsense2_camera)
[1.742s] Level 1:colcon.colcon_core.environment:checking '/home/yeray/sensors_ws/install/realsense2_camera' for CMake module files
[1.743s] Level 1:colcon.colcon_core.environment:checking '/home/yeray/sensors_ws/install/realsense2_camera' for CMake config files
[1.743s] Level 1:colcon.colcon_core.shell:create_environment_hook('realsense2_camera', 'cmake_prefix_path')
[1.743s] INFO:colcon.colcon_core.shell:Creating environment hook '/home/yeray/sensors_ws/install/realsense2_camera/share/realsense2_camera/hook/cmake_prefix_path.ps1'
[1.744s] INFO:colcon.colcon_core.shell:Creating environment descriptor '/home/yeray/sensors_ws/install/realsense2_camera/share/realsense2_camera/hook/cmake_prefix_path.dsv'
[1.744s] INFO:colcon.colcon_core.shell:Creating environment hook '/home/yeray/sensors_ws/install/realsense2_camera/share/realsense2_camera/hook/cmake_prefix_path.sh'
[1.745s] Level 1:colcon.colcon_core.environment:checking '/home/yeray/sensors_ws/install/realsense2_camera/lib'
[1.745s] Level 1:colcon.colcon_core.shell:create_environment_hook('realsense2_camera', 'ld_library_path_lib')
[1.745s] INFO:colcon.colcon_core.shell:Creating environment hook '/home/yeray/sensors_ws/install/realsense2_camera/share/realsense2_camera/hook/ld_library_path_lib.ps1'
[1.746s] INFO:colcon.colcon_core.shell:Creating environment descriptor '/home/yeray/sensors_ws/install/realsense2_camera/share/realsense2_camera/hook/ld_library_path_lib.dsv'
[1.746s] INFO:colcon.colcon_core.shell:Creating environment hook '/home/yeray/sensors_ws/install/realsense2_camera/share/realsense2_camera/hook/ld_library_path_lib.sh'
[1.747s] Level 1:colcon.colcon_core.environment:checking '/home/yeray/sensors_ws/install/realsense2_camera/bin'
[1.747s] Level 1:colcon.colcon_core.environment:checking '/home/yeray/sensors_ws/install/realsense2_camera/lib/pkgconfig/realsense2_camera.pc'
[1.747s] Level 1:colcon.colcon_core.environment:checking '/home/yeray/sensors_ws/install/realsense2_camera/lib/python3.10/site-packages'
[1.747s] Level 1:colcon.colcon_core.environment:checking '/home/yeray/sensors_ws/install/realsense2_camera/bin'
[1.748s] INFO:colcon.colcon_core.shell:Creating package script '/home/yeray/sensors_ws/install/realsense2_camera/share/realsense2_camera/package.ps1'
[1.748s] INFO:colcon.colcon_core.shell:Creating package descriptor '/home/yeray/sensors_ws/install/realsense2_camera/share/realsense2_camera/package.dsv'
[1.749s] INFO:colcon.colcon_core.shell:Creating package script '/home/yeray/sensors_ws/install/realsense2_camera/share/realsense2_camera/package.sh'
[1.750s] INFO:colcon.colcon_core.shell:Creating package script '/home/yeray/sensors_ws/install/realsense2_camera/share/realsense2_camera/package.bash'
[1.750s] INFO:colcon.colcon_core.shell:Creating package script '/home/yeray/sensors_ws/install/realsense2_camera/share/realsense2_camera/package.zsh'
[1.751s] Level 1:colcon.colcon_core.environment:create_file_with_runtime_dependencies(/home/yeray/sensors_ws/install/realsense2_camera/share/colcon-core/packages/realsense2_camera)
[1.751s] DEBUG:colcon.colcon_parallel_executor.executor.parallel:closing loop
[1.751s] DEBUG:colcon.colcon_parallel_executor.executor.parallel:loop closed
[1.752s] DEBUG:colcon.colcon_parallel_executor.executor.parallel:run_until_complete finished with '0'
[1.752s] DEBUG:colcon.colcon_core.event_reactor:joining thread
[1.758s] INFO:colcon.colcon_core.plugin_system:Skipping extension 'colcon_notification.desktop_notification.terminal_notifier': Not used on non-Darwin systems
[1.758s] INFO:colcon.colcon_core.plugin_system:Skipping extension 'colcon_notification.desktop_notification.win32': Not used on non-Windows systems
[1.758s] INFO:colcon.colcon_notification.desktop_notification:Sending desktop notification using 'notify2'
[1.771s] DEBUG:colcon.colcon_core.event_reactor:joined thread
[1.771s] INFO:colcon.colcon_core.shell:Creating prefix script '/home/yeray/sensors_ws/install/local_setup.ps1'
[1.773s] INFO:colcon.colcon_core.shell:Creating prefix util module '/home/yeray/sensors_ws/install/_local_setup_util_ps1.py'
[1.775s] INFO:colcon.colcon_core.shell:Creating prefix chain script '/home/yeray/sensors_ws/install/setup.ps1'
[1.777s] INFO:colcon.colcon_core.shell:Creating prefix script '/home/yeray/sensors_ws/install/local_setup.sh'
[1.778s] INFO:colcon.colcon_core.shell:Creating prefix util module '/home/yeray/sensors_ws/install/_local_setup_util_sh.py'
[1.779s] INFO:colcon.colcon_core.shell:Creating prefix chain script '/home/yeray/sensors_ws/install/setup.sh'
[1.780s] INFO:colcon.colcon_core.shell:Creating prefix script '/home/yeray/sensors_ws/install/local_setup.bash'
[1.781s] INFO:colcon.colcon_core.shell:Creating prefix chain script '/home/yeray/sensors_ws/install/setup.bash'
[1.782s] INFO:colcon.colcon_core.shell:Creating prefix script '/home/yeray/sensors_ws/install/local_setup.zsh'
[1.783s] INFO:colcon.colcon_core.shell:Creating prefix chain script '/home/yeray/sensors_ws/install/setup.zsh'
