[0.028s] Invoking command in '/home/yeray/sensors_ws/build/optris_drivers2': CMAKE_PREFIX_PATH=/opt/ros/humble:${CMAKE_PREFIX_PATH} /usr/bin/cmake --build /home/yeray/sensors_ws/build/optris_drivers2 -- -j8 -l8
[0.117s] [  1%] Built target optris_drivers2__cpp
[0.149s] [ 11%] Built target optris_drivers2__rosidl_generator_c
[0.188s] [ 11%] Built target ament_cmake_python_copy_optris_drivers2
[0.260s] [ 21%] Built target optris_drivers2__rosidl_typesupport_fastrtps_cpp
[0.269s] [ 31%] Built target optris_drivers2__rosidl_typesupport_cpp
[0.269s] [ 52%] Built target optris_drivers2__rosidl_typesupport_fastrtps_c
[0.274s] [ 42%] Built target optris_drivers2__rosidl_typesupport_introspection_cpp
[0.302s] [ 62%] Built target optris_drivers2__rosidl_typesupport_introspection_c
[0.305s] [ 72%] Built target optris_drivers2__rosidl_typesupport_c
[0.363s] [ 72%] Built target optris_drivers2
[0.418s] [ 73%] Built target optris_drivers2__py
[0.455s] [ 78%] Built target optris_imager_node
[0.468s] [ 82%] Built target optris_colorconvert_node
[0.491s] [ 91%] Built target optris_drivers2__rosidl_generator_py
[0.571s] [ 94%] Built target optris_drivers2__rosidl_typesupport_c__pyext
[0.574s] [ 98%] Built target optris_drivers2__rosidl_typesupport_fastrtps_c__pyext
[0.575s] [100%] Built target optris_drivers2__rosidl_typesupport_introspection_c__pyext
[0.826s] running egg_info
[0.828s] writing optris_drivers2.egg-info/PKG-INFO
[0.828s] writing dependency_links to optris_drivers2.egg-info/dependency_links.txt
[0.828s] writing top-level names to optris_drivers2.egg-info/top_level.txt
[0.833s] reading manifest file 'optris_drivers2.egg-info/SOURCES.txt'
[0.834s] writing manifest file 'optris_drivers2.egg-info/SOURCES.txt'
[0.893s] [100%] Built target ament_cmake_python_build_optris_drivers2_egg
[0.917s] Invoked command in '/home/yeray/sensors_ws/build/optris_drivers2' returned '0': CMAKE_PREFIX_PATH=/opt/ros/humble:${CMAKE_PREFIX_PATH} /usr/bin/cmake --build /home/yeray/sensors_ws/build/optris_drivers2 -- -j8 -l8
[1.130s] Invoking command in '/home/yeray/sensors_ws/build/optris_drivers2': CMAKE_PREFIX_PATH=/opt/ros/humble:${CMAKE_PREFIX_PATH} /usr/bin/cmake --install /home/yeray/sensors_ws/build/optris_drivers2
[1.141s] -- Install configuration: ""
[1.142s] -- Up-to-date: /home/yeray/sensors_ws/install/optris_drivers2/share/ament_index/resource_index/rosidl_interfaces/optris_drivers2
[1.142s] -- Up-to-date: /home/yeray/sensors_ws/install/optris_drivers2/include/optris_drivers2/optris_drivers2
[1.142s] -- Up-to-date: /home/yeray/sensors_ws/install/optris_drivers2/include/optris_drivers2/optris_drivers2/srv
[1.142s] -- Up-to-date: /home/yeray/sensors_ws/install/optris_drivers2/include/optris_drivers2/optris_drivers2/srv/temperature_range.h
[1.143s] -- Up-to-date: /home/yeray/sensors_ws/install/optris_drivers2/include/optris_drivers2/optris_drivers2/srv/palette.h
[1.143s] -- Up-to-date: /home/yeray/sensors_ws/install/optris_drivers2/include/optris_drivers2/optris_drivers2/srv/detail
[1.143s] -- Up-to-date: /home/yeray/sensors_ws/install/optris_drivers2/include/optris_drivers2/optris_drivers2/srv/detail/temperature_range__type_support.h
[1.144s] -- Up-to-date: /home/yeray/sensors_ws/install/optris_drivers2/include/optris_drivers2/optris_drivers2/srv/detail/palette__struct.h
[1.144s] -- Up-to-date: /home/yeray/sensors_ws/install/optris_drivers2/include/optris_drivers2/optris_drivers2/srv/detail/auto_flag__struct.h
[1.144s] -- Up-to-date: /home/yeray/sensors_ws/install/optris_drivers2/include/optris_drivers2/optris_drivers2/srv/detail/auto_flag__functions.h
[1.145s] -- Up-to-date: /home/yeray/sensors_ws/install/optris_drivers2/include/optris_drivers2/optris_drivers2/srv/detail/temperature_range__functions.c
[1.145s] -- Up-to-date: /home/yeray/sensors_ws/install/optris_drivers2/include/optris_drivers2/optris_drivers2/srv/detail/palette__functions.c
[1.145s] -- Up-to-date: /home/yeray/sensors_ws/install/optris_drivers2/include/optris_drivers2/optris_drivers2/srv/detail/auto_flag__functions.c
[1.145s] -- Up-to-date: /home/yeray/sensors_ws/install/optris_drivers2/include/optris_drivers2/optris_drivers2/srv/detail/auto_flag__type_support.h
[1.145s] -- Up-to-date: /home/yeray/sensors_ws/install/optris_drivers2/include/optris_drivers2/optris_drivers2/srv/detail/temperature_range__struct.h
[1.146s] -- Up-to-date: /home/yeray/sensors_ws/install/optris_drivers2/include/optris_drivers2/optris_drivers2/srv/detail/palette__functions.h
[1.146s] -- Up-to-date: /home/yeray/sensors_ws/install/optris_drivers2/include/optris_drivers2/optris_drivers2/srv/detail/temperature_range__functions.h
[1.146s] -- Up-to-date: /home/yeray/sensors_ws/install/optris_drivers2/include/optris_drivers2/optris_drivers2/srv/detail/palette__type_support.h
[1.146s] -- Up-to-date: /home/yeray/sensors_ws/install/optris_drivers2/include/optris_drivers2/optris_drivers2/srv/auto_flag.h
[1.147s] -- Up-to-date: /home/yeray/sensors_ws/install/optris_drivers2/include/optris_drivers2/optris_drivers2/msg
[1.147s] -- Up-to-date: /home/yeray/sensors_ws/install/optris_drivers2/include/optris_drivers2/optris_drivers2/msg/flag.h
[1.147s] -- Up-to-date: /home/yeray/sensors_ws/install/optris_drivers2/include/optris_drivers2/optris_drivers2/msg/rosidl_generator_c__visibility_control.h
[1.147s] -- Up-to-date: /home/yeray/sensors_ws/install/optris_drivers2/include/optris_drivers2/optris_drivers2/msg/detail
[1.147s] -- Up-to-date: /home/yeray/sensors_ws/install/optris_drivers2/include/optris_drivers2/optris_drivers2/msg/detail/flag__functions.c
[1.148s] -- Up-to-date: /home/yeray/sensors_ws/install/optris_drivers2/include/optris_drivers2/optris_drivers2/msg/detail/temperature__struct.h
[1.148s] -- Up-to-date: /home/yeray/sensors_ws/install/optris_drivers2/include/optris_drivers2/optris_drivers2/msg/detail/temperature__type_support.h
[1.149s] -- Up-to-date: /home/yeray/sensors_ws/install/optris_drivers2/include/optris_drivers2/optris_drivers2/msg/detail/flag__struct.h
[1.149s] -- Up-to-date: /home/yeray/sensors_ws/install/optris_drivers2/include/optris_drivers2/optris_drivers2/msg/detail/temperature__functions.c
[1.149s] -- Up-to-date: /home/yeray/sensors_ws/install/optris_drivers2/include/optris_drivers2/optris_drivers2/msg/detail/flag__functions.h
[1.149s] -- Up-to-date: /home/yeray/sensors_ws/install/optris_drivers2/include/optris_drivers2/optris_drivers2/msg/detail/flag__type_support.h
[1.149s] -- Up-to-date: /home/yeray/sensors_ws/install/optris_drivers2/include/optris_drivers2/optris_drivers2/msg/detail/temperature__functions.h
[1.149s] -- Up-to-date: /home/yeray/sensors_ws/install/optris_drivers2/include/optris_drivers2/optris_drivers2/msg/temperature.h
[1.149s] -- Up-to-date: /home/yeray/sensors_ws/install/optris_drivers2/share/optris_drivers2/environment/library_path.sh
[1.150s] -- Up-to-date: /home/yeray/sensors_ws/install/optris_drivers2/share/optris_drivers2/environment/library_path.dsv
[1.150s] -- Up-to-date: /home/yeray/sensors_ws/install/optris_drivers2/lib/liboptris_drivers2__rosidl_generator_c.so
[1.150s] -- Up-to-date: /home/yeray/sensors_ws/install/optris_drivers2/include/optris_drivers2/optris_drivers2
[1.150s] -- Up-to-date: /home/yeray/sensors_ws/install/optris_drivers2/include/optris_drivers2/optris_drivers2/srv
[1.151s] -- Up-to-date: /home/yeray/sensors_ws/install/optris_drivers2/include/optris_drivers2/optris_drivers2/srv/detail
[1.152s] -- Up-to-date: /home/yeray/sensors_ws/install/optris_drivers2/include/optris_drivers2/optris_drivers2/srv/detail/auto_flag__rosidl_typesupport_fastrtps_c.h
[1.152s] -- Up-to-date: /home/yeray/sensors_ws/install/optris_drivers2/include/optris_drivers2/optris_drivers2/srv/detail/temperature_range__rosidl_typesupport_fastrtps_c.h
[1.154s] -- Up-to-date: /home/yeray/sensors_ws/install/optris_drivers2/include/optris_drivers2/optris_drivers2/srv/detail/palette__rosidl_typesupport_fastrtps_c.h
[1.154s] -- Up-to-date: /home/yeray/sensors_ws/install/optris_drivers2/include/optris_drivers2/optris_drivers2/msg
[1.154s] -- Up-to-date: /home/yeray/sensors_ws/install/optris_drivers2/include/optris_drivers2/optris_drivers2/msg/rosidl_typesupport_fastrtps_c__visibility_control.h
[1.154s] -- Up-to-date: /home/yeray/sensors_ws/install/optris_drivers2/include/optris_drivers2/optris_drivers2/msg/detail
[1.154s] -- Up-to-date: /home/yeray/sensors_ws/install/optris_drivers2/include/optris_drivers2/optris_drivers2/msg/detail/flag__rosidl_typesupport_fastrtps_c.h
[1.154s] -- Up-to-date: /home/yeray/sensors_ws/install/optris_drivers2/include/optris_drivers2/optris_drivers2/msg/detail/temperature__rosidl_typesupport_fastrtps_c.h
[1.155s] -- Up-to-date: /home/yeray/sensors_ws/install/optris_drivers2/lib/liboptris_drivers2__rosidl_typesupport_fastrtps_c.so
[1.155s] -- Up-to-date: /home/yeray/sensors_ws/install/optris_drivers2/include/optris_drivers2/optris_drivers2
[1.155s] -- Up-to-date: /home/yeray/sensors_ws/install/optris_drivers2/include/optris_drivers2/optris_drivers2/srv
[1.155s] -- Up-to-date: /home/yeray/sensors_ws/install/optris_drivers2/include/optris_drivers2/optris_drivers2/srv/detail
[1.156s] -- Up-to-date: /home/yeray/sensors_ws/install/optris_drivers2/include/optris_drivers2/optris_drivers2/srv/detail/auto_flag__builder.hpp
[1.156s] -- Up-to-date: /home/yeray/sensors_ws/install/optris_drivers2/include/optris_drivers2/optris_drivers2/srv/detail/auto_flag__struct.hpp
[1.156s] -- Up-to-date: /home/yeray/sensors_ws/install/optris_drivers2/include/optris_drivers2/optris_drivers2/srv/detail/palette__traits.hpp
[1.156s] -- Up-to-date: /home/yeray/sensors_ws/install/optris_drivers2/include/optris_drivers2/optris_drivers2/srv/detail/temperature_range__builder.hpp
[1.157s] -- Up-to-date: /home/yeray/sensors_ws/install/optris_drivers2/include/optris_drivers2/optris_drivers2/srv/detail/palette__builder.hpp
[1.157s] -- Up-to-date: /home/yeray/sensors_ws/install/optris_drivers2/include/optris_drivers2/optris_drivers2/srv/detail/auto_flag__traits.hpp
[1.157s] -- Up-to-date: /home/yeray/sensors_ws/install/optris_drivers2/include/optris_drivers2/optris_drivers2/srv/detail/temperature_range__struct.hpp
[1.157s] -- Up-to-date: /home/yeray/sensors_ws/install/optris_drivers2/include/optris_drivers2/optris_drivers2/srv/detail/temperature_range__traits.hpp
[1.157s] -- Up-to-date: /home/yeray/sensors_ws/install/optris_drivers2/include/optris_drivers2/optris_drivers2/srv/detail/palette__struct.hpp
[1.158s] -- Up-to-date: /home/yeray/sensors_ws/install/optris_drivers2/include/optris_drivers2/optris_drivers2/srv/palette.hpp
[1.158s] -- Up-to-date: /home/yeray/sensors_ws/install/optris_drivers2/include/optris_drivers2/optris_drivers2/srv/auto_flag.hpp
[1.158s] -- Up-to-date: /home/yeray/sensors_ws/install/optris_drivers2/include/optris_drivers2/optris_drivers2/srv/temperature_range.hpp
[1.158s] -- Up-to-date: /home/yeray/sensors_ws/install/optris_drivers2/include/optris_drivers2/optris_drivers2/msg
[1.158s] -- Up-to-date: /home/yeray/sensors_ws/install/optris_drivers2/include/optris_drivers2/optris_drivers2/msg/flag.hpp
[1.159s] -- Up-to-date: /home/yeray/sensors_ws/install/optris_drivers2/include/optris_drivers2/optris_drivers2/msg/temperature.hpp
[1.159s] -- Up-to-date: /home/yeray/sensors_ws/install/optris_drivers2/include/optris_drivers2/optris_drivers2/msg/detail
[1.159s] -- Up-to-date: /home/yeray/sensors_ws/install/optris_drivers2/include/optris_drivers2/optris_drivers2/msg/detail/flag__traits.hpp
[1.159s] -- Up-to-date: /home/yeray/sensors_ws/install/optris_drivers2/include/optris_drivers2/optris_drivers2/msg/detail/temperature__traits.hpp
[1.160s] -- Up-to-date: /home/yeray/sensors_ws/install/optris_drivers2/include/optris_drivers2/optris_drivers2/msg/detail/flag__struct.hpp
[1.160s] -- Up-to-date: /home/yeray/sensors_ws/install/optris_drivers2/include/optris_drivers2/optris_drivers2/msg/detail/temperature__builder.hpp
[1.160s] -- Up-to-date: /home/yeray/sensors_ws/install/optris_drivers2/include/optris_drivers2/optris_drivers2/msg/detail/temperature__struct.hpp
[1.160s] -- Up-to-date: /home/yeray/sensors_ws/install/optris_drivers2/include/optris_drivers2/optris_drivers2/msg/detail/flag__builder.hpp
[1.160s] -- Up-to-date: /home/yeray/sensors_ws/install/optris_drivers2/include/optris_drivers2/optris_drivers2
[1.160s] -- Up-to-date: /home/yeray/sensors_ws/install/optris_drivers2/include/optris_drivers2/optris_drivers2/srv
[1.161s] -- Up-to-date: /home/yeray/sensors_ws/install/optris_drivers2/include/optris_drivers2/optris_drivers2/srv/detail
[1.161s] -- Up-to-date: /home/yeray/sensors_ws/install/optris_drivers2/include/optris_drivers2/optris_drivers2/srv/detail/auto_flag__rosidl_typesupport_fastrtps_cpp.hpp
[1.162s] -- Up-to-date: /home/yeray/sensors_ws/install/optris_drivers2/include/optris_drivers2/optris_drivers2/srv/detail/dds_fastrtps
[1.162s] -- Up-to-date: /home/yeray/sensors_ws/install/optris_drivers2/include/optris_drivers2/optris_drivers2/srv/detail/temperature_range__rosidl_typesupport_fastrtps_cpp.hpp
[1.162s] -- Up-to-date: /home/yeray/sensors_ws/install/optris_drivers2/include/optris_drivers2/optris_drivers2/srv/detail/palette__rosidl_typesupport_fastrtps_cpp.hpp
[1.162s] -- Up-to-date: /home/yeray/sensors_ws/install/optris_drivers2/include/optris_drivers2/optris_drivers2/msg
[1.162s] -- Up-to-date: /home/yeray/sensors_ws/install/optris_drivers2/include/optris_drivers2/optris_drivers2/msg/rosidl_typesupport_fastrtps_cpp__visibility_control.h
[1.163s] -- Up-to-date: /home/yeray/sensors_ws/install/optris_drivers2/include/optris_drivers2/optris_drivers2/msg/detail
[1.163s] -- Up-to-date: /home/yeray/sensors_ws/install/optris_drivers2/include/optris_drivers2/optris_drivers2/msg/detail/dds_fastrtps
[1.163s] -- Up-to-date: /home/yeray/sensors_ws/install/optris_drivers2/include/optris_drivers2/optris_drivers2/msg/detail/temperature__rosidl_typesupport_fastrtps_cpp.hpp
[1.163s] -- Up-to-date: /home/yeray/sensors_ws/install/optris_drivers2/include/optris_drivers2/optris_drivers2/msg/detail/flag__rosidl_typesupport_fastrtps_cpp.hpp
[1.164s] -- Up-to-date: /home/yeray/sensors_ws/install/optris_drivers2/lib/liboptris_drivers2__rosidl_typesupport_fastrtps_cpp.so
[1.164s] -- Up-to-date: /home/yeray/sensors_ws/install/optris_drivers2/include/optris_drivers2/optris_drivers2
[1.164s] -- Up-to-date: /home/yeray/sensors_ws/install/optris_drivers2/include/optris_drivers2/optris_drivers2/srv
[1.165s] -- Up-to-date: /home/yeray/sensors_ws/install/optris_drivers2/include/optris_drivers2/optris_drivers2/srv/detail
[1.165s] -- Up-to-date: /home/yeray/sensors_ws/install/optris_drivers2/include/optris_drivers2/optris_drivers2/srv/detail/palette__rosidl_typesupport_introspection_c.h
[1.166s] -- Up-to-date: /home/yeray/sensors_ws/install/optris_drivers2/include/optris_drivers2/optris_drivers2/srv/detail/temperature_range__type_support.c
[1.166s] -- Up-to-date: /home/yeray/sensors_ws/install/optris_drivers2/include/optris_drivers2/optris_drivers2/srv/detail/palette__type_support.c
[1.166s] -- Up-to-date: /home/yeray/sensors_ws/install/optris_drivers2/include/optris_drivers2/optris_drivers2/srv/detail/temperature_range__rosidl_typesupport_introspection_c.h
[1.166s] -- Up-to-date: /home/yeray/sensors_ws/install/optris_drivers2/include/optris_drivers2/optris_drivers2/srv/detail/auto_flag__type_support.c
[1.166s] -- Up-to-date: /home/yeray/sensors_ws/install/optris_drivers2/include/optris_drivers2/optris_drivers2/srv/detail/auto_flag__rosidl_typesupport_introspection_c.h
[1.167s] -- Up-to-date: /home/yeray/sensors_ws/install/optris_drivers2/include/optris_drivers2/optris_drivers2/msg
[1.167s] -- Up-to-date: /home/yeray/sensors_ws/install/optris_drivers2/include/optris_drivers2/optris_drivers2/msg/rosidl_typesupport_introspection_c__visibility_control.h
[1.167s] -- Up-to-date: /home/yeray/sensors_ws/install/optris_drivers2/include/optris_drivers2/optris_drivers2/msg/detail
[1.167s] -- Up-to-date: /home/yeray/sensors_ws/install/optris_drivers2/include/optris_drivers2/optris_drivers2/msg/detail/flag__rosidl_typesupport_introspection_c.h
[1.167s] -- Up-to-date: /home/yeray/sensors_ws/install/optris_drivers2/include/optris_drivers2/optris_drivers2/msg/detail/flag__type_support.c
[1.167s] -- Up-to-date: /home/yeray/sensors_ws/install/optris_drivers2/include/optris_drivers2/optris_drivers2/msg/detail/temperature__rosidl_typesupport_introspection_c.h
[1.168s] -- Up-to-date: /home/yeray/sensors_ws/install/optris_drivers2/include/optris_drivers2/optris_drivers2/msg/detail/temperature__type_support.c
[1.168s] -- Up-to-date: /home/yeray/sensors_ws/install/optris_drivers2/lib/liboptris_drivers2__rosidl_typesupport_introspection_c.so
[1.168s] -- Up-to-date: /home/yeray/sensors_ws/install/optris_drivers2/lib/liboptris_drivers2__rosidl_typesupport_c.so
[1.168s] -- Up-to-date: /home/yeray/sensors_ws/install/optris_drivers2/include/optris_drivers2/optris_drivers2
[1.168s] -- Up-to-date: /home/yeray/sensors_ws/install/optris_drivers2/include/optris_drivers2/optris_drivers2/srv
[1.168s] -- Up-to-date: /home/yeray/sensors_ws/install/optris_drivers2/include/optris_drivers2/optris_drivers2/srv/detail
[1.169s] -- Up-to-date: /home/yeray/sensors_ws/install/optris_drivers2/include/optris_drivers2/optris_drivers2/srv/detail/temperature_range__rosidl_typesupport_introspection_cpp.hpp
[1.169s] -- Up-to-date: /home/yeray/sensors_ws/install/optris_drivers2/include/optris_drivers2/optris_drivers2/srv/detail/auto_flag__type_support.cpp
[1.169s] -- Up-to-date: /home/yeray/sensors_ws/install/optris_drivers2/include/optris_drivers2/optris_drivers2/srv/detail/auto_flag__rosidl_typesupport_introspection_cpp.hpp
[1.169s] -- Up-to-date: /home/yeray/sensors_ws/install/optris_drivers2/include/optris_drivers2/optris_drivers2/srv/detail/palette__type_support.cpp
[1.170s] -- Up-to-date: /home/yeray/sensors_ws/install/optris_drivers2/include/optris_drivers2/optris_drivers2/srv/detail/palette__rosidl_typesupport_introspection_cpp.hpp
[1.171s] -- Up-to-date: /home/yeray/sensors_ws/install/optris_drivers2/include/optris_drivers2/optris_drivers2/srv/detail/temperature_range__type_support.cpp
[1.171s] -- Up-to-date: /home/yeray/sensors_ws/install/optris_drivers2/include/optris_drivers2/optris_drivers2/msg
[1.171s] -- Up-to-date: /home/yeray/sensors_ws/install/optris_drivers2/include/optris_drivers2/optris_drivers2/msg/detail
[1.171s] -- Up-to-date: /home/yeray/sensors_ws/install/optris_drivers2/include/optris_drivers2/optris_drivers2/msg/detail/temperature__rosidl_typesupport_introspection_cpp.hpp
[1.171s] -- Up-to-date: /home/yeray/sensors_ws/install/optris_drivers2/include/optris_drivers2/optris_drivers2/msg/detail/flag__type_support.cpp
[1.171s] -- Up-to-date: /home/yeray/sensors_ws/install/optris_drivers2/include/optris_drivers2/optris_drivers2/msg/detail/flag__rosidl_typesupport_introspection_cpp.hpp
[1.172s] -- Up-to-date: /home/yeray/sensors_ws/install/optris_drivers2/include/optris_drivers2/optris_drivers2/msg/detail/temperature__type_support.cpp
[1.172s] -- Up-to-date: /home/yeray/sensors_ws/install/optris_drivers2/lib/liboptris_drivers2__rosidl_typesupport_introspection_cpp.so
[1.172s] -- Up-to-date: /home/yeray/sensors_ws/install/optris_drivers2/lib/liboptris_drivers2__rosidl_typesupport_cpp.so
[1.172s] -- Up-to-date: /home/yeray/sensors_ws/install/optris_drivers2/share/optris_drivers2/environment/pythonpath.sh
[1.172s] -- Up-to-date: /home/yeray/sensors_ws/install/optris_drivers2/share/optris_drivers2/environment/pythonpath.dsv
[1.172s] -- Up-to-date: /home/yeray/sensors_ws/install/optris_drivers2/local/lib/python3.10/dist-packages/optris_drivers2-0.0.1-py3.10.egg-info
[1.173s] -- Installing: /home/yeray/sensors_ws/install/optris_drivers2/local/lib/python3.10/dist-packages/optris_drivers2-0.0.1-py3.10.egg-info/SOURCES.txt
[1.174s] -- Installing: /home/yeray/sensors_ws/install/optris_drivers2/local/lib/python3.10/dist-packages/optris_drivers2-0.0.1-py3.10.egg-info/PKG-INFO
[1.175s] -- Installing: /home/yeray/sensors_ws/install/optris_drivers2/local/lib/python3.10/dist-packages/optris_drivers2-0.0.1-py3.10.egg-info/top_level.txt
[1.182s] -- Installing: /home/yeray/sensors_ws/install/optris_drivers2/local/lib/python3.10/dist-packages/optris_drivers2-0.0.1-py3.10.egg-info/dependency_links.txt
[1.182s] -- Up-to-date: /home/yeray/sensors_ws/install/optris_drivers2/local/lib/python3.10/dist-packages/optris_drivers2
[1.182s] -- Up-to-date: /home/yeray/sensors_ws/install/optris_drivers2/local/lib/python3.10/dist-packages/optris_drivers2/srv
[1.182s] -- Up-to-date: /home/yeray/sensors_ws/install/optris_drivers2/local/lib/python3.10/dist-packages/optris_drivers2/srv/_auto_flag_s.c
[1.183s] -- Up-to-date: /home/yeray/sensors_ws/install/optris_drivers2/local/lib/python3.10/dist-packages/optris_drivers2/srv/__init__.py
[1.183s] -- Up-to-date: /home/yeray/sensors_ws/install/optris_drivers2/local/lib/python3.10/dist-packages/optris_drivers2/srv/_auto_flag.py
[1.183s] -- Up-to-date: /home/yeray/sensors_ws/install/optris_drivers2/local/lib/python3.10/dist-packages/optris_drivers2/srv/_temperature_range.py
[1.183s] -- Up-to-date: /home/yeray/sensors_ws/install/optris_drivers2/local/lib/python3.10/dist-packages/optris_drivers2/srv/_palette.py
[1.183s] -- Up-to-date: /home/yeray/sensors_ws/install/optris_drivers2/local/lib/python3.10/dist-packages/optris_drivers2/srv/_palette_s.c
[1.183s] -- Up-to-date: /home/yeray/sensors_ws/install/optris_drivers2/local/lib/python3.10/dist-packages/optris_drivers2/srv/_temperature_range_s.c
[1.183s] -- Up-to-date: /home/yeray/sensors_ws/install/optris_drivers2/local/lib/python3.10/dist-packages/optris_drivers2/__init__.py
[1.183s] -- Up-to-date: /home/yeray/sensors_ws/install/optris_drivers2/local/lib/python3.10/dist-packages/optris_drivers2/msg
[1.183s] -- Up-to-date: /home/yeray/sensors_ws/install/optris_drivers2/local/lib/python3.10/dist-packages/optris_drivers2/msg/_temperature_s.c
[1.184s] -- Up-to-date: /home/yeray/sensors_ws/install/optris_drivers2/local/lib/python3.10/dist-packages/optris_drivers2/msg/__init__.py
[1.184s] -- Up-to-date: /home/yeray/sensors_ws/install/optris_drivers2/local/lib/python3.10/dist-packages/optris_drivers2/msg/_flag.py
[1.184s] -- Up-to-date: /home/yeray/sensors_ws/install/optris_drivers2/local/lib/python3.10/dist-packages/optris_drivers2/msg/_temperature.py
[1.184s] -- Up-to-date: /home/yeray/sensors_ws/install/optris_drivers2/local/lib/python3.10/dist-packages/optris_drivers2/msg/_flag_s.c
[1.184s] -- Up-to-date: /home/yeray/sensors_ws/install/optris_drivers2/local/lib/python3.10/dist-packages/optris_drivers2/liboptris_drivers2__rosidl_generator_py.so
[1.184s] -- Up-to-date: /home/yeray/sensors_ws/install/optris_drivers2/local/lib/python3.10/dist-packages/optris_drivers2/optris_drivers2_s__rosidl_typesupport_introspection_c.cpython-310-x86_64-linux-gnu.so
[1.184s] -- Up-to-date: /home/yeray/sensors_ws/install/optris_drivers2/local/lib/python3.10/dist-packages/optris_drivers2/optris_drivers2_s__rosidl_typesupport_fastrtps_c.cpython-310-x86_64-linux-gnu.so
[1.184s] -- Up-to-date: /home/yeray/sensors_ws/install/optris_drivers2/local/lib/python3.10/dist-packages/optris_drivers2/_optris_drivers2_s.ep.rosidl_typesupport_fastrtps_c.c
[1.185s] -- Up-to-date: /home/yeray/sensors_ws/install/optris_drivers2/local/lib/python3.10/dist-packages/optris_drivers2/optris_drivers2_s__rosidl_typesupport_c.cpython-310-x86_64-linux-gnu.so
[1.185s] -- Up-to-date: /home/yeray/sensors_ws/install/optris_drivers2/local/lib/python3.10/dist-packages/optris_drivers2/_optris_drivers2_s.ep.rosidl_typesupport_c.c
[1.185s] -- Up-to-date: /home/yeray/sensors_ws/install/optris_drivers2/local/lib/python3.10/dist-packages/optris_drivers2/_optris_drivers2_s.ep.rosidl_typesupport_introspection_c.c
[1.221s] Listing '/home/yeray/sensors_ws/install/optris_drivers2/local/lib/python3.10/dist-packages/optris_drivers2'...
[1.222s] Listing '/home/yeray/sensors_ws/install/optris_drivers2/local/lib/python3.10/dist-packages/optris_drivers2/msg'...
[1.222s] Listing '/home/yeray/sensors_ws/install/optris_drivers2/local/lib/python3.10/dist-packages/optris_drivers2/srv'...
[1.232s] -- Up-to-date: /home/yeray/sensors_ws/install/optris_drivers2/local/lib/python3.10/dist-packages/optris_drivers2/optris_drivers2_s__rosidl_typesupport_fastrtps_c.cpython-310-x86_64-linux-gnu.so
[1.232s] -- Up-to-date: /home/yeray/sensors_ws/install/optris_drivers2/local/lib/python3.10/dist-packages/optris_drivers2/optris_drivers2_s__rosidl_typesupport_introspection_c.cpython-310-x86_64-linux-gnu.so
[1.232s] -- Up-to-date: /home/yeray/sensors_ws/install/optris_drivers2/local/lib/python3.10/dist-packages/optris_drivers2/optris_drivers2_s__rosidl_typesupport_c.cpython-310-x86_64-linux-gnu.so
[1.232s] -- Up-to-date: /home/yeray/sensors_ws/install/optris_drivers2/lib/liboptris_drivers2__rosidl_generator_py.so
[1.234s] -- Up-to-date: /home/yeray/sensors_ws/install/optris_drivers2/share/optris_drivers2/msg/Temperature.idl
[1.234s] -- Up-to-date: /home/yeray/sensors_ws/install/optris_drivers2/share/optris_drivers2/msg/Flag.idl
[1.235s] -- Up-to-date: /home/yeray/sensors_ws/install/optris_drivers2/share/optris_drivers2/srv/AutoFlag.idl
[1.237s] -- Up-to-date: /home/yeray/sensors_ws/install/optris_drivers2/share/optris_drivers2/srv/TemperatureRange.idl
[1.237s] -- Up-to-date: /home/yeray/sensors_ws/install/optris_drivers2/share/optris_drivers2/srv/Palette.idl
[1.237s] -- Up-to-date: /home/yeray/sensors_ws/install/optris_drivers2/share/optris_drivers2/msg/Temperature.msg
[1.238s] -- Up-to-date: /home/yeray/sensors_ws/install/optris_drivers2/share/optris_drivers2/msg/Flag.msg
[1.238s] -- Up-to-date: /home/yeray/sensors_ws/install/optris_drivers2/share/optris_drivers2/srv/AutoFlag.srv
[1.239s] -- Up-to-date: /home/yeray/sensors_ws/install/optris_drivers2/share/optris_drivers2/srv/AutoFlag_Request.msg
[1.239s] -- Up-to-date: /home/yeray/sensors_ws/install/optris_drivers2/share/optris_drivers2/srv/AutoFlag_Response.msg
[1.239s] -- Up-to-date: /home/yeray/sensors_ws/install/optris_drivers2/share/optris_drivers2/srv/TemperatureRange.srv
[1.239s] -- Up-to-date: /home/yeray/sensors_ws/install/optris_drivers2/share/optris_drivers2/srv/TemperatureRange_Request.msg
[1.240s] -- Up-to-date: /home/yeray/sensors_ws/install/optris_drivers2/share/optris_drivers2/srv/TemperatureRange_Response.msg
[1.241s] -- Up-to-date: /home/yeray/sensors_ws/install/optris_drivers2/share/optris_drivers2/srv/Palette.srv
[1.241s] -- Up-to-date: /home/yeray/sensors_ws/install/optris_drivers2/share/optris_drivers2/srv/Palette_Request.msg
[1.242s] -- Up-to-date: /home/yeray/sensors_ws/install/optris_drivers2/share/optris_drivers2/srv/Palette_Response.msg
[1.242s] -- Up-to-date: /home/yeray/sensors_ws/install/optris_drivers2/lib/optris_drivers2/optris_imager_node
[1.243s] -- Up-to-date: /home/yeray/sensors_ws/install/optris_drivers2/lib/optris_drivers2/optris_colorconvert_node
[1.245s] -- Up-to-date: /home/yeray/sensors_ws/install/optris_drivers2/share/ament_index/resource_index/package_run_dependencies/optris_drivers2
[1.247s] -- Up-to-date: /home/yeray/sensors_ws/install/optris_drivers2/share/ament_index/resource_index/parent_prefix_path/optris_drivers2
[1.247s] -- Up-to-date: /home/yeray/sensors_ws/install/optris_drivers2/share/optris_drivers2/environment/ament_prefix_path.sh
[1.247s] -- Up-to-date: /home/yeray/sensors_ws/install/optris_drivers2/share/optris_drivers2/environment/ament_prefix_path.dsv
[1.247s] -- Up-to-date: /home/yeray/sensors_ws/install/optris_drivers2/share/optris_drivers2/environment/path.sh
[1.247s] -- Up-to-date: /home/yeray/sensors_ws/install/optris_drivers2/share/optris_drivers2/environment/path.dsv
[1.247s] -- Up-to-date: /home/yeray/sensors_ws/install/optris_drivers2/share/optris_drivers2/local_setup.bash
[1.247s] -- Up-to-date: /home/yeray/sensors_ws/install/optris_drivers2/share/optris_drivers2/local_setup.sh
[1.248s] -- Up-to-date: /home/yeray/sensors_ws/install/optris_drivers2/share/optris_drivers2/local_setup.zsh
[1.248s] -- Up-to-date: /home/yeray/sensors_ws/install/optris_drivers2/share/optris_drivers2/local_setup.dsv
[1.249s] -- Installing: /home/yeray/sensors_ws/install/optris_drivers2/share/optris_drivers2/package.dsv
[1.249s] -- Up-to-date: /home/yeray/sensors_ws/install/optris_drivers2/share/ament_index/resource_index/packages/optris_drivers2
[1.249s] -- Up-to-date: /home/yeray/sensors_ws/install/optris_drivers2/share/optris_drivers2/cmake/export_optris_drivers2__rosidl_generator_cExport.cmake
[1.249s] -- Up-to-date: /home/yeray/sensors_ws/install/optris_drivers2/share/optris_drivers2/cmake/export_optris_drivers2__rosidl_generator_cExport-noconfig.cmake
[1.250s] -- Up-to-date: /home/yeray/sensors_ws/install/optris_drivers2/share/optris_drivers2/cmake/export_optris_drivers2__rosidl_typesupport_fastrtps_cExport.cmake
[1.250s] -- Up-to-date: /home/yeray/sensors_ws/install/optris_drivers2/share/optris_drivers2/cmake/export_optris_drivers2__rosidl_typesupport_fastrtps_cExport-noconfig.cmake
[1.250s] -- Up-to-date: /home/yeray/sensors_ws/install/optris_drivers2/share/optris_drivers2/cmake/export_optris_drivers2__rosidl_generator_cppExport.cmake
[1.251s] -- Up-to-date: /home/yeray/sensors_ws/install/optris_drivers2/share/optris_drivers2/cmake/export_optris_drivers2__rosidl_typesupport_fastrtps_cppExport.cmake
[1.251s] -- Up-to-date: /home/yeray/sensors_ws/install/optris_drivers2/share/optris_drivers2/cmake/export_optris_drivers2__rosidl_typesupport_fastrtps_cppExport-noconfig.cmake
[1.251s] -- Up-to-date: /home/yeray/sensors_ws/install/optris_drivers2/share/optris_drivers2/cmake/optris_drivers2__rosidl_typesupport_introspection_cExport.cmake
[1.251s] -- Up-to-date: /home/yeray/sensors_ws/install/optris_drivers2/share/optris_drivers2/cmake/optris_drivers2__rosidl_typesupport_introspection_cExport-noconfig.cmake
[1.251s] -- Up-to-date: /home/yeray/sensors_ws/install/optris_drivers2/share/optris_drivers2/cmake/optris_drivers2__rosidl_typesupport_cExport.cmake
[1.251s] -- Up-to-date: /home/yeray/sensors_ws/install/optris_drivers2/share/optris_drivers2/cmake/optris_drivers2__rosidl_typesupport_cExport-noconfig.cmake
[1.252s] -- Up-to-date: /home/yeray/sensors_ws/install/optris_drivers2/share/optris_drivers2/cmake/optris_drivers2__rosidl_typesupport_introspection_cppExport.cmake
[1.252s] -- Up-to-date: /home/yeray/sensors_ws/install/optris_drivers2/share/optris_drivers2/cmake/optris_drivers2__rosidl_typesupport_introspection_cppExport-noconfig.cmake
[1.253s] -- Up-to-date: /home/yeray/sensors_ws/install/optris_drivers2/share/optris_drivers2/cmake/optris_drivers2__rosidl_typesupport_cppExport.cmake
[1.253s] -- Up-to-date: /home/yeray/sensors_ws/install/optris_drivers2/share/optris_drivers2/cmake/optris_drivers2__rosidl_typesupport_cppExport-noconfig.cmake
[1.254s] -- Up-to-date: /home/yeray/sensors_ws/install/optris_drivers2/share/optris_drivers2/cmake/export_optris_drivers2__rosidl_generator_pyExport.cmake
[1.254s] -- Up-to-date: /home/yeray/sensors_ws/install/optris_drivers2/share/optris_drivers2/cmake/export_optris_drivers2__rosidl_generator_pyExport-noconfig.cmake
[1.255s] -- Up-to-date: /home/yeray/sensors_ws/install/optris_drivers2/share/optris_drivers2/cmake/rosidl_cmake-extras.cmake
[1.255s] -- Up-to-date: /home/yeray/sensors_ws/install/optris_drivers2/share/optris_drivers2/cmake/ament_cmake_export_dependencies-extras.cmake
[1.255s] -- Up-to-date: /home/yeray/sensors_ws/install/optris_drivers2/share/optris_drivers2/cmake/ament_cmake_export_include_directories-extras.cmake
[1.255s] -- Up-to-date: /home/yeray/sensors_ws/install/optris_drivers2/share/optris_drivers2/cmake/ament_cmake_export_libraries-extras.cmake
[1.255s] -- Up-to-date: /home/yeray/sensors_ws/install/optris_drivers2/share/optris_drivers2/cmake/ament_cmake_export_targets-extras.cmake
[1.255s] -- Up-to-date: /home/yeray/sensors_ws/install/optris_drivers2/share/optris_drivers2/cmake/rosidl_cmake_export_typesupport_targets-extras.cmake
[1.255s] -- Up-to-date: /home/yeray/sensors_ws/install/optris_drivers2/share/optris_drivers2/cmake/rosidl_cmake_export_typesupport_libraries-extras.cmake
[1.256s] -- Up-to-date: /home/yeray/sensors_ws/install/optris_drivers2/share/optris_drivers2/cmake/optris_drivers2Config.cmake
[1.256s] -- Up-to-date: /home/yeray/sensors_ws/install/optris_drivers2/share/optris_drivers2/cmake/optris_drivers2Config-version.cmake
[1.256s] -- Up-to-date: /home/yeray/sensors_ws/install/optris_drivers2/share/optris_drivers2/package.xml
[1.256s] Invoked command in '/home/yeray/sensors_ws/build/optris_drivers2' returned '0': CMAKE_PREFIX_PATH=/opt/ros/humble:${CMAKE_PREFIX_PATH} /usr/bin/cmake --install /home/yeray/sensors_ws/build/optris_drivers2
