[0.017s] Invoking command in '/home/yeray/sensors_ws/build/optris_drivers2': CMAKE_PREFIX_PATH=${CMAKE_PREFIX_PATH}:/opt/ros/humble /usr/bin/cmake --build /home/yeray/sensors_ws/build/optris_drivers2 -- -j8 -l8
[0.100s] [  1%] Built target optris_drivers2__cpp
[0.100s] [  1%] Built target ament_cmake_python_copy_optris_drivers2
[0.104s] [ 11%] Built target optris_drivers2__rosidl_generator_c
[0.190s] [ 21%] Built target optris_drivers2__rosidl_typesupport_introspection_c
[0.193s] [ 31%] Built target optris_drivers2__rosidl_typesupport_c
[0.193s] [ 42%] Built target optris_drivers2__rosidl_typesupport_cpp
[0.203s] [ 52%] Built target optris_drivers2__rosidl_typesupport_fastrtps_cpp
[0.213s] [ 62%] Built target optris_drivers2__rosidl_typesupport_introspection_cpp
[0.243s] [ 72%] Built target optris_drivers2__rosidl_typesupport_fastrtps_c
[0.275s] [ 72%] Built target optris_drivers2
[0.311s] [ 73%] Built target optris_drivers2__py
[0.326s] [ 82%] Built target optris_imager_node
[0.327s] [ 82%] Built target optris_colorconvert_node
[0.358s] [ 91%] Built target optris_drivers2__rosidl_generator_py
[0.402s] [ 94%] Built target optris_drivers2__rosidl_typesupport_introspection_c__pyext
[0.404s] [ 97%] Built target optris_drivers2__rosidl_typesupport_fastrtps_c__pyext
[0.412s] [100%] Built target optris_drivers2__rosidl_typesupport_c__pyext
[0.563s] running egg_info
[0.564s] writing optris_drivers2.egg-info/PKG-INFO
[0.564s] writing dependency_links to optris_drivers2.egg-info/dependency_links.txt
[0.564s] writing top-level names to optris_drivers2.egg-info/top_level.txt
[0.568s] reading manifest file 'optris_drivers2.egg-info/SOURCES.txt'
[0.569s] writing manifest file 'optris_drivers2.egg-info/SOURCES.txt'
[0.608s] [100%] Built target ament_cmake_python_build_optris_drivers2_egg
[0.624s] Invoked command in '/home/yeray/sensors_ws/build/optris_drivers2' returned '0': CMAKE_PREFIX_PATH=${CMAKE_PREFIX_PATH}:/opt/ros/humble /usr/bin/cmake --build /home/yeray/sensors_ws/build/optris_drivers2 -- -j8 -l8
[0.789s] Invoking command in '/home/yeray/sensors_ws/build/optris_drivers2': CMAKE_PREFIX_PATH=${CMAKE_PREFIX_PATH}:/opt/ros/humble /usr/bin/cmake --install /home/yeray/sensors_ws/build/optris_drivers2
[0.800s] -- Install configuration: ""
[0.800s] -- Up-to-date: /home/yeray/sensors_ws/install/optris_drivers2/share/ament_index/resource_index/rosidl_interfaces/optris_drivers2
[0.800s] -- Up-to-date: /home/yeray/sensors_ws/install/optris_drivers2/include/optris_drivers2/optris_drivers2
[0.800s] -- Up-to-date: /home/yeray/sensors_ws/install/optris_drivers2/include/optris_drivers2/optris_drivers2/srv
[0.800s] -- Up-to-date: /home/yeray/sensors_ws/install/optris_drivers2/include/optris_drivers2/optris_drivers2/srv/temperature_range.h
[0.801s] -- Up-to-date: /home/yeray/sensors_ws/install/optris_drivers2/include/optris_drivers2/optris_drivers2/srv/palette.h
[0.801s] -- Up-to-date: /home/yeray/sensors_ws/install/optris_drivers2/include/optris_drivers2/optris_drivers2/srv/detail
[0.801s] -- Up-to-date: /home/yeray/sensors_ws/install/optris_drivers2/include/optris_drivers2/optris_drivers2/srv/detail/temperature_range__type_support.h
[0.801s] -- Up-to-date: /home/yeray/sensors_ws/install/optris_drivers2/include/optris_drivers2/optris_drivers2/srv/detail/palette__struct.h
[0.801s] -- Up-to-date: /home/yeray/sensors_ws/install/optris_drivers2/include/optris_drivers2/optris_drivers2/srv/detail/auto_flag__struct.h
[0.801s] -- Up-to-date: /home/yeray/sensors_ws/install/optris_drivers2/include/optris_drivers2/optris_drivers2/srv/detail/auto_flag__functions.h
[0.803s] -- Up-to-date: /home/yeray/sensors_ws/install/optris_drivers2/include/optris_drivers2/optris_drivers2/srv/detail/temperature_range__functions.c
[0.804s] -- Up-to-date: /home/yeray/sensors_ws/install/optris_drivers2/include/optris_drivers2/optris_drivers2/srv/detail/palette__functions.c
[0.804s] -- Up-to-date: /home/yeray/sensors_ws/install/optris_drivers2/include/optris_drivers2/optris_drivers2/srv/detail/auto_flag__functions.c
[0.804s] -- Up-to-date: /home/yeray/sensors_ws/install/optris_drivers2/include/optris_drivers2/optris_drivers2/srv/detail/auto_flag__type_support.h
[0.804s] -- Up-to-date: /home/yeray/sensors_ws/install/optris_drivers2/include/optris_drivers2/optris_drivers2/srv/detail/temperature_range__struct.h
[0.805s] -- Up-to-date: /home/yeray/sensors_ws/install/optris_drivers2/include/optris_drivers2/optris_drivers2/srv/detail/palette__functions.h
[0.805s] -- Up-to-date: /home/yeray/sensors_ws/install/optris_drivers2/include/optris_drivers2/optris_drivers2/srv/detail/temperature_range__functions.h
[0.806s] -- Up-to-date: /home/yeray/sensors_ws/install/optris_drivers2/include/optris_drivers2/optris_drivers2/srv/detail/palette__type_support.h
[0.806s] -- Up-to-date: /home/yeray/sensors_ws/install/optris_drivers2/include/optris_drivers2/optris_drivers2/srv/auto_flag.h
[0.806s] -- Up-to-date: /home/yeray/sensors_ws/install/optris_drivers2/include/optris_drivers2/optris_drivers2/msg
[0.806s] -- Up-to-date: /home/yeray/sensors_ws/install/optris_drivers2/include/optris_drivers2/optris_drivers2/msg/flag.h
[0.807s] -- Up-to-date: /home/yeray/sensors_ws/install/optris_drivers2/include/optris_drivers2/optris_drivers2/msg/rosidl_generator_c__visibility_control.h
[0.808s] -- Up-to-date: /home/yeray/sensors_ws/install/optris_drivers2/include/optris_drivers2/optris_drivers2/msg/detail
[0.808s] -- Up-to-date: /home/yeray/sensors_ws/install/optris_drivers2/include/optris_drivers2/optris_drivers2/msg/detail/flag__functions.c
[0.808s] -- Up-to-date: /home/yeray/sensors_ws/install/optris_drivers2/include/optris_drivers2/optris_drivers2/msg/detail/temperature__struct.h
[0.808s] -- Up-to-date: /home/yeray/sensors_ws/install/optris_drivers2/include/optris_drivers2/optris_drivers2/msg/detail/temperature__type_support.h
[0.808s] -- Up-to-date: /home/yeray/sensors_ws/install/optris_drivers2/include/optris_drivers2/optris_drivers2/msg/detail/flag__struct.h
[0.808s] -- Up-to-date: /home/yeray/sensors_ws/install/optris_drivers2/include/optris_drivers2/optris_drivers2/msg/detail/temperature__functions.c
[0.809s] -- Up-to-date: /home/yeray/sensors_ws/install/optris_drivers2/include/optris_drivers2/optris_drivers2/msg/detail/flag__functions.h
[0.809s] -- Up-to-date: /home/yeray/sensors_ws/install/optris_drivers2/include/optris_drivers2/optris_drivers2/msg/detail/flag__type_support.h
[0.809s] -- Up-to-date: /home/yeray/sensors_ws/install/optris_drivers2/include/optris_drivers2/optris_drivers2/msg/detail/temperature__functions.h
[0.810s] -- Up-to-date: /home/yeray/sensors_ws/install/optris_drivers2/include/optris_drivers2/optris_drivers2/msg/temperature.h
[0.810s] -- Up-to-date: /home/yeray/sensors_ws/install/optris_drivers2/share/optris_drivers2/environment/library_path.sh
[0.810s] -- Up-to-date: /home/yeray/sensors_ws/install/optris_drivers2/share/optris_drivers2/environment/library_path.dsv
[0.811s] -- Up-to-date: /home/yeray/sensors_ws/install/optris_drivers2/lib/liboptris_drivers2__rosidl_generator_c.so
[0.813s] -- Up-to-date: /home/yeray/sensors_ws/install/optris_drivers2/include/optris_drivers2/optris_drivers2
[0.814s] -- Up-to-date: /home/yeray/sensors_ws/install/optris_drivers2/include/optris_drivers2/optris_drivers2/srv
[0.814s] -- Up-to-date: /home/yeray/sensors_ws/install/optris_drivers2/include/optris_drivers2/optris_drivers2/srv/detail
[0.814s] -- Up-to-date: /home/yeray/sensors_ws/install/optris_drivers2/include/optris_drivers2/optris_drivers2/srv/detail/auto_flag__rosidl_typesupport_fastrtps_c.h
[0.815s] -- Up-to-date: /home/yeray/sensors_ws/install/optris_drivers2/include/optris_drivers2/optris_drivers2/srv/detail/temperature_range__rosidl_typesupport_fastrtps_c.h
[0.815s] -- Up-to-date: /home/yeray/sensors_ws/install/optris_drivers2/include/optris_drivers2/optris_drivers2/srv/detail/palette__rosidl_typesupport_fastrtps_c.h
[0.815s] -- Up-to-date: /home/yeray/sensors_ws/install/optris_drivers2/include/optris_drivers2/optris_drivers2/msg
[0.815s] -- Up-to-date: /home/yeray/sensors_ws/install/optris_drivers2/include/optris_drivers2/optris_drivers2/msg/rosidl_typesupport_fastrtps_c__visibility_control.h
[0.815s] -- Up-to-date: /home/yeray/sensors_ws/install/optris_drivers2/include/optris_drivers2/optris_drivers2/msg/detail
[0.816s] -- Up-to-date: /home/yeray/sensors_ws/install/optris_drivers2/include/optris_drivers2/optris_drivers2/msg/detail/flag__rosidl_typesupport_fastrtps_c.h
[0.816s] -- Up-to-date: /home/yeray/sensors_ws/install/optris_drivers2/include/optris_drivers2/optris_drivers2/msg/detail/temperature__rosidl_typesupport_fastrtps_c.h
[0.816s] -- Up-to-date: /home/yeray/sensors_ws/install/optris_drivers2/lib/liboptris_drivers2__rosidl_typesupport_fastrtps_c.so
[0.816s] -- Up-to-date: /home/yeray/sensors_ws/install/optris_drivers2/include/optris_drivers2/optris_drivers2
[0.816s] -- Up-to-date: /home/yeray/sensors_ws/install/optris_drivers2/include/optris_drivers2/optris_drivers2/srv
[0.816s] -- Up-to-date: /home/yeray/sensors_ws/install/optris_drivers2/include/optris_drivers2/optris_drivers2/srv/detail
[0.816s] -- Up-to-date: /home/yeray/sensors_ws/install/optris_drivers2/include/optris_drivers2/optris_drivers2/srv/detail/auto_flag__builder.hpp
[0.816s] -- Up-to-date: /home/yeray/sensors_ws/install/optris_drivers2/include/optris_drivers2/optris_drivers2/srv/detail/auto_flag__struct.hpp
[0.817s] -- Up-to-date: /home/yeray/sensors_ws/install/optris_drivers2/include/optris_drivers2/optris_drivers2/srv/detail/palette__traits.hpp
[0.817s] -- Up-to-date: /home/yeray/sensors_ws/install/optris_drivers2/include/optris_drivers2/optris_drivers2/srv/detail/temperature_range__builder.hpp
[0.817s] -- Up-to-date: /home/yeray/sensors_ws/install/optris_drivers2/include/optris_drivers2/optris_drivers2/srv/detail/palette__builder.hpp
[0.817s] -- Up-to-date: /home/yeray/sensors_ws/install/optris_drivers2/include/optris_drivers2/optris_drivers2/srv/detail/auto_flag__traits.hpp
[0.817s] -- Up-to-date: /home/yeray/sensors_ws/install/optris_drivers2/include/optris_drivers2/optris_drivers2/srv/detail/temperature_range__struct.hpp
[0.817s] -- Up-to-date: /home/yeray/sensors_ws/install/optris_drivers2/include/optris_drivers2/optris_drivers2/srv/detail/temperature_range__traits.hpp
[0.817s] -- Up-to-date: /home/yeray/sensors_ws/install/optris_drivers2/include/optris_drivers2/optris_drivers2/srv/detail/palette__struct.hpp
[0.818s] -- Up-to-date: /home/yeray/sensors_ws/install/optris_drivers2/include/optris_drivers2/optris_drivers2/srv/palette.hpp
[0.819s] -- Up-to-date: /home/yeray/sensors_ws/install/optris_drivers2/include/optris_drivers2/optris_drivers2/srv/auto_flag.hpp
[0.819s] -- Up-to-date: /home/yeray/sensors_ws/install/optris_drivers2/include/optris_drivers2/optris_drivers2/srv/temperature_range.hpp
[0.819s] -- Up-to-date: /home/yeray/sensors_ws/install/optris_drivers2/include/optris_drivers2/optris_drivers2/msg
[0.819s] -- Up-to-date: /home/yeray/sensors_ws/install/optris_drivers2/include/optris_drivers2/optris_drivers2/msg/flag.hpp
[0.820s] -- Up-to-date: /home/yeray/sensors_ws/install/optris_drivers2/include/optris_drivers2/optris_drivers2/msg/temperature.hpp
[0.820s] -- Up-to-date: /home/yeray/sensors_ws/install/optris_drivers2/include/optris_drivers2/optris_drivers2/msg/detail
[0.820s] -- Up-to-date: /home/yeray/sensors_ws/install/optris_drivers2/include/optris_drivers2/optris_drivers2/msg/detail/flag__traits.hpp
[0.820s] -- Up-to-date: /home/yeray/sensors_ws/install/optris_drivers2/include/optris_drivers2/optris_drivers2/msg/detail/temperature__traits.hpp
[0.820s] -- Up-to-date: /home/yeray/sensors_ws/install/optris_drivers2/include/optris_drivers2/optris_drivers2/msg/detail/flag__struct.hpp
[0.820s] -- Up-to-date: /home/yeray/sensors_ws/install/optris_drivers2/include/optris_drivers2/optris_drivers2/msg/detail/temperature__builder.hpp
[0.821s] -- Up-to-date: /home/yeray/sensors_ws/install/optris_drivers2/include/optris_drivers2/optris_drivers2/msg/detail/temperature__struct.hpp
[0.821s] -- Up-to-date: /home/yeray/sensors_ws/install/optris_drivers2/include/optris_drivers2/optris_drivers2/msg/detail/flag__builder.hpp
[0.821s] -- Up-to-date: /home/yeray/sensors_ws/install/optris_drivers2/include/optris_drivers2/optris_drivers2
[0.821s] -- Up-to-date: /home/yeray/sensors_ws/install/optris_drivers2/include/optris_drivers2/optris_drivers2/srv
[0.821s] -- Up-to-date: /home/yeray/sensors_ws/install/optris_drivers2/include/optris_drivers2/optris_drivers2/srv/detail
[0.821s] -- Up-to-date: /home/yeray/sensors_ws/install/optris_drivers2/include/optris_drivers2/optris_drivers2/srv/detail/auto_flag__rosidl_typesupport_fastrtps_cpp.hpp
[0.821s] -- Up-to-date: /home/yeray/sensors_ws/install/optris_drivers2/include/optris_drivers2/optris_drivers2/srv/detail/dds_fastrtps
[0.822s] -- Up-to-date: /home/yeray/sensors_ws/install/optris_drivers2/include/optris_drivers2/optris_drivers2/srv/detail/temperature_range__rosidl_typesupport_fastrtps_cpp.hpp
[0.822s] -- Up-to-date: /home/yeray/sensors_ws/install/optris_drivers2/include/optris_drivers2/optris_drivers2/srv/detail/palette__rosidl_typesupport_fastrtps_cpp.hpp
[0.822s] -- Up-to-date: /home/yeray/sensors_ws/install/optris_drivers2/include/optris_drivers2/optris_drivers2/msg
[0.822s] -- Up-to-date: /home/yeray/sensors_ws/install/optris_drivers2/include/optris_drivers2/optris_drivers2/msg/rosidl_typesupport_fastrtps_cpp__visibility_control.h
[0.822s] -- Up-to-date: /home/yeray/sensors_ws/install/optris_drivers2/include/optris_drivers2/optris_drivers2/msg/detail
[0.822s] -- Up-to-date: /home/yeray/sensors_ws/install/optris_drivers2/include/optris_drivers2/optris_drivers2/msg/detail/dds_fastrtps
[0.822s] -- Up-to-date: /home/yeray/sensors_ws/install/optris_drivers2/include/optris_drivers2/optris_drivers2/msg/detail/temperature__rosidl_typesupport_fastrtps_cpp.hpp
[0.822s] -- Up-to-date: /home/yeray/sensors_ws/install/optris_drivers2/include/optris_drivers2/optris_drivers2/msg/detail/flag__rosidl_typesupport_fastrtps_cpp.hpp
[0.823s] -- Up-to-date: /home/yeray/sensors_ws/install/optris_drivers2/lib/liboptris_drivers2__rosidl_typesupport_fastrtps_cpp.so
[0.823s] -- Up-to-date: /home/yeray/sensors_ws/install/optris_drivers2/include/optris_drivers2/optris_drivers2
[0.823s] -- Up-to-date: /home/yeray/sensors_ws/install/optris_drivers2/include/optris_drivers2/optris_drivers2/srv
[0.823s] -- Up-to-date: /home/yeray/sensors_ws/install/optris_drivers2/include/optris_drivers2/optris_drivers2/srv/detail
[0.823s] -- Up-to-date: /home/yeray/sensors_ws/install/optris_drivers2/include/optris_drivers2/optris_drivers2/srv/detail/palette__rosidl_typesupport_introspection_c.h
[0.823s] -- Up-to-date: /home/yeray/sensors_ws/install/optris_drivers2/include/optris_drivers2/optris_drivers2/srv/detail/temperature_range__type_support.c
[0.823s] -- Up-to-date: /home/yeray/sensors_ws/install/optris_drivers2/include/optris_drivers2/optris_drivers2/srv/detail/palette__type_support.c
[0.824s] -- Up-to-date: /home/yeray/sensors_ws/install/optris_drivers2/include/optris_drivers2/optris_drivers2/srv/detail/temperature_range__rosidl_typesupport_introspection_c.h
[0.824s] -- Up-to-date: /home/yeray/sensors_ws/install/optris_drivers2/include/optris_drivers2/optris_drivers2/srv/detail/auto_flag__type_support.c
[0.824s] -- Up-to-date: /home/yeray/sensors_ws/install/optris_drivers2/include/optris_drivers2/optris_drivers2/srv/detail/auto_flag__rosidl_typesupport_introspection_c.h
[0.824s] -- Up-to-date: /home/yeray/sensors_ws/install/optris_drivers2/include/optris_drivers2/optris_drivers2/msg
[0.825s] -- Up-to-date: /home/yeray/sensors_ws/install/optris_drivers2/include/optris_drivers2/optris_drivers2/msg/rosidl_typesupport_introspection_c__visibility_control.h
[0.825s] -- Up-to-date: /home/yeray/sensors_ws/install/optris_drivers2/include/optris_drivers2/optris_drivers2/msg/detail
[0.826s] -- Up-to-date: /home/yeray/sensors_ws/install/optris_drivers2/include/optris_drivers2/optris_drivers2/msg/detail/flag__rosidl_typesupport_introspection_c.h
[0.826s] -- Up-to-date: /home/yeray/sensors_ws/install/optris_drivers2/include/optris_drivers2/optris_drivers2/msg/detail/flag__type_support.c
[0.826s] -- Up-to-date: /home/yeray/sensors_ws/install/optris_drivers2/include/optris_drivers2/optris_drivers2/msg/detail/temperature__rosidl_typesupport_introspection_c.h
[0.827s] -- Up-to-date: /home/yeray/sensors_ws/install/optris_drivers2/include/optris_drivers2/optris_drivers2/msg/detail/temperature__type_support.c
[0.827s] -- Up-to-date: /home/yeray/sensors_ws/install/optris_drivers2/lib/liboptris_drivers2__rosidl_typesupport_introspection_c.so
[0.827s] -- Up-to-date: /home/yeray/sensors_ws/install/optris_drivers2/lib/liboptris_drivers2__rosidl_typesupport_c.so
[0.828s] -- Up-to-date: /home/yeray/sensors_ws/install/optris_drivers2/include/optris_drivers2/optris_drivers2
[0.828s] -- Up-to-date: /home/yeray/sensors_ws/install/optris_drivers2/include/optris_drivers2/optris_drivers2/srv
[0.828s] -- Up-to-date: /home/yeray/sensors_ws/install/optris_drivers2/include/optris_drivers2/optris_drivers2/srv/detail
[0.828s] -- Up-to-date: /home/yeray/sensors_ws/install/optris_drivers2/include/optris_drivers2/optris_drivers2/srv/detail/temperature_range__rosidl_typesupport_introspection_cpp.hpp
[0.828s] -- Up-to-date: /home/yeray/sensors_ws/install/optris_drivers2/include/optris_drivers2/optris_drivers2/srv/detail/auto_flag__type_support.cpp
[0.828s] -- Up-to-date: /home/yeray/sensors_ws/install/optris_drivers2/include/optris_drivers2/optris_drivers2/srv/detail/auto_flag__rosidl_typesupport_introspection_cpp.hpp
[0.828s] -- Up-to-date: /home/yeray/sensors_ws/install/optris_drivers2/include/optris_drivers2/optris_drivers2/srv/detail/palette__type_support.cpp
[0.829s] -- Up-to-date: /home/yeray/sensors_ws/install/optris_drivers2/include/optris_drivers2/optris_drivers2/srv/detail/palette__rosidl_typesupport_introspection_cpp.hpp
[0.829s] -- Up-to-date: /home/yeray/sensors_ws/install/optris_drivers2/include/optris_drivers2/optris_drivers2/srv/detail/temperature_range__type_support.cpp
[0.829s] -- Up-to-date: /home/yeray/sensors_ws/install/optris_drivers2/include/optris_drivers2/optris_drivers2/msg
[0.830s] -- Up-to-date: /home/yeray/sensors_ws/install/optris_drivers2/include/optris_drivers2/optris_drivers2/msg/detail
[0.830s] -- Up-to-date: /home/yeray/sensors_ws/install/optris_drivers2/include/optris_drivers2/optris_drivers2/msg/detail/temperature__rosidl_typesupport_introspection_cpp.hpp
[0.830s] -- Up-to-date: /home/yeray/sensors_ws/install/optris_drivers2/include/optris_drivers2/optris_drivers2/msg/detail/flag__type_support.cpp
[0.830s] -- Up-to-date: /home/yeray/sensors_ws/install/optris_drivers2/include/optris_drivers2/optris_drivers2/msg/detail/flag__rosidl_typesupport_introspection_cpp.hpp
[0.831s] -- Up-to-date: /home/yeray/sensors_ws/install/optris_drivers2/include/optris_drivers2/optris_drivers2/msg/detail/temperature__type_support.cpp
[0.831s] -- Up-to-date: /home/yeray/sensors_ws/install/optris_drivers2/lib/liboptris_drivers2__rosidl_typesupport_introspection_cpp.so
[0.832s] -- Up-to-date: /home/yeray/sensors_ws/install/optris_drivers2/lib/liboptris_drivers2__rosidl_typesupport_cpp.so
[0.832s] -- Up-to-date: /home/yeray/sensors_ws/install/optris_drivers2/share/optris_drivers2/environment/pythonpath.sh
[0.833s] -- Up-to-date: /home/yeray/sensors_ws/install/optris_drivers2/share/optris_drivers2/environment/pythonpath.dsv
[0.833s] -- Up-to-date: /home/yeray/sensors_ws/install/optris_drivers2/local/lib/python3.10/dist-packages/optris_drivers2-0.0.1-py3.10.egg-info
[0.833s] -- Installing: /home/yeray/sensors_ws/install/optris_drivers2/local/lib/python3.10/dist-packages/optris_drivers2-0.0.1-py3.10.egg-info/SOURCES.txt
[0.833s] -- Installing: /home/yeray/sensors_ws/install/optris_drivers2/local/lib/python3.10/dist-packages/optris_drivers2-0.0.1-py3.10.egg-info/PKG-INFO
[0.833s] -- Installing: /home/yeray/sensors_ws/install/optris_drivers2/local/lib/python3.10/dist-packages/optris_drivers2-0.0.1-py3.10.egg-info/top_level.txt
[0.833s] -- Installing: /home/yeray/sensors_ws/install/optris_drivers2/local/lib/python3.10/dist-packages/optris_drivers2-0.0.1-py3.10.egg-info/dependency_links.txt
[0.833s] -- Up-to-date: /home/yeray/sensors_ws/install/optris_drivers2/local/lib/python3.10/dist-packages/optris_drivers2
[0.834s] -- Up-to-date: /home/yeray/sensors_ws/install/optris_drivers2/local/lib/python3.10/dist-packages/optris_drivers2/srv
[0.834s] -- Up-to-date: /home/yeray/sensors_ws/install/optris_drivers2/local/lib/python3.10/dist-packages/optris_drivers2/srv/_auto_flag_s.c
[0.834s] -- Up-to-date: /home/yeray/sensors_ws/install/optris_drivers2/local/lib/python3.10/dist-packages/optris_drivers2/srv/__init__.py
[0.834s] -- Up-to-date: /home/yeray/sensors_ws/install/optris_drivers2/local/lib/python3.10/dist-packages/optris_drivers2/srv/_auto_flag.py
[0.834s] -- Up-to-date: /home/yeray/sensors_ws/install/optris_drivers2/local/lib/python3.10/dist-packages/optris_drivers2/srv/_temperature_range.py
[0.834s] -- Up-to-date: /home/yeray/sensors_ws/install/optris_drivers2/local/lib/python3.10/dist-packages/optris_drivers2/srv/_palette.py
[0.834s] -- Up-to-date: /home/yeray/sensors_ws/install/optris_drivers2/local/lib/python3.10/dist-packages/optris_drivers2/srv/_palette_s.c
[0.834s] -- Up-to-date: /home/yeray/sensors_ws/install/optris_drivers2/local/lib/python3.10/dist-packages/optris_drivers2/srv/_temperature_range_s.c
[0.834s] -- Up-to-date: /home/yeray/sensors_ws/install/optris_drivers2/local/lib/python3.10/dist-packages/optris_drivers2/__init__.py
[0.834s] -- Up-to-date: /home/yeray/sensors_ws/install/optris_drivers2/local/lib/python3.10/dist-packages/optris_drivers2/msg
[0.835s] -- Up-to-date: /home/yeray/sensors_ws/install/optris_drivers2/local/lib/python3.10/dist-packages/optris_drivers2/msg/_temperature_s.c
[0.835s] -- Up-to-date: /home/yeray/sensors_ws/install/optris_drivers2/local/lib/python3.10/dist-packages/optris_drivers2/msg/__init__.py
[0.835s] -- Up-to-date: /home/yeray/sensors_ws/install/optris_drivers2/local/lib/python3.10/dist-packages/optris_drivers2/msg/_flag.py
[0.835s] -- Up-to-date: /home/yeray/sensors_ws/install/optris_drivers2/local/lib/python3.10/dist-packages/optris_drivers2/msg/_temperature.py
[0.835s] -- Up-to-date: /home/yeray/sensors_ws/install/optris_drivers2/local/lib/python3.10/dist-packages/optris_drivers2/msg/_flag_s.c
[0.835s] -- Up-to-date: /home/yeray/sensors_ws/install/optris_drivers2/local/lib/python3.10/dist-packages/optris_drivers2/liboptris_drivers2__rosidl_generator_py.so
[0.835s] -- Up-to-date: /home/yeray/sensors_ws/install/optris_drivers2/local/lib/python3.10/dist-packages/optris_drivers2/optris_drivers2_s__rosidl_typesupport_introspection_c.cpython-310-x86_64-linux-gnu.so
[0.835s] -- Up-to-date: /home/yeray/sensors_ws/install/optris_drivers2/local/lib/python3.10/dist-packages/optris_drivers2/optris_drivers2_s__rosidl_typesupport_fastrtps_c.cpython-310-x86_64-linux-gnu.so
[0.835s] -- Up-to-date: /home/yeray/sensors_ws/install/optris_drivers2/local/lib/python3.10/dist-packages/optris_drivers2/_optris_drivers2_s.ep.rosidl_typesupport_fastrtps_c.c
[0.835s] -- Up-to-date: /home/yeray/sensors_ws/install/optris_drivers2/local/lib/python3.10/dist-packages/optris_drivers2/optris_drivers2_s__rosidl_typesupport_c.cpython-310-x86_64-linux-gnu.so
[0.836s] -- Up-to-date: /home/yeray/sensors_ws/install/optris_drivers2/local/lib/python3.10/dist-packages/optris_drivers2/_optris_drivers2_s.ep.rosidl_typesupport_c.c
[0.836s] -- Up-to-date: /home/yeray/sensors_ws/install/optris_drivers2/local/lib/python3.10/dist-packages/optris_drivers2/_optris_drivers2_s.ep.rosidl_typesupport_introspection_c.c
[0.849s] Listing '/home/yeray/sensors_ws/install/optris_drivers2/local/lib/python3.10/dist-packages/optris_drivers2'...
[0.850s] Listing '/home/yeray/sensors_ws/install/optris_drivers2/local/lib/python3.10/dist-packages/optris_drivers2/msg'...
[0.850s] Listing '/home/yeray/sensors_ws/install/optris_drivers2/local/lib/python3.10/dist-packages/optris_drivers2/srv'...
[0.854s] -- Up-to-date: /home/yeray/sensors_ws/install/optris_drivers2/local/lib/python3.10/dist-packages/optris_drivers2/optris_drivers2_s__rosidl_typesupport_fastrtps_c.cpython-310-x86_64-linux-gnu.so
[0.854s] -- Up-to-date: /home/yeray/sensors_ws/install/optris_drivers2/local/lib/python3.10/dist-packages/optris_drivers2/optris_drivers2_s__rosidl_typesupport_introspection_c.cpython-310-x86_64-linux-gnu.so
[0.854s] -- Up-to-date: /home/yeray/sensors_ws/install/optris_drivers2/local/lib/python3.10/dist-packages/optris_drivers2/optris_drivers2_s__rosidl_typesupport_c.cpython-310-x86_64-linux-gnu.so
[0.856s] -- Up-to-date: /home/yeray/sensors_ws/install/optris_drivers2/lib/liboptris_drivers2__rosidl_generator_py.so
[0.856s] -- Up-to-date: /home/yeray/sensors_ws/install/optris_drivers2/share/optris_drivers2/msg/Temperature.idl
[0.856s] -- Up-to-date: /home/yeray/sensors_ws/install/optris_drivers2/share/optris_drivers2/msg/Flag.idl
[0.856s] -- Up-to-date: /home/yeray/sensors_ws/install/optris_drivers2/share/optris_drivers2/srv/AutoFlag.idl
[0.856s] -- Up-to-date: /home/yeray/sensors_ws/install/optris_drivers2/share/optris_drivers2/srv/TemperatureRange.idl
[0.856s] -- Up-to-date: /home/yeray/sensors_ws/install/optris_drivers2/share/optris_drivers2/srv/Palette.idl
[0.856s] -- Up-to-date: /home/yeray/sensors_ws/install/optris_drivers2/share/optris_drivers2/msg/Temperature.msg
[0.856s] -- Up-to-date: /home/yeray/sensors_ws/install/optris_drivers2/share/optris_drivers2/msg/Flag.msg
[0.856s] -- Up-to-date: /home/yeray/sensors_ws/install/optris_drivers2/share/optris_drivers2/srv/AutoFlag.srv
[0.856s] -- Up-to-date: /home/yeray/sensors_ws/install/optris_drivers2/share/optris_drivers2/srv/AutoFlag_Request.msg
[0.856s] -- Up-to-date: /home/yeray/sensors_ws/install/optris_drivers2/share/optris_drivers2/srv/AutoFlag_Response.msg
[0.856s] -- Up-to-date: /home/yeray/sensors_ws/install/optris_drivers2/share/optris_drivers2/srv/TemperatureRange.srv
[0.856s] -- Up-to-date: /home/yeray/sensors_ws/install/optris_drivers2/share/optris_drivers2/srv/TemperatureRange_Request.msg
[0.857s] -- Up-to-date: /home/yeray/sensors_ws/install/optris_drivers2/share/optris_drivers2/srv/TemperatureRange_Response.msg
[0.857s] -- Up-to-date: /home/yeray/sensors_ws/install/optris_drivers2/share/optris_drivers2/srv/Palette.srv
[0.857s] -- Up-to-date: /home/yeray/sensors_ws/install/optris_drivers2/share/optris_drivers2/srv/Palette_Request.msg
[0.857s] -- Up-to-date: /home/yeray/sensors_ws/install/optris_drivers2/share/optris_drivers2/srv/Palette_Response.msg
[0.857s] -- Up-to-date: /home/yeray/sensors_ws/install/optris_drivers2/lib/optris_drivers2/optris_imager_node
[0.857s] -- Up-to-date: /home/yeray/sensors_ws/install/optris_drivers2/lib/optris_drivers2/optris_colorconvert_node
[0.857s] -- Up-to-date: /home/yeray/sensors_ws/install/optris_drivers2/share/ament_index/resource_index/package_run_dependencies/optris_drivers2
[0.857s] -- Up-to-date: /home/yeray/sensors_ws/install/optris_drivers2/share/ament_index/resource_index/parent_prefix_path/optris_drivers2
[0.857s] -- Up-to-date: /home/yeray/sensors_ws/install/optris_drivers2/share/optris_drivers2/environment/ament_prefix_path.sh
[0.857s] -- Up-to-date: /home/yeray/sensors_ws/install/optris_drivers2/share/optris_drivers2/environment/ament_prefix_path.dsv
[0.858s] -- Up-to-date: /home/yeray/sensors_ws/install/optris_drivers2/share/optris_drivers2/environment/path.sh
[0.858s] -- Up-to-date: /home/yeray/sensors_ws/install/optris_drivers2/share/optris_drivers2/environment/path.dsv
[0.858s] -- Up-to-date: /home/yeray/sensors_ws/install/optris_drivers2/share/optris_drivers2/local_setup.bash
[0.858s] -- Up-to-date: /home/yeray/sensors_ws/install/optris_drivers2/share/optris_drivers2/local_setup.sh
[0.858s] -- Up-to-date: /home/yeray/sensors_ws/install/optris_drivers2/share/optris_drivers2/local_setup.zsh
[0.858s] -- Up-to-date: /home/yeray/sensors_ws/install/optris_drivers2/share/optris_drivers2/local_setup.dsv
[0.858s] -- Installing: /home/yeray/sensors_ws/install/optris_drivers2/share/optris_drivers2/package.dsv
[0.858s] -- Up-to-date: /home/yeray/sensors_ws/install/optris_drivers2/share/ament_index/resource_index/packages/optris_drivers2
[0.858s] -- Up-to-date: /home/yeray/sensors_ws/install/optris_drivers2/share/optris_drivers2/cmake/export_optris_drivers2__rosidl_generator_cExport.cmake
[0.858s] -- Up-to-date: /home/yeray/sensors_ws/install/optris_drivers2/share/optris_drivers2/cmake/export_optris_drivers2__rosidl_generator_cExport-noconfig.cmake
[0.858s] -- Up-to-date: /home/yeray/sensors_ws/install/optris_drivers2/share/optris_drivers2/cmake/export_optris_drivers2__rosidl_typesupport_fastrtps_cExport.cmake
[0.858s] -- Up-to-date: /home/yeray/sensors_ws/install/optris_drivers2/share/optris_drivers2/cmake/export_optris_drivers2__rosidl_typesupport_fastrtps_cExport-noconfig.cmake
[0.858s] -- Up-to-date: /home/yeray/sensors_ws/install/optris_drivers2/share/optris_drivers2/cmake/export_optris_drivers2__rosidl_generator_cppExport.cmake
[0.859s] -- Up-to-date: /home/yeray/sensors_ws/install/optris_drivers2/share/optris_drivers2/cmake/export_optris_drivers2__rosidl_typesupport_fastrtps_cppExport.cmake
[0.859s] -- Up-to-date: /home/yeray/sensors_ws/install/optris_drivers2/share/optris_drivers2/cmake/export_optris_drivers2__rosidl_typesupport_fastrtps_cppExport-noconfig.cmake
[0.859s] -- Up-to-date: /home/yeray/sensors_ws/install/optris_drivers2/share/optris_drivers2/cmake/optris_drivers2__rosidl_typesupport_introspection_cExport.cmake
[0.859s] -- Up-to-date: /home/yeray/sensors_ws/install/optris_drivers2/share/optris_drivers2/cmake/optris_drivers2__rosidl_typesupport_introspection_cExport-noconfig.cmake
[0.859s] -- Up-to-date: /home/yeray/sensors_ws/install/optris_drivers2/share/optris_drivers2/cmake/optris_drivers2__rosidl_typesupport_cExport.cmake
[0.859s] -- Up-to-date: /home/yeray/sensors_ws/install/optris_drivers2/share/optris_drivers2/cmake/optris_drivers2__rosidl_typesupport_cExport-noconfig.cmake
[0.859s] -- Up-to-date: /home/yeray/sensors_ws/install/optris_drivers2/share/optris_drivers2/cmake/optris_drivers2__rosidl_typesupport_introspection_cppExport.cmake
[0.859s] -- Up-to-date: /home/yeray/sensors_ws/install/optris_drivers2/share/optris_drivers2/cmake/optris_drivers2__rosidl_typesupport_introspection_cppExport-noconfig.cmake
[0.859s] -- Up-to-date: /home/yeray/sensors_ws/install/optris_drivers2/share/optris_drivers2/cmake/optris_drivers2__rosidl_typesupport_cppExport.cmake
[0.859s] -- Up-to-date: /home/yeray/sensors_ws/install/optris_drivers2/share/optris_drivers2/cmake/optris_drivers2__rosidl_typesupport_cppExport-noconfig.cmake
[0.859s] -- Up-to-date: /home/yeray/sensors_ws/install/optris_drivers2/share/optris_drivers2/cmake/export_optris_drivers2__rosidl_generator_pyExport.cmake
[0.859s] -- Up-to-date: /home/yeray/sensors_ws/install/optris_drivers2/share/optris_drivers2/cmake/export_optris_drivers2__rosidl_generator_pyExport-noconfig.cmake
[0.859s] -- Up-to-date: /home/yeray/sensors_ws/install/optris_drivers2/share/optris_drivers2/cmake/rosidl_cmake-extras.cmake
[0.859s] -- Up-to-date: /home/yeray/sensors_ws/install/optris_drivers2/share/optris_drivers2/cmake/ament_cmake_export_dependencies-extras.cmake
[0.860s] -- Up-to-date: /home/yeray/sensors_ws/install/optris_drivers2/share/optris_drivers2/cmake/ament_cmake_export_include_directories-extras.cmake
[0.860s] -- Up-to-date: /home/yeray/sensors_ws/install/optris_drivers2/share/optris_drivers2/cmake/ament_cmake_export_libraries-extras.cmake
[0.860s] -- Up-to-date: /home/yeray/sensors_ws/install/optris_drivers2/share/optris_drivers2/cmake/ament_cmake_export_targets-extras.cmake
[0.860s] -- Up-to-date: /home/yeray/sensors_ws/install/optris_drivers2/share/optris_drivers2/cmake/rosidl_cmake_export_typesupport_targets-extras.cmake
[0.860s] -- Up-to-date: /home/yeray/sensors_ws/install/optris_drivers2/share/optris_drivers2/cmake/rosidl_cmake_export_typesupport_libraries-extras.cmake
[0.860s] -- Up-to-date: /home/yeray/sensors_ws/install/optris_drivers2/share/optris_drivers2/cmake/optris_drivers2Config.cmake
[0.860s] -- Up-to-date: /home/yeray/sensors_ws/install/optris_drivers2/share/optris_drivers2/cmake/optris_drivers2Config-version.cmake
[0.860s] -- Up-to-date: /home/yeray/sensors_ws/install/optris_drivers2/share/optris_drivers2/package.xml
[0.870s] Invoked command in '/home/yeray/sensors_ws/build/optris_drivers2' returned '0': CMAKE_PREFIX_PATH=${CMAKE_PREFIX_PATH}:/opt/ros/humble /usr/bin/cmake --install /home/yeray/sensors_ws/build/optris_drivers2
