[0.022s] Invoking command in '/home/yeray/sensors_ws/build/optris_drivers2': CMAKE_PREFIX_PATH=${CMAKE_PREFIX_PATH}:/opt/ros/humble /usr/bin/cmake --build /home/yeray/sensors_ws/build/optris_drivers2 -- -j8 -l8
[0.150s] [  1%] Built target optris_drivers2__cpp
[0.177s] [  1%] Built target ament_cmake_python_copy_optris_drivers2
[0.185s] [ 11%] Built target optris_drivers2__rosidl_generator_c
[0.234s] [ 21%] Built target optris_drivers2__rosidl_typesupport_cpp
[0.248s] [ 31%] Built target optris_drivers2__rosidl_typesupport_introspection_cpp
[0.256s] [ 42%] Built target optris_drivers2__rosidl_typesupport_fastrtps_cpp
[0.269s] [ 52%] Built target optris_drivers2__rosidl_typesupport_c
[0.278s] [ 62%] Built target optris_drivers2__rosidl_typesupport_introspection_c
[0.284s] [ 72%] Built target optris_drivers2__rosidl_typesupport_fastrtps_c
[0.315s] [ 72%] Built target optris_drivers2
[0.354s] [ 73%] Built target optris_drivers2__py
[0.373s] [ 78%] Built target optris_imager_node
[0.379s] [ 82%] Built target optris_colorconvert_node
[0.395s] [ 91%] Built target optris_drivers2__rosidl_generator_py
[0.459s] [ 94%] Built target optris_drivers2__rosidl_typesupport_fastrtps_c__pyext
[0.461s] [ 97%] Built target optris_drivers2__rosidl_typesupport_c__pyext
[0.467s] [100%] Built target optris_drivers2__rosidl_typesupport_introspection_c__pyext
[0.633s] running egg_info
[0.634s] writing optris_drivers2.egg-info/PKG-INFO
[0.635s] writing dependency_links to optris_drivers2.egg-info/dependency_links.txt
[0.635s] writing top-level names to optris_drivers2.egg-info/top_level.txt
[0.638s] reading manifest file 'optris_drivers2.egg-info/SOURCES.txt'
[0.639s] writing manifest file 'optris_drivers2.egg-info/SOURCES.txt'
[0.684s] [100%] Built target ament_cmake_python_build_optris_drivers2_egg
[0.699s] Invoked command in '/home/yeray/sensors_ws/build/optris_drivers2' returned '0': CMAKE_PREFIX_PATH=${CMAKE_PREFIX_PATH}:/opt/ros/humble /usr/bin/cmake --build /home/yeray/sensors_ws/build/optris_drivers2 -- -j8 -l8
[0.878s] Invoking command in '/home/yeray/sensors_ws/build/optris_drivers2': CMAKE_PREFIX_PATH=${CMAKE_PREFIX_PATH}:/opt/ros/humble /usr/bin/cmake --install /home/yeray/sensors_ws/build/optris_drivers2
[0.894s] -- Install configuration: ""
[0.895s] -- Up-to-date: /home/yeray/sensors_ws/install/optris_drivers2/share/ament_index/resource_index/rosidl_interfaces/optris_drivers2
[0.898s] -- Up-to-date: /home/yeray/sensors_ws/install/optris_drivers2/include/optris_drivers2/optris_drivers2
[0.898s] -- Up-to-date: /home/yeray/sensors_ws/install/optris_drivers2/include/optris_drivers2/optris_drivers2/srv
[0.898s] -- Up-to-date: /home/yeray/sensors_ws/install/optris_drivers2/include/optris_drivers2/optris_drivers2/srv/temperature_range.h
[0.898s] -- Up-to-date: /home/yeray/sensors_ws/install/optris_drivers2/include/optris_drivers2/optris_drivers2/srv/palette.h
[0.898s] -- Up-to-date: /home/yeray/sensors_ws/install/optris_drivers2/include/optris_drivers2/optris_drivers2/srv/detail
[0.899s] -- Up-to-date: /home/yeray/sensors_ws/install/optris_drivers2/include/optris_drivers2/optris_drivers2/srv/detail/temperature_range__type_support.h
[0.900s] -- Up-to-date: /home/yeray/sensors_ws/install/optris_drivers2/include/optris_drivers2/optris_drivers2/srv/detail/palette__struct.h
[0.900s] -- Up-to-date: /home/yeray/sensors_ws/install/optris_drivers2/include/optris_drivers2/optris_drivers2/srv/detail/auto_flag__struct.h
[0.900s] -- Up-to-date: /home/yeray/sensors_ws/install/optris_drivers2/include/optris_drivers2/optris_drivers2/srv/detail/auto_flag__functions.h
[0.901s] -- Up-to-date: /home/yeray/sensors_ws/install/optris_drivers2/include/optris_drivers2/optris_drivers2/srv/detail/temperature_range__functions.c
[0.901s] -- Up-to-date: /home/yeray/sensors_ws/install/optris_drivers2/include/optris_drivers2/optris_drivers2/srv/detail/palette__functions.c
[0.901s] -- Up-to-date: /home/yeray/sensors_ws/install/optris_drivers2/include/optris_drivers2/optris_drivers2/srv/detail/auto_flag__functions.c
[0.901s] -- Up-to-date: /home/yeray/sensors_ws/install/optris_drivers2/include/optris_drivers2/optris_drivers2/srv/detail/auto_flag__type_support.h
[0.901s] -- Up-to-date: /home/yeray/sensors_ws/install/optris_drivers2/include/optris_drivers2/optris_drivers2/srv/detail/temperature_range__struct.h
[0.901s] -- Up-to-date: /home/yeray/sensors_ws/install/optris_drivers2/include/optris_drivers2/optris_drivers2/srv/detail/palette__functions.h
[0.901s] -- Up-to-date: /home/yeray/sensors_ws/install/optris_drivers2/include/optris_drivers2/optris_drivers2/srv/detail/temperature_range__functions.h
[0.901s] -- Up-to-date: /home/yeray/sensors_ws/install/optris_drivers2/include/optris_drivers2/optris_drivers2/srv/detail/palette__type_support.h
[0.901s] -- Up-to-date: /home/yeray/sensors_ws/install/optris_drivers2/include/optris_drivers2/optris_drivers2/srv/auto_flag.h
[0.901s] -- Up-to-date: /home/yeray/sensors_ws/install/optris_drivers2/include/optris_drivers2/optris_drivers2/msg
[0.902s] -- Up-to-date: /home/yeray/sensors_ws/install/optris_drivers2/include/optris_drivers2/optris_drivers2/msg/flag.h
[0.902s] -- Up-to-date: /home/yeray/sensors_ws/install/optris_drivers2/include/optris_drivers2/optris_drivers2/msg/rosidl_generator_c__visibility_control.h
[0.902s] -- Up-to-date: /home/yeray/sensors_ws/install/optris_drivers2/include/optris_drivers2/optris_drivers2/msg/detail
[0.904s] -- Up-to-date: /home/yeray/sensors_ws/install/optris_drivers2/include/optris_drivers2/optris_drivers2/msg/detail/flag__functions.c
[0.904s] -- Up-to-date: /home/yeray/sensors_ws/install/optris_drivers2/include/optris_drivers2/optris_drivers2/msg/detail/temperature__struct.h
[0.904s] -- Up-to-date: /home/yeray/sensors_ws/install/optris_drivers2/include/optris_drivers2/optris_drivers2/msg/detail/temperature__type_support.h
[0.904s] -- Up-to-date: /home/yeray/sensors_ws/install/optris_drivers2/include/optris_drivers2/optris_drivers2/msg/detail/flag__struct.h
[0.904s] -- Up-to-date: /home/yeray/sensors_ws/install/optris_drivers2/include/optris_drivers2/optris_drivers2/msg/detail/temperature__functions.c
[0.904s] -- Up-to-date: /home/yeray/sensors_ws/install/optris_drivers2/include/optris_drivers2/optris_drivers2/msg/detail/flag__functions.h
[0.904s] -- Up-to-date: /home/yeray/sensors_ws/install/optris_drivers2/include/optris_drivers2/optris_drivers2/msg/detail/flag__type_support.h
[0.905s] -- Up-to-date: /home/yeray/sensors_ws/install/optris_drivers2/include/optris_drivers2/optris_drivers2/msg/detail/temperature__functions.h
[0.905s] -- Up-to-date: /home/yeray/sensors_ws/install/optris_drivers2/include/optris_drivers2/optris_drivers2/msg/temperature.h
[0.905s] -- Up-to-date: /home/yeray/sensors_ws/install/optris_drivers2/share/optris_drivers2/environment/library_path.sh
[0.905s] -- Up-to-date: /home/yeray/sensors_ws/install/optris_drivers2/share/optris_drivers2/environment/library_path.dsv
[0.905s] -- Up-to-date: /home/yeray/sensors_ws/install/optris_drivers2/lib/liboptris_drivers2__rosidl_generator_c.so
[0.910s] -- Up-to-date: /home/yeray/sensors_ws/install/optris_drivers2/include/optris_drivers2/optris_drivers2
[0.910s] -- Up-to-date: /home/yeray/sensors_ws/install/optris_drivers2/include/optris_drivers2/optris_drivers2/srv
[0.910s] -- Up-to-date: /home/yeray/sensors_ws/install/optris_drivers2/include/optris_drivers2/optris_drivers2/srv/detail
[0.911s] -- Up-to-date: /home/yeray/sensors_ws/install/optris_drivers2/include/optris_drivers2/optris_drivers2/srv/detail/auto_flag__rosidl_typesupport_fastrtps_c.h
[0.911s] -- Up-to-date: /home/yeray/sensors_ws/install/optris_drivers2/include/optris_drivers2/optris_drivers2/srv/detail/temperature_range__rosidl_typesupport_fastrtps_c.h
[0.911s] -- Up-to-date: /home/yeray/sensors_ws/install/optris_drivers2/include/optris_drivers2/optris_drivers2/srv/detail/palette__rosidl_typesupport_fastrtps_c.h
[0.911s] -- Up-to-date: /home/yeray/sensors_ws/install/optris_drivers2/include/optris_drivers2/optris_drivers2/msg
[0.911s] -- Up-to-date: /home/yeray/sensors_ws/install/optris_drivers2/include/optris_drivers2/optris_drivers2/msg/rosidl_typesupport_fastrtps_c__visibility_control.h
[0.912s] -- Up-to-date: /home/yeray/sensors_ws/install/optris_drivers2/include/optris_drivers2/optris_drivers2/msg/detail
[0.912s] -- Up-to-date: /home/yeray/sensors_ws/install/optris_drivers2/include/optris_drivers2/optris_drivers2/msg/detail/flag__rosidl_typesupport_fastrtps_c.h
[0.912s] -- Up-to-date: /home/yeray/sensors_ws/install/optris_drivers2/include/optris_drivers2/optris_drivers2/msg/detail/temperature__rosidl_typesupport_fastrtps_c.h
[0.918s] -- Up-to-date: /home/yeray/sensors_ws/install/optris_drivers2/lib/liboptris_drivers2__rosidl_typesupport_fastrtps_c.so
[0.918s] -- Up-to-date: /home/yeray/sensors_ws/install/optris_drivers2/include/optris_drivers2/optris_drivers2
[0.918s] -- Up-to-date: /home/yeray/sensors_ws/install/optris_drivers2/include/optris_drivers2/optris_drivers2/srv
[0.918s] -- Up-to-date: /home/yeray/sensors_ws/install/optris_drivers2/include/optris_drivers2/optris_drivers2/srv/detail
[0.918s] -- Up-to-date: /home/yeray/sensors_ws/install/optris_drivers2/include/optris_drivers2/optris_drivers2/srv/detail/auto_flag__builder.hpp
[0.919s] -- Up-to-date: /home/yeray/sensors_ws/install/optris_drivers2/include/optris_drivers2/optris_drivers2/srv/detail/auto_flag__struct.hpp
[0.919s] -- Up-to-date: /home/yeray/sensors_ws/install/optris_drivers2/include/optris_drivers2/optris_drivers2/srv/detail/palette__traits.hpp
[0.919s] -- Up-to-date: /home/yeray/sensors_ws/install/optris_drivers2/include/optris_drivers2/optris_drivers2/srv/detail/temperature_range__builder.hpp
[0.919s] -- Up-to-date: /home/yeray/sensors_ws/install/optris_drivers2/include/optris_drivers2/optris_drivers2/srv/detail/palette__builder.hpp
[0.920s] -- Up-to-date: /home/yeray/sensors_ws/install/optris_drivers2/include/optris_drivers2/optris_drivers2/srv/detail/auto_flag__traits.hpp
[0.920s] -- Up-to-date: /home/yeray/sensors_ws/install/optris_drivers2/include/optris_drivers2/optris_drivers2/srv/detail/temperature_range__struct.hpp
[0.920s] -- Up-to-date: /home/yeray/sensors_ws/install/optris_drivers2/include/optris_drivers2/optris_drivers2/srv/detail/temperature_range__traits.hpp
[0.920s] -- Up-to-date: /home/yeray/sensors_ws/install/optris_drivers2/include/optris_drivers2/optris_drivers2/srv/detail/palette__struct.hpp
[0.920s] -- Up-to-date: /home/yeray/sensors_ws/install/optris_drivers2/include/optris_drivers2/optris_drivers2/srv/palette.hpp
[0.920s] -- Up-to-date: /home/yeray/sensors_ws/install/optris_drivers2/include/optris_drivers2/optris_drivers2/srv/auto_flag.hpp
[0.921s] -- Up-to-date: /home/yeray/sensors_ws/install/optris_drivers2/include/optris_drivers2/optris_drivers2/srv/temperature_range.hpp
[0.921s] -- Up-to-date: /home/yeray/sensors_ws/install/optris_drivers2/include/optris_drivers2/optris_drivers2/msg
[0.921s] -- Up-to-date: /home/yeray/sensors_ws/install/optris_drivers2/include/optris_drivers2/optris_drivers2/msg/flag.hpp
[0.921s] -- Up-to-date: /home/yeray/sensors_ws/install/optris_drivers2/include/optris_drivers2/optris_drivers2/msg/temperature.hpp
[0.922s] -- Up-to-date: /home/yeray/sensors_ws/install/optris_drivers2/include/optris_drivers2/optris_drivers2/msg/detail
[0.922s] -- Up-to-date: /home/yeray/sensors_ws/install/optris_drivers2/include/optris_drivers2/optris_drivers2/msg/detail/flag__traits.hpp
[0.922s] -- Up-to-date: /home/yeray/sensors_ws/install/optris_drivers2/include/optris_drivers2/optris_drivers2/msg/detail/temperature__traits.hpp
[0.922s] -- Up-to-date: /home/yeray/sensors_ws/install/optris_drivers2/include/optris_drivers2/optris_drivers2/msg/detail/flag__struct.hpp
[0.922s] -- Up-to-date: /home/yeray/sensors_ws/install/optris_drivers2/include/optris_drivers2/optris_drivers2/msg/detail/temperature__builder.hpp
[0.923s] -- Up-to-date: /home/yeray/sensors_ws/install/optris_drivers2/include/optris_drivers2/optris_drivers2/msg/detail/temperature__struct.hpp
[0.923s] -- Up-to-date: /home/yeray/sensors_ws/install/optris_drivers2/include/optris_drivers2/optris_drivers2/msg/detail/flag__builder.hpp
[0.923s] -- Up-to-date: /home/yeray/sensors_ws/install/optris_drivers2/include/optris_drivers2/optris_drivers2
[0.923s] -- Up-to-date: /home/yeray/sensors_ws/install/optris_drivers2/include/optris_drivers2/optris_drivers2/srv
[0.923s] -- Up-to-date: /home/yeray/sensors_ws/install/optris_drivers2/include/optris_drivers2/optris_drivers2/srv/detail
[0.923s] -- Up-to-date: /home/yeray/sensors_ws/install/optris_drivers2/include/optris_drivers2/optris_drivers2/srv/detail/auto_flag__rosidl_typesupport_fastrtps_cpp.hpp
[0.924s] -- Up-to-date: /home/yeray/sensors_ws/install/optris_drivers2/include/optris_drivers2/optris_drivers2/srv/detail/dds_fastrtps
[0.924s] -- Up-to-date: /home/yeray/sensors_ws/install/optris_drivers2/include/optris_drivers2/optris_drivers2/srv/detail/temperature_range__rosidl_typesupport_fastrtps_cpp.hpp
[0.924s] -- Up-to-date: /home/yeray/sensors_ws/install/optris_drivers2/include/optris_drivers2/optris_drivers2/srv/detail/palette__rosidl_typesupport_fastrtps_cpp.hpp
[0.924s] -- Up-to-date: /home/yeray/sensors_ws/install/optris_drivers2/include/optris_drivers2/optris_drivers2/msg
[0.924s] -- Up-to-date: /home/yeray/sensors_ws/install/optris_drivers2/include/optris_drivers2/optris_drivers2/msg/rosidl_typesupport_fastrtps_cpp__visibility_control.h
[0.924s] -- Up-to-date: /home/yeray/sensors_ws/install/optris_drivers2/include/optris_drivers2/optris_drivers2/msg/detail
[0.925s] -- Up-to-date: /home/yeray/sensors_ws/install/optris_drivers2/include/optris_drivers2/optris_drivers2/msg/detail/dds_fastrtps
[0.925s] -- Up-to-date: /home/yeray/sensors_ws/install/optris_drivers2/include/optris_drivers2/optris_drivers2/msg/detail/temperature__rosidl_typesupport_fastrtps_cpp.hpp
[0.925s] -- Up-to-date: /home/yeray/sensors_ws/install/optris_drivers2/include/optris_drivers2/optris_drivers2/msg/detail/flag__rosidl_typesupport_fastrtps_cpp.hpp
[0.925s] -- Up-to-date: /home/yeray/sensors_ws/install/optris_drivers2/lib/liboptris_drivers2__rosidl_typesupport_fastrtps_cpp.so
[0.925s] -- Up-to-date: /home/yeray/sensors_ws/install/optris_drivers2/include/optris_drivers2/optris_drivers2
[0.926s] -- Up-to-date: /home/yeray/sensors_ws/install/optris_drivers2/include/optris_drivers2/optris_drivers2/srv
[0.926s] -- Up-to-date: /home/yeray/sensors_ws/install/optris_drivers2/include/optris_drivers2/optris_drivers2/srv/detail
[0.926s] -- Up-to-date: /home/yeray/sensors_ws/install/optris_drivers2/include/optris_drivers2/optris_drivers2/srv/detail/palette__rosidl_typesupport_introspection_c.h
[0.926s] -- Up-to-date: /home/yeray/sensors_ws/install/optris_drivers2/include/optris_drivers2/optris_drivers2/srv/detail/temperature_range__type_support.c
[0.926s] -- Up-to-date: /home/yeray/sensors_ws/install/optris_drivers2/include/optris_drivers2/optris_drivers2/srv/detail/palette__type_support.c
[0.926s] -- Up-to-date: /home/yeray/sensors_ws/install/optris_drivers2/include/optris_drivers2/optris_drivers2/srv/detail/temperature_range__rosidl_typesupport_introspection_c.h
[0.927s] -- Up-to-date: /home/yeray/sensors_ws/install/optris_drivers2/include/optris_drivers2/optris_drivers2/srv/detail/auto_flag__type_support.c
[0.927s] -- Up-to-date: /home/yeray/sensors_ws/install/optris_drivers2/include/optris_drivers2/optris_drivers2/srv/detail/auto_flag__rosidl_typesupport_introspection_c.h
[0.927s] -- Up-to-date: /home/yeray/sensors_ws/install/optris_drivers2/include/optris_drivers2/optris_drivers2/msg
[0.927s] -- Up-to-date: /home/yeray/sensors_ws/install/optris_drivers2/include/optris_drivers2/optris_drivers2/msg/rosidl_typesupport_introspection_c__visibility_control.h
[0.927s] -- Up-to-date: /home/yeray/sensors_ws/install/optris_drivers2/include/optris_drivers2/optris_drivers2/msg/detail
[0.927s] -- Up-to-date: /home/yeray/sensors_ws/install/optris_drivers2/include/optris_drivers2/optris_drivers2/msg/detail/flag__rosidl_typesupport_introspection_c.h
[0.928s] -- Up-to-date: /home/yeray/sensors_ws/install/optris_drivers2/include/optris_drivers2/optris_drivers2/msg/detail/flag__type_support.c
[0.928s] -- Up-to-date: /home/yeray/sensors_ws/install/optris_drivers2/include/optris_drivers2/optris_drivers2/msg/detail/temperature__rosidl_typesupport_introspection_c.h
[0.928s] -- Up-to-date: /home/yeray/sensors_ws/install/optris_drivers2/include/optris_drivers2/optris_drivers2/msg/detail/temperature__type_support.c
[0.928s] -- Up-to-date: /home/yeray/sensors_ws/install/optris_drivers2/lib/liboptris_drivers2__rosidl_typesupport_introspection_c.so
[0.928s] -- Up-to-date: /home/yeray/sensors_ws/install/optris_drivers2/lib/liboptris_drivers2__rosidl_typesupport_c.so
[0.928s] -- Up-to-date: /home/yeray/sensors_ws/install/optris_drivers2/include/optris_drivers2/optris_drivers2
[0.929s] -- Up-to-date: /home/yeray/sensors_ws/install/optris_drivers2/include/optris_drivers2/optris_drivers2/srv
[0.929s] -- Up-to-date: /home/yeray/sensors_ws/install/optris_drivers2/include/optris_drivers2/optris_drivers2/srv/detail
[0.929s] -- Up-to-date: /home/yeray/sensors_ws/install/optris_drivers2/include/optris_drivers2/optris_drivers2/srv/detail/temperature_range__rosidl_typesupport_introspection_cpp.hpp
[0.929s] -- Up-to-date: /home/yeray/sensors_ws/install/optris_drivers2/include/optris_drivers2/optris_drivers2/srv/detail/auto_flag__type_support.cpp
[0.929s] -- Up-to-date: /home/yeray/sensors_ws/install/optris_drivers2/include/optris_drivers2/optris_drivers2/srv/detail/auto_flag__rosidl_typesupport_introspection_cpp.hpp
[0.929s] -- Up-to-date: /home/yeray/sensors_ws/install/optris_drivers2/include/optris_drivers2/optris_drivers2/srv/detail/palette__type_support.cpp
[0.930s] -- Up-to-date: /home/yeray/sensors_ws/install/optris_drivers2/include/optris_drivers2/optris_drivers2/srv/detail/palette__rosidl_typesupport_introspection_cpp.hpp
[0.930s] -- Up-to-date: /home/yeray/sensors_ws/install/optris_drivers2/include/optris_drivers2/optris_drivers2/srv/detail/temperature_range__type_support.cpp
[0.930s] -- Up-to-date: /home/yeray/sensors_ws/install/optris_drivers2/include/optris_drivers2/optris_drivers2/msg
[0.930s] -- Up-to-date: /home/yeray/sensors_ws/install/optris_drivers2/include/optris_drivers2/optris_drivers2/msg/detail
[0.930s] -- Up-to-date: /home/yeray/sensors_ws/install/optris_drivers2/include/optris_drivers2/optris_drivers2/msg/detail/temperature__rosidl_typesupport_introspection_cpp.hpp
[0.930s] -- Up-to-date: /home/yeray/sensors_ws/install/optris_drivers2/include/optris_drivers2/optris_drivers2/msg/detail/flag__type_support.cpp
[0.931s] -- Up-to-date: /home/yeray/sensors_ws/install/optris_drivers2/include/optris_drivers2/optris_drivers2/msg/detail/flag__rosidl_typesupport_introspection_cpp.hpp
[0.931s] -- Up-to-date: /home/yeray/sensors_ws/install/optris_drivers2/include/optris_drivers2/optris_drivers2/msg/detail/temperature__type_support.cpp
[0.931s] -- Up-to-date: /home/yeray/sensors_ws/install/optris_drivers2/lib/liboptris_drivers2__rosidl_typesupport_introspection_cpp.so
[0.931s] -- Up-to-date: /home/yeray/sensors_ws/install/optris_drivers2/lib/liboptris_drivers2__rosidl_typesupport_cpp.so
[0.931s] -- Up-to-date: /home/yeray/sensors_ws/install/optris_drivers2/share/optris_drivers2/environment/pythonpath.sh
[0.931s] -- Up-to-date: /home/yeray/sensors_ws/install/optris_drivers2/share/optris_drivers2/environment/pythonpath.dsv
[0.932s] -- Up-to-date: /home/yeray/sensors_ws/install/optris_drivers2/local/lib/python3.10/dist-packages/optris_drivers2-0.0.1-py3.10.egg-info
[0.932s] -- Installing: /home/yeray/sensors_ws/install/optris_drivers2/local/lib/python3.10/dist-packages/optris_drivers2-0.0.1-py3.10.egg-info/SOURCES.txt
[0.932s] -- Installing: /home/yeray/sensors_ws/install/optris_drivers2/local/lib/python3.10/dist-packages/optris_drivers2-0.0.1-py3.10.egg-info/PKG-INFO
[0.932s] -- Installing: /home/yeray/sensors_ws/install/optris_drivers2/local/lib/python3.10/dist-packages/optris_drivers2-0.0.1-py3.10.egg-info/top_level.txt
[0.932s] -- Installing: /home/yeray/sensors_ws/install/optris_drivers2/local/lib/python3.10/dist-packages/optris_drivers2-0.0.1-py3.10.egg-info/dependency_links.txt
[0.932s] -- Up-to-date: /home/yeray/sensors_ws/install/optris_drivers2/local/lib/python3.10/dist-packages/optris_drivers2
[0.933s] -- Up-to-date: /home/yeray/sensors_ws/install/optris_drivers2/local/lib/python3.10/dist-packages/optris_drivers2/srv
[0.933s] -- Up-to-date: /home/yeray/sensors_ws/install/optris_drivers2/local/lib/python3.10/dist-packages/optris_drivers2/srv/_auto_flag_s.c
[0.933s] -- Up-to-date: /home/yeray/sensors_ws/install/optris_drivers2/local/lib/python3.10/dist-packages/optris_drivers2/srv/__init__.py
[0.933s] -- Up-to-date: /home/yeray/sensors_ws/install/optris_drivers2/local/lib/python3.10/dist-packages/optris_drivers2/srv/_auto_flag.py
[0.933s] -- Up-to-date: /home/yeray/sensors_ws/install/optris_drivers2/local/lib/python3.10/dist-packages/optris_drivers2/srv/_temperature_range.py
[0.933s] -- Up-to-date: /home/yeray/sensors_ws/install/optris_drivers2/local/lib/python3.10/dist-packages/optris_drivers2/srv/_palette.py
[0.934s] -- Up-to-date: /home/yeray/sensors_ws/install/optris_drivers2/local/lib/python3.10/dist-packages/optris_drivers2/srv/_palette_s.c
[0.934s] -- Up-to-date: /home/yeray/sensors_ws/install/optris_drivers2/local/lib/python3.10/dist-packages/optris_drivers2/srv/_temperature_range_s.c
[0.934s] -- Up-to-date: /home/yeray/sensors_ws/install/optris_drivers2/local/lib/python3.10/dist-packages/optris_drivers2/__init__.py
[0.934s] -- Up-to-date: /home/yeray/sensors_ws/install/optris_drivers2/local/lib/python3.10/dist-packages/optris_drivers2/msg
[0.934s] -- Up-to-date: /home/yeray/sensors_ws/install/optris_drivers2/local/lib/python3.10/dist-packages/optris_drivers2/msg/_temperature_s.c
[0.934s] -- Up-to-date: /home/yeray/sensors_ws/install/optris_drivers2/local/lib/python3.10/dist-packages/optris_drivers2/msg/__init__.py
[0.935s] -- Up-to-date: /home/yeray/sensors_ws/install/optris_drivers2/local/lib/python3.10/dist-packages/optris_drivers2/msg/_flag.py
[0.935s] -- Up-to-date: /home/yeray/sensors_ws/install/optris_drivers2/local/lib/python3.10/dist-packages/optris_drivers2/msg/_temperature.py
[0.935s] -- Up-to-date: /home/yeray/sensors_ws/install/optris_drivers2/local/lib/python3.10/dist-packages/optris_drivers2/msg/_flag_s.c
[0.935s] -- Up-to-date: /home/yeray/sensors_ws/install/optris_drivers2/local/lib/python3.10/dist-packages/optris_drivers2/liboptris_drivers2__rosidl_generator_py.so
[0.935s] -- Up-to-date: /home/yeray/sensors_ws/install/optris_drivers2/local/lib/python3.10/dist-packages/optris_drivers2/optris_drivers2_s__rosidl_typesupport_introspection_c.cpython-310-x86_64-linux-gnu.so
[0.936s] -- Up-to-date: /home/yeray/sensors_ws/install/optris_drivers2/local/lib/python3.10/dist-packages/optris_drivers2/optris_drivers2_s__rosidl_typesupport_fastrtps_c.cpython-310-x86_64-linux-gnu.so
[0.936s] -- Up-to-date: /home/yeray/sensors_ws/install/optris_drivers2/local/lib/python3.10/dist-packages/optris_drivers2/_optris_drivers2_s.ep.rosidl_typesupport_fastrtps_c.c
[0.936s] -- Up-to-date: /home/yeray/sensors_ws/install/optris_drivers2/local/lib/python3.10/dist-packages/optris_drivers2/optris_drivers2_s__rosidl_typesupport_c.cpython-310-x86_64-linux-gnu.so
[0.937s] -- Up-to-date: /home/yeray/sensors_ws/install/optris_drivers2/local/lib/python3.10/dist-packages/optris_drivers2/_optris_drivers2_s.ep.rosidl_typesupport_c.c
[0.937s] -- Up-to-date: /home/yeray/sensors_ws/install/optris_drivers2/local/lib/python3.10/dist-packages/optris_drivers2/_optris_drivers2_s.ep.rosidl_typesupport_introspection_c.c
[0.953s] Listing '/home/yeray/sensors_ws/install/optris_drivers2/local/lib/python3.10/dist-packages/optris_drivers2'...
[0.953s] Listing '/home/yeray/sensors_ws/install/optris_drivers2/local/lib/python3.10/dist-packages/optris_drivers2/msg'...
[0.953s] Listing '/home/yeray/sensors_ws/install/optris_drivers2/local/lib/python3.10/dist-packages/optris_drivers2/srv'...
[0.960s] -- Up-to-date: /home/yeray/sensors_ws/install/optris_drivers2/local/lib/python3.10/dist-packages/optris_drivers2/optris_drivers2_s__rosidl_typesupport_fastrtps_c.cpython-310-x86_64-linux-gnu.so
[0.961s] -- Up-to-date: /home/yeray/sensors_ws/install/optris_drivers2/local/lib/python3.10/dist-packages/optris_drivers2/optris_drivers2_s__rosidl_typesupport_introspection_c.cpython-310-x86_64-linux-gnu.so
[0.962s] -- Up-to-date: /home/yeray/sensors_ws/install/optris_drivers2/local/lib/python3.10/dist-packages/optris_drivers2/optris_drivers2_s__rosidl_typesupport_c.cpython-310-x86_64-linux-gnu.so
[0.963s] -- Up-to-date: /home/yeray/sensors_ws/install/optris_drivers2/lib/liboptris_drivers2__rosidl_generator_py.so
[0.963s] -- Up-to-date: /home/yeray/sensors_ws/install/optris_drivers2/share/optris_drivers2/msg/Temperature.idl
[0.963s] -- Up-to-date: /home/yeray/sensors_ws/install/optris_drivers2/share/optris_drivers2/msg/Flag.idl
[0.963s] -- Up-to-date: /home/yeray/sensors_ws/install/optris_drivers2/share/optris_drivers2/srv/AutoFlag.idl
[0.964s] -- Up-to-date: /home/yeray/sensors_ws/install/optris_drivers2/share/optris_drivers2/srv/TemperatureRange.idl
[0.964s] -- Up-to-date: /home/yeray/sensors_ws/install/optris_drivers2/share/optris_drivers2/srv/Palette.idl
[0.964s] -- Up-to-date: /home/yeray/sensors_ws/install/optris_drivers2/share/optris_drivers2/msg/Temperature.msg
[0.964s] -- Up-to-date: /home/yeray/sensors_ws/install/optris_drivers2/share/optris_drivers2/msg/Flag.msg
[0.964s] -- Up-to-date: /home/yeray/sensors_ws/install/optris_drivers2/share/optris_drivers2/srv/AutoFlag.srv
[0.964s] -- Up-to-date: /home/yeray/sensors_ws/install/optris_drivers2/share/optris_drivers2/srv/AutoFlag_Request.msg
[0.964s] -- Up-to-date: /home/yeray/sensors_ws/install/optris_drivers2/share/optris_drivers2/srv/AutoFlag_Response.msg
[0.965s] -- Up-to-date: /home/yeray/sensors_ws/install/optris_drivers2/share/optris_drivers2/srv/TemperatureRange.srv
[0.965s] -- Up-to-date: /home/yeray/sensors_ws/install/optris_drivers2/share/optris_drivers2/srv/TemperatureRange_Request.msg
[0.965s] -- Up-to-date: /home/yeray/sensors_ws/install/optris_drivers2/share/optris_drivers2/srv/TemperatureRange_Response.msg
[0.965s] -- Up-to-date: /home/yeray/sensors_ws/install/optris_drivers2/share/optris_drivers2/srv/Palette.srv
[0.965s] -- Up-to-date: /home/yeray/sensors_ws/install/optris_drivers2/share/optris_drivers2/srv/Palette_Request.msg
[0.965s] -- Up-to-date: /home/yeray/sensors_ws/install/optris_drivers2/share/optris_drivers2/srv/Palette_Response.msg
[0.966s] -- Up-to-date: /home/yeray/sensors_ws/install/optris_drivers2/lib/optris_drivers2/optris_imager_node
[0.968s] -- Up-to-date: /home/yeray/sensors_ws/install/optris_drivers2/lib/optris_drivers2/optris_colorconvert_node
[0.969s] -- Up-to-date: /home/yeray/sensors_ws/install/optris_drivers2/share/ament_index/resource_index/package_run_dependencies/optris_drivers2
[0.969s] -- Up-to-date: /home/yeray/sensors_ws/install/optris_drivers2/share/ament_index/resource_index/parent_prefix_path/optris_drivers2
[0.969s] -- Up-to-date: /home/yeray/sensors_ws/install/optris_drivers2/share/optris_drivers2/environment/ament_prefix_path.sh
[0.969s] -- Up-to-date: /home/yeray/sensors_ws/install/optris_drivers2/share/optris_drivers2/environment/ament_prefix_path.dsv
[0.969s] -- Up-to-date: /home/yeray/sensors_ws/install/optris_drivers2/share/optris_drivers2/environment/path.sh
[0.969s] -- Up-to-date: /home/yeray/sensors_ws/install/optris_drivers2/share/optris_drivers2/environment/path.dsv
[0.970s] -- Up-to-date: /home/yeray/sensors_ws/install/optris_drivers2/share/optris_drivers2/local_setup.bash
[0.970s] -- Up-to-date: /home/yeray/sensors_ws/install/optris_drivers2/share/optris_drivers2/local_setup.sh
[0.970s] -- Up-to-date: /home/yeray/sensors_ws/install/optris_drivers2/share/optris_drivers2/local_setup.zsh
[0.970s] -- Up-to-date: /home/yeray/sensors_ws/install/optris_drivers2/share/optris_drivers2/local_setup.dsv
[0.970s] -- Installing: /home/yeray/sensors_ws/install/optris_drivers2/share/optris_drivers2/package.dsv
[0.970s] -- Up-to-date: /home/yeray/sensors_ws/install/optris_drivers2/share/ament_index/resource_index/packages/optris_drivers2
[0.970s] -- Up-to-date: /home/yeray/sensors_ws/install/optris_drivers2/share/optris_drivers2/cmake/export_optris_drivers2__rosidl_generator_cExport.cmake
[0.971s] -- Up-to-date: /home/yeray/sensors_ws/install/optris_drivers2/share/optris_drivers2/cmake/export_optris_drivers2__rosidl_generator_cExport-noconfig.cmake
[0.971s] -- Up-to-date: /home/yeray/sensors_ws/install/optris_drivers2/share/optris_drivers2/cmake/export_optris_drivers2__rosidl_typesupport_fastrtps_cExport.cmake
[0.972s] -- Up-to-date: /home/yeray/sensors_ws/install/optris_drivers2/share/optris_drivers2/cmake/export_optris_drivers2__rosidl_typesupport_fastrtps_cExport-noconfig.cmake
[0.972s] -- Up-to-date: /home/yeray/sensors_ws/install/optris_drivers2/share/optris_drivers2/cmake/export_optris_drivers2__rosidl_generator_cppExport.cmake
[0.972s] -- Up-to-date: /home/yeray/sensors_ws/install/optris_drivers2/share/optris_drivers2/cmake/export_optris_drivers2__rosidl_typesupport_fastrtps_cppExport.cmake
[0.973s] -- Up-to-date: /home/yeray/sensors_ws/install/optris_drivers2/share/optris_drivers2/cmake/export_optris_drivers2__rosidl_typesupport_fastrtps_cppExport-noconfig.cmake
[0.973s] -- Up-to-date: /home/yeray/sensors_ws/install/optris_drivers2/share/optris_drivers2/cmake/optris_drivers2__rosidl_typesupport_introspection_cExport.cmake
[0.973s] -- Up-to-date: /home/yeray/sensors_ws/install/optris_drivers2/share/optris_drivers2/cmake/optris_drivers2__rosidl_typesupport_introspection_cExport-noconfig.cmake
[0.974s] -- Up-to-date: /home/yeray/sensors_ws/install/optris_drivers2/share/optris_drivers2/cmake/optris_drivers2__rosidl_typesupport_cExport.cmake
[0.975s] -- Up-to-date: /home/yeray/sensors_ws/install/optris_drivers2/share/optris_drivers2/cmake/optris_drivers2__rosidl_typesupport_cExport-noconfig.cmake
[0.975s] -- Up-to-date: /home/yeray/sensors_ws/install/optris_drivers2/share/optris_drivers2/cmake/optris_drivers2__rosidl_typesupport_introspection_cppExport.cmake
[0.975s] -- Up-to-date: /home/yeray/sensors_ws/install/optris_drivers2/share/optris_drivers2/cmake/optris_drivers2__rosidl_typesupport_introspection_cppExport-noconfig.cmake
[0.975s] -- Up-to-date: /home/yeray/sensors_ws/install/optris_drivers2/share/optris_drivers2/cmake/optris_drivers2__rosidl_typesupport_cppExport.cmake
[0.977s] -- Up-to-date: /home/yeray/sensors_ws/install/optris_drivers2/share/optris_drivers2/cmake/optris_drivers2__rosidl_typesupport_cppExport-noconfig.cmake
[0.978s] -- Up-to-date: /home/yeray/sensors_ws/install/optris_drivers2/share/optris_drivers2/cmake/export_optris_drivers2__rosidl_generator_pyExport.cmake
[0.978s] -- Up-to-date: /home/yeray/sensors_ws/install/optris_drivers2/share/optris_drivers2/cmake/export_optris_drivers2__rosidl_generator_pyExport-noconfig.cmake
[0.978s] -- Up-to-date: /home/yeray/sensors_ws/install/optris_drivers2/share/optris_drivers2/cmake/rosidl_cmake-extras.cmake
[0.979s] -- Up-to-date: /home/yeray/sensors_ws/install/optris_drivers2/share/optris_drivers2/cmake/ament_cmake_export_dependencies-extras.cmake
[0.980s] -- Up-to-date: /home/yeray/sensors_ws/install/optris_drivers2/share/optris_drivers2/cmake/ament_cmake_export_include_directories-extras.cmake
[0.980s] -- Up-to-date: /home/yeray/sensors_ws/install/optris_drivers2/share/optris_drivers2/cmake/ament_cmake_export_libraries-extras.cmake
[0.980s] -- Up-to-date: /home/yeray/sensors_ws/install/optris_drivers2/share/optris_drivers2/cmake/ament_cmake_export_targets-extras.cmake
[0.980s] -- Up-to-date: /home/yeray/sensors_ws/install/optris_drivers2/share/optris_drivers2/cmake/rosidl_cmake_export_typesupport_targets-extras.cmake
[0.980s] -- Up-to-date: /home/yeray/sensors_ws/install/optris_drivers2/share/optris_drivers2/cmake/rosidl_cmake_export_typesupport_libraries-extras.cmake
[0.980s] -- Up-to-date: /home/yeray/sensors_ws/install/optris_drivers2/share/optris_drivers2/cmake/optris_drivers2Config.cmake
[0.980s] -- Up-to-date: /home/yeray/sensors_ws/install/optris_drivers2/share/optris_drivers2/cmake/optris_drivers2Config-version.cmake
[0.980s] -- Up-to-date: /home/yeray/sensors_ws/install/optris_drivers2/share/optris_drivers2/package.xml
[0.993s] Invoked command in '/home/yeray/sensors_ws/build/optris_drivers2' returned '0': CMAKE_PREFIX_PATH=${CMAKE_PREFIX_PATH}:/opt/ros/humble /usr/bin/cmake --install /home/yeray/sensors_ws/build/optris_drivers2
