[0.035s] Invoking command in '/home/yeray/sensors_ws/build/ultralytics_ros': CMAKE_PREFIX_PATH=/opt/ros/humble:${CMAKE_PREFIX_PATH} /usr/bin/cmake --build /home/yeray/sensors_ws/build/ultralytics_ros -- -j8 -l8
[0.196s] [  3%] Built target ultralytics_ros__cpp
[0.202s] [  3%] Built target ament_cmake_python_copy_ultralytics_ros
[0.208s] [ 12%] Built target ultralytics_ros__rosidl_generator_c
[0.289s] [ 21%] Built target ultralytics_ros__rosidl_typesupport_cpp
[0.340s] [ 30%] Built target ultralytics_ros__rosidl_typesupport_introspection_cpp
[0.364s] [ 39%] Built target ultralytics_ros__rosidl_typesupport_c
[0.371s] [ 48%] Built target ultralytics_ros__rosidl_typesupport_fastrtps_c
[0.373s] [ 57%] Built target ultralytics_ros__rosidl_typesupport_fastrtps_cpp
[0.389s] [ 66%] Built target ultralytics_ros__rosidl_typesupport_introspection_c
[0.450s] [ 66%] Built target ultralytics_ros
[0.459s] [ 72%] Built target tracker_with_cloud_node
[0.569s] [ 75%] Built target ultralytics_ros__py
[0.660s] [ 81%] Built target ultralytics_ros__rosidl_generator_py
[0.775s] [ 87%] Built target ultralytics_ros__rosidl_typesupport_fastrtps_c__pyext
[0.784s] [ 93%] Built target ultralytics_ros__rosidl_typesupport_introspection_c__pyext
[0.795s] [100%] Built target ultralytics_ros__rosidl_typesupport_c__pyext
[1.168s] running egg_info
[1.170s] writing ultralytics_ros.egg-info/PKG-INFO
[1.171s] writing dependency_links to ultralytics_ros.egg-info/dependency_links.txt
[1.172s] writing top-level names to ultralytics_ros.egg-info/top_level.txt
[1.180s] reading manifest file 'ultralytics_ros.egg-info/SOURCES.txt'
[1.182s] writing manifest file 'ultralytics_ros.egg-info/SOURCES.txt'
[1.264s] [100%] Built target ament_cmake_python_build_ultralytics_ros_egg
[1.292s] Invoked command in '/home/yeray/sensors_ws/build/ultralytics_ros' returned '0': CMAKE_PREFIX_PATH=/opt/ros/humble:${CMAKE_PREFIX_PATH} /usr/bin/cmake --build /home/yeray/sensors_ws/build/ultralytics_ros -- -j8 -l8
[1.426s] Invoking command in '/home/yeray/sensors_ws/build/ultralytics_ros': CMAKE_PREFIX_PATH=/opt/ros/humble:${CMAKE_PREFIX_PATH} /usr/bin/cmake --install /home/yeray/sensors_ws/build/ultralytics_ros
[1.448s] -- Install configuration: ""
[1.448s] -- Up-to-date: /home/yeray/sensors_ws/install/ultralytics_ros/share/ament_index/resource_index/rosidl_interfaces/ultralytics_ros
[1.448s] -- Up-to-date: /home/yeray/sensors_ws/install/ultralytics_ros/include/ultralytics_ros/ultralytics_ros
[1.448s] -- Up-to-date: /home/yeray/sensors_ws/install/ultralytics_ros/include/ultralytics_ros/ultralytics_ros/msg
[1.449s] -- Up-to-date: /home/yeray/sensors_ws/install/ultralytics_ros/include/ultralytics_ros/ultralytics_ros/msg/yolo_result.h
[1.449s] -- Up-to-date: /home/yeray/sensors_ws/install/ultralytics_ros/include/ultralytics_ros/ultralytics_ros/msg/rosidl_generator_c__visibility_control.h
[1.449s] -- Up-to-date: /home/yeray/sensors_ws/install/ultralytics_ros/include/ultralytics_ros/ultralytics_ros/msg/detail
[1.449s] -- Up-to-date: /home/yeray/sensors_ws/install/ultralytics_ros/include/ultralytics_ros/ultralytics_ros/msg/detail/yolo_result__functions.c
[1.450s] -- Up-to-date: /home/yeray/sensors_ws/install/ultralytics_ros/include/ultralytics_ros/ultralytics_ros/msg/detail/yolo_result__functions.h
[1.450s] -- Up-to-date: /home/yeray/sensors_ws/install/ultralytics_ros/include/ultralytics_ros/ultralytics_ros/msg/detail/yolo_result__struct.h
[1.450s] -- Up-to-date: /home/yeray/sensors_ws/install/ultralytics_ros/include/ultralytics_ros/ultralytics_ros/msg/detail/yolo_result__type_support.h
[1.452s] -- Up-to-date: /home/yeray/sensors_ws/install/ultralytics_ros/share/ultralytics_ros/environment/library_path.sh
[1.452s] -- Up-to-date: /home/yeray/sensors_ws/install/ultralytics_ros/share/ultralytics_ros/environment/library_path.dsv
[1.453s] -- Up-to-date: /home/yeray/sensors_ws/install/ultralytics_ros/lib/libultralytics_ros__rosidl_generator_c.so
[1.454s] -- Up-to-date: /home/yeray/sensors_ws/install/ultralytics_ros/include/ultralytics_ros/ultralytics_ros
[1.454s] -- Up-to-date: /home/yeray/sensors_ws/install/ultralytics_ros/include/ultralytics_ros/ultralytics_ros/msg
[1.454s] -- Up-to-date: /home/yeray/sensors_ws/install/ultralytics_ros/include/ultralytics_ros/ultralytics_ros/msg/rosidl_typesupport_fastrtps_c__visibility_control.h
[1.455s] -- Up-to-date: /home/yeray/sensors_ws/install/ultralytics_ros/include/ultralytics_ros/ultralytics_ros/msg/detail
[1.455s] -- Up-to-date: /home/yeray/sensors_ws/install/ultralytics_ros/include/ultralytics_ros/ultralytics_ros/msg/detail/yolo_result__rosidl_typesupport_fastrtps_c.h
[1.455s] -- Up-to-date: /home/yeray/sensors_ws/install/ultralytics_ros/lib/libultralytics_ros__rosidl_typesupport_fastrtps_c.so
[1.456s] -- Up-to-date: /home/yeray/sensors_ws/install/ultralytics_ros/include/ultralytics_ros/ultralytics_ros
[1.456s] -- Up-to-date: /home/yeray/sensors_ws/install/ultralytics_ros/include/ultralytics_ros/ultralytics_ros/msg
[1.456s] -- Up-to-date: /home/yeray/sensors_ws/install/ultralytics_ros/include/ultralytics_ros/ultralytics_ros/msg/yolo_result.hpp
[1.457s] -- Up-to-date: /home/yeray/sensors_ws/install/ultralytics_ros/include/ultralytics_ros/ultralytics_ros/msg/detail
[1.457s] -- Up-to-date: /home/yeray/sensors_ws/install/ultralytics_ros/include/ultralytics_ros/ultralytics_ros/msg/detail/yolo_result__builder.hpp
[1.457s] -- Up-to-date: /home/yeray/sensors_ws/install/ultralytics_ros/include/ultralytics_ros/ultralytics_ros/msg/detail/yolo_result__traits.hpp
[1.457s] -- Up-to-date: /home/yeray/sensors_ws/install/ultralytics_ros/include/ultralytics_ros/ultralytics_ros/msg/detail/yolo_result__struct.hpp
[1.458s] -- Up-to-date: /home/yeray/sensors_ws/install/ultralytics_ros/include/ultralytics_ros/ultralytics_ros
[1.458s] -- Up-to-date: /home/yeray/sensors_ws/install/ultralytics_ros/include/ultralytics_ros/ultralytics_ros/msg
[1.458s] -- Up-to-date: /home/yeray/sensors_ws/install/ultralytics_ros/include/ultralytics_ros/ultralytics_ros/msg/rosidl_typesupport_fastrtps_cpp__visibility_control.h
[1.458s] -- Up-to-date: /home/yeray/sensors_ws/install/ultralytics_ros/include/ultralytics_ros/ultralytics_ros/msg/detail
[1.459s] -- Up-to-date: /home/yeray/sensors_ws/install/ultralytics_ros/include/ultralytics_ros/ultralytics_ros/msg/detail/dds_fastrtps
[1.459s] -- Up-to-date: /home/yeray/sensors_ws/install/ultralytics_ros/include/ultralytics_ros/ultralytics_ros/msg/detail/yolo_result__rosidl_typesupport_fastrtps_cpp.hpp
[1.460s] -- Up-to-date: /home/yeray/sensors_ws/install/ultralytics_ros/lib/libultralytics_ros__rosidl_typesupport_fastrtps_cpp.so
[1.460s] -- Up-to-date: /home/yeray/sensors_ws/install/ultralytics_ros/include/ultralytics_ros/ultralytics_ros
[1.461s] -- Up-to-date: /home/yeray/sensors_ws/install/ultralytics_ros/include/ultralytics_ros/ultralytics_ros/msg
[1.461s] -- Up-to-date: /home/yeray/sensors_ws/install/ultralytics_ros/include/ultralytics_ros/ultralytics_ros/msg/rosidl_typesupport_introspection_c__visibility_control.h
[1.461s] -- Up-to-date: /home/yeray/sensors_ws/install/ultralytics_ros/include/ultralytics_ros/ultralytics_ros/msg/detail
[1.461s] -- Up-to-date: /home/yeray/sensors_ws/install/ultralytics_ros/include/ultralytics_ros/ultralytics_ros/msg/detail/yolo_result__type_support.c
[1.462s] -- Up-to-date: /home/yeray/sensors_ws/install/ultralytics_ros/include/ultralytics_ros/ultralytics_ros/msg/detail/yolo_result__rosidl_typesupport_introspection_c.h
[1.462s] -- Up-to-date: /home/yeray/sensors_ws/install/ultralytics_ros/lib/libultralytics_ros__rosidl_typesupport_introspection_c.so
[1.462s] -- Up-to-date: /home/yeray/sensors_ws/install/ultralytics_ros/lib/libultralytics_ros__rosidl_typesupport_c.so
[1.462s] -- Up-to-date: /home/yeray/sensors_ws/install/ultralytics_ros/include/ultralytics_ros/ultralytics_ros
[1.462s] -- Up-to-date: /home/yeray/sensors_ws/install/ultralytics_ros/include/ultralytics_ros/ultralytics_ros/msg
[1.462s] -- Up-to-date: /home/yeray/sensors_ws/install/ultralytics_ros/include/ultralytics_ros/ultralytics_ros/msg/detail
[1.462s] -- Up-to-date: /home/yeray/sensors_ws/install/ultralytics_ros/include/ultralytics_ros/ultralytics_ros/msg/detail/yolo_result__type_support.cpp
[1.463s] -- Up-to-date: /home/yeray/sensors_ws/install/ultralytics_ros/include/ultralytics_ros/ultralytics_ros/msg/detail/yolo_result__rosidl_typesupport_introspection_cpp.hpp
[1.463s] -- Up-to-date: /home/yeray/sensors_ws/install/ultralytics_ros/lib/libultralytics_ros__rosidl_typesupport_introspection_cpp.so
[1.463s] -- Up-to-date: /home/yeray/sensors_ws/install/ultralytics_ros/lib/libultralytics_ros__rosidl_typesupport_cpp.so
[1.463s] -- Up-to-date: /home/yeray/sensors_ws/install/ultralytics_ros/share/ultralytics_ros/environment/pythonpath.sh
[1.463s] -- Up-to-date: /home/yeray/sensors_ws/install/ultralytics_ros/share/ultralytics_ros/environment/pythonpath.dsv
[1.463s] -- Up-to-date: /home/yeray/sensors_ws/install/ultralytics_ros/local/lib/python3.10/dist-packages/ultralytics_ros-0.0.0-py3.10.egg-info
[1.464s] -- Installing: /home/yeray/sensors_ws/install/ultralytics_ros/local/lib/python3.10/dist-packages/ultralytics_ros-0.0.0-py3.10.egg-info/SOURCES.txt
[1.464s] -- Installing: /home/yeray/sensors_ws/install/ultralytics_ros/local/lib/python3.10/dist-packages/ultralytics_ros-0.0.0-py3.10.egg-info/PKG-INFO
[1.464s] -- Installing: /home/yeray/sensors_ws/install/ultralytics_ros/local/lib/python3.10/dist-packages/ultralytics_ros-0.0.0-py3.10.egg-info/top_level.txt
[1.464s] -- Installing: /home/yeray/sensors_ws/install/ultralytics_ros/local/lib/python3.10/dist-packages/ultralytics_ros-0.0.0-py3.10.egg-info/dependency_links.txt
[1.464s] -- Up-to-date: /home/yeray/sensors_ws/install/ultralytics_ros/local/lib/python3.10/dist-packages/ultralytics_ros
[1.464s] -- Up-to-date: /home/yeray/sensors_ws/install/ultralytics_ros/local/lib/python3.10/dist-packages/ultralytics_ros/ultralytics_ros_s__rosidl_typesupport_introspection_c.cpython-310-x86_64-linux-gnu.so
[1.464s] -- Up-to-date: /home/yeray/sensors_ws/install/ultralytics_ros/local/lib/python3.10/dist-packages/ultralytics_ros/_ultralytics_ros_s.ep.rosidl_typesupport_c.c
[1.465s] -- Up-to-date: /home/yeray/sensors_ws/install/ultralytics_ros/local/lib/python3.10/dist-packages/ultralytics_ros/__init__.py
[1.465s] -- Up-to-date: /home/yeray/sensors_ws/install/ultralytics_ros/local/lib/python3.10/dist-packages/ultralytics_ros/msg
[1.465s] -- Up-to-date: /home/yeray/sensors_ws/install/ultralytics_ros/local/lib/python3.10/dist-packages/ultralytics_ros/msg/_yolo_result.py
[1.465s] -- Up-to-date: /home/yeray/sensors_ws/install/ultralytics_ros/local/lib/python3.10/dist-packages/ultralytics_ros/msg/__init__.py
[1.466s] -- Up-to-date: /home/yeray/sensors_ws/install/ultralytics_ros/local/lib/python3.10/dist-packages/ultralytics_ros/msg/_yolo_result_s.c
[1.466s] -- Up-to-date: /home/yeray/sensors_ws/install/ultralytics_ros/local/lib/python3.10/dist-packages/ultralytics_ros/ultralytics_ros_s__rosidl_typesupport_c.cpython-310-x86_64-linux-gnu.so
[1.466s] -- Up-to-date: /home/yeray/sensors_ws/install/ultralytics_ros/local/lib/python3.10/dist-packages/ultralytics_ros/_ultralytics_ros_s.ep.rosidl_typesupport_fastrtps_c.c
[1.467s] -- Up-to-date: /home/yeray/sensors_ws/install/ultralytics_ros/local/lib/python3.10/dist-packages/ultralytics_ros/_ultralytics_ros_s.ep.rosidl_typesupport_introspection_c.c
[1.467s] -- Up-to-date: /home/yeray/sensors_ws/install/ultralytics_ros/local/lib/python3.10/dist-packages/ultralytics_ros/libultralytics_ros__rosidl_generator_py.so
[1.468s] -- Up-to-date: /home/yeray/sensors_ws/install/ultralytics_ros/local/lib/python3.10/dist-packages/ultralytics_ros/ultralytics_ros_s__rosidl_typesupport_fastrtps_c.cpython-310-x86_64-linux-gnu.so
[1.528s] Listing '/home/yeray/sensors_ws/install/ultralytics_ros/local/lib/python3.10/dist-packages/ultralytics_ros'...
[1.528s] Listing '/home/yeray/sensors_ws/install/ultralytics_ros/local/lib/python3.10/dist-packages/ultralytics_ros/msg'...
[1.566s] -- Up-to-date: /home/yeray/sensors_ws/install/ultralytics_ros/local/lib/python3.10/dist-packages/ultralytics_ros/ultralytics_ros_s__rosidl_typesupport_fastrtps_c.cpython-310-x86_64-linux-gnu.so
[1.569s] -- Up-to-date: /home/yeray/sensors_ws/install/ultralytics_ros/local/lib/python3.10/dist-packages/ultralytics_ros/ultralytics_ros_s__rosidl_typesupport_introspection_c.cpython-310-x86_64-linux-gnu.so
[1.576s] -- Up-to-date: /home/yeray/sensors_ws/install/ultralytics_ros/local/lib/python3.10/dist-packages/ultralytics_ros/ultralytics_ros_s__rosidl_typesupport_c.cpython-310-x86_64-linux-gnu.so
[1.580s] -- Up-to-date: /home/yeray/sensors_ws/install/ultralytics_ros/lib/libultralytics_ros__rosidl_generator_py.so
[1.580s] -- Up-to-date: /home/yeray/sensors_ws/install/ultralytics_ros/share/ultralytics_ros/msg/YoloResult.idl
[1.581s] -- Up-to-date: /home/yeray/sensors_ws/install/ultralytics_ros/share/ultralytics_ros/msg/YoloResult.msg
[1.583s] -- Up-to-date: /home/yeray/sensors_ws/install/ultralytics_ros/lib/ultralytics_ros/tracker_with_cloud_node
[1.584s] -- Up-to-date: /home/yeray/sensors_ws/install/ultralytics_ros/lib/ultralytics_ros/tracker_node.py
[1.584s] -- Up-to-date: /home/yeray/sensors_ws/install/ultralytics_ros/share/ultralytics_ros/launch
[1.584s] -- Up-to-date: /home/yeray/sensors_ws/install/ultralytics_ros/share/ultralytics_ros/launch/kitti_tracker_with_cloud.launch.xml
[1.585s] -- Up-to-date: /home/yeray/sensors_ws/install/ultralytics_ros/share/ultralytics_ros/launch/tracker.launch.xml
[1.585s] -- Up-to-date: /home/yeray/sensors_ws/install/ultralytics_ros/share/ultralytics_ros/launch/tracker_with_cloud.launch.xml
[1.585s] -- Up-to-date: /home/yeray/sensors_ws/install/ultralytics_ros/share/ultralytics_ros/launch/kitti_tracker.launch.xml
[1.585s] -- Up-to-date: /home/yeray/sensors_ws/install/ultralytics_ros/share/ultralytics_ros/rviz2
[1.587s] -- Up-to-date: /home/yeray/sensors_ws/install/ultralytics_ros/share/ultralytics_ros/rviz2/default.rviz
[1.588s] -- Up-to-date: /home/yeray/sensors_ws/install/ultralytics_ros/share/ultralytics_ros/rviz2/kitti.rviz
[1.589s] -- Up-to-date: /home/yeray/sensors_ws/install/ultralytics_ros/share/ament_index/resource_index/package_run_dependencies/ultralytics_ros
[1.590s] -- Up-to-date: /home/yeray/sensors_ws/install/ultralytics_ros/share/ament_index/resource_index/parent_prefix_path/ultralytics_ros
[1.592s] -- Up-to-date: /home/yeray/sensors_ws/install/ultralytics_ros/share/ultralytics_ros/environment/ament_prefix_path.sh
[1.593s] -- Up-to-date: /home/yeray/sensors_ws/install/ultralytics_ros/share/ultralytics_ros/environment/ament_prefix_path.dsv
[1.595s] -- Up-to-date: /home/yeray/sensors_ws/install/ultralytics_ros/share/ultralytics_ros/environment/path.sh
[1.596s] -- Up-to-date: /home/yeray/sensors_ws/install/ultralytics_ros/share/ultralytics_ros/environment/path.dsv
[1.596s] -- Up-to-date: /home/yeray/sensors_ws/install/ultralytics_ros/share/ultralytics_ros/local_setup.bash
[1.597s] -- Up-to-date: /home/yeray/sensors_ws/install/ultralytics_ros/share/ultralytics_ros/local_setup.sh
[1.598s] -- Up-to-date: /home/yeray/sensors_ws/install/ultralytics_ros/share/ultralytics_ros/local_setup.zsh
[1.598s] -- Up-to-date: /home/yeray/sensors_ws/install/ultralytics_ros/share/ultralytics_ros/local_setup.dsv
[1.600s] -- Installing: /home/yeray/sensors_ws/install/ultralytics_ros/share/ultralytics_ros/package.dsv
[1.600s] -- Up-to-date: /home/yeray/sensors_ws/install/ultralytics_ros/share/ament_index/resource_index/packages/ultralytics_ros
[1.604s] -- Up-to-date: /home/yeray/sensors_ws/install/ultralytics_ros/share/ultralytics_ros/cmake/export_ultralytics_ros__rosidl_generator_cExport.cmake
[1.606s] -- Up-to-date: /home/yeray/sensors_ws/install/ultralytics_ros/share/ultralytics_ros/cmake/export_ultralytics_ros__rosidl_generator_cExport-noconfig.cmake
[1.609s] -- Up-to-date: /home/yeray/sensors_ws/install/ultralytics_ros/share/ultralytics_ros/cmake/export_ultralytics_ros__rosidl_typesupport_fastrtps_cExport.cmake
[1.610s] -- Up-to-date: /home/yeray/sensors_ws/install/ultralytics_ros/share/ultralytics_ros/cmake/export_ultralytics_ros__rosidl_typesupport_fastrtps_cExport-noconfig.cmake
[1.617s] -- Up-to-date: /home/yeray/sensors_ws/install/ultralytics_ros/share/ultralytics_ros/cmake/export_ultralytics_ros__rosidl_generator_cppExport.cmake
[1.621s] -- Up-to-date: /home/yeray/sensors_ws/install/ultralytics_ros/share/ultralytics_ros/cmake/export_ultralytics_ros__rosidl_typesupport_fastrtps_cppExport.cmake
[1.622s] -- Up-to-date: /home/yeray/sensors_ws/install/ultralytics_ros/share/ultralytics_ros/cmake/export_ultralytics_ros__rosidl_typesupport_fastrtps_cppExport-noconfig.cmake
[1.623s] -- Up-to-date: /home/yeray/sensors_ws/install/ultralytics_ros/share/ultralytics_ros/cmake/ultralytics_ros__rosidl_typesupport_introspection_cExport.cmake
[1.623s] -- Up-to-date: /home/yeray/sensors_ws/install/ultralytics_ros/share/ultralytics_ros/cmake/ultralytics_ros__rosidl_typesupport_introspection_cExport-noconfig.cmake
[1.624s] -- Up-to-date: /home/yeray/sensors_ws/install/ultralytics_ros/share/ultralytics_ros/cmake/ultralytics_ros__rosidl_typesupport_cExport.cmake
[1.624s] -- Up-to-date: /home/yeray/sensors_ws/install/ultralytics_ros/share/ultralytics_ros/cmake/ultralytics_ros__rosidl_typesupport_cExport-noconfig.cmake
[1.624s] -- Up-to-date: /home/yeray/sensors_ws/install/ultralytics_ros/share/ultralytics_ros/cmake/ultralytics_ros__rosidl_typesupport_introspection_cppExport.cmake
[1.624s] -- Up-to-date: /home/yeray/sensors_ws/install/ultralytics_ros/share/ultralytics_ros/cmake/ultralytics_ros__rosidl_typesupport_introspection_cppExport-noconfig.cmake
[1.624s] -- Up-to-date: /home/yeray/sensors_ws/install/ultralytics_ros/share/ultralytics_ros/cmake/ultralytics_ros__rosidl_typesupport_cppExport.cmake
[1.624s] -- Up-to-date: /home/yeray/sensors_ws/install/ultralytics_ros/share/ultralytics_ros/cmake/ultralytics_ros__rosidl_typesupport_cppExport-noconfig.cmake
[1.625s] -- Up-to-date: /home/yeray/sensors_ws/install/ultralytics_ros/share/ultralytics_ros/cmake/export_ultralytics_ros__rosidl_generator_pyExport.cmake
[1.625s] -- Up-to-date: /home/yeray/sensors_ws/install/ultralytics_ros/share/ultralytics_ros/cmake/export_ultralytics_ros__rosidl_generator_pyExport-noconfig.cmake
[1.625s] -- Up-to-date: /home/yeray/sensors_ws/install/ultralytics_ros/share/ultralytics_ros/cmake/rosidl_cmake-extras.cmake
[1.625s] -- Up-to-date: /home/yeray/sensors_ws/install/ultralytics_ros/share/ultralytics_ros/cmake/ament_cmake_export_dependencies-extras.cmake
[1.626s] -- Up-to-date: /home/yeray/sensors_ws/install/ultralytics_ros/share/ultralytics_ros/cmake/ament_cmake_export_include_directories-extras.cmake
[1.626s] -- Up-to-date: /home/yeray/sensors_ws/install/ultralytics_ros/share/ultralytics_ros/cmake/ament_cmake_export_libraries-extras.cmake
[1.626s] -- Up-to-date: /home/yeray/sensors_ws/install/ultralytics_ros/share/ultralytics_ros/cmake/ament_cmake_export_targets-extras.cmake
[1.626s] -- Up-to-date: /home/yeray/sensors_ws/install/ultralytics_ros/share/ultralytics_ros/cmake/rosidl_cmake_export_typesupport_targets-extras.cmake
[1.626s] -- Up-to-date: /home/yeray/sensors_ws/install/ultralytics_ros/share/ultralytics_ros/cmake/rosidl_cmake_export_typesupport_libraries-extras.cmake
[1.626s] -- Up-to-date: /home/yeray/sensors_ws/install/ultralytics_ros/share/ultralytics_ros/cmake/ultralytics_rosConfig.cmake
[1.626s] -- Up-to-date: /home/yeray/sensors_ws/install/ultralytics_ros/share/ultralytics_ros/cmake/ultralytics_rosConfig-version.cmake
[1.627s] -- Up-to-date: /home/yeray/sensors_ws/install/ultralytics_ros/share/ultralytics_ros/package.xml
[1.627s] Invoked command in '/home/yeray/sensors_ws/build/ultralytics_ros' returned '0': CMAKE_PREFIX_PATH=/opt/ros/humble:${CMAKE_PREFIX_PATH} /usr/bin/cmake --install /home/yeray/sensors_ws/build/ultralytics_ros
