[0.111s] DEBUG:colcon:Command line arguments: ['/usr/bin/colcon', 'build']
[0.111s] DEBUG:colcon:Parsed command line arguments: Namespace(log_base=None, log_level=None, verb_name='build', build_base='build', install_base='install', merge_install=False, symlink_install=False, test_result_base=None, continue_on_error=False, executor='parallel', parallel_workers=8, event_handlers=None, ignore_user_meta=False, metas=['./colcon.meta'], base_paths=['.'], packages_ignore=None, packages_ignore_regex=None, paths=None, packages_up_to=None, packages_up_to_regex=None, packages_above=None, packages_above_and_dependencies=None, packages_above_depth=None, packages_select_by_dep=None, packages_skip_by_dep=None, packages_skip_up_to=None, packages_select_build_failed=False, packages_skip_build_finished=False, packages_select_test_failures=False, packages_skip_test_passed=False, packages_select=None, packages_skip=None, packages_select_regex=None, packages_skip_regex=None, packages_start=None, packages_end=None, allow_overriding=[], cmake_args=None, cmake_target=None, cmake_target_skip_unavailable=False, cmake_clean_cache=False, cmake_clean_first=False, cmake_force_configure=False, ament_cmake_args=None, catkin_cmake_args=None, catkin_skip_building_tests=False, mixin_files=None, mixin=None, verb_parser=<colcon_mixin.mixin.mixin_argument.MixinArgumentDecorator object at 0x7f89e06373d0>, verb_extension=<colcon_core.verb.build.BuildVerb object at 0x7f89e0636dd0>, main=<bound method BuildVerb.main of <colcon_core.verb.build.BuildVerb object at 0x7f89e0636dd0>>, mixin_verb=('build',))
[0.269s] Level 1:colcon.colcon_core.package_discovery:discover_packages(colcon_meta) check parameters
[0.269s] Level 1:colcon.colcon_core.package_discovery:discover_packages(recursive) check parameters
[0.269s] Level 1:colcon.colcon_core.package_discovery:discover_packages(ignore) check parameters
[0.269s] Level 1:colcon.colcon_core.package_discovery:discover_packages(path) check parameters
[0.269s] Level 1:colcon.colcon_core.package_discovery:discover_packages(colcon_meta) discover
[0.269s] Level 1:colcon.colcon_core.package_discovery:discover_packages(recursive) discover
[0.269s] INFO:colcon.colcon_core.package_discovery:Crawling recursively for packages in '/home/yeray/sensors_ws'
[0.269s] Level 1:colcon.colcon_core.package_identification:_identify(.) by extensions ['ignore', 'ignore_ament_install']
[0.269s] Level 1:colcon.colcon_core.package_identification:_identify(.) by extension 'ignore'
[0.269s] Level 1:colcon.colcon_core.package_identification:_identify(.) by extension 'ignore_ament_install'
[0.269s] Level 1:colcon.colcon_core.package_identification:_identify(.) by extensions ['colcon_pkg']
[0.269s] Level 1:colcon.colcon_core.package_identification:_identify(.) by extension 'colcon_pkg'
[0.269s] Level 1:colcon.colcon_core.package_identification:_identify(.) by extensions ['colcon_meta']
[0.269s] Level 1:colcon.colcon_core.package_identification:_identify(.) by extension 'colcon_meta'
[0.269s] Level 1:colcon.colcon_core.package_identification:_identify(.) by extensions ['ros']
[0.269s] Level 1:colcon.colcon_core.package_identification:_identify(.) by extension 'ros'
[0.279s] Level 1:colcon.colcon_core.package_identification:_identify(.) by extensions ['cmake', 'python']
[0.279s] Level 1:colcon.colcon_core.package_identification:_identify(.) by extension 'cmake'
[0.279s] Level 1:colcon.colcon_core.package_identification:_identify(.) by extension 'python'
[0.279s] Level 1:colcon.colcon_core.package_identification:_identify(.) by extensions ['python_setup_py']
[0.279s] Level 1:colcon.colcon_core.package_identification:_identify(.) by extension 'python_setup_py'
[0.279s] Level 1:colcon.colcon_core.package_identification:_identify(build) by extensions ['ignore', 'ignore_ament_install']
[0.279s] Level 1:colcon.colcon_core.package_identification:_identify(build) by extension 'ignore'
[0.279s] Level 1:colcon.colcon_core.package_identification:_identify(build) ignored
[0.279s] Level 1:colcon.colcon_core.package_identification:_identify(install) by extensions ['ignore', 'ignore_ament_install']
[0.279s] Level 1:colcon.colcon_core.package_identification:_identify(install) by extension 'ignore'
[0.279s] Level 1:colcon.colcon_core.package_identification:_identify(install) ignored
[0.280s] Level 1:colcon.colcon_core.package_identification:_identify(log) by extensions ['ignore', 'ignore_ament_install']
[0.280s] Level 1:colcon.colcon_core.package_identification:_identify(log) by extension 'ignore'
[0.280s] Level 1:colcon.colcon_core.package_identification:_identify(log) ignored
[0.280s] Level 1:colcon.colcon_core.package_identification:_identify(src) by extensions ['ignore', 'ignore_ament_install']
[0.280s] Level 1:colcon.colcon_core.package_identification:_identify(src) by extension 'ignore'
[0.280s] Level 1:colcon.colcon_core.package_identification:_identify(src) by extension 'ignore_ament_install'
[0.280s] Level 1:colcon.colcon_core.package_identification:_identify(src) by extensions ['colcon_pkg']
[0.280s] Level 1:colcon.colcon_core.package_identification:_identify(src) by extension 'colcon_pkg'
[0.280s] Level 1:colcon.colcon_core.package_identification:_identify(src) by extensions ['colcon_meta']
[0.280s] Level 1:colcon.colcon_core.package_identification:_identify(src) by extension 'colcon_meta'
[0.280s] Level 1:colcon.colcon_core.package_identification:_identify(src) by extensions ['ros']
[0.280s] Level 1:colcon.colcon_core.package_identification:_identify(src) by extension 'ros'
[0.280s] Level 1:colcon.colcon_core.package_identification:_identify(src) by extensions ['cmake', 'python']
[0.280s] Level 1:colcon.colcon_core.package_identification:_identify(src) by extension 'cmake'
[0.280s] Level 1:colcon.colcon_core.package_identification:_identify(src) by extension 'python'
[0.280s] Level 1:colcon.colcon_core.package_identification:_identify(src) by extensions ['python_setup_py']
[0.280s] Level 1:colcon.colcon_core.package_identification:_identify(src) by extension 'python_setup_py'
[0.280s] Level 1:colcon.colcon_core.package_identification:_identify(src/optris_drivers2) by extensions ['ignore', 'ignore_ament_install']
[0.280s] Level 1:colcon.colcon_core.package_identification:_identify(src/optris_drivers2) by extension 'ignore'
[0.280s] Level 1:colcon.colcon_core.package_identification:_identify(src/optris_drivers2) by extension 'ignore_ament_install'
[0.281s] Level 1:colcon.colcon_core.package_identification:_identify(src/optris_drivers2) by extensions ['colcon_pkg']
[0.281s] Level 1:colcon.colcon_core.package_identification:_identify(src/optris_drivers2) by extension 'colcon_pkg'
[0.281s] Level 1:colcon.colcon_core.package_identification:_identify(src/optris_drivers2) by extensions ['colcon_meta']
[0.281s] Level 1:colcon.colcon_core.package_identification:_identify(src/optris_drivers2) by extension 'colcon_meta'
[0.281s] Level 1:colcon.colcon_core.package_identification:_identify(src/optris_drivers2) by extensions ['ros']
[0.281s] Level 1:colcon.colcon_core.package_identification:_identify(src/optris_drivers2) by extension 'ros'
[0.283s] DEBUG:colcon.colcon_core.package_identification:Package 'src/optris_drivers2' with type 'ros.ament_cmake' and name 'optris_drivers2'
[0.283s] Level 1:colcon.colcon_core.package_identification:_identify(src/realsense-ros) by extensions ['ignore', 'ignore_ament_install']
[0.283s] Level 1:colcon.colcon_core.package_identification:_identify(src/realsense-ros) by extension 'ignore'
[0.283s] Level 1:colcon.colcon_core.package_identification:_identify(src/realsense-ros) by extension 'ignore_ament_install'
[0.283s] Level 1:colcon.colcon_core.package_identification:_identify(src/realsense-ros) by extensions ['colcon_pkg']
[0.283s] Level 1:colcon.colcon_core.package_identification:_identify(src/realsense-ros) by extension 'colcon_pkg'
[0.283s] Level 1:colcon.colcon_core.package_identification:_identify(src/realsense-ros) by extensions ['colcon_meta']
[0.283s] Level 1:colcon.colcon_core.package_identification:_identify(src/realsense-ros) by extension 'colcon_meta'
[0.283s] Level 1:colcon.colcon_core.package_identification:_identify(src/realsense-ros) by extensions ['ros']
[0.283s] Level 1:colcon.colcon_core.package_identification:_identify(src/realsense-ros) by extension 'ros'
[0.284s] Level 1:colcon.colcon_core.package_identification:_identify(src/realsense-ros) by extensions ['cmake', 'python']
[0.284s] Level 1:colcon.colcon_core.package_identification:_identify(src/realsense-ros) by extension 'cmake'
[0.284s] Level 1:colcon.colcon_core.package_identification:_identify(src/realsense-ros) by extension 'python'
[0.284s] Level 1:colcon.colcon_core.package_identification:_identify(src/realsense-ros) by extensions ['python_setup_py']
[0.284s] Level 1:colcon.colcon_core.package_identification:_identify(src/realsense-ros) by extension 'python_setup_py'
[0.284s] Level 1:colcon.colcon_core.package_identification:_identify(src/realsense-ros/realsense2_camera) by extensions ['ignore', 'ignore_ament_install']
[0.284s] Level 1:colcon.colcon_core.package_identification:_identify(src/realsense-ros/realsense2_camera) by extension 'ignore'
[0.284s] Level 1:colcon.colcon_core.package_identification:_identify(src/realsense-ros/realsense2_camera) by extension 'ignore_ament_install'
[0.284s] Level 1:colcon.colcon_core.package_identification:_identify(src/realsense-ros/realsense2_camera) by extensions ['colcon_pkg']
[0.284s] Level 1:colcon.colcon_core.package_identification:_identify(src/realsense-ros/realsense2_camera) by extension 'colcon_pkg'
[0.284s] Level 1:colcon.colcon_core.package_identification:_identify(src/realsense-ros/realsense2_camera) by extensions ['colcon_meta']
[0.284s] Level 1:colcon.colcon_core.package_identification:_identify(src/realsense-ros/realsense2_camera) by extension 'colcon_meta'
[0.284s] Level 1:colcon.colcon_core.package_identification:_identify(src/realsense-ros/realsense2_camera) by extensions ['ros']
[0.284s] Level 1:colcon.colcon_core.package_identification:_identify(src/realsense-ros/realsense2_camera) by extension 'ros'
[0.298s] DEBUG:colcon.colcon_core.package_identification:Package 'src/realsense-ros/realsense2_camera' with type 'ros.ament_cmake' and name 'realsense2_camera'
[0.298s] Level 1:colcon.colcon_core.package_identification:_identify(src/realsense-ros/realsense2_camera_msgs) by extensions ['ignore', 'ignore_ament_install']
[0.298s] Level 1:colcon.colcon_core.package_identification:_identify(src/realsense-ros/realsense2_camera_msgs) by extension 'ignore'
[0.298s] Level 1:colcon.colcon_core.package_identification:_identify(src/realsense-ros/realsense2_camera_msgs) by extension 'ignore_ament_install'
[0.299s] Level 1:colcon.colcon_core.package_identification:_identify(src/realsense-ros/realsense2_camera_msgs) by extensions ['colcon_pkg']
[0.299s] Level 1:colcon.colcon_core.package_identification:_identify(src/realsense-ros/realsense2_camera_msgs) by extension 'colcon_pkg'
[0.299s] Level 1:colcon.colcon_core.package_identification:_identify(src/realsense-ros/realsense2_camera_msgs) by extensions ['colcon_meta']
[0.299s] Level 1:colcon.colcon_core.package_identification:_identify(src/realsense-ros/realsense2_camera_msgs) by extension 'colcon_meta'
[0.299s] Level 1:colcon.colcon_core.package_identification:_identify(src/realsense-ros/realsense2_camera_msgs) by extensions ['ros']
[0.299s] Level 1:colcon.colcon_core.package_identification:_identify(src/realsense-ros/realsense2_camera_msgs) by extension 'ros'
[0.299s] DEBUG:colcon.colcon_core.package_identification:Package 'src/realsense-ros/realsense2_camera_msgs' with type 'ros.ament_cmake' and name 'realsense2_camera_msgs'
[0.299s] Level 1:colcon.colcon_core.package_identification:_identify(src/realsense-ros/realsense2_description) by extensions ['ignore', 'ignore_ament_install']
[0.300s] Level 1:colcon.colcon_core.package_identification:_identify(src/realsense-ros/realsense2_description) by extension 'ignore'
[0.300s] Level 1:colcon.colcon_core.package_identification:_identify(src/realsense-ros/realsense2_description) by extension 'ignore_ament_install'
[0.300s] Level 1:colcon.colcon_core.package_identification:_identify(src/realsense-ros/realsense2_description) by extensions ['colcon_pkg']
[0.300s] Level 1:colcon.colcon_core.package_identification:_identify(src/realsense-ros/realsense2_description) by extension 'colcon_pkg'
[0.300s] Level 1:colcon.colcon_core.package_identification:_identify(src/realsense-ros/realsense2_description) by extensions ['colcon_meta']
[0.300s] Level 1:colcon.colcon_core.package_identification:_identify(src/realsense-ros/realsense2_description) by extension 'colcon_meta'
[0.300s] Level 1:colcon.colcon_core.package_identification:_identify(src/realsense-ros/realsense2_description) by extensions ['ros']
[0.300s] Level 1:colcon.colcon_core.package_identification:_identify(src/realsense-ros/realsense2_description) by extension 'ros'
[0.301s] DEBUG:colcon.colcon_core.package_identification:Package 'src/realsense-ros/realsense2_description' with type 'ros.ament_cmake' and name 'realsense2_description'
[0.301s] Level 1:colcon.colcon_core.package_identification:_identify(src/realsense-ros/scripts) by extensions ['ignore', 'ignore_ament_install']
[0.301s] Level 1:colcon.colcon_core.package_identification:_identify(src/realsense-ros/scripts) by extension 'ignore'
[0.301s] Level 1:colcon.colcon_core.package_identification:_identify(src/realsense-ros/scripts) by extension 'ignore_ament_install'
[0.301s] Level 1:colcon.colcon_core.package_identification:_identify(src/realsense-ros/scripts) by extensions ['colcon_pkg']
[0.301s] Level 1:colcon.colcon_core.package_identification:_identify(src/realsense-ros/scripts) by extension 'colcon_pkg'
[0.301s] Level 1:colcon.colcon_core.package_identification:_identify(src/realsense-ros/scripts) by extensions ['colcon_meta']
[0.301s] Level 1:colcon.colcon_core.package_identification:_identify(src/realsense-ros/scripts) by extension 'colcon_meta'
[0.301s] Level 1:colcon.colcon_core.package_identification:_identify(src/realsense-ros/scripts) by extensions ['ros']
[0.301s] Level 1:colcon.colcon_core.package_identification:_identify(src/realsense-ros/scripts) by extension 'ros'
[0.301s] Level 1:colcon.colcon_core.package_identification:_identify(src/realsense-ros/scripts) by extensions ['cmake', 'python']
[0.301s] Level 1:colcon.colcon_core.package_identification:_identify(src/realsense-ros/scripts) by extension 'cmake'
[0.301s] Level 1:colcon.colcon_core.package_identification:_identify(src/realsense-ros/scripts) by extension 'python'
[0.301s] Level 1:colcon.colcon_core.package_identification:_identify(src/realsense-ros/scripts) by extensions ['python_setup_py']
[0.302s] Level 1:colcon.colcon_core.package_identification:_identify(src/realsense-ros/scripts) by extension 'python_setup_py'
[0.302s] Level 1:colcon.colcon_core.package_identification:_identify(src/ultralytics_ros) by extensions ['ignore', 'ignore_ament_install']
[0.302s] Level 1:colcon.colcon_core.package_identification:_identify(src/ultralytics_ros) by extension 'ignore'
[0.302s] Level 1:colcon.colcon_core.package_identification:_identify(src/ultralytics_ros) by extension 'ignore_ament_install'
[0.302s] Level 1:colcon.colcon_core.package_identification:_identify(src/ultralytics_ros) by extensions ['colcon_pkg']
[0.302s] Level 1:colcon.colcon_core.package_identification:_identify(src/ultralytics_ros) by extension 'colcon_pkg'
[0.302s] Level 1:colcon.colcon_core.package_identification:_identify(src/ultralytics_ros) by extensions ['colcon_meta']
[0.302s] Level 1:colcon.colcon_core.package_identification:_identify(src/ultralytics_ros) by extension 'colcon_meta'
[0.302s] Level 1:colcon.colcon_core.package_identification:_identify(src/ultralytics_ros) by extensions ['ros']
[0.302s] Level 1:colcon.colcon_core.package_identification:_identify(src/ultralytics_ros) by extension 'ros'
[0.304s] DEBUG:colcon.colcon_core.package_identification:Package 'src/ultralytics_ros' with type 'ros.ament_cmake' and name 'ultralytics_ros'
[0.304s] Level 1:colcon.colcon_core.package_discovery:discover_packages(recursive) using defaults
[0.304s] Level 1:colcon.colcon_core.package_discovery:discover_packages(ignore) discover
[0.304s] Level 1:colcon.colcon_core.package_discovery:discover_packages(ignore) using defaults
[0.304s] Level 1:colcon.colcon_core.package_discovery:discover_packages(path) discover
[0.304s] Level 1:colcon.colcon_core.package_discovery:discover_packages(path) using defaults
[0.328s] Level 1:colcon.colcon_core.package_discovery:discover_packages(prefix_path) check parameters
[0.328s] Level 1:colcon.colcon_core.package_discovery:discover_packages(prefix_path) discover
[0.330s] DEBUG:colcon.colcon_installed_package_information.package_discovery:Found 5 installed packages in /home/yeray/sensors_ws/install
[0.331s] DEBUG:colcon.colcon_installed_package_information.package_discovery:Found 398 installed packages in /opt/ros/humble
[0.334s] Level 1:colcon.colcon_core.package_discovery:discover_packages(prefix_path) using defaults
[0.383s] Level 5:colcon.colcon_core.verb:set package 'optris_drivers2' build argument 'cmake_args' from command line to 'None'
[0.383s] Level 5:colcon.colcon_core.verb:set package 'optris_drivers2' build argument 'cmake_target' from command line to 'None'
[0.383s] Level 5:colcon.colcon_core.verb:set package 'optris_drivers2' build argument 'cmake_target_skip_unavailable' from command line to 'False'
[0.383s] Level 5:colcon.colcon_core.verb:set package 'optris_drivers2' build argument 'cmake_clean_cache' from command line to 'False'
[0.383s] Level 5:colcon.colcon_core.verb:set package 'optris_drivers2' build argument 'cmake_clean_first' from command line to 'False'
[0.383s] Level 5:colcon.colcon_core.verb:set package 'optris_drivers2' build argument 'cmake_force_configure' from command line to 'False'
[0.383s] Level 5:colcon.colcon_core.verb:set package 'optris_drivers2' build argument 'ament_cmake_args' from command line to 'None'
[0.383s] Level 5:colcon.colcon_core.verb:set package 'optris_drivers2' build argument 'catkin_cmake_args' from command line to 'None'
[0.383s] Level 5:colcon.colcon_core.verb:set package 'optris_drivers2' build argument 'catkin_skip_building_tests' from command line to 'False'
[0.383s] DEBUG:colcon.colcon_core.verb:Building package 'optris_drivers2' with the following arguments: {'ament_cmake_args': None, 'build_base': '/home/yeray/sensors_ws/build/optris_drivers2', 'catkin_cmake_args': None, 'catkin_skip_building_tests': False, 'cmake_args': None, 'cmake_clean_cache': False, 'cmake_clean_first': False, 'cmake_force_configure': False, 'cmake_target': None, 'cmake_target_skip_unavailable': False, 'install_base': '/home/yeray/sensors_ws/install/optris_drivers2', 'merge_install': False, 'path': '/home/yeray/sensors_ws/src/optris_drivers2', 'symlink_install': False, 'test_result_base': None}
[0.383s] Level 5:colcon.colcon_core.verb:set package 'realsense2_camera_msgs' build argument 'cmake_args' from command line to 'None'
[0.383s] Level 5:colcon.colcon_core.verb:set package 'realsense2_camera_msgs' build argument 'cmake_target' from command line to 'None'
[0.383s] Level 5:colcon.colcon_core.verb:set package 'realsense2_camera_msgs' build argument 'cmake_target_skip_unavailable' from command line to 'False'
[0.383s] Level 5:colcon.colcon_core.verb:set package 'realsense2_camera_msgs' build argument 'cmake_clean_cache' from command line to 'False'
[0.383s] Level 5:colcon.colcon_core.verb:set package 'realsense2_camera_msgs' build argument 'cmake_clean_first' from command line to 'False'
[0.383s] Level 5:colcon.colcon_core.verb:set package 'realsense2_camera_msgs' build argument 'cmake_force_configure' from command line to 'False'
[0.383s] Level 5:colcon.colcon_core.verb:set package 'realsense2_camera_msgs' build argument 'ament_cmake_args' from command line to 'None'
[0.383s] Level 5:colcon.colcon_core.verb:set package 'realsense2_camera_msgs' build argument 'catkin_cmake_args' from command line to 'None'
[0.383s] Level 5:colcon.colcon_core.verb:set package 'realsense2_camera_msgs' build argument 'catkin_skip_building_tests' from command line to 'False'
[0.384s] DEBUG:colcon.colcon_core.verb:Building package 'realsense2_camera_msgs' with the following arguments: {'ament_cmake_args': None, 'build_base': '/home/yeray/sensors_ws/build/realsense2_camera_msgs', 'catkin_cmake_args': None, 'catkin_skip_building_tests': False, 'cmake_args': None, 'cmake_clean_cache': False, 'cmake_clean_first': False, 'cmake_force_configure': False, 'cmake_target': None, 'cmake_target_skip_unavailable': False, 'install_base': '/home/yeray/sensors_ws/install/realsense2_camera_msgs', 'merge_install': False, 'path': '/home/yeray/sensors_ws/src/realsense-ros/realsense2_camera_msgs', 'symlink_install': False, 'test_result_base': None}
[0.384s] Level 5:colcon.colcon_core.verb:set package 'ultralytics_ros' build argument 'cmake_args' from command line to 'None'
[0.384s] Level 5:colcon.colcon_core.verb:set package 'ultralytics_ros' build argument 'cmake_target' from command line to 'None'
[0.384s] Level 5:colcon.colcon_core.verb:set package 'ultralytics_ros' build argument 'cmake_target_skip_unavailable' from command line to 'False'
[0.384s] Level 5:colcon.colcon_core.verb:set package 'ultralytics_ros' build argument 'cmake_clean_cache' from command line to 'False'
[0.384s] Level 5:colcon.colcon_core.verb:set package 'ultralytics_ros' build argument 'cmake_clean_first' from command line to 'False'
[0.384s] Level 5:colcon.colcon_core.verb:set package 'ultralytics_ros' build argument 'cmake_force_configure' from command line to 'False'
[0.384s] Level 5:colcon.colcon_core.verb:set package 'ultralytics_ros' build argument 'ament_cmake_args' from command line to 'None'
[0.384s] Level 5:colcon.colcon_core.verb:set package 'ultralytics_ros' build argument 'catkin_cmake_args' from command line to 'None'
[0.384s] Level 5:colcon.colcon_core.verb:set package 'ultralytics_ros' build argument 'catkin_skip_building_tests' from command line to 'False'
[0.384s] DEBUG:colcon.colcon_core.verb:Building package 'ultralytics_ros' with the following arguments: {'ament_cmake_args': None, 'build_base': '/home/yeray/sensors_ws/build/ultralytics_ros', 'catkin_cmake_args': None, 'catkin_skip_building_tests': False, 'cmake_args': None, 'cmake_clean_cache': False, 'cmake_clean_first': False, 'cmake_force_configure': False, 'cmake_target': None, 'cmake_target_skip_unavailable': False, 'install_base': '/home/yeray/sensors_ws/install/ultralytics_ros', 'merge_install': False, 'path': '/home/yeray/sensors_ws/src/ultralytics_ros', 'symlink_install': False, 'test_result_base': None}
[0.384s] Level 5:colcon.colcon_core.verb:set package 'realsense2_camera' build argument 'cmake_args' from command line to 'None'
[0.384s] Level 5:colcon.colcon_core.verb:set package 'realsense2_camera' build argument 'cmake_target' from command line to 'None'
[0.384s] Level 5:colcon.colcon_core.verb:set package 'realsense2_camera' build argument 'cmake_target_skip_unavailable' from command line to 'False'
[0.384s] Level 5:colcon.colcon_core.verb:set package 'realsense2_camera' build argument 'cmake_clean_cache' from command line to 'False'
[0.384s] Level 5:colcon.colcon_core.verb:set package 'realsense2_camera' build argument 'cmake_clean_first' from command line to 'False'
[0.384s] Level 5:colcon.colcon_core.verb:set package 'realsense2_camera' build argument 'cmake_force_configure' from command line to 'False'
[0.384s] Level 5:colcon.colcon_core.verb:set package 'realsense2_camera' build argument 'ament_cmake_args' from command line to 'None'
[0.384s] Level 5:colcon.colcon_core.verb:set package 'realsense2_camera' build argument 'catkin_cmake_args' from command line to 'None'
[0.384s] Level 5:colcon.colcon_core.verb:set package 'realsense2_camera' build argument 'catkin_skip_building_tests' from command line to 'False'
[0.385s] DEBUG:colcon.colcon_core.verb:Building package 'realsense2_camera' with the following arguments: {'ament_cmake_args': None, 'build_base': '/home/yeray/sensors_ws/build/realsense2_camera', 'catkin_cmake_args': None, 'catkin_skip_building_tests': False, 'cmake_args': None, 'cmake_clean_cache': False, 'cmake_clean_first': False, 'cmake_force_configure': False, 'cmake_target': None, 'cmake_target_skip_unavailable': False, 'install_base': '/home/yeray/sensors_ws/install/realsense2_camera', 'merge_install': False, 'path': '/home/yeray/sensors_ws/src/realsense-ros/realsense2_camera', 'symlink_install': False, 'test_result_base': None}
[0.385s] Level 5:colcon.colcon_core.verb:set package 'realsense2_description' build argument 'cmake_args' from command line to 'None'
[0.385s] Level 5:colcon.colcon_core.verb:set package 'realsense2_description' build argument 'cmake_target' from command line to 'None'
[0.385s] Level 5:colcon.colcon_core.verb:set package 'realsense2_description' build argument 'cmake_target_skip_unavailable' from command line to 'False'
[0.385s] Level 5:colcon.colcon_core.verb:set package 'realsense2_description' build argument 'cmake_clean_cache' from command line to 'False'
[0.385s] Level 5:colcon.colcon_core.verb:set package 'realsense2_description' build argument 'cmake_clean_first' from command line to 'False'
[0.385s] Level 5:colcon.colcon_core.verb:set package 'realsense2_description' build argument 'cmake_force_configure' from command line to 'False'
[0.385s] Level 5:colcon.colcon_core.verb:set package 'realsense2_description' build argument 'ament_cmake_args' from command line to 'None'
[0.385s] Level 5:colcon.colcon_core.verb:set package 'realsense2_description' build argument 'catkin_cmake_args' from command line to 'None'
[0.385s] Level 5:colcon.colcon_core.verb:set package 'realsense2_description' build argument 'catkin_skip_building_tests' from command line to 'False'
[0.385s] DEBUG:colcon.colcon_core.verb:Building package 'realsense2_description' with the following arguments: {'ament_cmake_args': None, 'build_base': '/home/yeray/sensors_ws/build/realsense2_description', 'catkin_cmake_args': None, 'catkin_skip_building_tests': False, 'cmake_args': None, 'cmake_clean_cache': False, 'cmake_clean_first': False, 'cmake_force_configure': False, 'cmake_target': None, 'cmake_target_skip_unavailable': False, 'install_base': '/home/yeray/sensors_ws/install/realsense2_description', 'merge_install': False, 'path': '/home/yeray/sensors_ws/src/realsense-ros/realsense2_description', 'symlink_install': False, 'test_result_base': None}
[0.385s] INFO:colcon.colcon_core.executor:Executing jobs using 'parallel' executor
[0.386s] DEBUG:colcon.colcon_parallel_executor.executor.parallel:run_until_complete
[0.386s] INFO:colcon.colcon_ros.task.ament_cmake.build:Building ROS package in '/home/yeray/sensors_ws/src/realsense-ros/realsense2_camera_msgs' with build type 'ament_cmake'
[0.386s] INFO:colcon.colcon_cmake.task.cmake.build:Building CMake package in '/home/yeray/sensors_ws/src/realsense-ros/realsense2_camera_msgs'
[0.388s] INFO:colcon.colcon_core.plugin_system:Skipping extension 'colcon_core.shell.bat': Not used on non-Windows systems
[0.388s] INFO:colcon.colcon_core.shell:Skip shell extension 'powershell' for command environment: Not usable outside of PowerShell
[0.388s] DEBUG:colcon.colcon_core.shell:Skip shell extension 'dsv' for command environment
[0.392s] INFO:colcon.colcon_ros.task.ament_cmake.build:Building ROS package in '/home/yeray/sensors_ws/src/optris_drivers2' with build type 'ament_cmake'
[0.392s] INFO:colcon.colcon_cmake.task.cmake.build:Building CMake package in '/home/yeray/sensors_ws/src/optris_drivers2'
[0.392s] INFO:colcon.colcon_core.shell:Skip shell extension 'powershell' for command environment: Not usable outside of PowerShell
[0.392s] DEBUG:colcon.colcon_core.shell:Skip shell extension 'dsv' for command environment
[0.395s] INFO:colcon.colcon_ros.task.ament_cmake.build:Building ROS package in '/home/yeray/sensors_ws/src/ultralytics_ros' with build type 'ament_cmake'
[0.395s] INFO:colcon.colcon_cmake.task.cmake.build:Building CMake package in '/home/yeray/sensors_ws/src/ultralytics_ros'
[0.395s] INFO:colcon.colcon_core.shell:Skip shell extension 'powershell' for command environment: Not usable outside of PowerShell
[0.396s] DEBUG:colcon.colcon_core.shell:Skip shell extension 'dsv' for command environment
[0.405s] DEBUG:colcon.colcon_core.event_handler.log_command:Invoking command in '/home/yeray/sensors_ws/build/realsense2_camera_msgs': CMAKE_PREFIX_PATH=${CMAKE_PREFIX_PATH}:/opt/ros/humble /usr/bin/cmake --build /home/yeray/sensors_ws/build/realsense2_camera_msgs -- -j8 -l8
[0.409s] DEBUG:colcon.colcon_core.event_handler.log_command:Invoking command in '/home/yeray/sensors_ws/build/optris_drivers2': CMAKE_PREFIX_PATH=${CMAKE_PREFIX_PATH}:/opt/ros/humble /usr/bin/cmake --build /home/yeray/sensors_ws/build/optris_drivers2 -- -j8 -l8
[0.412s] DEBUG:colcon.colcon_core.event_handler.log_command:Invoking command in '/home/yeray/sensors_ws/build/ultralytics_ros': CMAKE_PREFIX_PATH=${CMAKE_PREFIX_PATH}:/opt/ros/humble /usr/bin/cmake --build /home/yeray/sensors_ws/build/ultralytics_ros -- -j8 -l8
[0.980s] DEBUG:colcon.colcon_core.event_handler.log_command:Invoked command in '/home/yeray/sensors_ws/build/realsense2_camera_msgs' returned '0': CMAKE_PREFIX_PATH=${CMAKE_PREFIX_PATH}:/opt/ros/humble /usr/bin/cmake --build /home/yeray/sensors_ws/build/realsense2_camera_msgs -- -j8 -l8
[1.013s] DEBUG:colcon.colcon_core.event_handler.log_command:Invoked command in '/home/yeray/sensors_ws/build/optris_drivers2' returned '0': CMAKE_PREFIX_PATH=${CMAKE_PREFIX_PATH}:/opt/ros/humble /usr/bin/cmake --build /home/yeray/sensors_ws/build/optris_drivers2 -- -j8 -l8
[1.018s] DEBUG:colcon.colcon_core.event_handler.log_command:Invoked command in '/home/yeray/sensors_ws/build/ultralytics_ros' returned '0': CMAKE_PREFIX_PATH=${CMAKE_PREFIX_PATH}:/opt/ros/humble /usr/bin/cmake --build /home/yeray/sensors_ws/build/ultralytics_ros -- -j8 -l8
[1.092s] DEBUG:colcon.colcon_core.event_handler.log_command:Invoking command in '/home/yeray/sensors_ws/build/ultralytics_ros': CMAKE_PREFIX_PATH=${CMAKE_PREFIX_PATH}:/opt/ros/humble /usr/bin/cmake --install /home/yeray/sensors_ws/build/ultralytics_ros
[1.119s] DEBUG:colcon.colcon_core.event_handler.log_command:Invoking command in '/home/yeray/sensors_ws/build/realsense2_camera_msgs': CMAKE_PREFIX_PATH=${CMAKE_PREFIX_PATH}:/opt/ros/humble /usr/bin/cmake --install /home/yeray/sensors_ws/build/realsense2_camera_msgs
[1.160s] Level 1:colcon.colcon_core.environment:create_environment_scripts_only(ultralytics_ros)
[1.161s] DEBUG:colcon.colcon_core.event_handler.log_command:Invoking command in '/home/yeray/sensors_ws/build/optris_drivers2': CMAKE_PREFIX_PATH=${CMAKE_PREFIX_PATH}:/opt/ros/humble /usr/bin/cmake --install /home/yeray/sensors_ws/build/optris_drivers2
[1.162s] DEBUG:colcon.colcon_core.event_handler.log_command:Invoked command in '/home/yeray/sensors_ws/build/ultralytics_ros' returned '0': CMAKE_PREFIX_PATH=${CMAKE_PREFIX_PATH}:/opt/ros/humble /usr/bin/cmake --install /home/yeray/sensors_ws/build/ultralytics_ros
[1.165s] Level 1:colcon.colcon_core.environment:checking '/home/yeray/sensors_ws/install/ultralytics_ros' for CMake module files
[1.166s] Level 1:colcon.colcon_core.environment:checking '/home/yeray/sensors_ws/install/ultralytics_ros' for CMake config files
[1.182s] Level 1:colcon.colcon_core.shell:create_environment_hook('ultralytics_ros', 'cmake_prefix_path')
[1.182s] INFO:colcon.colcon_core.shell:Creating environment hook '/home/yeray/sensors_ws/install/ultralytics_ros/share/ultralytics_ros/hook/cmake_prefix_path.ps1'
[1.186s] INFO:colcon.colcon_core.shell:Creating environment descriptor '/home/yeray/sensors_ws/install/ultralytics_ros/share/ultralytics_ros/hook/cmake_prefix_path.dsv'
[1.189s] INFO:colcon.colcon_core.shell:Creating environment hook '/home/yeray/sensors_ws/install/ultralytics_ros/share/ultralytics_ros/hook/cmake_prefix_path.sh'
[1.190s] Level 1:colcon.colcon_core.environment:checking '/home/yeray/sensors_ws/install/ultralytics_ros/lib'
[1.190s] Level 1:colcon.colcon_core.shell:create_environment_hook('ultralytics_ros', 'ld_library_path_lib')
[1.190s] INFO:colcon.colcon_core.shell:Creating environment hook '/home/yeray/sensors_ws/install/ultralytics_ros/share/ultralytics_ros/hook/ld_library_path_lib.ps1'
[1.190s] INFO:colcon.colcon_core.shell:Creating environment descriptor '/home/yeray/sensors_ws/install/ultralytics_ros/share/ultralytics_ros/hook/ld_library_path_lib.dsv'
[1.191s] INFO:colcon.colcon_core.shell:Creating environment hook '/home/yeray/sensors_ws/install/ultralytics_ros/share/ultralytics_ros/hook/ld_library_path_lib.sh'
[1.191s] Level 1:colcon.colcon_core.environment:checking '/home/yeray/sensors_ws/install/ultralytics_ros/bin'
[1.191s] Level 1:colcon.colcon_core.environment:checking '/home/yeray/sensors_ws/install/ultralytics_ros/lib/pkgconfig/ultralytics_ros.pc'
[1.192s] Level 1:colcon.colcon_core.environment:checking '/home/yeray/sensors_ws/install/ultralytics_ros/lib/python3.10/site-packages'
[1.192s] Level 1:colcon.colcon_core.environment:checking '/home/yeray/sensors_ws/install/ultralytics_ros/bin'
[1.192s] INFO:colcon.colcon_core.shell:Creating package script '/home/yeray/sensors_ws/install/ultralytics_ros/share/ultralytics_ros/package.ps1'
[1.193s] INFO:colcon.colcon_core.shell:Creating package descriptor '/home/yeray/sensors_ws/install/ultralytics_ros/share/ultralytics_ros/package.dsv'
[1.194s] INFO:colcon.colcon_core.shell:Creating package script '/home/yeray/sensors_ws/install/ultralytics_ros/share/ultralytics_ros/package.sh'
[1.194s] INFO:colcon.colcon_core.shell:Creating package script '/home/yeray/sensors_ws/install/ultralytics_ros/share/ultralytics_ros/package.bash'
[1.195s] INFO:colcon.colcon_core.shell:Creating package script '/home/yeray/sensors_ws/install/ultralytics_ros/share/ultralytics_ros/package.zsh'
[1.196s] Level 1:colcon.colcon_core.environment:create_file_with_runtime_dependencies(/home/yeray/sensors_ws/install/ultralytics_ros/share/colcon-core/packages/ultralytics_ros)
[1.198s] Level 1:colcon.colcon_core.environment:create_environment_scripts_only(realsense2_camera_msgs)
[1.198s] Level 1:colcon.colcon_core.environment:checking '/home/yeray/sensors_ws/install/realsense2_camera_msgs' for CMake module files
[1.199s] DEBUG:colcon.colcon_core.event_handler.log_command:Invoked command in '/home/yeray/sensors_ws/build/realsense2_camera_msgs' returned '0': CMAKE_PREFIX_PATH=${CMAKE_PREFIX_PATH}:/opt/ros/humble /usr/bin/cmake --install /home/yeray/sensors_ws/build/realsense2_camera_msgs
[1.199s] Level 1:colcon.colcon_core.environment:checking '/home/yeray/sensors_ws/install/realsense2_camera_msgs' for CMake config files
[1.200s] Level 1:colcon.colcon_core.shell:create_environment_hook('realsense2_camera_msgs', 'cmake_prefix_path')
[1.200s] INFO:colcon.colcon_core.shell:Creating environment hook '/home/yeray/sensors_ws/install/realsense2_camera_msgs/share/realsense2_camera_msgs/hook/cmake_prefix_path.ps1'
[1.201s] INFO:colcon.colcon_core.shell:Creating environment descriptor '/home/yeray/sensors_ws/install/realsense2_camera_msgs/share/realsense2_camera_msgs/hook/cmake_prefix_path.dsv'
[1.201s] INFO:colcon.colcon_core.shell:Creating environment hook '/home/yeray/sensors_ws/install/realsense2_camera_msgs/share/realsense2_camera_msgs/hook/cmake_prefix_path.sh'
[1.202s] Level 1:colcon.colcon_core.environment:checking '/home/yeray/sensors_ws/install/realsense2_camera_msgs/lib'
[1.202s] Level 1:colcon.colcon_core.shell:create_environment_hook('realsense2_camera_msgs', 'ld_library_path_lib')
[1.202s] INFO:colcon.colcon_core.shell:Creating environment hook '/home/yeray/sensors_ws/install/realsense2_camera_msgs/share/realsense2_camera_msgs/hook/ld_library_path_lib.ps1'
[1.203s] INFO:colcon.colcon_core.shell:Creating environment descriptor '/home/yeray/sensors_ws/install/realsense2_camera_msgs/share/realsense2_camera_msgs/hook/ld_library_path_lib.dsv'
[1.203s] INFO:colcon.colcon_core.shell:Creating environment hook '/home/yeray/sensors_ws/install/realsense2_camera_msgs/share/realsense2_camera_msgs/hook/ld_library_path_lib.sh'
[1.203s] Level 1:colcon.colcon_core.environment:checking '/home/yeray/sensors_ws/install/realsense2_camera_msgs/bin'
[1.204s] Level 1:colcon.colcon_core.environment:checking '/home/yeray/sensors_ws/install/realsense2_camera_msgs/lib/pkgconfig/realsense2_camera_msgs.pc'
[1.204s] Level 1:colcon.colcon_core.environment:checking '/home/yeray/sensors_ws/install/realsense2_camera_msgs/lib/python3.10/site-packages'
[1.204s] Level 1:colcon.colcon_core.environment:checking '/home/yeray/sensors_ws/install/realsense2_camera_msgs/bin'
[1.204s] INFO:colcon.colcon_core.shell:Creating package script '/home/yeray/sensors_ws/install/realsense2_camera_msgs/share/realsense2_camera_msgs/package.ps1'
[1.205s] INFO:colcon.colcon_core.shell:Creating package descriptor '/home/yeray/sensors_ws/install/realsense2_camera_msgs/share/realsense2_camera_msgs/package.dsv'
[1.205s] INFO:colcon.colcon_core.shell:Creating package script '/home/yeray/sensors_ws/install/realsense2_camera_msgs/share/realsense2_camera_msgs/package.sh'
[1.206s] INFO:colcon.colcon_core.shell:Creating package script '/home/yeray/sensors_ws/install/realsense2_camera_msgs/share/realsense2_camera_msgs/package.bash'
[1.207s] INFO:colcon.colcon_core.shell:Creating package script '/home/yeray/sensors_ws/install/realsense2_camera_msgs/share/realsense2_camera_msgs/package.zsh'
[1.207s] Level 1:colcon.colcon_core.environment:create_file_with_runtime_dependencies(/home/yeray/sensors_ws/install/realsense2_camera_msgs/share/colcon-core/packages/realsense2_camera_msgs)
[1.223s] Level 1:colcon.colcon_core.environment:create_environment_scripts_only(optris_drivers2)
[1.223s] Level 1:colcon.colcon_core.environment:checking '/home/yeray/sensors_ws/install/optris_drivers2' for CMake module files
[1.224s] DEBUG:colcon.colcon_core.event_handler.log_command:Invoked command in '/home/yeray/sensors_ws/build/optris_drivers2' returned '0': CMAKE_PREFIX_PATH=${CMAKE_PREFIX_PATH}:/opt/ros/humble /usr/bin/cmake --install /home/yeray/sensors_ws/build/optris_drivers2
[1.224s] Level 1:colcon.colcon_core.environment:checking '/home/yeray/sensors_ws/install/optris_drivers2' for CMake config files
[1.225s] Level 1:colcon.colcon_core.shell:create_environment_hook('optris_drivers2', 'cmake_prefix_path')
[1.225s] INFO:colcon.colcon_core.shell:Creating environment hook '/home/yeray/sensors_ws/install/optris_drivers2/share/optris_drivers2/hook/cmake_prefix_path.ps1'
[1.226s] INFO:colcon.colcon_core.shell:Creating environment descriptor '/home/yeray/sensors_ws/install/optris_drivers2/share/optris_drivers2/hook/cmake_prefix_path.dsv'
[1.226s] INFO:colcon.colcon_core.shell:Creating environment hook '/home/yeray/sensors_ws/install/optris_drivers2/share/optris_drivers2/hook/cmake_prefix_path.sh'
[1.227s] Level 1:colcon.colcon_core.environment:checking '/home/yeray/sensors_ws/install/optris_drivers2/lib'
[1.227s] Level 1:colcon.colcon_core.shell:create_environment_hook('optris_drivers2', 'ld_library_path_lib')
[1.227s] INFO:colcon.colcon_core.shell:Creating environment hook '/home/yeray/sensors_ws/install/optris_drivers2/share/optris_drivers2/hook/ld_library_path_lib.ps1'
[1.228s] INFO:colcon.colcon_core.shell:Creating environment descriptor '/home/yeray/sensors_ws/install/optris_drivers2/share/optris_drivers2/hook/ld_library_path_lib.dsv'
[1.228s] INFO:colcon.colcon_core.shell:Creating environment hook '/home/yeray/sensors_ws/install/optris_drivers2/share/optris_drivers2/hook/ld_library_path_lib.sh'
[1.228s] Level 1:colcon.colcon_core.environment:checking '/home/yeray/sensors_ws/install/optris_drivers2/bin'
[1.229s] Level 1:colcon.colcon_core.environment:checking '/home/yeray/sensors_ws/install/optris_drivers2/lib/pkgconfig/optris_drivers2.pc'
[1.229s] Level 1:colcon.colcon_core.environment:checking '/home/yeray/sensors_ws/install/optris_drivers2/lib/python3.10/site-packages'
[1.229s] Level 1:colcon.colcon_core.environment:checking '/home/yeray/sensors_ws/install/optris_drivers2/bin'
[1.230s] INFO:colcon.colcon_core.shell:Creating package script '/home/yeray/sensors_ws/install/optris_drivers2/share/optris_drivers2/package.ps1'
[1.231s] INFO:colcon.colcon_core.shell:Creating package descriptor '/home/yeray/sensors_ws/install/optris_drivers2/share/optris_drivers2/package.dsv'
[1.232s] INFO:colcon.colcon_core.shell:Creating package script '/home/yeray/sensors_ws/install/optris_drivers2/share/optris_drivers2/package.sh'
[1.232s] INFO:colcon.colcon_core.shell:Creating package script '/home/yeray/sensors_ws/install/optris_drivers2/share/optris_drivers2/package.bash'
[1.233s] INFO:colcon.colcon_core.shell:Creating package script '/home/yeray/sensors_ws/install/optris_drivers2/share/optris_drivers2/package.zsh'
[1.233s] Level 1:colcon.colcon_core.environment:create_file_with_runtime_dependencies(/home/yeray/sensors_ws/install/optris_drivers2/share/colcon-core/packages/optris_drivers2)
[1.263s] Level 1:colcon.colcon_core.environment:create_environment_scripts_only(ultralytics_ros)
[1.264s] Level 1:colcon.colcon_core.environment:checking '/home/yeray/sensors_ws/install/ultralytics_ros' for CMake module files
[1.264s] Level 1:colcon.colcon_core.environment:checking '/home/yeray/sensors_ws/install/ultralytics_ros' for CMake config files
[1.265s] Level 1:colcon.colcon_core.shell:create_environment_hook('ultralytics_ros', 'cmake_prefix_path')
[1.265s] INFO:colcon.colcon_core.shell:Creating environment hook '/home/yeray/sensors_ws/install/ultralytics_ros/share/ultralytics_ros/hook/cmake_prefix_path.ps1'
[1.266s] INFO:colcon.colcon_core.shell:Creating environment descriptor '/home/yeray/sensors_ws/install/ultralytics_ros/share/ultralytics_ros/hook/cmake_prefix_path.dsv'
[1.266s] INFO:colcon.colcon_core.shell:Creating environment hook '/home/yeray/sensors_ws/install/ultralytics_ros/share/ultralytics_ros/hook/cmake_prefix_path.sh'
[1.267s] Level 1:colcon.colcon_core.environment:checking '/home/yeray/sensors_ws/install/ultralytics_ros/lib'
[1.267s] Level 1:colcon.colcon_core.shell:create_environment_hook('ultralytics_ros', 'ld_library_path_lib')
[1.267s] INFO:colcon.colcon_core.shell:Creating environment hook '/home/yeray/sensors_ws/install/ultralytics_ros/share/ultralytics_ros/hook/ld_library_path_lib.ps1'
[1.268s] INFO:colcon.colcon_core.shell:Creating environment descriptor '/home/yeray/sensors_ws/install/ultralytics_ros/share/ultralytics_ros/hook/ld_library_path_lib.dsv'
[1.268s] INFO:colcon.colcon_core.shell:Creating environment hook '/home/yeray/sensors_ws/install/ultralytics_ros/share/ultralytics_ros/hook/ld_library_path_lib.sh'
[1.269s] Level 1:colcon.colcon_core.environment:checking '/home/yeray/sensors_ws/install/ultralytics_ros/bin'
[1.269s] Level 1:colcon.colcon_core.environment:checking '/home/yeray/sensors_ws/install/ultralytics_ros/lib/pkgconfig/ultralytics_ros.pc'
[1.269s] Level 1:colcon.colcon_core.environment:checking '/home/yeray/sensors_ws/install/ultralytics_ros/lib/python3.10/site-packages'
[1.269s] Level 1:colcon.colcon_core.environment:checking '/home/yeray/sensors_ws/install/ultralytics_ros/bin'
[1.270s] INFO:colcon.colcon_core.shell:Creating package script '/home/yeray/sensors_ws/install/ultralytics_ros/share/ultralytics_ros/package.ps1'
[1.270s] INFO:colcon.colcon_core.shell:Creating package descriptor '/home/yeray/sensors_ws/install/ultralytics_ros/share/ultralytics_ros/package.dsv'
[1.271s] INFO:colcon.colcon_core.shell:Creating package script '/home/yeray/sensors_ws/install/ultralytics_ros/share/ultralytics_ros/package.sh'
[1.272s] INFO:colcon.colcon_core.shell:Creating package script '/home/yeray/sensors_ws/install/ultralytics_ros/share/ultralytics_ros/package.bash'
[1.272s] INFO:colcon.colcon_core.shell:Creating package script '/home/yeray/sensors_ws/install/ultralytics_ros/share/ultralytics_ros/package.zsh'
[1.273s] Level 1:colcon.colcon_core.environment:create_file_with_runtime_dependencies(/home/yeray/sensors_ws/install/ultralytics_ros/share/colcon-core/packages/ultralytics_ros)
[1.344s] Level 1:colcon.colcon_core.environment:create_environment_scripts_only(realsense2_camera_msgs)
[1.344s] Level 1:colcon.colcon_core.environment:checking '/home/yeray/sensors_ws/install/realsense2_camera_msgs' for CMake module files
[1.345s] Level 1:colcon.colcon_core.environment:checking '/home/yeray/sensors_ws/install/realsense2_camera_msgs' for CMake config files
[1.346s] Level 1:colcon.colcon_core.shell:create_environment_hook('realsense2_camera_msgs', 'cmake_prefix_path')
[1.346s] INFO:colcon.colcon_core.shell:Creating environment hook '/home/yeray/sensors_ws/install/realsense2_camera_msgs/share/realsense2_camera_msgs/hook/cmake_prefix_path.ps1'
[1.347s] INFO:colcon.colcon_core.shell:Creating environment descriptor '/home/yeray/sensors_ws/install/realsense2_camera_msgs/share/realsense2_camera_msgs/hook/cmake_prefix_path.dsv'
[1.347s] INFO:colcon.colcon_core.shell:Creating environment hook '/home/yeray/sensors_ws/install/realsense2_camera_msgs/share/realsense2_camera_msgs/hook/cmake_prefix_path.sh'
[1.348s] Level 1:colcon.colcon_core.environment:checking '/home/yeray/sensors_ws/install/realsense2_camera_msgs/lib'
[1.348s] Level 1:colcon.colcon_core.shell:create_environment_hook('realsense2_camera_msgs', 'ld_library_path_lib')
[1.348s] INFO:colcon.colcon_core.shell:Creating environment hook '/home/yeray/sensors_ws/install/realsense2_camera_msgs/share/realsense2_camera_msgs/hook/ld_library_path_lib.ps1'
[1.348s] INFO:colcon.colcon_core.shell:Creating environment descriptor '/home/yeray/sensors_ws/install/realsense2_camera_msgs/share/realsense2_camera_msgs/hook/ld_library_path_lib.dsv'
[1.349s] INFO:colcon.colcon_core.shell:Creating environment hook '/home/yeray/sensors_ws/install/realsense2_camera_msgs/share/realsense2_camera_msgs/hook/ld_library_path_lib.sh'
[1.349s] Level 1:colcon.colcon_core.environment:checking '/home/yeray/sensors_ws/install/realsense2_camera_msgs/bin'
[1.349s] Level 1:colcon.colcon_core.environment:checking '/home/yeray/sensors_ws/install/realsense2_camera_msgs/lib/pkgconfig/realsense2_camera_msgs.pc'
[1.350s] Level 1:colcon.colcon_core.environment:checking '/home/yeray/sensors_ws/install/realsense2_camera_msgs/lib/python3.10/site-packages'
[1.350s] Level 1:colcon.colcon_core.environment:checking '/home/yeray/sensors_ws/install/realsense2_camera_msgs/bin'
[1.350s] INFO:colcon.colcon_core.shell:Creating package script '/home/yeray/sensors_ws/install/realsense2_camera_msgs/share/realsense2_camera_msgs/package.ps1'
[1.351s] INFO:colcon.colcon_core.shell:Creating package descriptor '/home/yeray/sensors_ws/install/realsense2_camera_msgs/share/realsense2_camera_msgs/package.dsv'
[1.351s] INFO:colcon.colcon_core.shell:Creating package script '/home/yeray/sensors_ws/install/realsense2_camera_msgs/share/realsense2_camera_msgs/package.sh'
[1.352s] INFO:colcon.colcon_core.shell:Creating package script '/home/yeray/sensors_ws/install/realsense2_camera_msgs/share/realsense2_camera_msgs/package.bash'
[1.352s] INFO:colcon.colcon_core.shell:Creating package script '/home/yeray/sensors_ws/install/realsense2_camera_msgs/share/realsense2_camera_msgs/package.zsh'
[1.353s] Level 1:colcon.colcon_core.environment:create_file_with_runtime_dependencies(/home/yeray/sensors_ws/install/realsense2_camera_msgs/share/colcon-core/packages/realsense2_camera_msgs)
[1.353s] INFO:colcon.colcon_ros.task.ament_cmake.build:Building ROS package in '/home/yeray/sensors_ws/src/realsense-ros/realsense2_camera' with build type 'ament_cmake'
[1.354s] INFO:colcon.colcon_cmake.task.cmake.build:Building CMake package in '/home/yeray/sensors_ws/src/realsense-ros/realsense2_camera'
[1.354s] INFO:colcon.colcon_core.shell:Skip shell extension 'powershell' for command environment: Not usable outside of PowerShell
[1.354s] DEBUG:colcon.colcon_core.shell:Skip shell extension 'dsv' for command environment
[1.358s] INFO:colcon.colcon_ros.task.ament_cmake.build:Building ROS package in '/home/yeray/sensors_ws/src/realsense-ros/realsense2_description' with build type 'ament_cmake'
[1.358s] INFO:colcon.colcon_cmake.task.cmake.build:Building CMake package in '/home/yeray/sensors_ws/src/realsense-ros/realsense2_description'
[1.359s] INFO:colcon.colcon_core.shell:Skip shell extension 'powershell' for command environment: Not usable outside of PowerShell
[1.359s] DEBUG:colcon.colcon_core.shell:Skip shell extension 'dsv' for command environment
[1.370s] DEBUG:colcon.colcon_core.event_handler.log_command:Invoking command in '/home/yeray/sensors_ws/build/realsense2_camera': CMAKE_PREFIX_PATH=/home/yeray/sensors_ws/install/realsense2_camera_msgs:/home/yeray/sensors_ws/install/ultralytics_ros:/home/yeray/sensors_ws/install/realsense2_description:/home/yeray/sensors_ws/install/realsense2_camera:/home/yeray/sensors_ws/install/optris_drivers2:/opt/ros/humble LD_LIBRARY_PATH=/home/yeray/sensors_ws/install/realsense2_camera_msgs/lib:/home/yeray/sensors_ws/install/ultralytics_ros/lib:/home/yeray/sensors_ws/install/realsense2_camera/lib:/home/yeray/sensors_ws/install/optris_drivers2/lib:/usr/lib/x86_64-linux-gnu/gazebo-11/plugins:/opt/ros/humble/opt/rviz_ogre_vendor/lib:/opt/ros/humble/lib/x86_64-linux-gnu:/opt/ros/humble/lib /usr/bin/cmake --build /home/yeray/sensors_ws/build/realsense2_camera -- -j8 -l8
[1.373s] DEBUG:colcon.colcon_core.event_handler.log_command:Invoking command in '/home/yeray/sensors_ws/build/realsense2_description': CMAKE_PREFIX_PATH=/home/yeray/sensors_ws/install/realsense2_camera_msgs:/home/yeray/sensors_ws/install/ultralytics_ros:/home/yeray/sensors_ws/install/realsense2_description:/home/yeray/sensors_ws/install/realsense2_camera:/home/yeray/sensors_ws/install/optris_drivers2:/opt/ros/humble LD_LIBRARY_PATH=/home/yeray/sensors_ws/install/realsense2_camera_msgs/lib:/home/yeray/sensors_ws/install/ultralytics_ros/lib:/home/yeray/sensors_ws/install/realsense2_camera/lib:/home/yeray/sensors_ws/install/optris_drivers2/lib:/usr/lib/x86_64-linux-gnu/gazebo-11/plugins:/opt/ros/humble/opt/rviz_ogre_vendor/lib:/opt/ros/humble/lib/x86_64-linux-gnu:/opt/ros/humble/lib /usr/bin/cmake --build /home/yeray/sensors_ws/build/realsense2_description -- -j8 -l8
[1.382s] Level 1:colcon.colcon_core.environment:create_environment_scripts_only(optris_drivers2)
[1.383s] Level 1:colcon.colcon_core.environment:checking '/home/yeray/sensors_ws/install/optris_drivers2' for CMake module files
[1.383s] Level 1:colcon.colcon_core.environment:checking '/home/yeray/sensors_ws/install/optris_drivers2' for CMake config files
[1.384s] Level 1:colcon.colcon_core.shell:create_environment_hook('optris_drivers2', 'cmake_prefix_path')
[1.384s] INFO:colcon.colcon_core.shell:Creating environment hook '/home/yeray/sensors_ws/install/optris_drivers2/share/optris_drivers2/hook/cmake_prefix_path.ps1'
[1.385s] INFO:colcon.colcon_core.shell:Creating environment descriptor '/home/yeray/sensors_ws/install/optris_drivers2/share/optris_drivers2/hook/cmake_prefix_path.dsv'
[1.385s] INFO:colcon.colcon_core.shell:Creating environment hook '/home/yeray/sensors_ws/install/optris_drivers2/share/optris_drivers2/hook/cmake_prefix_path.sh'
[1.386s] Level 1:colcon.colcon_core.environment:checking '/home/yeray/sensors_ws/install/optris_drivers2/lib'
[1.386s] Level 1:colcon.colcon_core.shell:create_environment_hook('optris_drivers2', 'ld_library_path_lib')
[1.387s] INFO:colcon.colcon_core.shell:Creating environment hook '/home/yeray/sensors_ws/install/optris_drivers2/share/optris_drivers2/hook/ld_library_path_lib.ps1'
[1.387s] INFO:colcon.colcon_core.shell:Creating environment descriptor '/home/yeray/sensors_ws/install/optris_drivers2/share/optris_drivers2/hook/ld_library_path_lib.dsv'
[1.388s] INFO:colcon.colcon_core.shell:Creating environment hook '/home/yeray/sensors_ws/install/optris_drivers2/share/optris_drivers2/hook/ld_library_path_lib.sh'
[1.388s] Level 1:colcon.colcon_core.environment:checking '/home/yeray/sensors_ws/install/optris_drivers2/bin'
[1.388s] Level 1:colcon.colcon_core.environment:checking '/home/yeray/sensors_ws/install/optris_drivers2/lib/pkgconfig/optris_drivers2.pc'
[1.389s] Level 1:colcon.colcon_core.environment:checking '/home/yeray/sensors_ws/install/optris_drivers2/lib/python3.10/site-packages'
[1.389s] Level 1:colcon.colcon_core.environment:checking '/home/yeray/sensors_ws/install/optris_drivers2/bin'
[1.389s] INFO:colcon.colcon_core.shell:Creating package script '/home/yeray/sensors_ws/install/optris_drivers2/share/optris_drivers2/package.ps1'
[1.390s] INFO:colcon.colcon_core.shell:Creating package descriptor '/home/yeray/sensors_ws/install/optris_drivers2/share/optris_drivers2/package.dsv'
[1.391s] INFO:colcon.colcon_core.shell:Creating package script '/home/yeray/sensors_ws/install/optris_drivers2/share/optris_drivers2/package.sh'
[1.391s] INFO:colcon.colcon_core.shell:Creating package script '/home/yeray/sensors_ws/install/optris_drivers2/share/optris_drivers2/package.bash'
[1.392s] INFO:colcon.colcon_core.shell:Creating package script '/home/yeray/sensors_ws/install/optris_drivers2/share/optris_drivers2/package.zsh'
[1.392s] Level 1:colcon.colcon_core.environment:create_file_with_runtime_dependencies(/home/yeray/sensors_ws/install/optris_drivers2/share/colcon-core/packages/optris_drivers2)
[1.418s] DEBUG:colcon.colcon_core.event_handler.log_command:Invoked command in '/home/yeray/sensors_ws/build/realsense2_description' returned '0': CMAKE_PREFIX_PATH=/home/yeray/sensors_ws/install/realsense2_camera_msgs:/home/yeray/sensors_ws/install/ultralytics_ros:/home/yeray/sensors_ws/install/realsense2_description:/home/yeray/sensors_ws/install/realsense2_camera:/home/yeray/sensors_ws/install/optris_drivers2:/opt/ros/humble LD_LIBRARY_PATH=/home/yeray/sensors_ws/install/realsense2_camera_msgs/lib:/home/yeray/sensors_ws/install/ultralytics_ros/lib:/home/yeray/sensors_ws/install/realsense2_camera/lib:/home/yeray/sensors_ws/install/optris_drivers2/lib:/usr/lib/x86_64-linux-gnu/gazebo-11/plugins:/opt/ros/humble/opt/rviz_ogre_vendor/lib:/opt/ros/humble/lib/x86_64-linux-gnu:/opt/ros/humble/lib /usr/bin/cmake --build /home/yeray/sensors_ws/build/realsense2_description -- -j8 -l8
[1.446s] DEBUG:colcon.colcon_core.event_handler.log_command:Invoking command in '/home/yeray/sensors_ws/build/realsense2_description': CMAKE_PREFIX_PATH=/home/yeray/sensors_ws/install/realsense2_camera_msgs:/home/yeray/sensors_ws/install/ultralytics_ros:/home/yeray/sensors_ws/install/realsense2_description:/home/yeray/sensors_ws/install/realsense2_camera:/home/yeray/sensors_ws/install/optris_drivers2:/opt/ros/humble LD_LIBRARY_PATH=/home/yeray/sensors_ws/install/realsense2_camera_msgs/lib:/home/yeray/sensors_ws/install/ultralytics_ros/lib:/home/yeray/sensors_ws/install/realsense2_camera/lib:/home/yeray/sensors_ws/install/optris_drivers2/lib:/usr/lib/x86_64-linux-gnu/gazebo-11/plugins:/opt/ros/humble/opt/rviz_ogre_vendor/lib:/opt/ros/humble/lib/x86_64-linux-gnu:/opt/ros/humble/lib /usr/bin/cmake --install /home/yeray/sensors_ws/build/realsense2_description
[1.460s] Level 1:colcon.colcon_core.environment:create_environment_scripts_only(realsense2_description)
[1.460s] Level 1:colcon.colcon_core.environment:checking '/home/yeray/sensors_ws/install/realsense2_description' for CMake module files
[1.462s] Level 1:colcon.colcon_core.environment:checking '/home/yeray/sensors_ws/install/realsense2_description' for CMake config files
[1.464s] DEBUG:colcon.colcon_core.event_handler.log_command:Invoked command in '/home/yeray/sensors_ws/build/realsense2_description' returned '0': CMAKE_PREFIX_PATH=/home/yeray/sensors_ws/install/realsense2_camera_msgs:/home/yeray/sensors_ws/install/ultralytics_ros:/home/yeray/sensors_ws/install/realsense2_description:/home/yeray/sensors_ws/install/realsense2_camera:/home/yeray/sensors_ws/install/optris_drivers2:/opt/ros/humble LD_LIBRARY_PATH=/home/yeray/sensors_ws/install/realsense2_camera_msgs/lib:/home/yeray/sensors_ws/install/ultralytics_ros/lib:/home/yeray/sensors_ws/install/realsense2_camera/lib:/home/yeray/sensors_ws/install/optris_drivers2/lib:/usr/lib/x86_64-linux-gnu/gazebo-11/plugins:/opt/ros/humble/opt/rviz_ogre_vendor/lib:/opt/ros/humble/lib/x86_64-linux-gnu:/opt/ros/humble/lib /usr/bin/cmake --install /home/yeray/sensors_ws/build/realsense2_description
[1.464s] Level 1:colcon.colcon_core.shell:create_environment_hook('realsense2_description', 'cmake_prefix_path')
[1.465s] INFO:colcon.colcon_core.shell:Creating environment hook '/home/yeray/sensors_ws/install/realsense2_description/share/realsense2_description/hook/cmake_prefix_path.ps1'
[1.465s] INFO:colcon.colcon_core.shell:Creating environment descriptor '/home/yeray/sensors_ws/install/realsense2_description/share/realsense2_description/hook/cmake_prefix_path.dsv'
[1.466s] INFO:colcon.colcon_core.shell:Creating environment hook '/home/yeray/sensors_ws/install/realsense2_description/share/realsense2_description/hook/cmake_prefix_path.sh'
[1.467s] Level 1:colcon.colcon_core.environment:checking '/home/yeray/sensors_ws/install/realsense2_description/bin'
[1.467s] Level 1:colcon.colcon_core.environment:checking '/home/yeray/sensors_ws/install/realsense2_description/lib/pkgconfig/realsense2_description.pc'
[1.467s] Level 1:colcon.colcon_core.environment:checking '/home/yeray/sensors_ws/install/realsense2_description/lib/python3.10/site-packages'
[1.467s] Level 1:colcon.colcon_core.environment:checking '/home/yeray/sensors_ws/install/realsense2_description/bin'
[1.468s] INFO:colcon.colcon_core.shell:Creating package script '/home/yeray/sensors_ws/install/realsense2_description/share/realsense2_description/package.ps1'
[1.468s] INFO:colcon.colcon_core.shell:Creating package descriptor '/home/yeray/sensors_ws/install/realsense2_description/share/realsense2_description/package.dsv'
[1.469s] INFO:colcon.colcon_core.shell:Creating package script '/home/yeray/sensors_ws/install/realsense2_description/share/realsense2_description/package.sh'
[1.469s] INFO:colcon.colcon_core.shell:Creating package script '/home/yeray/sensors_ws/install/realsense2_description/share/realsense2_description/package.bash'
[1.470s] INFO:colcon.colcon_core.shell:Creating package script '/home/yeray/sensors_ws/install/realsense2_description/share/realsense2_description/package.zsh'
[1.471s] Level 1:colcon.colcon_core.environment:create_file_with_runtime_dependencies(/home/yeray/sensors_ws/install/realsense2_description/share/colcon-core/packages/realsense2_description)
[1.483s] DEBUG:colcon.colcon_core.event_handler.log_command:Invoked command in '/home/yeray/sensors_ws/build/realsense2_camera' returned '0': CMAKE_PREFIX_PATH=/home/yeray/sensors_ws/install/realsense2_camera_msgs:/home/yeray/sensors_ws/install/ultralytics_ros:/home/yeray/sensors_ws/install/realsense2_description:/home/yeray/sensors_ws/install/realsense2_camera:/home/yeray/sensors_ws/install/optris_drivers2:/opt/ros/humble LD_LIBRARY_PATH=/home/yeray/sensors_ws/install/realsense2_camera_msgs/lib:/home/yeray/sensors_ws/install/ultralytics_ros/lib:/home/yeray/sensors_ws/install/realsense2_camera/lib:/home/yeray/sensors_ws/install/optris_drivers2/lib:/usr/lib/x86_64-linux-gnu/gazebo-11/plugins:/opt/ros/humble/opt/rviz_ogre_vendor/lib:/opt/ros/humble/lib/x86_64-linux-gnu:/opt/ros/humble/lib /usr/bin/cmake --build /home/yeray/sensors_ws/build/realsense2_camera -- -j8 -l8
[1.493s] Level 1:colcon.colcon_core.environment:create_environment_scripts_only(realsense2_description)
[1.493s] Level 1:colcon.colcon_core.environment:checking '/home/yeray/sensors_ws/install/realsense2_description' for CMake module files
[1.494s] Level 1:colcon.colcon_core.environment:checking '/home/yeray/sensors_ws/install/realsense2_description' for CMake config files
[1.494s] Level 1:colcon.colcon_core.shell:create_environment_hook('realsense2_description', 'cmake_prefix_path')
[1.494s] INFO:colcon.colcon_core.shell:Creating environment hook '/home/yeray/sensors_ws/install/realsense2_description/share/realsense2_description/hook/cmake_prefix_path.ps1'
[1.495s] INFO:colcon.colcon_core.shell:Creating environment descriptor '/home/yeray/sensors_ws/install/realsense2_description/share/realsense2_description/hook/cmake_prefix_path.dsv'
[1.495s] INFO:colcon.colcon_core.shell:Creating environment hook '/home/yeray/sensors_ws/install/realsense2_description/share/realsense2_description/hook/cmake_prefix_path.sh'
[1.496s] Level 1:colcon.colcon_core.environment:checking '/home/yeray/sensors_ws/install/realsense2_description/bin'
[1.496s] Level 1:colcon.colcon_core.environment:checking '/home/yeray/sensors_ws/install/realsense2_description/lib/pkgconfig/realsense2_description.pc'
[1.496s] Level 1:colcon.colcon_core.environment:checking '/home/yeray/sensors_ws/install/realsense2_description/lib/python3.10/site-packages'
[1.497s] Level 1:colcon.colcon_core.environment:checking '/home/yeray/sensors_ws/install/realsense2_description/bin'
[1.497s] INFO:colcon.colcon_core.shell:Creating package script '/home/yeray/sensors_ws/install/realsense2_description/share/realsense2_description/package.ps1'
[1.498s] INFO:colcon.colcon_core.shell:Creating package descriptor '/home/yeray/sensors_ws/install/realsense2_description/share/realsense2_description/package.dsv'
[1.498s] INFO:colcon.colcon_core.shell:Creating package script '/home/yeray/sensors_ws/install/realsense2_description/share/realsense2_description/package.sh'
[1.499s] INFO:colcon.colcon_core.shell:Creating package script '/home/yeray/sensors_ws/install/realsense2_description/share/realsense2_description/package.bash'
[1.500s] INFO:colcon.colcon_core.shell:Creating package script '/home/yeray/sensors_ws/install/realsense2_description/share/realsense2_description/package.zsh'
[1.500s] Level 1:colcon.colcon_core.environment:create_file_with_runtime_dependencies(/home/yeray/sensors_ws/install/realsense2_description/share/colcon-core/packages/realsense2_description)
[1.551s] DEBUG:colcon.colcon_core.event_handler.log_command:Invoking command in '/home/yeray/sensors_ws/build/realsense2_camera': CMAKE_PREFIX_PATH=/home/yeray/sensors_ws/install/realsense2_camera_msgs:/home/yeray/sensors_ws/install/ultralytics_ros:/home/yeray/sensors_ws/install/realsense2_description:/home/yeray/sensors_ws/install/realsense2_camera:/home/yeray/sensors_ws/install/optris_drivers2:/opt/ros/humble LD_LIBRARY_PATH=/home/yeray/sensors_ws/install/realsense2_camera_msgs/lib:/home/yeray/sensors_ws/install/ultralytics_ros/lib:/home/yeray/sensors_ws/install/realsense2_camera/lib:/home/yeray/sensors_ws/install/optris_drivers2/lib:/usr/lib/x86_64-linux-gnu/gazebo-11/plugins:/opt/ros/humble/opt/rviz_ogre_vendor/lib:/opt/ros/humble/lib/x86_64-linux-gnu:/opt/ros/humble/lib /usr/bin/cmake --install /home/yeray/sensors_ws/build/realsense2_camera
[1.565s] Level 1:colcon.colcon_core.environment:create_environment_scripts_only(realsense2_camera)
[1.566s] Level 1:colcon.colcon_core.environment:checking '/home/yeray/sensors_ws/install/realsense2_camera' for CMake module files
[1.567s] DEBUG:colcon.colcon_core.event_handler.log_command:Invoked command in '/home/yeray/sensors_ws/build/realsense2_camera' returned '0': CMAKE_PREFIX_PATH=/home/yeray/sensors_ws/install/realsense2_camera_msgs:/home/yeray/sensors_ws/install/ultralytics_ros:/home/yeray/sensors_ws/install/realsense2_description:/home/yeray/sensors_ws/install/realsense2_camera:/home/yeray/sensors_ws/install/optris_drivers2:/opt/ros/humble LD_LIBRARY_PATH=/home/yeray/sensors_ws/install/realsense2_camera_msgs/lib:/home/yeray/sensors_ws/install/ultralytics_ros/lib:/home/yeray/sensors_ws/install/realsense2_camera/lib:/home/yeray/sensors_ws/install/optris_drivers2/lib:/usr/lib/x86_64-linux-gnu/gazebo-11/plugins:/opt/ros/humble/opt/rviz_ogre_vendor/lib:/opt/ros/humble/lib/x86_64-linux-gnu:/opt/ros/humble/lib /usr/bin/cmake --install /home/yeray/sensors_ws/build/realsense2_camera
[1.567s] Level 1:colcon.colcon_core.environment:checking '/home/yeray/sensors_ws/install/realsense2_camera' for CMake config files
[1.567s] Level 1:colcon.colcon_core.shell:create_environment_hook('realsense2_camera', 'cmake_prefix_path')
[1.567s] INFO:colcon.colcon_core.shell:Creating environment hook '/home/yeray/sensors_ws/install/realsense2_camera/share/realsense2_camera/hook/cmake_prefix_path.ps1'
[1.568s] INFO:colcon.colcon_core.shell:Creating environment descriptor '/home/yeray/sensors_ws/install/realsense2_camera/share/realsense2_camera/hook/cmake_prefix_path.dsv'
[1.568s] INFO:colcon.colcon_core.shell:Creating environment hook '/home/yeray/sensors_ws/install/realsense2_camera/share/realsense2_camera/hook/cmake_prefix_path.sh'
[1.569s] Level 1:colcon.colcon_core.environment:checking '/home/yeray/sensors_ws/install/realsense2_camera/lib'
[1.569s] Level 1:colcon.colcon_core.shell:create_environment_hook('realsense2_camera', 'ld_library_path_lib')
[1.569s] INFO:colcon.colcon_core.shell:Creating environment hook '/home/yeray/sensors_ws/install/realsense2_camera/share/realsense2_camera/hook/ld_library_path_lib.ps1'
[1.570s] INFO:colcon.colcon_core.shell:Creating environment descriptor '/home/yeray/sensors_ws/install/realsense2_camera/share/realsense2_camera/hook/ld_library_path_lib.dsv'
[1.570s] INFO:colcon.colcon_core.shell:Creating environment hook '/home/yeray/sensors_ws/install/realsense2_camera/share/realsense2_camera/hook/ld_library_path_lib.sh'
[1.571s] Level 1:colcon.colcon_core.environment:checking '/home/yeray/sensors_ws/install/realsense2_camera/bin'
[1.571s] Level 1:colcon.colcon_core.environment:checking '/home/yeray/sensors_ws/install/realsense2_camera/lib/pkgconfig/realsense2_camera.pc'
[1.571s] Level 1:colcon.colcon_core.environment:checking '/home/yeray/sensors_ws/install/realsense2_camera/lib/python3.10/site-packages'
[1.571s] Level 1:colcon.colcon_core.environment:checking '/home/yeray/sensors_ws/install/realsense2_camera/bin'
[1.572s] INFO:colcon.colcon_core.shell:Creating package script '/home/yeray/sensors_ws/install/realsense2_camera/share/realsense2_camera/package.ps1'
[1.572s] INFO:colcon.colcon_core.shell:Creating package descriptor '/home/yeray/sensors_ws/install/realsense2_camera/share/realsense2_camera/package.dsv'
[1.573s] INFO:colcon.colcon_core.shell:Creating package script '/home/yeray/sensors_ws/install/realsense2_camera/share/realsense2_camera/package.sh'
[1.573s] INFO:colcon.colcon_core.shell:Creating package script '/home/yeray/sensors_ws/install/realsense2_camera/share/realsense2_camera/package.bash'
[1.574s] INFO:colcon.colcon_core.shell:Creating package script '/home/yeray/sensors_ws/install/realsense2_camera/share/realsense2_camera/package.zsh'
[1.574s] Level 1:colcon.colcon_core.environment:create_file_with_runtime_dependencies(/home/yeray/sensors_ws/install/realsense2_camera/share/colcon-core/packages/realsense2_camera)
[1.641s] Level 1:colcon.colcon_core.environment:create_environment_scripts_only(realsense2_camera)
[1.642s] Level 1:colcon.colcon_core.environment:checking '/home/yeray/sensors_ws/install/realsense2_camera' for CMake module files
[1.642s] Level 1:colcon.colcon_core.environment:checking '/home/yeray/sensors_ws/install/realsense2_camera' for CMake config files
[1.642s] Level 1:colcon.colcon_core.shell:create_environment_hook('realsense2_camera', 'cmake_prefix_path')
[1.643s] INFO:colcon.colcon_core.shell:Creating environment hook '/home/yeray/sensors_ws/install/realsense2_camera/share/realsense2_camera/hook/cmake_prefix_path.ps1'
[1.643s] INFO:colcon.colcon_core.shell:Creating environment descriptor '/home/yeray/sensors_ws/install/realsense2_camera/share/realsense2_camera/hook/cmake_prefix_path.dsv'
[1.644s] INFO:colcon.colcon_core.shell:Creating environment hook '/home/yeray/sensors_ws/install/realsense2_camera/share/realsense2_camera/hook/cmake_prefix_path.sh'
[1.644s] Level 1:colcon.colcon_core.environment:checking '/home/yeray/sensors_ws/install/realsense2_camera/lib'
[1.644s] Level 1:colcon.colcon_core.shell:create_environment_hook('realsense2_camera', 'ld_library_path_lib')
[1.645s] INFO:colcon.colcon_core.shell:Creating environment hook '/home/yeray/sensors_ws/install/realsense2_camera/share/realsense2_camera/hook/ld_library_path_lib.ps1'
[1.645s] INFO:colcon.colcon_core.shell:Creating environment descriptor '/home/yeray/sensors_ws/install/realsense2_camera/share/realsense2_camera/hook/ld_library_path_lib.dsv'
[1.646s] INFO:colcon.colcon_core.shell:Creating environment hook '/home/yeray/sensors_ws/install/realsense2_camera/share/realsense2_camera/hook/ld_library_path_lib.sh'
[1.646s] Level 1:colcon.colcon_core.environment:checking '/home/yeray/sensors_ws/install/realsense2_camera/bin'
[1.646s] Level 1:colcon.colcon_core.environment:checking '/home/yeray/sensors_ws/install/realsense2_camera/lib/pkgconfig/realsense2_camera.pc'
[1.646s] Level 1:colcon.colcon_core.environment:checking '/home/yeray/sensors_ws/install/realsense2_camera/lib/python3.10/site-packages'
[1.647s] Level 1:colcon.colcon_core.environment:checking '/home/yeray/sensors_ws/install/realsense2_camera/bin'
[1.647s] INFO:colcon.colcon_core.shell:Creating package script '/home/yeray/sensors_ws/install/realsense2_camera/share/realsense2_camera/package.ps1'
[1.648s] INFO:colcon.colcon_core.shell:Creating package descriptor '/home/yeray/sensors_ws/install/realsense2_camera/share/realsense2_camera/package.dsv'
[1.648s] INFO:colcon.colcon_core.shell:Creating package script '/home/yeray/sensors_ws/install/realsense2_camera/share/realsense2_camera/package.sh'
[1.649s] INFO:colcon.colcon_core.shell:Creating package script '/home/yeray/sensors_ws/install/realsense2_camera/share/realsense2_camera/package.bash'
[1.649s] INFO:colcon.colcon_core.shell:Creating package script '/home/yeray/sensors_ws/install/realsense2_camera/share/realsense2_camera/package.zsh'
[1.650s] Level 1:colcon.colcon_core.environment:create_file_with_runtime_dependencies(/home/yeray/sensors_ws/install/realsense2_camera/share/colcon-core/packages/realsense2_camera)
[1.650s] DEBUG:colcon.colcon_parallel_executor.executor.parallel:closing loop
[1.650s] DEBUG:colcon.colcon_parallel_executor.executor.parallel:loop closed
[1.650s] DEBUG:colcon.colcon_parallel_executor.executor.parallel:run_until_complete finished with '0'
[1.651s] DEBUG:colcon.colcon_core.event_reactor:joining thread
[1.657s] INFO:colcon.colcon_core.plugin_system:Skipping extension 'colcon_notification.desktop_notification.terminal_notifier': Not used on non-Darwin systems
[1.657s] INFO:colcon.colcon_core.plugin_system:Skipping extension 'colcon_notification.desktop_notification.win32': Not used on non-Windows systems
[1.657s] INFO:colcon.colcon_notification.desktop_notification:Sending desktop notification using 'notify2'
[1.669s] DEBUG:colcon.colcon_core.event_reactor:joined thread
[1.670s] INFO:colcon.colcon_core.shell:Creating prefix script '/home/yeray/sensors_ws/install/local_setup.ps1'
[1.671s] INFO:colcon.colcon_core.shell:Creating prefix util module '/home/yeray/sensors_ws/install/_local_setup_util_ps1.py'
[1.673s] INFO:colcon.colcon_core.shell:Creating prefix chain script '/home/yeray/sensors_ws/install/setup.ps1'
[1.674s] INFO:colcon.colcon_core.shell:Creating prefix script '/home/yeray/sensors_ws/install/local_setup.sh'
[1.675s] INFO:colcon.colcon_core.shell:Creating prefix util module '/home/yeray/sensors_ws/install/_local_setup_util_sh.py'
[1.675s] INFO:colcon.colcon_core.shell:Creating prefix chain script '/home/yeray/sensors_ws/install/setup.sh'
[1.677s] INFO:colcon.colcon_core.shell:Creating prefix script '/home/yeray/sensors_ws/install/local_setup.bash'
[1.677s] INFO:colcon.colcon_core.shell:Creating prefix chain script '/home/yeray/sensors_ws/install/setup.bash'
[1.679s] INFO:colcon.colcon_core.shell:Creating prefix script '/home/yeray/sensors_ws/install/local_setup.zsh'
[1.679s] INFO:colcon.colcon_core.shell:Creating prefix chain script '/home/yeray/sensors_ws/install/setup.zsh'
