[0.117s] DEBUG:colcon:Command line arguments: ['/usr/bin/colcon', 'build']
[0.117s] DEBUG:colcon:Parsed command line arguments: Namespace(log_base=None, log_level=None, verb_name='build', build_base='build', install_base='install', merge_install=False, symlink_install=False, test_result_base=None, continue_on_error=False, executor='parallel', parallel_workers=8, event_handlers=None, ignore_user_meta=False, metas=['./colcon.meta'], base_paths=['.'], packages_ignore=None, packages_ignore_regex=None, paths=None, packages_up_to=None, packages_up_to_regex=None, packages_above=None, packages_above_and_dependencies=None, packages_above_depth=None, packages_select_by_dep=None, packages_skip_by_dep=None, packages_skip_up_to=None, packages_select_build_failed=False, packages_skip_build_finished=False, packages_select_test_failures=False, packages_skip_test_passed=False, packages_select=None, packages_skip=None, packages_select_regex=None, packages_skip_regex=None, packages_start=None, packages_end=None, allow_overriding=[], cmake_args=None, cmake_target=None, cmake_target_skip_unavailable=False, cmake_clean_cache=False, cmake_clean_first=False, cmake_force_configure=False, ament_cmake_args=None, catkin_cmake_args=None, catkin_skip_building_tests=False, mixin_files=None, mixin=None, verb_parser=<colcon_mixin.mixin.mixin_argument.MixinArgumentDecorator object at 0x75abe35433d0>, verb_extension=<colcon_core.verb.build.BuildVerb object at 0x75abe3542dd0>, main=<bound method BuildVerb.main of <colcon_core.verb.build.BuildVerb object at 0x75abe3542dd0>>, mixin_verb=('build',))
[0.274s] Level 1:colcon.colcon_core.package_discovery:discover_packages(colcon_meta) check parameters
[0.274s] Level 1:colcon.colcon_core.package_discovery:discover_packages(recursive) check parameters
[0.274s] Level 1:colcon.colcon_core.package_discovery:discover_packages(ignore) check parameters
[0.274s] Level 1:colcon.colcon_core.package_discovery:discover_packages(path) check parameters
[0.274s] Level 1:colcon.colcon_core.package_discovery:discover_packages(colcon_meta) discover
[0.274s] Level 1:colcon.colcon_core.package_discovery:discover_packages(recursive) discover
[0.274s] INFO:colcon.colcon_core.package_discovery:Crawling recursively for packages in '/home/yeray/sensors_ws'
[0.274s] Level 1:colcon.colcon_core.package_identification:_identify(.) by extensions ['ignore', 'ignore_ament_install']
[0.274s] Level 1:colcon.colcon_core.package_identification:_identify(.) by extension 'ignore'
[0.274s] Level 1:colcon.colcon_core.package_identification:_identify(.) by extension 'ignore_ament_install'
[0.274s] Level 1:colcon.colcon_core.package_identification:_identify(.) by extensions ['colcon_pkg']
[0.274s] Level 1:colcon.colcon_core.package_identification:_identify(.) by extension 'colcon_pkg'
[0.274s] Level 1:colcon.colcon_core.package_identification:_identify(.) by extensions ['colcon_meta']
[0.274s] Level 1:colcon.colcon_core.package_identification:_identify(.) by extension 'colcon_meta'
[0.274s] Level 1:colcon.colcon_core.package_identification:_identify(.) by extensions ['ros']
[0.274s] Level 1:colcon.colcon_core.package_identification:_identify(.) by extension 'ros'
[0.283s] Level 1:colcon.colcon_core.package_identification:_identify(.) by extensions ['cmake', 'python']
[0.283s] Level 1:colcon.colcon_core.package_identification:_identify(.) by extension 'cmake'
[0.283s] Level 1:colcon.colcon_core.package_identification:_identify(.) by extension 'python'
[0.283s] Level 1:colcon.colcon_core.package_identification:_identify(.) by extensions ['python_setup_py']
[0.283s] Level 1:colcon.colcon_core.package_identification:_identify(.) by extension 'python_setup_py'
[0.284s] Level 1:colcon.colcon_core.package_identification:_identify(build) by extensions ['ignore', 'ignore_ament_install']
[0.284s] Level 1:colcon.colcon_core.package_identification:_identify(build) by extension 'ignore'
[0.284s] Level 1:colcon.colcon_core.package_identification:_identify(build) ignored
[0.284s] Level 1:colcon.colcon_core.package_identification:_identify(install) by extensions ['ignore', 'ignore_ament_install']
[0.284s] Level 1:colcon.colcon_core.package_identification:_identify(install) by extension 'ignore'
[0.284s] Level 1:colcon.colcon_core.package_identification:_identify(install) ignored
[0.284s] Level 1:colcon.colcon_core.package_identification:_identify(log) by extensions ['ignore', 'ignore_ament_install']
[0.284s] Level 1:colcon.colcon_core.package_identification:_identify(log) by extension 'ignore'
[0.284s] Level 1:colcon.colcon_core.package_identification:_identify(log) ignored
[0.284s] Level 1:colcon.colcon_core.package_identification:_identify(src) by extensions ['ignore', 'ignore_ament_install']
[0.284s] Level 1:colcon.colcon_core.package_identification:_identify(src) by extension 'ignore'
[0.284s] Level 1:colcon.colcon_core.package_identification:_identify(src) by extension 'ignore_ament_install'
[0.284s] Level 1:colcon.colcon_core.package_identification:_identify(src) by extensions ['colcon_pkg']
[0.284s] Level 1:colcon.colcon_core.package_identification:_identify(src) by extension 'colcon_pkg'
[0.284s] Level 1:colcon.colcon_core.package_identification:_identify(src) by extensions ['colcon_meta']
[0.284s] Level 1:colcon.colcon_core.package_identification:_identify(src) by extension 'colcon_meta'
[0.284s] Level 1:colcon.colcon_core.package_identification:_identify(src) by extensions ['ros']
[0.284s] Level 1:colcon.colcon_core.package_identification:_identify(src) by extension 'ros'
[0.285s] Level 1:colcon.colcon_core.package_identification:_identify(src) by extensions ['cmake', 'python']
[0.285s] Level 1:colcon.colcon_core.package_identification:_identify(src) by extension 'cmake'
[0.285s] Level 1:colcon.colcon_core.package_identification:_identify(src) by extension 'python'
[0.285s] Level 1:colcon.colcon_core.package_identification:_identify(src) by extensions ['python_setup_py']
[0.285s] Level 1:colcon.colcon_core.package_identification:_identify(src) by extension 'python_setup_py'
[0.285s] Level 1:colcon.colcon_core.package_identification:_identify(src/optris_drivers2) by extensions ['ignore', 'ignore_ament_install']
[0.285s] Level 1:colcon.colcon_core.package_identification:_identify(src/optris_drivers2) by extension 'ignore'
[0.285s] Level 1:colcon.colcon_core.package_identification:_identify(src/optris_drivers2) by extension 'ignore_ament_install'
[0.285s] Level 1:colcon.colcon_core.package_identification:_identify(src/optris_drivers2) by extensions ['colcon_pkg']
[0.285s] Level 1:colcon.colcon_core.package_identification:_identify(src/optris_drivers2) by extension 'colcon_pkg'
[0.285s] Level 1:colcon.colcon_core.package_identification:_identify(src/optris_drivers2) by extensions ['colcon_meta']
[0.285s] Level 1:colcon.colcon_core.package_identification:_identify(src/optris_drivers2) by extension 'colcon_meta'
[0.285s] Level 1:colcon.colcon_core.package_identification:_identify(src/optris_drivers2) by extensions ['ros']
[0.285s] Level 1:colcon.colcon_core.package_identification:_identify(src/optris_drivers2) by extension 'ros'
[0.287s] DEBUG:colcon.colcon_core.package_identification:Package 'src/optris_drivers2' with type 'ros.ament_cmake' and name 'optris_drivers2'
[0.287s] Level 1:colcon.colcon_core.package_identification:_identify(src/realsense-ros) by extensions ['ignore', 'ignore_ament_install']
[0.288s] Level 1:colcon.colcon_core.package_identification:_identify(src/realsense-ros) by extension 'ignore'
[0.288s] Level 1:colcon.colcon_core.package_identification:_identify(src/realsense-ros) by extension 'ignore_ament_install'
[0.288s] Level 1:colcon.colcon_core.package_identification:_identify(src/realsense-ros) by extensions ['colcon_pkg']
[0.288s] Level 1:colcon.colcon_core.package_identification:_identify(src/realsense-ros) by extension 'colcon_pkg'
[0.288s] Level 1:colcon.colcon_core.package_identification:_identify(src/realsense-ros) by extensions ['colcon_meta']
[0.288s] Level 1:colcon.colcon_core.package_identification:_identify(src/realsense-ros) by extension 'colcon_meta'
[0.288s] Level 1:colcon.colcon_core.package_identification:_identify(src/realsense-ros) by extensions ['ros']
[0.288s] Level 1:colcon.colcon_core.package_identification:_identify(src/realsense-ros) by extension 'ros'
[0.288s] Level 1:colcon.colcon_core.package_identification:_identify(src/realsense-ros) by extensions ['cmake', 'python']
[0.288s] Level 1:colcon.colcon_core.package_identification:_identify(src/realsense-ros) by extension 'cmake'
[0.288s] Level 1:colcon.colcon_core.package_identification:_identify(src/realsense-ros) by extension 'python'
[0.288s] Level 1:colcon.colcon_core.package_identification:_identify(src/realsense-ros) by extensions ['python_setup_py']
[0.288s] Level 1:colcon.colcon_core.package_identification:_identify(src/realsense-ros) by extension 'python_setup_py'
[0.288s] Level 1:colcon.colcon_core.package_identification:_identify(src/realsense-ros/realsense2_camera) by extensions ['ignore', 'ignore_ament_install']
[0.288s] Level 1:colcon.colcon_core.package_identification:_identify(src/realsense-ros/realsense2_camera) by extension 'ignore'
[0.288s] Level 1:colcon.colcon_core.package_identification:_identify(src/realsense-ros/realsense2_camera) by extension 'ignore_ament_install'
[0.288s] Level 1:colcon.colcon_core.package_identification:_identify(src/realsense-ros/realsense2_camera) by extensions ['colcon_pkg']
[0.288s] Level 1:colcon.colcon_core.package_identification:_identify(src/realsense-ros/realsense2_camera) by extension 'colcon_pkg'
[0.288s] Level 1:colcon.colcon_core.package_identification:_identify(src/realsense-ros/realsense2_camera) by extensions ['colcon_meta']
[0.288s] Level 1:colcon.colcon_core.package_identification:_identify(src/realsense-ros/realsense2_camera) by extension 'colcon_meta'
[0.288s] Level 1:colcon.colcon_core.package_identification:_identify(src/realsense-ros/realsense2_camera) by extensions ['ros']
[0.288s] Level 1:colcon.colcon_core.package_identification:_identify(src/realsense-ros/realsense2_camera) by extension 'ros'
[0.303s] DEBUG:colcon.colcon_core.package_identification:Package 'src/realsense-ros/realsense2_camera' with type 'ros.ament_cmake' and name 'realsense2_camera'
[0.303s] Level 1:colcon.colcon_core.package_identification:_identify(src/realsense-ros/realsense2_camera_msgs) by extensions ['ignore', 'ignore_ament_install']
[0.303s] Level 1:colcon.colcon_core.package_identification:_identify(src/realsense-ros/realsense2_camera_msgs) by extension 'ignore'
[0.303s] Level 1:colcon.colcon_core.package_identification:_identify(src/realsense-ros/realsense2_camera_msgs) by extension 'ignore_ament_install'
[0.303s] Level 1:colcon.colcon_core.package_identification:_identify(src/realsense-ros/realsense2_camera_msgs) by extensions ['colcon_pkg']
[0.303s] Level 1:colcon.colcon_core.package_identification:_identify(src/realsense-ros/realsense2_camera_msgs) by extension 'colcon_pkg'
[0.303s] Level 1:colcon.colcon_core.package_identification:_identify(src/realsense-ros/realsense2_camera_msgs) by extensions ['colcon_meta']
[0.303s] Level 1:colcon.colcon_core.package_identification:_identify(src/realsense-ros/realsense2_camera_msgs) by extension 'colcon_meta'
[0.303s] Level 1:colcon.colcon_core.package_identification:_identify(src/realsense-ros/realsense2_camera_msgs) by extensions ['ros']
[0.303s] Level 1:colcon.colcon_core.package_identification:_identify(src/realsense-ros/realsense2_camera_msgs) by extension 'ros'
[0.304s] DEBUG:colcon.colcon_core.package_identification:Package 'src/realsense-ros/realsense2_camera_msgs' with type 'ros.ament_cmake' and name 'realsense2_camera_msgs'
[0.304s] Level 1:colcon.colcon_core.package_identification:_identify(src/realsense-ros/realsense2_description) by extensions ['ignore', 'ignore_ament_install']
[0.304s] Level 1:colcon.colcon_core.package_identification:_identify(src/realsense-ros/realsense2_description) by extension 'ignore'
[0.304s] Level 1:colcon.colcon_core.package_identification:_identify(src/realsense-ros/realsense2_description) by extension 'ignore_ament_install'
[0.304s] Level 1:colcon.colcon_core.package_identification:_identify(src/realsense-ros/realsense2_description) by extensions ['colcon_pkg']
[0.304s] Level 1:colcon.colcon_core.package_identification:_identify(src/realsense-ros/realsense2_description) by extension 'colcon_pkg'
[0.304s] Level 1:colcon.colcon_core.package_identification:_identify(src/realsense-ros/realsense2_description) by extensions ['colcon_meta']
[0.304s] Level 1:colcon.colcon_core.package_identification:_identify(src/realsense-ros/realsense2_description) by extension 'colcon_meta'
[0.304s] Level 1:colcon.colcon_core.package_identification:_identify(src/realsense-ros/realsense2_description) by extensions ['ros']
[0.304s] Level 1:colcon.colcon_core.package_identification:_identify(src/realsense-ros/realsense2_description) by extension 'ros'
[0.305s] DEBUG:colcon.colcon_core.package_identification:Package 'src/realsense-ros/realsense2_description' with type 'ros.ament_cmake' and name 'realsense2_description'
[0.305s] Level 1:colcon.colcon_core.package_identification:_identify(src/realsense-ros/scripts) by extensions ['ignore', 'ignore_ament_install']
[0.305s] Level 1:colcon.colcon_core.package_identification:_identify(src/realsense-ros/scripts) by extension 'ignore'
[0.305s] Level 1:colcon.colcon_core.package_identification:_identify(src/realsense-ros/scripts) by extension 'ignore_ament_install'
[0.305s] Level 1:colcon.colcon_core.package_identification:_identify(src/realsense-ros/scripts) by extensions ['colcon_pkg']
[0.306s] Level 1:colcon.colcon_core.package_identification:_identify(src/realsense-ros/scripts) by extension 'colcon_pkg'
[0.306s] Level 1:colcon.colcon_core.package_identification:_identify(src/realsense-ros/scripts) by extensions ['colcon_meta']
[0.306s] Level 1:colcon.colcon_core.package_identification:_identify(src/realsense-ros/scripts) by extension 'colcon_meta'
[0.306s] Level 1:colcon.colcon_core.package_identification:_identify(src/realsense-ros/scripts) by extensions ['ros']
[0.306s] Level 1:colcon.colcon_core.package_identification:_identify(src/realsense-ros/scripts) by extension 'ros'
[0.306s] Level 1:colcon.colcon_core.package_identification:_identify(src/realsense-ros/scripts) by extensions ['cmake', 'python']
[0.306s] Level 1:colcon.colcon_core.package_identification:_identify(src/realsense-ros/scripts) by extension 'cmake'
[0.306s] Level 1:colcon.colcon_core.package_identification:_identify(src/realsense-ros/scripts) by extension 'python'
[0.306s] Level 1:colcon.colcon_core.package_identification:_identify(src/realsense-ros/scripts) by extensions ['python_setup_py']
[0.306s] Level 1:colcon.colcon_core.package_identification:_identify(src/realsense-ros/scripts) by extension 'python_setup_py'
[0.306s] Level 1:colcon.colcon_core.package_identification:_identify(src/ultralytics_ros) by extensions ['ignore', 'ignore_ament_install']
[0.306s] Level 1:colcon.colcon_core.package_identification:_identify(src/ultralytics_ros) by extension 'ignore'
[0.306s] Level 1:colcon.colcon_core.package_identification:_identify(src/ultralytics_ros) by extension 'ignore_ament_install'
[0.306s] Level 1:colcon.colcon_core.package_identification:_identify(src/ultralytics_ros) by extensions ['colcon_pkg']
[0.306s] Level 1:colcon.colcon_core.package_identification:_identify(src/ultralytics_ros) by extension 'colcon_pkg'
[0.306s] Level 1:colcon.colcon_core.package_identification:_identify(src/ultralytics_ros) by extensions ['colcon_meta']
[0.306s] Level 1:colcon.colcon_core.package_identification:_identify(src/ultralytics_ros) by extension 'colcon_meta'
[0.306s] Level 1:colcon.colcon_core.package_identification:_identify(src/ultralytics_ros) by extensions ['ros']
[0.306s] Level 1:colcon.colcon_core.package_identification:_identify(src/ultralytics_ros) by extension 'ros'
[0.308s] DEBUG:colcon.colcon_core.package_identification:Package 'src/ultralytics_ros' with type 'ros.ament_cmake' and name 'ultralytics_ros'
[0.308s] Level 1:colcon.colcon_core.package_discovery:discover_packages(recursive) using defaults
[0.308s] Level 1:colcon.colcon_core.package_discovery:discover_packages(ignore) discover
[0.308s] Level 1:colcon.colcon_core.package_discovery:discover_packages(ignore) using defaults
[0.308s] Level 1:colcon.colcon_core.package_discovery:discover_packages(path) discover
[0.308s] Level 1:colcon.colcon_core.package_discovery:discover_packages(path) using defaults
[0.332s] Level 1:colcon.colcon_core.package_discovery:discover_packages(prefix_path) check parameters
[0.332s] Level 1:colcon.colcon_core.package_discovery:discover_packages(prefix_path) discover
[0.334s] DEBUG:colcon.colcon_installed_package_information.package_discovery:Found 5 installed packages in /home/yeray/sensors_ws/install
[0.335s] DEBUG:colcon.colcon_installed_package_information.package_discovery:Found 398 installed packages in /opt/ros/humble
[0.338s] Level 1:colcon.colcon_core.package_discovery:discover_packages(prefix_path) using defaults
[0.385s] Level 5:colcon.colcon_core.verb:set package 'optris_drivers2' build argument 'cmake_args' from command line to 'None'
[0.385s] Level 5:colcon.colcon_core.verb:set package 'optris_drivers2' build argument 'cmake_target' from command line to 'None'
[0.385s] Level 5:colcon.colcon_core.verb:set package 'optris_drivers2' build argument 'cmake_target_skip_unavailable' from command line to 'False'
[0.385s] Level 5:colcon.colcon_core.verb:set package 'optris_drivers2' build argument 'cmake_clean_cache' from command line to 'False'
[0.386s] Level 5:colcon.colcon_core.verb:set package 'optris_drivers2' build argument 'cmake_clean_first' from command line to 'False'
[0.386s] Level 5:colcon.colcon_core.verb:set package 'optris_drivers2' build argument 'cmake_force_configure' from command line to 'False'
[0.386s] Level 5:colcon.colcon_core.verb:set package 'optris_drivers2' build argument 'ament_cmake_args' from command line to 'None'
[0.386s] Level 5:colcon.colcon_core.verb:set package 'optris_drivers2' build argument 'catkin_cmake_args' from command line to 'None'
[0.386s] Level 5:colcon.colcon_core.verb:set package 'optris_drivers2' build argument 'catkin_skip_building_tests' from command line to 'False'
[0.386s] DEBUG:colcon.colcon_core.verb:Building package 'optris_drivers2' with the following arguments: {'ament_cmake_args': None, 'build_base': '/home/yeray/sensors_ws/build/optris_drivers2', 'catkin_cmake_args': None, 'catkin_skip_building_tests': False, 'cmake_args': None, 'cmake_clean_cache': False, 'cmake_clean_first': False, 'cmake_force_configure': False, 'cmake_target': None, 'cmake_target_skip_unavailable': False, 'install_base': '/home/yeray/sensors_ws/install/optris_drivers2', 'merge_install': False, 'path': '/home/yeray/sensors_ws/src/optris_drivers2', 'symlink_install': False, 'test_result_base': None}
[0.386s] Level 5:colcon.colcon_core.verb:set package 'realsense2_camera_msgs' build argument 'cmake_args' from command line to 'None'
[0.386s] Level 5:colcon.colcon_core.verb:set package 'realsense2_camera_msgs' build argument 'cmake_target' from command line to 'None'
[0.386s] Level 5:colcon.colcon_core.verb:set package 'realsense2_camera_msgs' build argument 'cmake_target_skip_unavailable' from command line to 'False'
[0.386s] Level 5:colcon.colcon_core.verb:set package 'realsense2_camera_msgs' build argument 'cmake_clean_cache' from command line to 'False'
[0.386s] Level 5:colcon.colcon_core.verb:set package 'realsense2_camera_msgs' build argument 'cmake_clean_first' from command line to 'False'
[0.386s] Level 5:colcon.colcon_core.verb:set package 'realsense2_camera_msgs' build argument 'cmake_force_configure' from command line to 'False'
[0.386s] Level 5:colcon.colcon_core.verb:set package 'realsense2_camera_msgs' build argument 'ament_cmake_args' from command line to 'None'
[0.386s] Level 5:colcon.colcon_core.verb:set package 'realsense2_camera_msgs' build argument 'catkin_cmake_args' from command line to 'None'
[0.386s] Level 5:colcon.colcon_core.verb:set package 'realsense2_camera_msgs' build argument 'catkin_skip_building_tests' from command line to 'False'
[0.386s] DEBUG:colcon.colcon_core.verb:Building package 'realsense2_camera_msgs' with the following arguments: {'ament_cmake_args': None, 'build_base': '/home/yeray/sensors_ws/build/realsense2_camera_msgs', 'catkin_cmake_args': None, 'catkin_skip_building_tests': False, 'cmake_args': None, 'cmake_clean_cache': False, 'cmake_clean_first': False, 'cmake_force_configure': False, 'cmake_target': None, 'cmake_target_skip_unavailable': False, 'install_base': '/home/yeray/sensors_ws/install/realsense2_camera_msgs', 'merge_install': False, 'path': '/home/yeray/sensors_ws/src/realsense-ros/realsense2_camera_msgs', 'symlink_install': False, 'test_result_base': None}
[0.386s] Level 5:colcon.colcon_core.verb:set package 'ultralytics_ros' build argument 'cmake_args' from command line to 'None'
[0.386s] Level 5:colcon.colcon_core.verb:set package 'ultralytics_ros' build argument 'cmake_target' from command line to 'None'
[0.387s] Level 5:colcon.colcon_core.verb:set package 'ultralytics_ros' build argument 'cmake_target_skip_unavailable' from command line to 'False'
[0.387s] Level 5:colcon.colcon_core.verb:set package 'ultralytics_ros' build argument 'cmake_clean_cache' from command line to 'False'
[0.387s] Level 5:colcon.colcon_core.verb:set package 'ultralytics_ros' build argument 'cmake_clean_first' from command line to 'False'
[0.387s] Level 5:colcon.colcon_core.verb:set package 'ultralytics_ros' build argument 'cmake_force_configure' from command line to 'False'
[0.387s] Level 5:colcon.colcon_core.verb:set package 'ultralytics_ros' build argument 'ament_cmake_args' from command line to 'None'
[0.387s] Level 5:colcon.colcon_core.verb:set package 'ultralytics_ros' build argument 'catkin_cmake_args' from command line to 'None'
[0.387s] Level 5:colcon.colcon_core.verb:set package 'ultralytics_ros' build argument 'catkin_skip_building_tests' from command line to 'False'
[0.387s] DEBUG:colcon.colcon_core.verb:Building package 'ultralytics_ros' with the following arguments: {'ament_cmake_args': None, 'build_base': '/home/yeray/sensors_ws/build/ultralytics_ros', 'catkin_cmake_args': None, 'catkin_skip_building_tests': False, 'cmake_args': None, 'cmake_clean_cache': False, 'cmake_clean_first': False, 'cmake_force_configure': False, 'cmake_target': None, 'cmake_target_skip_unavailable': False, 'install_base': '/home/yeray/sensors_ws/install/ultralytics_ros', 'merge_install': False, 'path': '/home/yeray/sensors_ws/src/ultralytics_ros', 'symlink_install': False, 'test_result_base': None}
[0.387s] Level 5:colcon.colcon_core.verb:set package 'realsense2_camera' build argument 'cmake_args' from command line to 'None'
[0.387s] Level 5:colcon.colcon_core.verb:set package 'realsense2_camera' build argument 'cmake_target' from command line to 'None'
[0.387s] Level 5:colcon.colcon_core.verb:set package 'realsense2_camera' build argument 'cmake_target_skip_unavailable' from command line to 'False'
[0.387s] Level 5:colcon.colcon_core.verb:set package 'realsense2_camera' build argument 'cmake_clean_cache' from command line to 'False'
[0.387s] Level 5:colcon.colcon_core.verb:set package 'realsense2_camera' build argument 'cmake_clean_first' from command line to 'False'
[0.387s] Level 5:colcon.colcon_core.verb:set package 'realsense2_camera' build argument 'cmake_force_configure' from command line to 'False'
[0.387s] Level 5:colcon.colcon_core.verb:set package 'realsense2_camera' build argument 'ament_cmake_args' from command line to 'None'
[0.387s] Level 5:colcon.colcon_core.verb:set package 'realsense2_camera' build argument 'catkin_cmake_args' from command line to 'None'
[0.387s] Level 5:colcon.colcon_core.verb:set package 'realsense2_camera' build argument 'catkin_skip_building_tests' from command line to 'False'
[0.387s] DEBUG:colcon.colcon_core.verb:Building package 'realsense2_camera' with the following arguments: {'ament_cmake_args': None, 'build_base': '/home/yeray/sensors_ws/build/realsense2_camera', 'catkin_cmake_args': None, 'catkin_skip_building_tests': False, 'cmake_args': None, 'cmake_clean_cache': False, 'cmake_clean_first': False, 'cmake_force_configure': False, 'cmake_target': None, 'cmake_target_skip_unavailable': False, 'install_base': '/home/yeray/sensors_ws/install/realsense2_camera', 'merge_install': False, 'path': '/home/yeray/sensors_ws/src/realsense-ros/realsense2_camera', 'symlink_install': False, 'test_result_base': None}
[0.387s] Level 5:colcon.colcon_core.verb:set package 'realsense2_description' build argument 'cmake_args' from command line to 'None'
[0.387s] Level 5:colcon.colcon_core.verb:set package 'realsense2_description' build argument 'cmake_target' from command line to 'None'
[0.387s] Level 5:colcon.colcon_core.verb:set package 'realsense2_description' build argument 'cmake_target_skip_unavailable' from command line to 'False'
[0.387s] Level 5:colcon.colcon_core.verb:set package 'realsense2_description' build argument 'cmake_clean_cache' from command line to 'False'
[0.388s] Level 5:colcon.colcon_core.verb:set package 'realsense2_description' build argument 'cmake_clean_first' from command line to 'False'
[0.388s] Level 5:colcon.colcon_core.verb:set package 'realsense2_description' build argument 'cmake_force_configure' from command line to 'False'
[0.388s] Level 5:colcon.colcon_core.verb:set package 'realsense2_description' build argument 'ament_cmake_args' from command line to 'None'
[0.388s] Level 5:colcon.colcon_core.verb:set package 'realsense2_description' build argument 'catkin_cmake_args' from command line to 'None'
[0.388s] Level 5:colcon.colcon_core.verb:set package 'realsense2_description' build argument 'catkin_skip_building_tests' from command line to 'False'
[0.388s] DEBUG:colcon.colcon_core.verb:Building package 'realsense2_description' with the following arguments: {'ament_cmake_args': None, 'build_base': '/home/yeray/sensors_ws/build/realsense2_description', 'catkin_cmake_args': None, 'catkin_skip_building_tests': False, 'cmake_args': None, 'cmake_clean_cache': False, 'cmake_clean_first': False, 'cmake_force_configure': False, 'cmake_target': None, 'cmake_target_skip_unavailable': False, 'install_base': '/home/yeray/sensors_ws/install/realsense2_description', 'merge_install': False, 'path': '/home/yeray/sensors_ws/src/realsense-ros/realsense2_description', 'symlink_install': False, 'test_result_base': None}
[0.388s] INFO:colcon.colcon_core.executor:Executing jobs using 'parallel' executor
[0.389s] DEBUG:colcon.colcon_parallel_executor.executor.parallel:run_until_complete
[0.389s] INFO:colcon.colcon_ros.task.ament_cmake.build:Building ROS package in '/home/yeray/sensors_ws/src/realsense-ros/realsense2_camera_msgs' with build type 'ament_cmake'
[0.389s] INFO:colcon.colcon_cmake.task.cmake.build:Building CMake package in '/home/yeray/sensors_ws/src/realsense-ros/realsense2_camera_msgs'
[0.391s] INFO:colcon.colcon_core.plugin_system:Skipping extension 'colcon_core.shell.bat': Not used on non-Windows systems
[0.391s] INFO:colcon.colcon_core.shell:Skip shell extension 'powershell' for command environment: Not usable outside of PowerShell
[0.391s] DEBUG:colcon.colcon_core.shell:Skip shell extension 'dsv' for command environment
[0.394s] INFO:colcon.colcon_ros.task.ament_cmake.build:Building ROS package in '/home/yeray/sensors_ws/src/optris_drivers2' with build type 'ament_cmake'
[0.394s] INFO:colcon.colcon_cmake.task.cmake.build:Building CMake package in '/home/yeray/sensors_ws/src/optris_drivers2'
[0.394s] INFO:colcon.colcon_core.shell:Skip shell extension 'powershell' for command environment: Not usable outside of PowerShell
[0.394s] DEBUG:colcon.colcon_core.shell:Skip shell extension 'dsv' for command environment
[0.398s] INFO:colcon.colcon_ros.task.ament_cmake.build:Building ROS package in '/home/yeray/sensors_ws/src/ultralytics_ros' with build type 'ament_cmake'
[0.398s] INFO:colcon.colcon_cmake.task.cmake.build:Building CMake package in '/home/yeray/sensors_ws/src/ultralytics_ros'
[0.398s] INFO:colcon.colcon_core.shell:Skip shell extension 'powershell' for command environment: Not usable outside of PowerShell
[0.398s] DEBUG:colcon.colcon_core.shell:Skip shell extension 'dsv' for command environment
[0.409s] DEBUG:colcon.colcon_core.event_handler.log_command:Invoking command in '/home/yeray/sensors_ws/build/realsense2_camera_msgs': CMAKE_PREFIX_PATH=${CMAKE_PREFIX_PATH}:/opt/ros/humble /usr/bin/cmake --build /home/yeray/sensors_ws/build/realsense2_camera_msgs -- -j8 -l8
[0.413s] DEBUG:colcon.colcon_core.event_handler.log_command:Invoking command in '/home/yeray/sensors_ws/build/optris_drivers2': CMAKE_PREFIX_PATH=${CMAKE_PREFIX_PATH}:/opt/ros/humble /usr/bin/cmake --build /home/yeray/sensors_ws/build/optris_drivers2 -- -j8 -l8
[0.417s] DEBUG:colcon.colcon_core.event_handler.log_command:Invoking command in '/home/yeray/sensors_ws/build/ultralytics_ros': CMAKE_PREFIX_PATH=${CMAKE_PREFIX_PATH}:/opt/ros/humble /usr/bin/cmake --build /home/yeray/sensors_ws/build/ultralytics_ros -- -j8 -l8
[0.997s] DEBUG:colcon.colcon_core.event_handler.log_command:Invoked command in '/home/yeray/sensors_ws/build/ultralytics_ros' returned '0': CMAKE_PREFIX_PATH=${CMAKE_PREFIX_PATH}:/opt/ros/humble /usr/bin/cmake --build /home/yeray/sensors_ws/build/ultralytics_ros -- -j8 -l8
[1.004s] DEBUG:colcon.colcon_core.event_handler.log_command:Invoked command in '/home/yeray/sensors_ws/build/realsense2_camera_msgs' returned '0': CMAKE_PREFIX_PATH=${CMAKE_PREFIX_PATH}:/opt/ros/humble /usr/bin/cmake --build /home/yeray/sensors_ws/build/realsense2_camera_msgs -- -j8 -l8
[1.013s] DEBUG:colcon.colcon_core.event_handler.log_command:Invoked command in '/home/yeray/sensors_ws/build/optris_drivers2' returned '0': CMAKE_PREFIX_PATH=${CMAKE_PREFIX_PATH}:/opt/ros/humble /usr/bin/cmake --build /home/yeray/sensors_ws/build/optris_drivers2 -- -j8 -l8
[1.078s] DEBUG:colcon.colcon_core.event_handler.log_command:Invoking command in '/home/yeray/sensors_ws/build/ultralytics_ros': CMAKE_PREFIX_PATH=${CMAKE_PREFIX_PATH}:/opt/ros/humble /usr/bin/cmake --install /home/yeray/sensors_ws/build/ultralytics_ros
[1.144s] DEBUG:colcon.colcon_core.event_handler.log_command:Invoking command in '/home/yeray/sensors_ws/build/realsense2_camera_msgs': CMAKE_PREFIX_PATH=${CMAKE_PREFIX_PATH}:/opt/ros/humble /usr/bin/cmake --install /home/yeray/sensors_ws/build/realsense2_camera_msgs
[1.144s] Level 1:colcon.colcon_core.environment:create_environment_scripts_only(ultralytics_ros)
[1.145s] DEBUG:colcon.colcon_core.event_handler.log_command:Invoked command in '/home/yeray/sensors_ws/build/ultralytics_ros' returned '0': CMAKE_PREFIX_PATH=${CMAKE_PREFIX_PATH}:/opt/ros/humble /usr/bin/cmake --install /home/yeray/sensors_ws/build/ultralytics_ros
[1.147s] Level 1:colcon.colcon_core.environment:checking '/home/yeray/sensors_ws/install/ultralytics_ros' for CMake module files
[1.148s] Level 1:colcon.colcon_core.environment:checking '/home/yeray/sensors_ws/install/ultralytics_ros' for CMake config files
[1.148s] Level 1:colcon.colcon_core.shell:create_environment_hook('ultralytics_ros', 'cmake_prefix_path')
[1.149s] INFO:colcon.colcon_core.shell:Creating environment hook '/home/yeray/sensors_ws/install/ultralytics_ros/share/ultralytics_ros/hook/cmake_prefix_path.ps1'
[1.150s] INFO:colcon.colcon_core.shell:Creating environment descriptor '/home/yeray/sensors_ws/install/ultralytics_ros/share/ultralytics_ros/hook/cmake_prefix_path.dsv'
[1.151s] INFO:colcon.colcon_core.shell:Creating environment hook '/home/yeray/sensors_ws/install/ultralytics_ros/share/ultralytics_ros/hook/cmake_prefix_path.sh'
[1.155s] Level 1:colcon.colcon_core.environment:checking '/home/yeray/sensors_ws/install/ultralytics_ros/lib'
[1.157s] Level 1:colcon.colcon_core.shell:create_environment_hook('ultralytics_ros', 'ld_library_path_lib')
[1.157s] INFO:colcon.colcon_core.shell:Creating environment hook '/home/yeray/sensors_ws/install/ultralytics_ros/share/ultralytics_ros/hook/ld_library_path_lib.ps1'
[1.161s] INFO:colcon.colcon_core.shell:Creating environment descriptor '/home/yeray/sensors_ws/install/ultralytics_ros/share/ultralytics_ros/hook/ld_library_path_lib.dsv'
[1.165s] INFO:colcon.colcon_core.shell:Creating environment hook '/home/yeray/sensors_ws/install/ultralytics_ros/share/ultralytics_ros/hook/ld_library_path_lib.sh'
[1.168s] Level 1:colcon.colcon_core.environment:checking '/home/yeray/sensors_ws/install/ultralytics_ros/bin'
[1.168s] Level 1:colcon.colcon_core.environment:checking '/home/yeray/sensors_ws/install/ultralytics_ros/lib/pkgconfig/ultralytics_ros.pc'
[1.168s] Level 1:colcon.colcon_core.environment:checking '/home/yeray/sensors_ws/install/ultralytics_ros/lib/python3.10/site-packages'
[1.168s] Level 1:colcon.colcon_core.environment:checking '/home/yeray/sensors_ws/install/ultralytics_ros/bin'
[1.169s] INFO:colcon.colcon_core.shell:Creating package script '/home/yeray/sensors_ws/install/ultralytics_ros/share/ultralytics_ros/package.ps1'
[1.170s] INFO:colcon.colcon_core.shell:Creating package descriptor '/home/yeray/sensors_ws/install/ultralytics_ros/share/ultralytics_ros/package.dsv'
[1.170s] INFO:colcon.colcon_core.shell:Creating package script '/home/yeray/sensors_ws/install/ultralytics_ros/share/ultralytics_ros/package.sh'
[1.171s] INFO:colcon.colcon_core.shell:Creating package script '/home/yeray/sensors_ws/install/ultralytics_ros/share/ultralytics_ros/package.bash'
[1.172s] INFO:colcon.colcon_core.shell:Creating package script '/home/yeray/sensors_ws/install/ultralytics_ros/share/ultralytics_ros/package.zsh'
[1.172s] Level 1:colcon.colcon_core.environment:create_file_with_runtime_dependencies(/home/yeray/sensors_ws/install/ultralytics_ros/share/colcon-core/packages/ultralytics_ros)
[1.176s] DEBUG:colcon.colcon_core.event_handler.log_command:Invoking command in '/home/yeray/sensors_ws/build/optris_drivers2': CMAKE_PREFIX_PATH=${CMAKE_PREFIX_PATH}:/opt/ros/humble /usr/bin/cmake --install /home/yeray/sensors_ws/build/optris_drivers2
[1.211s] Level 1:colcon.colcon_core.environment:create_environment_scripts_only(realsense2_camera_msgs)
[1.211s] Level 1:colcon.colcon_core.environment:checking '/home/yeray/sensors_ws/install/realsense2_camera_msgs' for CMake module files
[1.212s] DEBUG:colcon.colcon_core.event_handler.log_command:Invoked command in '/home/yeray/sensors_ws/build/realsense2_camera_msgs' returned '0': CMAKE_PREFIX_PATH=${CMAKE_PREFIX_PATH}:/opt/ros/humble /usr/bin/cmake --install /home/yeray/sensors_ws/build/realsense2_camera_msgs
[1.213s] Level 1:colcon.colcon_core.environment:checking '/home/yeray/sensors_ws/install/realsense2_camera_msgs' for CMake config files
[1.214s] Level 1:colcon.colcon_core.shell:create_environment_hook('realsense2_camera_msgs', 'cmake_prefix_path')
[1.214s] INFO:colcon.colcon_core.shell:Creating environment hook '/home/yeray/sensors_ws/install/realsense2_camera_msgs/share/realsense2_camera_msgs/hook/cmake_prefix_path.ps1'
[1.215s] INFO:colcon.colcon_core.shell:Creating environment descriptor '/home/yeray/sensors_ws/install/realsense2_camera_msgs/share/realsense2_camera_msgs/hook/cmake_prefix_path.dsv'
[1.215s] INFO:colcon.colcon_core.shell:Creating environment hook '/home/yeray/sensors_ws/install/realsense2_camera_msgs/share/realsense2_camera_msgs/hook/cmake_prefix_path.sh'
[1.216s] Level 1:colcon.colcon_core.environment:checking '/home/yeray/sensors_ws/install/realsense2_camera_msgs/lib'
[1.216s] Level 1:colcon.colcon_core.shell:create_environment_hook('realsense2_camera_msgs', 'ld_library_path_lib')
[1.217s] INFO:colcon.colcon_core.shell:Creating environment hook '/home/yeray/sensors_ws/install/realsense2_camera_msgs/share/realsense2_camera_msgs/hook/ld_library_path_lib.ps1'
[1.217s] INFO:colcon.colcon_core.shell:Creating environment descriptor '/home/yeray/sensors_ws/install/realsense2_camera_msgs/share/realsense2_camera_msgs/hook/ld_library_path_lib.dsv'
[1.218s] INFO:colcon.colcon_core.shell:Creating environment hook '/home/yeray/sensors_ws/install/realsense2_camera_msgs/share/realsense2_camera_msgs/hook/ld_library_path_lib.sh'
[1.219s] Level 1:colcon.colcon_core.environment:checking '/home/yeray/sensors_ws/install/realsense2_camera_msgs/bin'
[1.219s] Level 1:colcon.colcon_core.environment:checking '/home/yeray/sensors_ws/install/realsense2_camera_msgs/lib/pkgconfig/realsense2_camera_msgs.pc'
[1.219s] Level 1:colcon.colcon_core.environment:checking '/home/yeray/sensors_ws/install/realsense2_camera_msgs/lib/python3.10/site-packages'
[1.220s] Level 1:colcon.colcon_core.environment:checking '/home/yeray/sensors_ws/install/realsense2_camera_msgs/bin'
[1.220s] INFO:colcon.colcon_core.shell:Creating package script '/home/yeray/sensors_ws/install/realsense2_camera_msgs/share/realsense2_camera_msgs/package.ps1'
[1.221s] INFO:colcon.colcon_core.shell:Creating package descriptor '/home/yeray/sensors_ws/install/realsense2_camera_msgs/share/realsense2_camera_msgs/package.dsv'
[1.222s] INFO:colcon.colcon_core.shell:Creating package script '/home/yeray/sensors_ws/install/realsense2_camera_msgs/share/realsense2_camera_msgs/package.sh'
[1.223s] INFO:colcon.colcon_core.shell:Creating package script '/home/yeray/sensors_ws/install/realsense2_camera_msgs/share/realsense2_camera_msgs/package.bash'
[1.224s] INFO:colcon.colcon_core.shell:Creating package script '/home/yeray/sensors_ws/install/realsense2_camera_msgs/share/realsense2_camera_msgs/package.zsh'
[1.224s] Level 1:colcon.colcon_core.environment:create_file_with_runtime_dependencies(/home/yeray/sensors_ws/install/realsense2_camera_msgs/share/colcon-core/packages/realsense2_camera_msgs)
[1.236s] Level 1:colcon.colcon_core.environment:create_environment_scripts_only(ultralytics_ros)
[1.237s] Level 1:colcon.colcon_core.environment:checking '/home/yeray/sensors_ws/install/ultralytics_ros' for CMake module files
[1.238s] Level 1:colcon.colcon_core.environment:checking '/home/yeray/sensors_ws/install/ultralytics_ros' for CMake config files
[1.239s] Level 1:colcon.colcon_core.shell:create_environment_hook('ultralytics_ros', 'cmake_prefix_path')
[1.239s] INFO:colcon.colcon_core.shell:Creating environment hook '/home/yeray/sensors_ws/install/ultralytics_ros/share/ultralytics_ros/hook/cmake_prefix_path.ps1'
[1.240s] INFO:colcon.colcon_core.shell:Creating environment descriptor '/home/yeray/sensors_ws/install/ultralytics_ros/share/ultralytics_ros/hook/cmake_prefix_path.dsv'
[1.241s] INFO:colcon.colcon_core.shell:Creating environment hook '/home/yeray/sensors_ws/install/ultralytics_ros/share/ultralytics_ros/hook/cmake_prefix_path.sh'
[1.242s] Level 1:colcon.colcon_core.environment:checking '/home/yeray/sensors_ws/install/ultralytics_ros/lib'
[1.243s] Level 1:colcon.colcon_core.shell:create_environment_hook('ultralytics_ros', 'ld_library_path_lib')
[1.244s] INFO:colcon.colcon_core.shell:Creating environment hook '/home/yeray/sensors_ws/install/ultralytics_ros/share/ultralytics_ros/hook/ld_library_path_lib.ps1'
[1.245s] INFO:colcon.colcon_core.shell:Creating environment descriptor '/home/yeray/sensors_ws/install/ultralytics_ros/share/ultralytics_ros/hook/ld_library_path_lib.dsv'
[1.248s] INFO:colcon.colcon_core.shell:Creating environment hook '/home/yeray/sensors_ws/install/ultralytics_ros/share/ultralytics_ros/hook/ld_library_path_lib.sh'
[1.250s] Level 1:colcon.colcon_core.environment:checking '/home/yeray/sensors_ws/install/ultralytics_ros/bin'
[1.250s] Level 1:colcon.colcon_core.environment:checking '/home/yeray/sensors_ws/install/ultralytics_ros/lib/pkgconfig/ultralytics_ros.pc'
[1.251s] Level 1:colcon.colcon_core.environment:checking '/home/yeray/sensors_ws/install/ultralytics_ros/lib/python3.10/site-packages'
[1.251s] Level 1:colcon.colcon_core.environment:checking '/home/yeray/sensors_ws/install/ultralytics_ros/bin'
[1.252s] INFO:colcon.colcon_core.shell:Creating package script '/home/yeray/sensors_ws/install/ultralytics_ros/share/ultralytics_ros/package.ps1'
[1.253s] INFO:colcon.colcon_core.shell:Creating package descriptor '/home/yeray/sensors_ws/install/ultralytics_ros/share/ultralytics_ros/package.dsv'
[1.254s] INFO:colcon.colcon_core.shell:Creating package script '/home/yeray/sensors_ws/install/ultralytics_ros/share/ultralytics_ros/package.sh'
[1.254s] INFO:colcon.colcon_core.shell:Creating package script '/home/yeray/sensors_ws/install/ultralytics_ros/share/ultralytics_ros/package.bash'
[1.255s] INFO:colcon.colcon_core.shell:Creating package script '/home/yeray/sensors_ws/install/ultralytics_ros/share/ultralytics_ros/package.zsh'
[1.255s] Level 1:colcon.colcon_core.environment:create_file_with_runtime_dependencies(/home/yeray/sensors_ws/install/ultralytics_ros/share/colcon-core/packages/ultralytics_ros)
[1.257s] Level 1:colcon.colcon_core.environment:create_environment_scripts_only(optris_drivers2)
[1.257s] Level 1:colcon.colcon_core.environment:checking '/home/yeray/sensors_ws/install/optris_drivers2' for CMake module files
[1.258s] DEBUG:colcon.colcon_core.event_handler.log_command:Invoked command in '/home/yeray/sensors_ws/build/optris_drivers2' returned '0': CMAKE_PREFIX_PATH=${CMAKE_PREFIX_PATH}:/opt/ros/humble /usr/bin/cmake --install /home/yeray/sensors_ws/build/optris_drivers2
[1.258s] Level 1:colcon.colcon_core.environment:checking '/home/yeray/sensors_ws/install/optris_drivers2' for CMake config files
[1.259s] Level 1:colcon.colcon_core.shell:create_environment_hook('optris_drivers2', 'cmake_prefix_path')
[1.259s] INFO:colcon.colcon_core.shell:Creating environment hook '/home/yeray/sensors_ws/install/optris_drivers2/share/optris_drivers2/hook/cmake_prefix_path.ps1'
[1.260s] INFO:colcon.colcon_core.shell:Creating environment descriptor '/home/yeray/sensors_ws/install/optris_drivers2/share/optris_drivers2/hook/cmake_prefix_path.dsv'
[1.260s] INFO:colcon.colcon_core.shell:Creating environment hook '/home/yeray/sensors_ws/install/optris_drivers2/share/optris_drivers2/hook/cmake_prefix_path.sh'
[1.261s] Level 1:colcon.colcon_core.environment:checking '/home/yeray/sensors_ws/install/optris_drivers2/lib'
[1.261s] Level 1:colcon.colcon_core.shell:create_environment_hook('optris_drivers2', 'ld_library_path_lib')
[1.261s] INFO:colcon.colcon_core.shell:Creating environment hook '/home/yeray/sensors_ws/install/optris_drivers2/share/optris_drivers2/hook/ld_library_path_lib.ps1'
[1.262s] INFO:colcon.colcon_core.shell:Creating environment descriptor '/home/yeray/sensors_ws/install/optris_drivers2/share/optris_drivers2/hook/ld_library_path_lib.dsv'
[1.262s] INFO:colcon.colcon_core.shell:Creating environment hook '/home/yeray/sensors_ws/install/optris_drivers2/share/optris_drivers2/hook/ld_library_path_lib.sh'
[1.262s] Level 1:colcon.colcon_core.environment:checking '/home/yeray/sensors_ws/install/optris_drivers2/bin'
[1.262s] Level 1:colcon.colcon_core.environment:checking '/home/yeray/sensors_ws/install/optris_drivers2/lib/pkgconfig/optris_drivers2.pc'
[1.263s] Level 1:colcon.colcon_core.environment:checking '/home/yeray/sensors_ws/install/optris_drivers2/lib/python3.10/site-packages'
[1.263s] Level 1:colcon.colcon_core.environment:checking '/home/yeray/sensors_ws/install/optris_drivers2/bin'
[1.263s] INFO:colcon.colcon_core.shell:Creating package script '/home/yeray/sensors_ws/install/optris_drivers2/share/optris_drivers2/package.ps1'
[1.264s] INFO:colcon.colcon_core.shell:Creating package descriptor '/home/yeray/sensors_ws/install/optris_drivers2/share/optris_drivers2/package.dsv'
[1.265s] INFO:colcon.colcon_core.shell:Creating package script '/home/yeray/sensors_ws/install/optris_drivers2/share/optris_drivers2/package.sh'
[1.265s] INFO:colcon.colcon_core.shell:Creating package script '/home/yeray/sensors_ws/install/optris_drivers2/share/optris_drivers2/package.bash'
[1.265s] INFO:colcon.colcon_core.shell:Creating package script '/home/yeray/sensors_ws/install/optris_drivers2/share/optris_drivers2/package.zsh'
[1.266s] Level 1:colcon.colcon_core.environment:create_file_with_runtime_dependencies(/home/yeray/sensors_ws/install/optris_drivers2/share/colcon-core/packages/optris_drivers2)
[1.367s] Level 1:colcon.colcon_core.environment:create_environment_scripts_only(realsense2_camera_msgs)
[1.367s] Level 1:colcon.colcon_core.environment:checking '/home/yeray/sensors_ws/install/realsense2_camera_msgs' for CMake module files
[1.368s] Level 1:colcon.colcon_core.environment:checking '/home/yeray/sensors_ws/install/realsense2_camera_msgs' for CMake config files
[1.369s] Level 1:colcon.colcon_core.shell:create_environment_hook('realsense2_camera_msgs', 'cmake_prefix_path')
[1.369s] INFO:colcon.colcon_core.shell:Creating environment hook '/home/yeray/sensors_ws/install/realsense2_camera_msgs/share/realsense2_camera_msgs/hook/cmake_prefix_path.ps1'
[1.369s] INFO:colcon.colcon_core.shell:Creating environment descriptor '/home/yeray/sensors_ws/install/realsense2_camera_msgs/share/realsense2_camera_msgs/hook/cmake_prefix_path.dsv'
[1.370s] INFO:colcon.colcon_core.shell:Creating environment hook '/home/yeray/sensors_ws/install/realsense2_camera_msgs/share/realsense2_camera_msgs/hook/cmake_prefix_path.sh'
[1.370s] Level 1:colcon.colcon_core.environment:checking '/home/yeray/sensors_ws/install/realsense2_camera_msgs/lib'
[1.370s] Level 1:colcon.colcon_core.shell:create_environment_hook('realsense2_camera_msgs', 'ld_library_path_lib')
[1.371s] INFO:colcon.colcon_core.shell:Creating environment hook '/home/yeray/sensors_ws/install/realsense2_camera_msgs/share/realsense2_camera_msgs/hook/ld_library_path_lib.ps1'
[1.371s] INFO:colcon.colcon_core.shell:Creating environment descriptor '/home/yeray/sensors_ws/install/realsense2_camera_msgs/share/realsense2_camera_msgs/hook/ld_library_path_lib.dsv'
[1.372s] INFO:colcon.colcon_core.shell:Creating environment hook '/home/yeray/sensors_ws/install/realsense2_camera_msgs/share/realsense2_camera_msgs/hook/ld_library_path_lib.sh'
[1.372s] Level 1:colcon.colcon_core.environment:checking '/home/yeray/sensors_ws/install/realsense2_camera_msgs/bin'
[1.372s] Level 1:colcon.colcon_core.environment:checking '/home/yeray/sensors_ws/install/realsense2_camera_msgs/lib/pkgconfig/realsense2_camera_msgs.pc'
[1.372s] Level 1:colcon.colcon_core.environment:checking '/home/yeray/sensors_ws/install/realsense2_camera_msgs/lib/python3.10/site-packages'
[1.373s] Level 1:colcon.colcon_core.environment:checking '/home/yeray/sensors_ws/install/realsense2_camera_msgs/bin'
[1.373s] INFO:colcon.colcon_core.shell:Creating package script '/home/yeray/sensors_ws/install/realsense2_camera_msgs/share/realsense2_camera_msgs/package.ps1'
[1.374s] INFO:colcon.colcon_core.shell:Creating package descriptor '/home/yeray/sensors_ws/install/realsense2_camera_msgs/share/realsense2_camera_msgs/package.dsv'
[1.374s] INFO:colcon.colcon_core.shell:Creating package script '/home/yeray/sensors_ws/install/realsense2_camera_msgs/share/realsense2_camera_msgs/package.sh'
[1.375s] INFO:colcon.colcon_core.shell:Creating package script '/home/yeray/sensors_ws/install/realsense2_camera_msgs/share/realsense2_camera_msgs/package.bash'
[1.375s] INFO:colcon.colcon_core.shell:Creating package script '/home/yeray/sensors_ws/install/realsense2_camera_msgs/share/realsense2_camera_msgs/package.zsh'
[1.376s] Level 1:colcon.colcon_core.environment:create_file_with_runtime_dependencies(/home/yeray/sensors_ws/install/realsense2_camera_msgs/share/colcon-core/packages/realsense2_camera_msgs)
[1.376s] INFO:colcon.colcon_ros.task.ament_cmake.build:Building ROS package in '/home/yeray/sensors_ws/src/realsense-ros/realsense2_camera' with build type 'ament_cmake'
[1.376s] INFO:colcon.colcon_cmake.task.cmake.build:Building CMake package in '/home/yeray/sensors_ws/src/realsense-ros/realsense2_camera'
[1.377s] INFO:colcon.colcon_core.shell:Skip shell extension 'powershell' for command environment: Not usable outside of PowerShell
[1.377s] DEBUG:colcon.colcon_core.shell:Skip shell extension 'dsv' for command environment
[1.381s] INFO:colcon.colcon_ros.task.ament_cmake.build:Building ROS package in '/home/yeray/sensors_ws/src/realsense-ros/realsense2_description' with build type 'ament_cmake'
[1.381s] INFO:colcon.colcon_cmake.task.cmake.build:Building CMake package in '/home/yeray/sensors_ws/src/realsense-ros/realsense2_description'
[1.382s] INFO:colcon.colcon_core.shell:Skip shell extension 'powershell' for command environment: Not usable outside of PowerShell
[1.382s] DEBUG:colcon.colcon_core.shell:Skip shell extension 'dsv' for command environment
[1.393s] DEBUG:colcon.colcon_core.event_handler.log_command:Invoking command in '/home/yeray/sensors_ws/build/realsense2_camera': CMAKE_PREFIX_PATH=/home/yeray/sensors_ws/install/realsense2_camera_msgs:/home/yeray/sensors_ws/install/ultralytics_ros:/home/yeray/sensors_ws/install/realsense2_description:/home/yeray/sensors_ws/install/realsense2_camera:/home/yeray/sensors_ws/install/optris_drivers2:/opt/ros/humble LD_LIBRARY_PATH=/home/yeray/sensors_ws/install/realsense2_camera_msgs/lib:/home/yeray/sensors_ws/install/ultralytics_ros/lib:/home/yeray/sensors_ws/install/realsense2_camera/lib:/home/yeray/sensors_ws/install/optris_drivers2/lib:/usr/lib/x86_64-linux-gnu/gazebo-11/plugins:/opt/ros/humble/opt/rviz_ogre_vendor/lib:/opt/ros/humble/lib/x86_64-linux-gnu:/opt/ros/humble/lib /usr/bin/cmake --build /home/yeray/sensors_ws/build/realsense2_camera -- -j8 -l8
[1.396s] DEBUG:colcon.colcon_core.event_handler.log_command:Invoking command in '/home/yeray/sensors_ws/build/realsense2_description': CMAKE_PREFIX_PATH=/home/yeray/sensors_ws/install/realsense2_camera_msgs:/home/yeray/sensors_ws/install/ultralytics_ros:/home/yeray/sensors_ws/install/realsense2_description:/home/yeray/sensors_ws/install/realsense2_camera:/home/yeray/sensors_ws/install/optris_drivers2:/opt/ros/humble LD_LIBRARY_PATH=/home/yeray/sensors_ws/install/realsense2_camera_msgs/lib:/home/yeray/sensors_ws/install/ultralytics_ros/lib:/home/yeray/sensors_ws/install/realsense2_camera/lib:/home/yeray/sensors_ws/install/optris_drivers2/lib:/usr/lib/x86_64-linux-gnu/gazebo-11/plugins:/opt/ros/humble/opt/rviz_ogre_vendor/lib:/opt/ros/humble/lib/x86_64-linux-gnu:/opt/ros/humble/lib /usr/bin/cmake --build /home/yeray/sensors_ws/build/realsense2_description -- -j8 -l8
[1.421s] Level 1:colcon.colcon_core.environment:create_environment_scripts_only(optris_drivers2)
[1.421s] Level 1:colcon.colcon_core.environment:checking '/home/yeray/sensors_ws/install/optris_drivers2' for CMake module files
[1.422s] Level 1:colcon.colcon_core.environment:checking '/home/yeray/sensors_ws/install/optris_drivers2' for CMake config files
[1.423s] Level 1:colcon.colcon_core.shell:create_environment_hook('optris_drivers2', 'cmake_prefix_path')
[1.423s] INFO:colcon.colcon_core.shell:Creating environment hook '/home/yeray/sensors_ws/install/optris_drivers2/share/optris_drivers2/hook/cmake_prefix_path.ps1'
[1.424s] INFO:colcon.colcon_core.shell:Creating environment descriptor '/home/yeray/sensors_ws/install/optris_drivers2/share/optris_drivers2/hook/cmake_prefix_path.dsv'
[1.424s] INFO:colcon.colcon_core.shell:Creating environment hook '/home/yeray/sensors_ws/install/optris_drivers2/share/optris_drivers2/hook/cmake_prefix_path.sh'
[1.425s] Level 1:colcon.colcon_core.environment:checking '/home/yeray/sensors_ws/install/optris_drivers2/lib'
[1.425s] Level 1:colcon.colcon_core.shell:create_environment_hook('optris_drivers2', 'ld_library_path_lib')
[1.425s] INFO:colcon.colcon_core.shell:Creating environment hook '/home/yeray/sensors_ws/install/optris_drivers2/share/optris_drivers2/hook/ld_library_path_lib.ps1'
[1.426s] INFO:colcon.colcon_core.shell:Creating environment descriptor '/home/yeray/sensors_ws/install/optris_drivers2/share/optris_drivers2/hook/ld_library_path_lib.dsv'
[1.426s] INFO:colcon.colcon_core.shell:Creating environment hook '/home/yeray/sensors_ws/install/optris_drivers2/share/optris_drivers2/hook/ld_library_path_lib.sh'
[1.427s] Level 1:colcon.colcon_core.environment:checking '/home/yeray/sensors_ws/install/optris_drivers2/bin'
[1.427s] Level 1:colcon.colcon_core.environment:checking '/home/yeray/sensors_ws/install/optris_drivers2/lib/pkgconfig/optris_drivers2.pc'
[1.427s] Level 1:colcon.colcon_core.environment:checking '/home/yeray/sensors_ws/install/optris_drivers2/lib/python3.10/site-packages'
[1.427s] Level 1:colcon.colcon_core.environment:checking '/home/yeray/sensors_ws/install/optris_drivers2/bin'
[1.428s] INFO:colcon.colcon_core.shell:Creating package script '/home/yeray/sensors_ws/install/optris_drivers2/share/optris_drivers2/package.ps1'
[1.429s] INFO:colcon.colcon_core.shell:Creating package descriptor '/home/yeray/sensors_ws/install/optris_drivers2/share/optris_drivers2/package.dsv'
[1.430s] INFO:colcon.colcon_core.shell:Creating package script '/home/yeray/sensors_ws/install/optris_drivers2/share/optris_drivers2/package.sh'
[1.431s] INFO:colcon.colcon_core.shell:Creating package script '/home/yeray/sensors_ws/install/optris_drivers2/share/optris_drivers2/package.bash'
[1.431s] INFO:colcon.colcon_core.shell:Creating package script '/home/yeray/sensors_ws/install/optris_drivers2/share/optris_drivers2/package.zsh'
[1.432s] Level 1:colcon.colcon_core.environment:create_file_with_runtime_dependencies(/home/yeray/sensors_ws/install/optris_drivers2/share/colcon-core/packages/optris_drivers2)
[1.441s] DEBUG:colcon.colcon_core.event_handler.log_command:Invoked command in '/home/yeray/sensors_ws/build/realsense2_description' returned '0': CMAKE_PREFIX_PATH=/home/yeray/sensors_ws/install/realsense2_camera_msgs:/home/yeray/sensors_ws/install/ultralytics_ros:/home/yeray/sensors_ws/install/realsense2_description:/home/yeray/sensors_ws/install/realsense2_camera:/home/yeray/sensors_ws/install/optris_drivers2:/opt/ros/humble LD_LIBRARY_PATH=/home/yeray/sensors_ws/install/realsense2_camera_msgs/lib:/home/yeray/sensors_ws/install/ultralytics_ros/lib:/home/yeray/sensors_ws/install/realsense2_camera/lib:/home/yeray/sensors_ws/install/optris_drivers2/lib:/usr/lib/x86_64-linux-gnu/gazebo-11/plugins:/opt/ros/humble/opt/rviz_ogre_vendor/lib:/opt/ros/humble/lib/x86_64-linux-gnu:/opt/ros/humble/lib /usr/bin/cmake --build /home/yeray/sensors_ws/build/realsense2_description -- -j8 -l8
[1.468s] DEBUG:colcon.colcon_core.event_handler.log_command:Invoking command in '/home/yeray/sensors_ws/build/realsense2_description': CMAKE_PREFIX_PATH=/home/yeray/sensors_ws/install/realsense2_camera_msgs:/home/yeray/sensors_ws/install/ultralytics_ros:/home/yeray/sensors_ws/install/realsense2_description:/home/yeray/sensors_ws/install/realsense2_camera:/home/yeray/sensors_ws/install/optris_drivers2:/opt/ros/humble LD_LIBRARY_PATH=/home/yeray/sensors_ws/install/realsense2_camera_msgs/lib:/home/yeray/sensors_ws/install/ultralytics_ros/lib:/home/yeray/sensors_ws/install/realsense2_camera/lib:/home/yeray/sensors_ws/install/optris_drivers2/lib:/usr/lib/x86_64-linux-gnu/gazebo-11/plugins:/opt/ros/humble/opt/rviz_ogre_vendor/lib:/opt/ros/humble/lib/x86_64-linux-gnu:/opt/ros/humble/lib /usr/bin/cmake --install /home/yeray/sensors_ws/build/realsense2_description
[1.481s] Level 1:colcon.colcon_core.environment:create_environment_scripts_only(realsense2_description)
[1.482s] DEBUG:colcon.colcon_core.event_handler.log_command:Invoked command in '/home/yeray/sensors_ws/build/realsense2_description' returned '0': CMAKE_PREFIX_PATH=/home/yeray/sensors_ws/install/realsense2_camera_msgs:/home/yeray/sensors_ws/install/ultralytics_ros:/home/yeray/sensors_ws/install/realsense2_description:/home/yeray/sensors_ws/install/realsense2_camera:/home/yeray/sensors_ws/install/optris_drivers2:/opt/ros/humble LD_LIBRARY_PATH=/home/yeray/sensors_ws/install/realsense2_camera_msgs/lib:/home/yeray/sensors_ws/install/ultralytics_ros/lib:/home/yeray/sensors_ws/install/realsense2_camera/lib:/home/yeray/sensors_ws/install/optris_drivers2/lib:/usr/lib/x86_64-linux-gnu/gazebo-11/plugins:/opt/ros/humble/opt/rviz_ogre_vendor/lib:/opt/ros/humble/lib/x86_64-linux-gnu:/opt/ros/humble/lib /usr/bin/cmake --install /home/yeray/sensors_ws/build/realsense2_description
[1.482s] Level 1:colcon.colcon_core.environment:checking '/home/yeray/sensors_ws/install/realsense2_description' for CMake module files
[1.483s] Level 1:colcon.colcon_core.environment:checking '/home/yeray/sensors_ws/install/realsense2_description' for CMake config files
[1.483s] Level 1:colcon.colcon_core.shell:create_environment_hook('realsense2_description', 'cmake_prefix_path')
[1.483s] INFO:colcon.colcon_core.shell:Creating environment hook '/home/yeray/sensors_ws/install/realsense2_description/share/realsense2_description/hook/cmake_prefix_path.ps1'
[1.484s] INFO:colcon.colcon_core.shell:Creating environment descriptor '/home/yeray/sensors_ws/install/realsense2_description/share/realsense2_description/hook/cmake_prefix_path.dsv'
[1.484s] INFO:colcon.colcon_core.shell:Creating environment hook '/home/yeray/sensors_ws/install/realsense2_description/share/realsense2_description/hook/cmake_prefix_path.sh'
[1.485s] Level 1:colcon.colcon_core.environment:checking '/home/yeray/sensors_ws/install/realsense2_description/bin'
[1.485s] Level 1:colcon.colcon_core.environment:checking '/home/yeray/sensors_ws/install/realsense2_description/lib/pkgconfig/realsense2_description.pc'
[1.485s] Level 1:colcon.colcon_core.environment:checking '/home/yeray/sensors_ws/install/realsense2_description/lib/python3.10/site-packages'
[1.485s] Level 1:colcon.colcon_core.environment:checking '/home/yeray/sensors_ws/install/realsense2_description/bin'
[1.486s] INFO:colcon.colcon_core.shell:Creating package script '/home/yeray/sensors_ws/install/realsense2_description/share/realsense2_description/package.ps1'
[1.486s] INFO:colcon.colcon_core.shell:Creating package descriptor '/home/yeray/sensors_ws/install/realsense2_description/share/realsense2_description/package.dsv'
[1.487s] INFO:colcon.colcon_core.shell:Creating package script '/home/yeray/sensors_ws/install/realsense2_description/share/realsense2_description/package.sh'
[1.487s] INFO:colcon.colcon_core.shell:Creating package script '/home/yeray/sensors_ws/install/realsense2_description/share/realsense2_description/package.bash'
[1.488s] INFO:colcon.colcon_core.shell:Creating package script '/home/yeray/sensors_ws/install/realsense2_description/share/realsense2_description/package.zsh'
[1.488s] Level 1:colcon.colcon_core.environment:create_file_with_runtime_dependencies(/home/yeray/sensors_ws/install/realsense2_description/share/colcon-core/packages/realsense2_description)
[1.503s] DEBUG:colcon.colcon_core.event_handler.log_command:Invoked command in '/home/yeray/sensors_ws/build/realsense2_camera' returned '0': CMAKE_PREFIX_PATH=/home/yeray/sensors_ws/install/realsense2_camera_msgs:/home/yeray/sensors_ws/install/ultralytics_ros:/home/yeray/sensors_ws/install/realsense2_description:/home/yeray/sensors_ws/install/realsense2_camera:/home/yeray/sensors_ws/install/optris_drivers2:/opt/ros/humble LD_LIBRARY_PATH=/home/yeray/sensors_ws/install/realsense2_camera_msgs/lib:/home/yeray/sensors_ws/install/ultralytics_ros/lib:/home/yeray/sensors_ws/install/realsense2_camera/lib:/home/yeray/sensors_ws/install/optris_drivers2/lib:/usr/lib/x86_64-linux-gnu/gazebo-11/plugins:/opt/ros/humble/opt/rviz_ogre_vendor/lib:/opt/ros/humble/lib/x86_64-linux-gnu:/opt/ros/humble/lib /usr/bin/cmake --build /home/yeray/sensors_ws/build/realsense2_camera -- -j8 -l8
[1.513s] Level 1:colcon.colcon_core.environment:create_environment_scripts_only(realsense2_description)
[1.513s] Level 1:colcon.colcon_core.environment:checking '/home/yeray/sensors_ws/install/realsense2_description' for CMake module files
[1.513s] Level 1:colcon.colcon_core.environment:checking '/home/yeray/sensors_ws/install/realsense2_description' for CMake config files
[1.514s] Level 1:colcon.colcon_core.shell:create_environment_hook('realsense2_description', 'cmake_prefix_path')
[1.514s] INFO:colcon.colcon_core.shell:Creating environment hook '/home/yeray/sensors_ws/install/realsense2_description/share/realsense2_description/hook/cmake_prefix_path.ps1'
[1.515s] INFO:colcon.colcon_core.shell:Creating environment descriptor '/home/yeray/sensors_ws/install/realsense2_description/share/realsense2_description/hook/cmake_prefix_path.dsv'
[1.515s] INFO:colcon.colcon_core.shell:Creating environment hook '/home/yeray/sensors_ws/install/realsense2_description/share/realsense2_description/hook/cmake_prefix_path.sh'
[1.516s] Level 1:colcon.colcon_core.environment:checking '/home/yeray/sensors_ws/install/realsense2_description/bin'
[1.516s] Level 1:colcon.colcon_core.environment:checking '/home/yeray/sensors_ws/install/realsense2_description/lib/pkgconfig/realsense2_description.pc'
[1.516s] Level 1:colcon.colcon_core.environment:checking '/home/yeray/sensors_ws/install/realsense2_description/lib/python3.10/site-packages'
[1.516s] Level 1:colcon.colcon_core.environment:checking '/home/yeray/sensors_ws/install/realsense2_description/bin'
[1.517s] INFO:colcon.colcon_core.shell:Creating package script '/home/yeray/sensors_ws/install/realsense2_description/share/realsense2_description/package.ps1'
[1.517s] INFO:colcon.colcon_core.shell:Creating package descriptor '/home/yeray/sensors_ws/install/realsense2_description/share/realsense2_description/package.dsv'
[1.518s] INFO:colcon.colcon_core.shell:Creating package script '/home/yeray/sensors_ws/install/realsense2_description/share/realsense2_description/package.sh'
[1.518s] INFO:colcon.colcon_core.shell:Creating package script '/home/yeray/sensors_ws/install/realsense2_description/share/realsense2_description/package.bash'
[1.519s] INFO:colcon.colcon_core.shell:Creating package script '/home/yeray/sensors_ws/install/realsense2_description/share/realsense2_description/package.zsh'
[1.519s] Level 1:colcon.colcon_core.environment:create_file_with_runtime_dependencies(/home/yeray/sensors_ws/install/realsense2_description/share/colcon-core/packages/realsense2_description)
[1.574s] DEBUG:colcon.colcon_core.event_handler.log_command:Invoking command in '/home/yeray/sensors_ws/build/realsense2_camera': CMAKE_PREFIX_PATH=/home/yeray/sensors_ws/install/realsense2_camera_msgs:/home/yeray/sensors_ws/install/ultralytics_ros:/home/yeray/sensors_ws/install/realsense2_description:/home/yeray/sensors_ws/install/realsense2_camera:/home/yeray/sensors_ws/install/optris_drivers2:/opt/ros/humble LD_LIBRARY_PATH=/home/yeray/sensors_ws/install/realsense2_camera_msgs/lib:/home/yeray/sensors_ws/install/ultralytics_ros/lib:/home/yeray/sensors_ws/install/realsense2_camera/lib:/home/yeray/sensors_ws/install/optris_drivers2/lib:/usr/lib/x86_64-linux-gnu/gazebo-11/plugins:/opt/ros/humble/opt/rviz_ogre_vendor/lib:/opt/ros/humble/lib/x86_64-linux-gnu:/opt/ros/humble/lib /usr/bin/cmake --install /home/yeray/sensors_ws/build/realsense2_camera
[1.590s] Level 1:colcon.colcon_core.environment:create_environment_scripts_only(realsense2_camera)
[1.591s] Level 1:colcon.colcon_core.environment:checking '/home/yeray/sensors_ws/install/realsense2_camera' for CMake module files
[1.591s] DEBUG:colcon.colcon_core.event_handler.log_command:Invoked command in '/home/yeray/sensors_ws/build/realsense2_camera' returned '0': CMAKE_PREFIX_PATH=/home/yeray/sensors_ws/install/realsense2_camera_msgs:/home/yeray/sensors_ws/install/ultralytics_ros:/home/yeray/sensors_ws/install/realsense2_description:/home/yeray/sensors_ws/install/realsense2_camera:/home/yeray/sensors_ws/install/optris_drivers2:/opt/ros/humble LD_LIBRARY_PATH=/home/yeray/sensors_ws/install/realsense2_camera_msgs/lib:/home/yeray/sensors_ws/install/ultralytics_ros/lib:/home/yeray/sensors_ws/install/realsense2_camera/lib:/home/yeray/sensors_ws/install/optris_drivers2/lib:/usr/lib/x86_64-linux-gnu/gazebo-11/plugins:/opt/ros/humble/opt/rviz_ogre_vendor/lib:/opt/ros/humble/lib/x86_64-linux-gnu:/opt/ros/humble/lib /usr/bin/cmake --install /home/yeray/sensors_ws/build/realsense2_camera
[1.591s] Level 1:colcon.colcon_core.environment:checking '/home/yeray/sensors_ws/install/realsense2_camera' for CMake config files
[1.592s] Level 1:colcon.colcon_core.shell:create_environment_hook('realsense2_camera', 'cmake_prefix_path')
[1.592s] INFO:colcon.colcon_core.shell:Creating environment hook '/home/yeray/sensors_ws/install/realsense2_camera/share/realsense2_camera/hook/cmake_prefix_path.ps1'
[1.593s] INFO:colcon.colcon_core.shell:Creating environment descriptor '/home/yeray/sensors_ws/install/realsense2_camera/share/realsense2_camera/hook/cmake_prefix_path.dsv'
[1.593s] INFO:colcon.colcon_core.shell:Creating environment hook '/home/yeray/sensors_ws/install/realsense2_camera/share/realsense2_camera/hook/cmake_prefix_path.sh'
[1.594s] Level 1:colcon.colcon_core.environment:checking '/home/yeray/sensors_ws/install/realsense2_camera/lib'
[1.594s] Level 1:colcon.colcon_core.shell:create_environment_hook('realsense2_camera', 'ld_library_path_lib')
[1.594s] INFO:colcon.colcon_core.shell:Creating environment hook '/home/yeray/sensors_ws/install/realsense2_camera/share/realsense2_camera/hook/ld_library_path_lib.ps1'
[1.594s] INFO:colcon.colcon_core.shell:Creating environment descriptor '/home/yeray/sensors_ws/install/realsense2_camera/share/realsense2_camera/hook/ld_library_path_lib.dsv'
[1.595s] INFO:colcon.colcon_core.shell:Creating environment hook '/home/yeray/sensors_ws/install/realsense2_camera/share/realsense2_camera/hook/ld_library_path_lib.sh'
[1.595s] Level 1:colcon.colcon_core.environment:checking '/home/yeray/sensors_ws/install/realsense2_camera/bin'
[1.595s] Level 1:colcon.colcon_core.environment:checking '/home/yeray/sensors_ws/install/realsense2_camera/lib/pkgconfig/realsense2_camera.pc'
[1.596s] Level 1:colcon.colcon_core.environment:checking '/home/yeray/sensors_ws/install/realsense2_camera/lib/python3.10/site-packages'
[1.596s] Level 1:colcon.colcon_core.environment:checking '/home/yeray/sensors_ws/install/realsense2_camera/bin'
[1.596s] INFO:colcon.colcon_core.shell:Creating package script '/home/yeray/sensors_ws/install/realsense2_camera/share/realsense2_camera/package.ps1'
[1.597s] INFO:colcon.colcon_core.shell:Creating package descriptor '/home/yeray/sensors_ws/install/realsense2_camera/share/realsense2_camera/package.dsv'
[1.598s] INFO:colcon.colcon_core.shell:Creating package script '/home/yeray/sensors_ws/install/realsense2_camera/share/realsense2_camera/package.sh'
[1.598s] INFO:colcon.colcon_core.shell:Creating package script '/home/yeray/sensors_ws/install/realsense2_camera/share/realsense2_camera/package.bash'
[1.599s] INFO:colcon.colcon_core.shell:Creating package script '/home/yeray/sensors_ws/install/realsense2_camera/share/realsense2_camera/package.zsh'
[1.599s] Level 1:colcon.colcon_core.environment:create_file_with_runtime_dependencies(/home/yeray/sensors_ws/install/realsense2_camera/share/colcon-core/packages/realsense2_camera)
[1.668s] Level 1:colcon.colcon_core.environment:create_environment_scripts_only(realsense2_camera)
[1.668s] Level 1:colcon.colcon_core.environment:checking '/home/yeray/sensors_ws/install/realsense2_camera' for CMake module files
[1.669s] Level 1:colcon.colcon_core.environment:checking '/home/yeray/sensors_ws/install/realsense2_camera' for CMake config files
[1.669s] Level 1:colcon.colcon_core.shell:create_environment_hook('realsense2_camera', 'cmake_prefix_path')
[1.669s] INFO:colcon.colcon_core.shell:Creating environment hook '/home/yeray/sensors_ws/install/realsense2_camera/share/realsense2_camera/hook/cmake_prefix_path.ps1'
[1.670s] INFO:colcon.colcon_core.shell:Creating environment descriptor '/home/yeray/sensors_ws/install/realsense2_camera/share/realsense2_camera/hook/cmake_prefix_path.dsv'
[1.670s] INFO:colcon.colcon_core.shell:Creating environment hook '/home/yeray/sensors_ws/install/realsense2_camera/share/realsense2_camera/hook/cmake_prefix_path.sh'
[1.671s] Level 1:colcon.colcon_core.environment:checking '/home/yeray/sensors_ws/install/realsense2_camera/lib'
[1.671s] Level 1:colcon.colcon_core.shell:create_environment_hook('realsense2_camera', 'ld_library_path_lib')
[1.672s] INFO:colcon.colcon_core.shell:Creating environment hook '/home/yeray/sensors_ws/install/realsense2_camera/share/realsense2_camera/hook/ld_library_path_lib.ps1'
[1.672s] INFO:colcon.colcon_core.shell:Creating environment descriptor '/home/yeray/sensors_ws/install/realsense2_camera/share/realsense2_camera/hook/ld_library_path_lib.dsv'
[1.672s] INFO:colcon.colcon_core.shell:Creating environment hook '/home/yeray/sensors_ws/install/realsense2_camera/share/realsense2_camera/hook/ld_library_path_lib.sh'
[1.673s] Level 1:colcon.colcon_core.environment:checking '/home/yeray/sensors_ws/install/realsense2_camera/bin'
[1.673s] Level 1:colcon.colcon_core.environment:checking '/home/yeray/sensors_ws/install/realsense2_camera/lib/pkgconfig/realsense2_camera.pc'
[1.673s] Level 1:colcon.colcon_core.environment:checking '/home/yeray/sensors_ws/install/realsense2_camera/lib/python3.10/site-packages'
[1.674s] Level 1:colcon.colcon_core.environment:checking '/home/yeray/sensors_ws/install/realsense2_camera/bin'
[1.674s] INFO:colcon.colcon_core.shell:Creating package script '/home/yeray/sensors_ws/install/realsense2_camera/share/realsense2_camera/package.ps1'
[1.675s] INFO:colcon.colcon_core.shell:Creating package descriptor '/home/yeray/sensors_ws/install/realsense2_camera/share/realsense2_camera/package.dsv'
[1.675s] INFO:colcon.colcon_core.shell:Creating package script '/home/yeray/sensors_ws/install/realsense2_camera/share/realsense2_camera/package.sh'
[1.676s] INFO:colcon.colcon_core.shell:Creating package script '/home/yeray/sensors_ws/install/realsense2_camera/share/realsense2_camera/package.bash'
[1.676s] INFO:colcon.colcon_core.shell:Creating package script '/home/yeray/sensors_ws/install/realsense2_camera/share/realsense2_camera/package.zsh'
[1.677s] Level 1:colcon.colcon_core.environment:create_file_with_runtime_dependencies(/home/yeray/sensors_ws/install/realsense2_camera/share/colcon-core/packages/realsense2_camera)
[1.677s] DEBUG:colcon.colcon_parallel_executor.executor.parallel:closing loop
[1.677s] DEBUG:colcon.colcon_parallel_executor.executor.parallel:loop closed
[1.677s] DEBUG:colcon.colcon_parallel_executor.executor.parallel:run_until_complete finished with '0'
[1.677s] DEBUG:colcon.colcon_core.event_reactor:joining thread
[1.684s] INFO:colcon.colcon_core.plugin_system:Skipping extension 'colcon_notification.desktop_notification.terminal_notifier': Not used on non-Darwin systems
[1.684s] INFO:colcon.colcon_core.plugin_system:Skipping extension 'colcon_notification.desktop_notification.win32': Not used on non-Windows systems
[1.684s] INFO:colcon.colcon_notification.desktop_notification:Sending desktop notification using 'notify2'
[1.697s] DEBUG:colcon.colcon_core.event_reactor:joined thread
[1.698s] INFO:colcon.colcon_core.shell:Creating prefix script '/home/yeray/sensors_ws/install/local_setup.ps1'
[1.699s] INFO:colcon.colcon_core.shell:Creating prefix util module '/home/yeray/sensors_ws/install/_local_setup_util_ps1.py'
[1.701s] INFO:colcon.colcon_core.shell:Creating prefix chain script '/home/yeray/sensors_ws/install/setup.ps1'
[1.703s] INFO:colcon.colcon_core.shell:Creating prefix script '/home/yeray/sensors_ws/install/local_setup.sh'
[1.703s] INFO:colcon.colcon_core.shell:Creating prefix util module '/home/yeray/sensors_ws/install/_local_setup_util_sh.py'
[1.704s] INFO:colcon.colcon_core.shell:Creating prefix chain script '/home/yeray/sensors_ws/install/setup.sh'
[1.705s] INFO:colcon.colcon_core.shell:Creating prefix script '/home/yeray/sensors_ws/install/local_setup.bash'
[1.706s] INFO:colcon.colcon_core.shell:Creating prefix chain script '/home/yeray/sensors_ws/install/setup.bash'
[1.707s] INFO:colcon.colcon_core.shell:Creating prefix script '/home/yeray/sensors_ws/install/local_setup.zsh'
[1.708s] INFO:colcon.colcon_core.shell:Creating prefix chain script '/home/yeray/sensors_ws/install/setup.zsh'
