[0.013s] Invoking command in '/home/yeray/sensors_ws/build/realsense2_description': CMAKE_PREFIX_PATH=/home/yeray/sensors_ws/install/realsense2_camera_msgs:/home/yeray/sensors_ws/install/ultralytics_ros:/home/yeray/sensors_ws/install/realsense2_description:/home/yeray/sensors_ws/install/realsense2_camera:/opt/ros/humble LD_LIBRARY_PATH=/home/yeray/sensors_ws/install/realsense2_camera_msgs/lib:/home/yeray/sensors_ws/install/ultralytics_ros/lib:/home/yeray/sensors_ws/install/realsense2_camera/lib:/usr/lib/x86_64-linux-gnu/gazebo-11/plugins:/opt/ros/humble/opt/rviz_ogre_vendor/lib:/opt/ros/humble/lib/x86_64-linux-gnu:/opt/ros/humble/lib /usr/bin/cmake /home/yeray/sensors_ws/src/realsense-ros/realsense2_description -DCMAKE_INSTALL_PREFIX=/home/yeray/sensors_ws/install/realsense2_description
[0.101s] -- The C compiler identification is GNU 11.4.0
[0.207s] -- The CXX compiler identification is GNU 11.4.0
[0.222s] -- Detecting C compiler ABI info
[0.345s] -- Detecting C compiler ABI info - done
[0.359s] -- Check for working C compiler: /usr/bin/cc - skipped
[0.359s] -- Detecting C compile features
[0.360s] -- Detecting C compile features - done
[0.365s] -- Detecting CXX compiler ABI info
[0.492s] -- Detecting CXX compiler ABI info - done
[0.505s] -- Check for working CXX compiler: /usr/bin/c++ - skipped
[0.506s] -- Detecting CXX compile features
[0.506s] -- Detecting CXX compile features - done
[0.510s] -- Found ament_cmake: 1.3.10 (/opt/ros/humble/share/ament_cmake/cmake)
[0.709s] -- Found Python3: /usr/bin/python3 (found version "3.10.12") found components: Interpreter 
[1.041s] -- Configuring done
[1.044s] -- Generating done
[1.045s] -- Build files have been written to: /home/yeray/sensors_ws/build/realsense2_description
[1.052s] Invoked command in '/home/yeray/sensors_ws/build/realsense2_description' returned '0': CMAKE_PREFIX_PATH=/home/yeray/sensors_ws/install/realsense2_camera_msgs:/home/yeray/sensors_ws/install/ultralytics_ros:/home/yeray/sensors_ws/install/realsense2_description:/home/yeray/sensors_ws/install/realsense2_camera:/opt/ros/humble LD_LIBRARY_PATH=/home/yeray/sensors_ws/install/realsense2_camera_msgs/lib:/home/yeray/sensors_ws/install/ultralytics_ros/lib:/home/yeray/sensors_ws/install/realsense2_camera/lib:/usr/lib/x86_64-linux-gnu/gazebo-11/plugins:/opt/ros/humble/opt/rviz_ogre_vendor/lib:/opt/ros/humble/lib/x86_64-linux-gnu:/opt/ros/humble/lib /usr/bin/cmake /home/yeray/sensors_ws/src/realsense-ros/realsense2_description -DCMAKE_INSTALL_PREFIX=/home/yeray/sensors_ws/install/realsense2_description
[1.055s] Invoking command in '/home/yeray/sensors_ws/build/realsense2_description': CMAKE_PREFIX_PATH=/home/yeray/sensors_ws/install/realsense2_camera_msgs:/home/yeray/sensors_ws/install/ultralytics_ros:/home/yeray/sensors_ws/install/realsense2_description:/home/yeray/sensors_ws/install/realsense2_camera:/opt/ros/humble LD_LIBRARY_PATH=/home/yeray/sensors_ws/install/realsense2_camera_msgs/lib:/home/yeray/sensors_ws/install/ultralytics_ros/lib:/home/yeray/sensors_ws/install/realsense2_camera/lib:/usr/lib/x86_64-linux-gnu/gazebo-11/plugins:/opt/ros/humble/opt/rviz_ogre_vendor/lib:/opt/ros/humble/lib/x86_64-linux-gnu:/opt/ros/humble/lib /usr/bin/cmake --build /home/yeray/sensors_ws/build/realsense2_description -- -j8 -l8
[1.107s] Invoked command in '/home/yeray/sensors_ws/build/realsense2_description' returned '0': CMAKE_PREFIX_PATH=/home/yeray/sensors_ws/install/realsense2_camera_msgs:/home/yeray/sensors_ws/install/ultralytics_ros:/home/yeray/sensors_ws/install/realsense2_description:/home/yeray/sensors_ws/install/realsense2_camera:/opt/ros/humble LD_LIBRARY_PATH=/home/yeray/sensors_ws/install/realsense2_camera_msgs/lib:/home/yeray/sensors_ws/install/ultralytics_ros/lib:/home/yeray/sensors_ws/install/realsense2_camera/lib:/usr/lib/x86_64-linux-gnu/gazebo-11/plugins:/opt/ros/humble/opt/rviz_ogre_vendor/lib:/opt/ros/humble/lib/x86_64-linux-gnu:/opt/ros/humble/lib /usr/bin/cmake --build /home/yeray/sensors_ws/build/realsense2_description -- -j8 -l8
[1.138s] Invoking command in '/home/yeray/sensors_ws/build/realsense2_description': CMAKE_PREFIX_PATH=/home/yeray/sensors_ws/install/realsense2_camera_msgs:/home/yeray/sensors_ws/install/ultralytics_ros:/home/yeray/sensors_ws/install/realsense2_description:/home/yeray/sensors_ws/install/realsense2_camera:/opt/ros/humble LD_LIBRARY_PATH=/home/yeray/sensors_ws/install/realsense2_camera_msgs/lib:/home/yeray/sensors_ws/install/ultralytics_ros/lib:/home/yeray/sensors_ws/install/realsense2_camera/lib:/usr/lib/x86_64-linux-gnu/gazebo-11/plugins:/opt/ros/humble/opt/rviz_ogre_vendor/lib:/opt/ros/humble/lib/x86_64-linux-gnu:/opt/ros/humble/lib /usr/bin/cmake --install /home/yeray/sensors_ws/build/realsense2_description
[1.147s] -- Install configuration: ""
[1.147s] -- Up-to-date: /home/yeray/sensors_ws/install/realsense2_description/share/realsense2_description/launch
[1.147s] -- Up-to-date: /home/yeray/sensors_ws/install/realsense2_description/share/realsense2_description/launch/view_model.launch.py
[1.147s] -- Up-to-date: /home/yeray/sensors_ws/install/realsense2_description/share/realsense2_description/launch/launch_utils.py
[1.147s] -- Up-to-date: /home/yeray/sensors_ws/install/realsense2_description/share/realsense2_description/meshes
[1.147s] -- Up-to-date: /home/yeray/sensors_ws/install/realsense2_description/share/realsense2_description/meshes/plug_collision.stl
[1.148s] -- Up-to-date: /home/yeray/sensors_ws/install/realsense2_description/share/realsense2_description/meshes/d415.stl
[1.148s] -- Up-to-date: /home/yeray/sensors_ws/install/realsense2_description/share/realsense2_description/meshes/d455.stl
[1.148s] -- Up-to-date: /home/yeray/sensors_ws/install/realsense2_description/share/realsense2_description/meshes/d405.stl
[1.148s] -- Up-to-date: /home/yeray/sensors_ws/install/realsense2_description/share/realsense2_description/meshes/l515.dae
[1.148s] -- Up-to-date: /home/yeray/sensors_ws/install/realsense2_description/share/realsense2_description/meshes/d435.dae
[1.148s] -- Up-to-date: /home/yeray/sensors_ws/install/realsense2_description/share/realsense2_description/meshes/plug.stl
[1.148s] -- Up-to-date: /home/yeray/sensors_ws/install/realsense2_description/share/realsense2_description/rviz
[1.148s] -- Up-to-date: /home/yeray/sensors_ws/install/realsense2_description/share/realsense2_description/rviz/urdf.rviz
[1.148s] -- Up-to-date: /home/yeray/sensors_ws/install/realsense2_description/share/realsense2_description/urdf
[1.148s] -- Up-to-date: /home/yeray/sensors_ws/install/realsense2_description/share/realsense2_description/urdf/test_d455_camera.urdf.xacro
[1.148s] -- Up-to-date: /home/yeray/sensors_ws/install/realsense2_description/share/realsense2_description/urdf/test_d435i_camera.urdf.xacro
[1.148s] -- Up-to-date: /home/yeray/sensors_ws/install/realsense2_description/share/realsense2_description/urdf/test_d435_multiple_cameras.urdf.xacro
[1.149s] -- Up-to-date: /home/yeray/sensors_ws/install/realsense2_description/share/realsense2_description/urdf/test_r410_camera.urdf.xacro
[1.149s] -- Up-to-date: /home/yeray/sensors_ws/install/realsense2_description/share/realsense2_description/urdf/_d405.urdf.xacro
[1.149s] -- Up-to-date: /home/yeray/sensors_ws/install/realsense2_description/share/realsense2_description/urdf/_r430.urdf.xacro
[1.149s] -- Up-to-date: /home/yeray/sensors_ws/install/realsense2_description/share/realsense2_description/urdf/_d415.urdf.xacro
[1.149s] -- Up-to-date: /home/yeray/sensors_ws/install/realsense2_description/share/realsense2_description/urdf/_materials.urdf.xacro
[1.149s] -- Up-to-date: /home/yeray/sensors_ws/install/realsense2_description/share/realsense2_description/urdf/_d455.urdf.xacro
[1.149s] -- Up-to-date: /home/yeray/sensors_ws/install/realsense2_description/share/realsense2_description/urdf/_usb_plug.urdf.xacro
[1.149s] -- Up-to-date: /home/yeray/sensors_ws/install/realsense2_description/share/realsense2_description/urdf/_r410.urdf.xacro
[1.149s] -- Up-to-date: /home/yeray/sensors_ws/install/realsense2_description/share/realsense2_description/urdf/test_d435_camera.urdf.xacro
[1.149s] -- Up-to-date: /home/yeray/sensors_ws/install/realsense2_description/share/realsense2_description/urdf/test_d415_camera.urdf.xacro
[1.150s] -- Up-to-date: /home/yeray/sensors_ws/install/realsense2_description/share/realsense2_description/urdf/_d435.urdf.xacro
[1.150s] -- Up-to-date: /home/yeray/sensors_ws/install/realsense2_description/share/realsense2_description/urdf/_d435i.urdf.xacro
[1.150s] -- Up-to-date: /home/yeray/sensors_ws/install/realsense2_description/share/realsense2_description/urdf/test_r430_camera.urdf.xacro
[1.150s] -- Up-to-date: /home/yeray/sensors_ws/install/realsense2_description/share/realsense2_description/urdf/_d435i_imu_modules.urdf.xacro
[1.150s] -- Up-to-date: /home/yeray/sensors_ws/install/realsense2_description/share/realsense2_description/urdf/test_d405_camera.urdf.xacro
[1.150s] -- Up-to-date: /home/yeray/sensors_ws/install/realsense2_description/share/ament_index/resource_index/package_run_dependencies/realsense2_description
[1.150s] -- Installing: /home/yeray/sensors_ws/install/realsense2_description/share/ament_index/resource_index/parent_prefix_path/realsense2_description
[1.150s] -- Up-to-date: /home/yeray/sensors_ws/install/realsense2_description/share/realsense2_description/environment/ament_prefix_path.sh
[1.150s] -- Installing: /home/yeray/sensors_ws/install/realsense2_description/share/realsense2_description/environment/ament_prefix_path.dsv
[1.150s] -- Up-to-date: /home/yeray/sensors_ws/install/realsense2_description/share/realsense2_description/environment/path.sh
[1.151s] -- Installing: /home/yeray/sensors_ws/install/realsense2_description/share/realsense2_description/environment/path.dsv
[1.151s] -- Up-to-date: /home/yeray/sensors_ws/install/realsense2_description/share/realsense2_description/local_setup.bash
[1.151s] -- Up-to-date: /home/yeray/sensors_ws/install/realsense2_description/share/realsense2_description/local_setup.sh
[1.151s] -- Up-to-date: /home/yeray/sensors_ws/install/realsense2_description/share/realsense2_description/local_setup.zsh
[1.151s] -- Installing: /home/yeray/sensors_ws/install/realsense2_description/share/realsense2_description/local_setup.dsv
[1.151s] -- Installing: /home/yeray/sensors_ws/install/realsense2_description/share/realsense2_description/package.dsv
[1.151s] -- Up-to-date: /home/yeray/sensors_ws/install/realsense2_description/share/ament_index/resource_index/packages/realsense2_description
[1.152s] -- Up-to-date: /home/yeray/sensors_ws/install/realsense2_description/share/realsense2_description/cmake/realsense2_descriptionConfig.cmake
[1.152s] -- Up-to-date: /home/yeray/sensors_ws/install/realsense2_description/share/realsense2_description/cmake/realsense2_descriptionConfig-version.cmake
[1.154s] -- Up-to-date: /home/yeray/sensors_ws/install/realsense2_description/share/realsense2_description/package.xml
[1.154s] Invoked command in '/home/yeray/sensors_ws/build/realsense2_description' returned '0': CMAKE_PREFIX_PATH=/home/yeray/sensors_ws/install/realsense2_camera_msgs:/home/yeray/sensors_ws/install/ultralytics_ros:/home/yeray/sensors_ws/install/realsense2_description:/home/yeray/sensors_ws/install/realsense2_camera:/opt/ros/humble LD_LIBRARY_PATH=/home/yeray/sensors_ws/install/realsense2_camera_msgs/lib:/home/yeray/sensors_ws/install/ultralytics_ros/lib:/home/yeray/sensors_ws/install/realsense2_camera/lib:/usr/lib/x86_64-linux-gnu/gazebo-11/plugins:/opt/ros/humble/opt/rviz_ogre_vendor/lib:/opt/ros/humble/lib/x86_64-linux-gnu:/opt/ros/humble/lib /usr/bin/cmake --install /home/yeray/sensors_ws/build/realsense2_description
