[0.012s] Invoking command in '/home/yeray/sensors_ws/build/realsense2_camera': AMENT_PREFIX_PATH=/home/yeray/sensors_ws/install/realsense2_camera_msgs:${AMENT_PREFIX_PATH} CMAKE_PREFIX_PATH=/home/yeray/sensors_ws/install/realsense2_camera_msgs:/home/yeray/sensors_ws/install/ultralytics_ros:/opt/ros/humble LD_LIBRARY_PATH=/home/yeray/sensors_ws/install/realsense2_camera_msgs/lib:${LD_LIBRARY_PATH} PYTHONPATH=/home/yeray/sensors_ws/install/realsense2_camera_msgs/local/lib/python3.10/dist-packages:${PYTHONPATH} /usr/bin/cmake /home/yeray/sensors_ws/src/realsense-ros/realsense2_camera -DCMAKE_INSTALL_PREFIX=/home/yeray/sensors_ws/install/realsense2_camera
[0.075s] -- The C compiler identification is GNU 11.4.0
[0.139s] -- The CXX compiler identification is GNU 11.4.0
[0.147s] -- Detecting C compiler ABI info
[0.223s] -- Detecting C compiler ABI info - done
[0.233s] -- Check for working C compiler: /usr/bin/cc - skipped
[0.233s] -- Detecting C compile features
[0.233s] -- Detecting C compile features - done
[0.237s] -- Detecting CXX compiler ABI info
[0.326s] -- Detecting CXX compiler ABI info - done
[0.336s] -- Check for working CXX compiler: /usr/bin/c++ - skipped
[0.336s] -- Detecting CXX compile features
[0.337s] -- Detecting CXX compile features - done
[0.337s] -- Create Release Build.
[0.340s] -- Found ament_cmake: 1.3.10 (/opt/ros/humble/share/ament_cmake/cmake)
[0.514s] -- Found Python3: /usr/bin/python3 (found version "3.10.12") found components: Interpreter 
[0.640s] -- Found builtin_interfaces: 1.2.1 (/opt/ros/humble/share/builtin_interfaces/cmake)
[0.676s] -- Found rosidl_generator_c: 3.1.5 (/opt/ros/humble/share/rosidl_generator_c/cmake)
[0.682s] -- Found rosidl_adapter: 3.1.5 (/opt/ros/humble/share/rosidl_adapter/cmake)
[0.692s] -- Found rosidl_generator_cpp: 3.1.5 (/opt/ros/humble/share/rosidl_generator_cpp/cmake)
[0.706s] -- Using all available rosidl_typesupport_c: rosidl_typesupport_fastrtps_c;rosidl_typesupport_introspection_c
[0.726s] -- Using all available rosidl_typesupport_cpp: rosidl_typesupport_fastrtps_cpp;rosidl_typesupport_introspection_cpp
[0.746s] -- Found cv_bridge: 3.2.1 (/opt/ros/humble/share/cv_bridge/cmake)
[0.827s] -- Found image_transport: 3.1.9 (/opt/ros/humble/share/image_transport/cmake)
[0.885s] -- Found rmw_implementation_cmake: 6.1.2 (/opt/ros/humble/share/rmw_implementation_cmake/cmake)
[0.888s] -- Found rmw_fastrtps_cpp: 6.2.7 (/opt/ros/humble/share/rmw_fastrtps_cpp/cmake)
[0.991s] -- Found OpenSSL: /usr/lib/x86_64-linux-gnu/libcrypto.so (found version "3.0.2")  
[1.022s] -- Found FastRTPS: /opt/ros/humble/include  
[1.065s] -- Using RMW implementation 'rmw_fastrtps_cpp' as default
[1.076s] -- Looking for pthread.h
[1.159s] -- Looking for pthread.h - found
[1.159s] -- Performing Test CMAKE_HAVE_LIBC_PTHREAD
[1.247s] -- Performing Test CMAKE_HAVE_LIBC_PTHREAD - Success
[1.249s] -- Found Threads: TRUE  
[1.331s] -- Found rclcpp_components: 16.0.10 (/opt/ros/humble/share/rclcpp_components/cmake)
[1.350s] -- Found realsense2_camera_msgs: 4.55.1 (/home/yeray/sensors_ws/install/realsense2_camera_msgs/share/realsense2_camera_msgs/cmake)
[1.373s] -- Found nav_msgs: 4.2.4 (/opt/ros/humble/share/nav_msgs/cmake)
[1.398s] -- Found tf2_ros: 0.25.8 (/opt/ros/humble/share/tf2_ros/cmake)
[1.472s] -- Found diagnostic_updater: 4.0.0 (/opt/ros/humble/share/diagnostic_updater/cmake)
[1.502s] -- Found OpenCV: /usr (found version "4.5.4") found components: core 
[1.504s] -- Build for ROS2 Humble
[1.511s] -- Found ament_cmake_gtest: 1.3.10 (/opt/ros/humble/share/ament_cmake_gtest/cmake)
[1.515s] -- Found gtest sources under '/opt/ros/humble/src/gtest_vendor': C++ tests using 'Google Test' will be built
[1.521s] -- Found ament_cmake_pytest: 1.3.10 (/opt/ros/humble/share/ament_cmake_pytest/cmake)
[5.047s] -- rs_device_info:
[5.047s] -- No device detected. Is it plugged in?
[5.048s] 
[5.176s] -- Configuring done
[5.209s] -- Generating done
[5.212s] -- Build files have been written to: /home/yeray/sensors_ws/build/realsense2_camera
[5.226s] Invoked command in '/home/yeray/sensors_ws/build/realsense2_camera' returned '0': AMENT_PREFIX_PATH=/home/yeray/sensors_ws/install/realsense2_camera_msgs:${AMENT_PREFIX_PATH} CMAKE_PREFIX_PATH=/home/yeray/sensors_ws/install/realsense2_camera_msgs:/home/yeray/sensors_ws/install/ultralytics_ros:/opt/ros/humble LD_LIBRARY_PATH=/home/yeray/sensors_ws/install/realsense2_camera_msgs/lib:${LD_LIBRARY_PATH} PYTHONPATH=/home/yeray/sensors_ws/install/realsense2_camera_msgs/local/lib/python3.10/dist-packages:${PYTHONPATH} /usr/bin/cmake /home/yeray/sensors_ws/src/realsense-ros/realsense2_camera -DCMAKE_INSTALL_PREFIX=/home/yeray/sensors_ws/install/realsense2_camera
[5.228s] Invoking command in '/home/yeray/sensors_ws/build/realsense2_camera': AMENT_PREFIX_PATH=/home/yeray/sensors_ws/install/realsense2_camera_msgs:${AMENT_PREFIX_PATH} CMAKE_PREFIX_PATH=/home/yeray/sensors_ws/install/realsense2_camera_msgs:/home/yeray/sensors_ws/install/ultralytics_ros:/opt/ros/humble LD_LIBRARY_PATH=/home/yeray/sensors_ws/install/realsense2_camera_msgs/lib:${LD_LIBRARY_PATH} PYTHONPATH=/home/yeray/sensors_ws/install/realsense2_camera_msgs/local/lib/python3.10/dist-packages:${PYTHONPATH} /usr/bin/cmake --build /home/yeray/sensors_ws/build/realsense2_camera -- -j8 -l8
[5.295s] [ 13%] [32mBuilding CXX object gtest/CMakeFiles/gtest_main.dir/src/gtest_main.cc.o[0m
[5.295s] [ 13%] [32mBuilding CXX object CMakeFiles/realsense2_camera_node.dir/rclcpp_components/node_main_realsense2_camera_node.cpp.o[0m
[5.295s] [ 13%] [32mBuilding CXX object gtest/CMakeFiles/gtest.dir/src/gtest-all.cc.o[0m
[5.296s] [ 18%] [32mBuilding CXX object CMakeFiles/realsense2_camera.dir/src/base_realsense_node.cpp.o[0m
[5.296s] [ 22%] [32mBuilding CXX object CMakeFiles/realsense2_camera.dir/src/parameters.cpp.o[0m
[5.296s] [ 27%] [32mBuilding CXX object CMakeFiles/realsense2_camera.dir/src/rs_node_setup.cpp.o[0m
[5.296s] [ 31%] [32mBuilding CXX object CMakeFiles/realsense2_camera.dir/src/ros_sensor.cpp.o[0m
[5.297s] [ 36%] [32mBuilding CXX object CMakeFiles/realsense2_camera.dir/src/realsense_node_factory.cpp.o[0m
[6.684s] [ 40%] [32m[1mLinking CXX static library libgtest_main.a[0m
[6.751s] [ 40%] Built target gtest_main
[6.769s] [ 45%] [32mBuilding CXX object CMakeFiles/realsense2_camera.dir/src/ros_utils.cpp.o[0m
[13.490s] [ 50%] [32m[1mLinking CXX executable realsense2_camera_node[0m
[13.748s] [ 50%] Built target realsense2_camera_node
[13.765s] [ 54%] [32mBuilding CXX object CMakeFiles/realsense2_camera.dir/src/dynamic_params.cpp.o[0m
[15.043s] [ 59%] [32mBuilding CXX object CMakeFiles/realsense2_camera.dir/src/sensor_params.cpp.o[0m
[20.308s] [ 63%] [32mBuilding CXX object CMakeFiles/realsense2_camera.dir/src/named_filter.cpp.o[0m
[22.495s] [ 68%] [32mBuilding CXX object CMakeFiles/realsense2_camera.dir/src/profile_manager.cpp.o[0m
[23.013s] [ 72%] [32m[1mLinking CXX static library libgtest.a[0m
[23.092s] [ 72%] Built target gtest
[23.111s] [ 77%] [32mBuilding CXX object CMakeFiles/realsense2_camera.dir/src/image_publisher.cpp.o[0m
[27.259s] [ 81%] [32mBuilding CXX object CMakeFiles/realsense2_camera.dir/src/tfs.cpp.o[0m
[27.624s] [ 86%] [32mBuilding CXX object CMakeFiles/realsense2_camera.dir/src/ros_param_backend.cpp.o[0m
[31.148s] [ 90%] [32mBuilding CXX object CMakeFiles/gtest_template.dir/test/gtest_template.cpp.o[0m
[33.082s] [ 95%] [32m[1mLinking CXX executable gtest_template[0m
[33.302s] [ 95%] Built target gtest_template
[41.649s] [100%] [32m[1mLinking CXX shared library librealsense2_camera.so[0m
[42.160s] [100%] Built target realsense2_camera
[42.174s] Invoked command in '/home/yeray/sensors_ws/build/realsense2_camera' returned '0': AMENT_PREFIX_PATH=/home/yeray/sensors_ws/install/realsense2_camera_msgs:${AMENT_PREFIX_PATH} CMAKE_PREFIX_PATH=/home/yeray/sensors_ws/install/realsense2_camera_msgs:/home/yeray/sensors_ws/install/ultralytics_ros:/opt/ros/humble LD_LIBRARY_PATH=/home/yeray/sensors_ws/install/realsense2_camera_msgs/lib:${LD_LIBRARY_PATH} PYTHONPATH=/home/yeray/sensors_ws/install/realsense2_camera_msgs/local/lib/python3.10/dist-packages:${PYTHONPATH} /usr/bin/cmake --build /home/yeray/sensors_ws/build/realsense2_camera -- -j8 -l8
[42.244s] Invoking command in '/home/yeray/sensors_ws/build/realsense2_camera': AMENT_PREFIX_PATH=/home/yeray/sensors_ws/install/realsense2_camera_msgs:${AMENT_PREFIX_PATH} CMAKE_PREFIX_PATH=/home/yeray/sensors_ws/install/realsense2_camera_msgs:/home/yeray/sensors_ws/install/ultralytics_ros:/opt/ros/humble LD_LIBRARY_PATH=/home/yeray/sensors_ws/install/realsense2_camera_msgs/lib:${LD_LIBRARY_PATH} PYTHONPATH=/home/yeray/sensors_ws/install/realsense2_camera_msgs/local/lib/python3.10/dist-packages:${PYTHONPATH} /usr/bin/cmake --install /home/yeray/sensors_ws/build/realsense2_camera
[42.252s] -- Install configuration: "Release"
[42.252s] -- Installing: /home/yeray/sensors_ws/install/realsense2_camera/lib/realsense2_camera/realsense2_camera_node
[42.252s] -- Set runtime path of "/home/yeray/sensors_ws/install/realsense2_camera/lib/realsense2_camera/realsense2_camera_node" to ""
[42.253s] -- Installing: /home/yeray/sensors_ws/install/realsense2_camera/lib/librealsense2_camera.so
[42.256s] -- Set runtime path of "/home/yeray/sensors_ws/install/realsense2_camera/lib/librealsense2_camera.so" to ""
[42.256s] -- Installing: /home/yeray/sensors_ws/install/realsense2_camera/include
[42.256s] -- Installing: /home/yeray/sensors_ws/install/realsense2_camera/include/ros_param_backend.h
[42.256s] -- Installing: /home/yeray/sensors_ws/install/realsense2_camera/include/profile_manager.h
[42.256s] -- Installing: /home/yeray/sensors_ws/install/realsense2_camera/include/ros_sensor.h
[42.257s] -- Installing: /home/yeray/sensors_ws/install/realsense2_camera/include/named_filter.h
[42.257s] -- Installing: /home/yeray/sensors_ws/install/realsense2_camera/include/base_realsense_node.h
[42.257s] -- Installing: /home/yeray/sensors_ws/install/realsense2_camera/include/dynamic_params.h
[42.257s] -- Installing: /home/yeray/sensors_ws/install/realsense2_camera/include/realsense_node_factory.h
[42.257s] -- Installing: /home/yeray/sensors_ws/install/realsense2_camera/include/ros_utils.h
[42.257s] -- Installing: /home/yeray/sensors_ws/install/realsense2_camera/include/sensor_params.h
[42.257s] -- Installing: /home/yeray/sensors_ws/install/realsense2_camera/include/gl_window.h
[42.258s] -- Installing: /home/yeray/sensors_ws/install/realsense2_camera/include/constants.h
[42.258s] -- Installing: /home/yeray/sensors_ws/install/realsense2_camera/include/image_publisher.h
[42.258s] -- Installing: /home/yeray/sensors_ws/install/realsense2_camera/share/realsense2_camera/launch
[42.258s] -- Installing: /home/yeray/sensors_ws/install/realsense2_camera/share/realsense2_camera/launch/rs_launch.py
[42.258s] -- Installing: /home/yeray/sensors_ws/install/realsense2_camera/share/realsense2_camera/launch/default.rviz
[42.258s] -- Installing: /home/yeray/sensors_ws/install/realsense2_camera/share/realsense2_camera/launch/rs_intra_process_demo_launch.py
[42.258s] -- Installing: /home/yeray/sensors_ws/install/realsense2_camera/share/realsense2_camera/launch/rs_multi_camera_launch.py
[42.258s] -- Installing: /home/yeray/sensors_ws/install/realsense2_camera/share/realsense2_camera/examples
[42.258s] -- Installing: /home/yeray/sensors_ws/install/realsense2_camera/share/realsense2_camera/examples/align_depth
[42.258s] -- Installing: /home/yeray/sensors_ws/install/realsense2_camera/share/realsense2_camera/examples/align_depth/README.md
[42.259s] -- Installing: /home/yeray/sensors_ws/install/realsense2_camera/share/realsense2_camera/examples/align_depth/rs_align_depth_launch.py
[42.259s] -- Installing: /home/yeray/sensors_ws/install/realsense2_camera/share/realsense2_camera/examples/launch_from_rosbag
[42.259s] -- Installing: /home/yeray/sensors_ws/install/realsense2_camera/share/realsense2_camera/examples/launch_from_rosbag/README.md
[42.259s] -- Installing: /home/yeray/sensors_ws/install/realsense2_camera/share/realsense2_camera/examples/launch_from_rosbag/rs_launch_from_rosbag.py
[42.259s] -- Installing: /home/yeray/sensors_ws/install/realsense2_camera/share/realsense2_camera/examples/pointcloud
[42.259s] -- Installing: /home/yeray/sensors_ws/install/realsense2_camera/share/realsense2_camera/examples/pointcloud/rviz
[42.259s] -- Installing: /home/yeray/sensors_ws/install/realsense2_camera/share/realsense2_camera/examples/pointcloud/rviz/urdf_pointcloud.rviz
[42.259s] -- Installing: /home/yeray/sensors_ws/install/realsense2_camera/share/realsense2_camera/examples/pointcloud/rviz/pointcloud.rviz
[42.259s] -- Installing: /home/yeray/sensors_ws/install/realsense2_camera/share/realsense2_camera/examples/pointcloud/README.md
[42.259s] -- Installing: /home/yeray/sensors_ws/install/realsense2_camera/share/realsense2_camera/examples/pointcloud/rs_pointcloud_launch.py
[42.260s] -- Installing: /home/yeray/sensors_ws/install/realsense2_camera/share/realsense2_camera/examples/pointcloud/rs_d455_pointcloud_launch.py
[42.260s] -- Installing: /home/yeray/sensors_ws/install/realsense2_camera/share/realsense2_camera/examples/pointcloud/rs_d405_pointcloud_launch.py
[42.260s] -- Installing: /home/yeray/sensors_ws/install/realsense2_camera/share/realsense2_camera/examples/launch_params_from_file
[42.260s] -- Installing: /home/yeray/sensors_ws/install/realsense2_camera/share/realsense2_camera/examples/launch_params_from_file/README.md
[42.260s] -- Installing: /home/yeray/sensors_ws/install/realsense2_camera/share/realsense2_camera/examples/launch_params_from_file/rs_launch_get_params_from_yaml.py
[42.260s] -- Installing: /home/yeray/sensors_ws/install/realsense2_camera/share/realsense2_camera/examples/launch_params_from_file/config
[42.260s] -- Installing: /home/yeray/sensors_ws/install/realsense2_camera/share/realsense2_camera/examples/launch_params_from_file/config/config.yaml
[42.260s] -- Installing: /home/yeray/sensors_ws/install/realsense2_camera/share/realsense2_camera/examples/dual_camera
[42.260s] -- Installing: /home/yeray/sensors_ws/install/realsense2_camera/share/realsense2_camera/examples/dual_camera/rviz
[42.260s] -- Installing: /home/yeray/sensors_ws/install/realsense2_camera/share/realsense2_camera/examples/dual_camera/rviz/dual_camera_pointcloud.rviz
[42.260s] -- Installing: /home/yeray/sensors_ws/install/realsense2_camera/share/realsense2_camera/examples/dual_camera/README.md
[42.261s] -- Installing: /home/yeray/sensors_ws/install/realsense2_camera/share/realsense2_camera/examples/dual_camera/rs_dual_camera_launch.py
[42.261s] -- Installing: /home/yeray/sensors_ws/install/realsense2_camera/share/realsense2_camera/environment/library_path.sh
[42.261s] -- Installing: /home/yeray/sensors_ws/install/realsense2_camera/share/realsense2_camera/environment/library_path.dsv
[42.261s] -- Installing: /home/yeray/sensors_ws/install/realsense2_camera/share/ament_index/resource_index/package_run_dependencies/realsense2_camera
[42.261s] -- Installing: /home/yeray/sensors_ws/install/realsense2_camera/share/ament_index/resource_index/parent_prefix_path/realsense2_camera
[42.261s] -- Installing: /home/yeray/sensors_ws/install/realsense2_camera/share/realsense2_camera/environment/ament_prefix_path.sh
[42.261s] -- Installing: /home/yeray/sensors_ws/install/realsense2_camera/share/realsense2_camera/environment/ament_prefix_path.dsv
[42.262s] -- Installing: /home/yeray/sensors_ws/install/realsense2_camera/share/realsense2_camera/environment/path.sh
[42.262s] -- Installing: /home/yeray/sensors_ws/install/realsense2_camera/share/realsense2_camera/environment/path.dsv
[42.262s] -- Installing: /home/yeray/sensors_ws/install/realsense2_camera/share/realsense2_camera/local_setup.bash
[42.262s] -- Installing: /home/yeray/sensors_ws/install/realsense2_camera/share/realsense2_camera/local_setup.sh
[42.262s] -- Installing: /home/yeray/sensors_ws/install/realsense2_camera/share/realsense2_camera/local_setup.zsh
[42.262s] -- Installing: /home/yeray/sensors_ws/install/realsense2_camera/share/realsense2_camera/local_setup.dsv
[42.262s] -- Installing: /home/yeray/sensors_ws/install/realsense2_camera/share/realsense2_camera/package.dsv
[42.263s] -- Installing: /home/yeray/sensors_ws/install/realsense2_camera/share/ament_index/resource_index/packages/realsense2_camera
[42.263s] -- Installing: /home/yeray/sensors_ws/install/realsense2_camera/share/ament_index/resource_index/rclcpp_components/realsense2_camera
[42.263s] -- Installing: /home/yeray/sensors_ws/install/realsense2_camera/share/realsense2_camera/cmake/ament_cmake_export_include_directories-extras.cmake
[42.263s] -- Installing: /home/yeray/sensors_ws/install/realsense2_camera/share/realsense2_camera/cmake/ament_cmake_export_libraries-extras.cmake
[42.263s] -- Installing: /home/yeray/sensors_ws/install/realsense2_camera/share/realsense2_camera/cmake/ament_cmake_export_dependencies-extras.cmake
[42.264s] -- Installing: /home/yeray/sensors_ws/install/realsense2_camera/share/realsense2_camera/cmake/realsense2_cameraConfig.cmake
[42.264s] -- Installing: /home/yeray/sensors_ws/install/realsense2_camera/share/realsense2_camera/cmake/realsense2_cameraConfig-version.cmake
[42.264s] -- Installing: /home/yeray/sensors_ws/install/realsense2_camera/share/realsense2_camera/package.xml
[42.267s] Invoked command in '/home/yeray/sensors_ws/build/realsense2_camera' returned '0': AMENT_PREFIX_PATH=/home/yeray/sensors_ws/install/realsense2_camera_msgs:${AMENT_PREFIX_PATH} CMAKE_PREFIX_PATH=/home/yeray/sensors_ws/install/realsense2_camera_msgs:/home/yeray/sensors_ws/install/ultralytics_ros:/opt/ros/humble LD_LIBRARY_PATH=/home/yeray/sensors_ws/install/realsense2_camera_msgs/lib:${LD_LIBRARY_PATH} PYTHONPATH=/home/yeray/sensors_ws/install/realsense2_camera_msgs/local/lib/python3.10/dist-packages:${PYTHONPATH} /usr/bin/cmake --install /home/yeray/sensors_ws/build/realsense2_camera
