[0.014s] Invoking command in '/home/yeray/sensors_ws/build/ultralytics_ros': CMAKE_PREFIX_PATH=${CMAKE_PREFIX_PATH}:/opt/ros/humble /usr/bin/cmake --build /home/yeray/sensors_ws/build/ultralytics_ros -- -j8 -l8
[0.075s] [  3%] Built target ultralytics_ros__cpp
[0.076s] [ 12%] Built target ultralytics_ros__rosidl_generator_c
[0.086s] [ 12%] Built target ament_cmake_python_copy_ultralytics_ros
[0.103s] [ 21%] Built target ultralytics_ros__rosidl_typesupport_introspection_cpp
[0.106s] [ 30%] Built target ultralytics_ros__rosidl_typesupport_cpp
[0.108s] [ 39%] Built target ultralytics_ros__rosidl_typesupport_fastrtps_cpp
[0.119s] [ 48%] Built target ultralytics_ros__rosidl_typesupport_fastrtps_c
[0.119s] [ 57%] Built target ultralytics_ros__rosidl_typesupport_introspection_c
[0.122s] [ 66%] Built target ultralytics_ros__rosidl_typesupport_c
[0.147s] [ 66%] Built target ultralytics_ros
[0.155s] [ 72%] Built target tracker_with_cloud_node
[0.173s] [ 75%] Built target ultralytics_ros__py
[0.200s] [ 81%] Built target ultralytics_ros__rosidl_generator_py
[0.225s] [ 93%] Built target ultralytics_ros__rosidl_typesupport_fastrtps_c__pyext
[0.225s] [ 93%] Built target ultralytics_ros__rosidl_typesupport_introspection_c__pyext
[0.225s] [100%] Built target ultralytics_ros__rosidl_typesupport_c__pyext
[0.377s] running egg_info
[0.378s] writing ultralytics_ros.egg-info/PKG-INFO
[0.378s] writing dependency_links to ultralytics_ros.egg-info/dependency_links.txt
[0.378s] writing top-level names to ultralytics_ros.egg-info/top_level.txt
[0.380s] reading manifest file 'ultralytics_ros.egg-info/SOURCES.txt'
[0.381s] writing manifest file 'ultralytics_ros.egg-info/SOURCES.txt'
[0.407s] [100%] Built target ament_cmake_python_build_ultralytics_ros_egg
[0.421s] Invoked command in '/home/yeray/sensors_ws/build/ultralytics_ros' returned '0': CMAKE_PREFIX_PATH=${CMAKE_PREFIX_PATH}:/opt/ros/humble /usr/bin/cmake --build /home/yeray/sensors_ws/build/ultralytics_ros -- -j8 -l8
[0.508s] Invoking command in '/home/yeray/sensors_ws/build/ultralytics_ros': CMAKE_PREFIX_PATH=${CMAKE_PREFIX_PATH}:/opt/ros/humble /usr/bin/cmake --install /home/yeray/sensors_ws/build/ultralytics_ros
[0.518s] -- Install configuration: ""
[0.518s] -- Up-to-date: /home/yeray/sensors_ws/install/ultralytics_ros/share/ament_index/resource_index/rosidl_interfaces/ultralytics_ros
[0.519s] -- Up-to-date: /home/yeray/sensors_ws/install/ultralytics_ros/include/ultralytics_ros/ultralytics_ros
[0.519s] -- Up-to-date: /home/yeray/sensors_ws/install/ultralytics_ros/include/ultralytics_ros/ultralytics_ros/msg
[0.519s] -- Up-to-date: /home/yeray/sensors_ws/install/ultralytics_ros/include/ultralytics_ros/ultralytics_ros/msg/yolo_result.h
[0.519s] -- Up-to-date: /home/yeray/sensors_ws/install/ultralytics_ros/include/ultralytics_ros/ultralytics_ros/msg/rosidl_generator_c__visibility_control.h
[0.519s] -- Up-to-date: /home/yeray/sensors_ws/install/ultralytics_ros/include/ultralytics_ros/ultralytics_ros/msg/detail
[0.519s] -- Up-to-date: /home/yeray/sensors_ws/install/ultralytics_ros/include/ultralytics_ros/ultralytics_ros/msg/detail/yolo_result__functions.c
[0.519s] -- Up-to-date: /home/yeray/sensors_ws/install/ultralytics_ros/include/ultralytics_ros/ultralytics_ros/msg/detail/yolo_result__functions.h
[0.520s] -- Up-to-date: /home/yeray/sensors_ws/install/ultralytics_ros/include/ultralytics_ros/ultralytics_ros/msg/detail/yolo_result__struct.h
[0.520s] -- Up-to-date: /home/yeray/sensors_ws/install/ultralytics_ros/include/ultralytics_ros/ultralytics_ros/msg/detail/yolo_result__type_support.h
[0.520s] -- Up-to-date: /home/yeray/sensors_ws/install/ultralytics_ros/share/ultralytics_ros/environment/library_path.sh
[0.520s] -- Up-to-date: /home/yeray/sensors_ws/install/ultralytics_ros/share/ultralytics_ros/environment/library_path.dsv
[0.520s] -- Up-to-date: /home/yeray/sensors_ws/install/ultralytics_ros/lib/libultralytics_ros__rosidl_generator_c.so
[0.520s] -- Up-to-date: /home/yeray/sensors_ws/install/ultralytics_ros/include/ultralytics_ros/ultralytics_ros
[0.520s] -- Up-to-date: /home/yeray/sensors_ws/install/ultralytics_ros/include/ultralytics_ros/ultralytics_ros/msg
[0.520s] -- Up-to-date: /home/yeray/sensors_ws/install/ultralytics_ros/include/ultralytics_ros/ultralytics_ros/msg/rosidl_typesupport_fastrtps_c__visibility_control.h
[0.520s] -- Up-to-date: /home/yeray/sensors_ws/install/ultralytics_ros/include/ultralytics_ros/ultralytics_ros/msg/detail
[0.520s] -- Up-to-date: /home/yeray/sensors_ws/install/ultralytics_ros/include/ultralytics_ros/ultralytics_ros/msg/detail/yolo_result__rosidl_typesupport_fastrtps_c.h
[0.520s] -- Up-to-date: /home/yeray/sensors_ws/install/ultralytics_ros/lib/libultralytics_ros__rosidl_typesupport_fastrtps_c.so
[0.521s] -- Up-to-date: /home/yeray/sensors_ws/install/ultralytics_ros/include/ultralytics_ros/ultralytics_ros
[0.521s] -- Up-to-date: /home/yeray/sensors_ws/install/ultralytics_ros/include/ultralytics_ros/ultralytics_ros/msg
[0.521s] -- Up-to-date: /home/yeray/sensors_ws/install/ultralytics_ros/include/ultralytics_ros/ultralytics_ros/msg/yolo_result.hpp
[0.521s] -- Up-to-date: /home/yeray/sensors_ws/install/ultralytics_ros/include/ultralytics_ros/ultralytics_ros/msg/detail
[0.521s] -- Up-to-date: /home/yeray/sensors_ws/install/ultralytics_ros/include/ultralytics_ros/ultralytics_ros/msg/detail/yolo_result__builder.hpp
[0.521s] -- Up-to-date: /home/yeray/sensors_ws/install/ultralytics_ros/include/ultralytics_ros/ultralytics_ros/msg/detail/yolo_result__traits.hpp
[0.521s] -- Up-to-date: /home/yeray/sensors_ws/install/ultralytics_ros/include/ultralytics_ros/ultralytics_ros/msg/detail/yolo_result__struct.hpp
[0.521s] -- Up-to-date: /home/yeray/sensors_ws/install/ultralytics_ros/include/ultralytics_ros/ultralytics_ros
[0.521s] -- Up-to-date: /home/yeray/sensors_ws/install/ultralytics_ros/include/ultralytics_ros/ultralytics_ros/msg
[0.521s] -- Up-to-date: /home/yeray/sensors_ws/install/ultralytics_ros/include/ultralytics_ros/ultralytics_ros/msg/rosidl_typesupport_fastrtps_cpp__visibility_control.h
[0.521s] -- Up-to-date: /home/yeray/sensors_ws/install/ultralytics_ros/include/ultralytics_ros/ultralytics_ros/msg/detail
[0.521s] -- Up-to-date: /home/yeray/sensors_ws/install/ultralytics_ros/include/ultralytics_ros/ultralytics_ros/msg/detail/dds_fastrtps
[0.522s] -- Up-to-date: /home/yeray/sensors_ws/install/ultralytics_ros/include/ultralytics_ros/ultralytics_ros/msg/detail/yolo_result__rosidl_typesupport_fastrtps_cpp.hpp
[0.522s] -- Up-to-date: /home/yeray/sensors_ws/install/ultralytics_ros/lib/libultralytics_ros__rosidl_typesupport_fastrtps_cpp.so
[0.522s] -- Up-to-date: /home/yeray/sensors_ws/install/ultralytics_ros/include/ultralytics_ros/ultralytics_ros
[0.522s] -- Up-to-date: /home/yeray/sensors_ws/install/ultralytics_ros/include/ultralytics_ros/ultralytics_ros/msg
[0.522s] -- Up-to-date: /home/yeray/sensors_ws/install/ultralytics_ros/include/ultralytics_ros/ultralytics_ros/msg/rosidl_typesupport_introspection_c__visibility_control.h
[0.522s] -- Up-to-date: /home/yeray/sensors_ws/install/ultralytics_ros/include/ultralytics_ros/ultralytics_ros/msg/detail
[0.522s] -- Up-to-date: /home/yeray/sensors_ws/install/ultralytics_ros/include/ultralytics_ros/ultralytics_ros/msg/detail/yolo_result__type_support.c
[0.522s] -- Up-to-date: /home/yeray/sensors_ws/install/ultralytics_ros/include/ultralytics_ros/ultralytics_ros/msg/detail/yolo_result__rosidl_typesupport_introspection_c.h
[0.522s] -- Up-to-date: /home/yeray/sensors_ws/install/ultralytics_ros/lib/libultralytics_ros__rosidl_typesupport_introspection_c.so
[0.522s] -- Up-to-date: /home/yeray/sensors_ws/install/ultralytics_ros/lib/libultralytics_ros__rosidl_typesupport_c.so
[0.522s] -- Up-to-date: /home/yeray/sensors_ws/install/ultralytics_ros/include/ultralytics_ros/ultralytics_ros
[0.522s] -- Up-to-date: /home/yeray/sensors_ws/install/ultralytics_ros/include/ultralytics_ros/ultralytics_ros/msg
[0.523s] -- Up-to-date: /home/yeray/sensors_ws/install/ultralytics_ros/include/ultralytics_ros/ultralytics_ros/msg/detail
[0.523s] -- Up-to-date: /home/yeray/sensors_ws/install/ultralytics_ros/include/ultralytics_ros/ultralytics_ros/msg/detail/yolo_result__type_support.cpp
[0.523s] -- Up-to-date: /home/yeray/sensors_ws/install/ultralytics_ros/include/ultralytics_ros/ultralytics_ros/msg/detail/yolo_result__rosidl_typesupport_introspection_cpp.hpp
[0.523s] -- Up-to-date: /home/yeray/sensors_ws/install/ultralytics_ros/lib/libultralytics_ros__rosidl_typesupport_introspection_cpp.so
[0.523s] -- Up-to-date: /home/yeray/sensors_ws/install/ultralytics_ros/lib/libultralytics_ros__rosidl_typesupport_cpp.so
[0.523s] -- Up-to-date: /home/yeray/sensors_ws/install/ultralytics_ros/share/ultralytics_ros/environment/pythonpath.sh
[0.523s] -- Up-to-date: /home/yeray/sensors_ws/install/ultralytics_ros/share/ultralytics_ros/environment/pythonpath.dsv
[0.523s] -- Up-to-date: /home/yeray/sensors_ws/install/ultralytics_ros/local/lib/python3.10/dist-packages/ultralytics_ros-0.0.0-py3.10.egg-info
[0.523s] -- Installing: /home/yeray/sensors_ws/install/ultralytics_ros/local/lib/python3.10/dist-packages/ultralytics_ros-0.0.0-py3.10.egg-info/SOURCES.txt
[0.523s] -- Installing: /home/yeray/sensors_ws/install/ultralytics_ros/local/lib/python3.10/dist-packages/ultralytics_ros-0.0.0-py3.10.egg-info/PKG-INFO
[0.523s] -- Installing: /home/yeray/sensors_ws/install/ultralytics_ros/local/lib/python3.10/dist-packages/ultralytics_ros-0.0.0-py3.10.egg-info/top_level.txt
[0.523s] -- Installing: /home/yeray/sensors_ws/install/ultralytics_ros/local/lib/python3.10/dist-packages/ultralytics_ros-0.0.0-py3.10.egg-info/dependency_links.txt
[0.524s] -- Up-to-date: /home/yeray/sensors_ws/install/ultralytics_ros/local/lib/python3.10/dist-packages/ultralytics_ros
[0.524s] -- Up-to-date: /home/yeray/sensors_ws/install/ultralytics_ros/local/lib/python3.10/dist-packages/ultralytics_ros/ultralytics_ros_s__rosidl_typesupport_introspection_c.cpython-310-x86_64-linux-gnu.so
[0.524s] -- Up-to-date: /home/yeray/sensors_ws/install/ultralytics_ros/local/lib/python3.10/dist-packages/ultralytics_ros/_ultralytics_ros_s.ep.rosidl_typesupport_c.c
[0.524s] -- Up-to-date: /home/yeray/sensors_ws/install/ultralytics_ros/local/lib/python3.10/dist-packages/ultralytics_ros/__init__.py
[0.524s] -- Up-to-date: /home/yeray/sensors_ws/install/ultralytics_ros/local/lib/python3.10/dist-packages/ultralytics_ros/msg
[0.524s] -- Up-to-date: /home/yeray/sensors_ws/install/ultralytics_ros/local/lib/python3.10/dist-packages/ultralytics_ros/msg/_yolo_result.py
[0.524s] -- Up-to-date: /home/yeray/sensors_ws/install/ultralytics_ros/local/lib/python3.10/dist-packages/ultralytics_ros/msg/__init__.py
[0.524s] -- Up-to-date: /home/yeray/sensors_ws/install/ultralytics_ros/local/lib/python3.10/dist-packages/ultralytics_ros/msg/_yolo_result_s.c
[0.524s] -- Up-to-date: /home/yeray/sensors_ws/install/ultralytics_ros/local/lib/python3.10/dist-packages/ultralytics_ros/ultralytics_ros_s__rosidl_typesupport_c.cpython-310-x86_64-linux-gnu.so
[0.524s] -- Up-to-date: /home/yeray/sensors_ws/install/ultralytics_ros/local/lib/python3.10/dist-packages/ultralytics_ros/_ultralytics_ros_s.ep.rosidl_typesupport_fastrtps_c.c
[0.524s] -- Up-to-date: /home/yeray/sensors_ws/install/ultralytics_ros/local/lib/python3.10/dist-packages/ultralytics_ros/_ultralytics_ros_s.ep.rosidl_typesupport_introspection_c.c
[0.524s] -- Up-to-date: /home/yeray/sensors_ws/install/ultralytics_ros/local/lib/python3.10/dist-packages/ultralytics_ros/libultralytics_ros__rosidl_generator_py.so
[0.524s] -- Up-to-date: /home/yeray/sensors_ws/install/ultralytics_ros/local/lib/python3.10/dist-packages/ultralytics_ros/ultralytics_ros_s__rosidl_typesupport_fastrtps_c.cpython-310-x86_64-linux-gnu.so
[0.560s] Listing '/home/yeray/sensors_ws/install/ultralytics_ros/local/lib/python3.10/dist-packages/ultralytics_ros'...
[0.560s] Listing '/home/yeray/sensors_ws/install/ultralytics_ros/local/lib/python3.10/dist-packages/ultralytics_ros/msg'...
[0.564s] -- Up-to-date: /home/yeray/sensors_ws/install/ultralytics_ros/local/lib/python3.10/dist-packages/ultralytics_ros/ultralytics_ros_s__rosidl_typesupport_fastrtps_c.cpython-310-x86_64-linux-gnu.so
[0.565s] -- Up-to-date: /home/yeray/sensors_ws/install/ultralytics_ros/local/lib/python3.10/dist-packages/ultralytics_ros/ultralytics_ros_s__rosidl_typesupport_introspection_c.cpython-310-x86_64-linux-gnu.so
[0.565s] -- Up-to-date: /home/yeray/sensors_ws/install/ultralytics_ros/local/lib/python3.10/dist-packages/ultralytics_ros/ultralytics_ros_s__rosidl_typesupport_c.cpython-310-x86_64-linux-gnu.so
[0.565s] -- Up-to-date: /home/yeray/sensors_ws/install/ultralytics_ros/lib/libultralytics_ros__rosidl_generator_py.so
[0.565s] -- Up-to-date: /home/yeray/sensors_ws/install/ultralytics_ros/share/ultralytics_ros/msg/YoloResult.idl
[0.565s] -- Up-to-date: /home/yeray/sensors_ws/install/ultralytics_ros/share/ultralytics_ros/msg/YoloResult.msg
[0.565s] -- Up-to-date: /home/yeray/sensors_ws/install/ultralytics_ros/lib/ultralytics_ros/tracker_with_cloud_node
[0.566s] -- Up-to-date: /home/yeray/sensors_ws/install/ultralytics_ros/lib/ultralytics_ros/tracker_node.py
[0.566s] -- Up-to-date: /home/yeray/sensors_ws/install/ultralytics_ros/share/ultralytics_ros/launch
[0.566s] -- Up-to-date: /home/yeray/sensors_ws/install/ultralytics_ros/share/ultralytics_ros/launch/kitti_tracker_with_cloud.launch.xml
[0.566s] -- Up-to-date: /home/yeray/sensors_ws/install/ultralytics_ros/share/ultralytics_ros/launch/tracker.launch.xml
[0.566s] -- Up-to-date: /home/yeray/sensors_ws/install/ultralytics_ros/share/ultralytics_ros/launch/tracker.launch.mine.xml
[0.566s] -- Up-to-date: /home/yeray/sensors_ws/install/ultralytics_ros/share/ultralytics_ros/launch/tracker_with_cloud.launch.xml
[0.566s] -- Up-to-date: /home/yeray/sensors_ws/install/ultralytics_ros/share/ultralytics_ros/launch/kitti_tracker.launch.xml
[0.566s] -- Up-to-date: /home/yeray/sensors_ws/install/ultralytics_ros/share/ultralytics_ros/rviz2
[0.566s] -- Up-to-date: /home/yeray/sensors_ws/install/ultralytics_ros/share/ultralytics_ros/rviz2/default.rviz
[0.566s] -- Up-to-date: /home/yeray/sensors_ws/install/ultralytics_ros/share/ultralytics_ros/rviz2/kitti.rviz
[0.566s] -- Up-to-date: /home/yeray/sensors_ws/install/ultralytics_ros/share/ament_index/resource_index/package_run_dependencies/ultralytics_ros
[0.566s] -- Up-to-date: /home/yeray/sensors_ws/install/ultralytics_ros/share/ament_index/resource_index/parent_prefix_path/ultralytics_ros
[0.566s] -- Up-to-date: /home/yeray/sensors_ws/install/ultralytics_ros/share/ultralytics_ros/environment/ament_prefix_path.sh
[0.566s] -- Up-to-date: /home/yeray/sensors_ws/install/ultralytics_ros/share/ultralytics_ros/environment/ament_prefix_path.dsv
[0.567s] -- Up-to-date: /home/yeray/sensors_ws/install/ultralytics_ros/share/ultralytics_ros/environment/path.sh
[0.567s] -- Up-to-date: /home/yeray/sensors_ws/install/ultralytics_ros/share/ultralytics_ros/environment/path.dsv
[0.567s] -- Up-to-date: /home/yeray/sensors_ws/install/ultralytics_ros/share/ultralytics_ros/local_setup.bash
[0.567s] -- Up-to-date: /home/yeray/sensors_ws/install/ultralytics_ros/share/ultralytics_ros/local_setup.sh
[0.567s] -- Up-to-date: /home/yeray/sensors_ws/install/ultralytics_ros/share/ultralytics_ros/local_setup.zsh
[0.567s] -- Up-to-date: /home/yeray/sensors_ws/install/ultralytics_ros/share/ultralytics_ros/local_setup.dsv
[0.567s] -- Installing: /home/yeray/sensors_ws/install/ultralytics_ros/share/ultralytics_ros/package.dsv
[0.567s] -- Up-to-date: /home/yeray/sensors_ws/install/ultralytics_ros/share/ament_index/resource_index/packages/ultralytics_ros
[0.567s] -- Up-to-date: /home/yeray/sensors_ws/install/ultralytics_ros/share/ultralytics_ros/cmake/export_ultralytics_ros__rosidl_generator_cExport.cmake
[0.567s] -- Up-to-date: /home/yeray/sensors_ws/install/ultralytics_ros/share/ultralytics_ros/cmake/export_ultralytics_ros__rosidl_generator_cExport-noconfig.cmake
[0.567s] -- Up-to-date: /home/yeray/sensors_ws/install/ultralytics_ros/share/ultralytics_ros/cmake/export_ultralytics_ros__rosidl_typesupport_fastrtps_cExport.cmake
[0.567s] -- Up-to-date: /home/yeray/sensors_ws/install/ultralytics_ros/share/ultralytics_ros/cmake/export_ultralytics_ros__rosidl_typesupport_fastrtps_cExport-noconfig.cmake
[0.567s] -- Up-to-date: /home/yeray/sensors_ws/install/ultralytics_ros/share/ultralytics_ros/cmake/export_ultralytics_ros__rosidl_generator_cppExport.cmake
[0.568s] -- Up-to-date: /home/yeray/sensors_ws/install/ultralytics_ros/share/ultralytics_ros/cmake/export_ultralytics_ros__rosidl_typesupport_fastrtps_cppExport.cmake
[0.568s] -- Up-to-date: /home/yeray/sensors_ws/install/ultralytics_ros/share/ultralytics_ros/cmake/export_ultralytics_ros__rosidl_typesupport_fastrtps_cppExport-noconfig.cmake
[0.568s] -- Up-to-date: /home/yeray/sensors_ws/install/ultralytics_ros/share/ultralytics_ros/cmake/ultralytics_ros__rosidl_typesupport_introspection_cExport.cmake
[0.568s] -- Up-to-date: /home/yeray/sensors_ws/install/ultralytics_ros/share/ultralytics_ros/cmake/ultralytics_ros__rosidl_typesupport_introspection_cExport-noconfig.cmake
[0.568s] -- Up-to-date: /home/yeray/sensors_ws/install/ultralytics_ros/share/ultralytics_ros/cmake/ultralytics_ros__rosidl_typesupport_cExport.cmake
[0.568s] -- Up-to-date: /home/yeray/sensors_ws/install/ultralytics_ros/share/ultralytics_ros/cmake/ultralytics_ros__rosidl_typesupport_cExport-noconfig.cmake
[0.568s] -- Up-to-date: /home/yeray/sensors_ws/install/ultralytics_ros/share/ultralytics_ros/cmake/ultralytics_ros__rosidl_typesupport_introspection_cppExport.cmake
[0.568s] -- Up-to-date: /home/yeray/sensors_ws/install/ultralytics_ros/share/ultralytics_ros/cmake/ultralytics_ros__rosidl_typesupport_introspection_cppExport-noconfig.cmake
[0.568s] -- Up-to-date: /home/yeray/sensors_ws/install/ultralytics_ros/share/ultralytics_ros/cmake/ultralytics_ros__rosidl_typesupport_cppExport.cmake
[0.568s] -- Up-to-date: /home/yeray/sensors_ws/install/ultralytics_ros/share/ultralytics_ros/cmake/ultralytics_ros__rosidl_typesupport_cppExport-noconfig.cmake
[0.568s] -- Up-to-date: /home/yeray/sensors_ws/install/ultralytics_ros/share/ultralytics_ros/cmake/export_ultralytics_ros__rosidl_generator_pyExport.cmake
[0.568s] -- Up-to-date: /home/yeray/sensors_ws/install/ultralytics_ros/share/ultralytics_ros/cmake/export_ultralytics_ros__rosidl_generator_pyExport-noconfig.cmake
[0.568s] -- Up-to-date: /home/yeray/sensors_ws/install/ultralytics_ros/share/ultralytics_ros/cmake/rosidl_cmake-extras.cmake
[0.568s] -- Up-to-date: /home/yeray/sensors_ws/install/ultralytics_ros/share/ultralytics_ros/cmake/ament_cmake_export_dependencies-extras.cmake
[0.568s] -- Up-to-date: /home/yeray/sensors_ws/install/ultralytics_ros/share/ultralytics_ros/cmake/ament_cmake_export_include_directories-extras.cmake
[0.568s] -- Up-to-date: /home/yeray/sensors_ws/install/ultralytics_ros/share/ultralytics_ros/cmake/ament_cmake_export_libraries-extras.cmake
[0.569s] -- Up-to-date: /home/yeray/sensors_ws/install/ultralytics_ros/share/ultralytics_ros/cmake/ament_cmake_export_targets-extras.cmake
[0.569s] -- Up-to-date: /home/yeray/sensors_ws/install/ultralytics_ros/share/ultralytics_ros/cmake/rosidl_cmake_export_typesupport_targets-extras.cmake
[0.569s] -- Up-to-date: /home/yeray/sensors_ws/install/ultralytics_ros/share/ultralytics_ros/cmake/rosidl_cmake_export_typesupport_libraries-extras.cmake
[0.569s] -- Up-to-date: /home/yeray/sensors_ws/install/ultralytics_ros/share/ultralytics_ros/cmake/ultralytics_rosConfig.cmake
[0.569s] -- Up-to-date: /home/yeray/sensors_ws/install/ultralytics_ros/share/ultralytics_ros/cmake/ultralytics_rosConfig-version.cmake
[0.569s] -- Up-to-date: /home/yeray/sensors_ws/install/ultralytics_ros/share/ultralytics_ros/package.xml
[0.570s] Invoked command in '/home/yeray/sensors_ws/build/ultralytics_ros' returned '0': CMAKE_PREFIX_PATH=${CMAKE_PREFIX_PATH}:/opt/ros/humble /usr/bin/cmake --install /home/yeray/sensors_ws/build/ultralytics_ros
