[0.018s] Invoking command in '/home/yeray/sensors_ws/build/optris_drivers2': CMAKE_PREFIX_PATH=${CMAKE_PREFIX_PATH}:/opt/ros/humble /usr/bin/cmake /home/yeray/sensors_ws/src/optris_drivers2 -DCMAKE_INSTALL_PREFIX=/home/yeray/sensors_ws/install/optris_drivers2
[0.095s] -- The C compiler identification is GNU 11.4.0
[0.174s] -- The CXX compiler identification is GNU 11.4.0
[0.184s] -- Detecting C compiler ABI info
[0.269s] -- Detecting C compiler ABI info - done
[0.280s] -- Check for working C compiler: /usr/bin/cc - skipped
[0.281s] -- Detecting C compile features
[0.282s] -- Detecting C compile features - done
[0.286s] -- Detecting CXX compiler ABI info
[0.384s] -- Detecting CXX compiler ABI info - done
[0.395s] -- Check for working CXX compiler: /usr/bin/c++ - skipped
[0.395s] -- Detecting CXX compile features
[0.396s] -- Detecting CXX compile features - done
[0.399s] -- Found ament_cmake: 1.3.10 (/opt/ros/humble/share/ament_cmake/cmake)
[0.644s] -- Found Python3: /usr/bin/python3 (found version "3.10.12") found components: Interpreter 
[0.768s] -- Found rclcpp: 16.0.10 (/opt/ros/humble/share/rclcpp/cmake)
[0.811s] -- Found rosidl_generator_c: 3.1.5 (/opt/ros/humble/share/rosidl_generator_c/cmake)
[0.816s] -- Found rosidl_adapter: 3.1.5 (/opt/ros/humble/share/rosidl_adapter/cmake)
[0.825s] -- Found rosidl_generator_cpp: 3.1.5 (/opt/ros/humble/share/rosidl_generator_cpp/cmake)
[0.837s] -- Using all available rosidl_typesupport_c: rosidl_typesupport_fastrtps_c;rosidl_typesupport_introspection_c
[0.855s] -- Using all available rosidl_typesupport_cpp: rosidl_typesupport_fastrtps_cpp;rosidl_typesupport_introspection_cpp
[0.899s] -- Found rmw_implementation_cmake: 6.1.2 (/opt/ros/humble/share/rmw_implementation_cmake/cmake)
[0.902s] -- Found rmw_fastrtps_cpp: 6.2.7 (/opt/ros/humble/share/rmw_fastrtps_cpp/cmake)
[1.012s] -- Found OpenSSL: /usr/lib/x86_64-linux-gnu/libcrypto.so (found version "3.0.2")  
[1.052s] -- Found FastRTPS: /opt/ros/humble/include  
[1.098s] -- Using RMW implementation 'rmw_fastrtps_cpp' as default
[1.107s] -- Looking for pthread.h
[1.207s] -- Looking for pthread.h - found
[1.207s] -- Performing Test CMAKE_HAVE_LIBC_PTHREAD
[1.320s] -- Performing Test CMAKE_HAVE_LIBC_PTHREAD - Success
[1.322s] -- Found Threads: TRUE  
[1.397s] -- Found std_srvs: 4.2.4 (/opt/ros/humble/share/std_srvs/cmake)
[1.408s] -- Found sensor_msgs: 4.2.4 (/opt/ros/humble/share/sensor_msgs/cmake)
[1.445s] -- Found image_transport: 3.1.9 (/opt/ros/humble/share/image_transport/cmake)
[1.481s] -- Found camera_info_manager: 3.1.9 (/opt/ros/humble/share/camera_info_manager/cmake)
[1.495s] -- Found rosidl_default_generators: 1.2.0 (/opt/ros/humble/share/rosidl_default_generators/cmake)
[1.919s] -- Found ament_cmake_ros: 0.10.0 (/opt/ros/humble/share/ament_cmake_ros/cmake)
[2.435s] -- Using all available rosidl_typesupport_c: rosidl_typesupport_fastrtps_c;rosidl_typesupport_introspection_c
[2.651s] -- Using all available rosidl_typesupport_cpp: rosidl_typesupport_fastrtps_cpp;rosidl_typesupport_introspection_cpp
[2.685s] -- Found PythonInterp: /usr/bin/python3 (found suitable version "3.10.12", minimum required is "3.6") 
[2.688s] -- Found python_cmake_module: 0.10.0 (/opt/ros/humble/share/python_cmake_module/cmake)
[2.741s] -- Found PythonLibs: /usr/lib/x86_64-linux-gnu/libpython3.10.so (found suitable version "3.10.12", minimum required is "3.5") 
[2.742s] -- Using PYTHON_EXECUTABLE: /usr/bin/python3
[2.742s] -- Using PYTHON_INCLUDE_DIRS: /usr/include/python3.10
[2.742s] -- Using PYTHON_LIBRARIES: /usr/lib/x86_64-linux-gnu/libpython3.10.so
[2.781s] -- Found PythonExtra: .so  
[2.870s] [0mCMake Deprecation Warning at /opt/ros/humble/share/rosidl_cmake/cmake/rosidl_target_interfaces.cmake:32 (message):
[2.870s]   Use rosidl_get_typesupport_target() and target_link_libraries() instead of
[2.870s]   rosidl_target_interfaces()
[2.871s] Call Stack (most recent call first):
[2.871s]   CMakeLists.txt:55 (rosidl_target_interfaces)
[2.871s] 
[2.871s] [0m
[2.873s] [0mCMake Deprecation Warning at /opt/ros/humble/share/rosidl_cmake/cmake/rosidl_target_interfaces.cmake:32 (message):
[2.873s]   Use rosidl_get_typesupport_target() and target_link_libraries() instead of
[2.873s]   rosidl_target_interfaces()
[2.873s] Call Stack (most recent call first):
[2.873s]   CMakeLists.txt:59 (rosidl_target_interfaces)
[2.874s] 
[2.874s] [0m
[2.880s] -- Configuring done
[2.944s] -- Generating done
[2.948s] -- Build files have been written to: /home/yeray/sensors_ws/build/optris_drivers2
[2.968s] Invoked command in '/home/yeray/sensors_ws/build/optris_drivers2' returned '0': CMAKE_PREFIX_PATH=${CMAKE_PREFIX_PATH}:/opt/ros/humble /usr/bin/cmake /home/yeray/sensors_ws/src/optris_drivers2 -DCMAKE_INSTALL_PREFIX=/home/yeray/sensors_ws/install/optris_drivers2
[2.971s] Invoking command in '/home/yeray/sensors_ws/build/optris_drivers2': CMAKE_PREFIX_PATH=${CMAKE_PREFIX_PATH}:/opt/ros/humble /usr/bin/cmake --build /home/yeray/sensors_ws/build/optris_drivers2 -- -j8 -l8
[3.036s] [  1%] [34m[1mGenerating C code for ROS interfaces[0m
[3.055s] [  2%] [34m[1mGenerating C++ code for ROS interfaces[0m
[3.073s] [  2%] Built target ament_cmake_python_copy_optris_drivers2
[3.623s] running egg_info
[3.624s] creating optris_drivers2.egg-info
[3.624s] writing optris_drivers2.egg-info/PKG-INFO
[3.624s] writing dependency_links to optris_drivers2.egg-info/dependency_links.txt
[3.628s] writing top-level names to optris_drivers2.egg-info/top_level.txt
[3.628s] writing manifest file 'optris_drivers2.egg-info/SOURCES.txt'
[3.632s] reading manifest file 'optris_drivers2.egg-info/SOURCES.txt'
[3.633s] writing manifest file 'optris_drivers2.egg-info/SOURCES.txt'
[3.706s] [  2%] Built target ament_cmake_python_build_optris_drivers2_egg
[4.237s] [  2%] Built target optris_drivers2__cpp
[4.277s] [  4%] [34m[1mGenerating C++ type support for eProsima Fast-RTPS[0m
[4.277s] [  5%] [34m[1mGenerating C++ introspection for ROS interfaces[0m
[4.282s] [  7%] [34m[1mGenerating C++ type support dispatch for ROS interfaces[0m
[4.557s] [  8%] [32mBuilding C object CMakeFiles/optris_drivers2__rosidl_generator_c.dir/rosidl_generator_c/optris_drivers2/msg/detail/temperature__functions.c.o[0m
[4.557s] [ 10%] [32mBuilding C object CMakeFiles/optris_drivers2__rosidl_generator_c.dir/rosidl_generator_c/optris_drivers2/msg/detail/flag__functions.c.o[0m
[4.572s] [ 11%] [32mBuilding C object CMakeFiles/optris_drivers2__rosidl_generator_c.dir/rosidl_generator_c/optris_drivers2/srv/detail/auto_flag__functions.c.o[0m
[4.574s] [ 14%] [32mBuilding C object CMakeFiles/optris_drivers2__rosidl_generator_c.dir/rosidl_generator_c/optris_drivers2/srv/detail/palette__functions.c.o[0m
[4.575s] [ 13%] [32mBuilding C object CMakeFiles/optris_drivers2__rosidl_generator_c.dir/rosidl_generator_c/optris_drivers2/srv/detail/temperature_range__functions.c.o[0m
[4.803s] [ 15%] [32m[1mLinking C shared library liboptris_drivers2__rosidl_generator_c.so[0m
[4.919s] [ 15%] Built target optris_drivers2__rosidl_generator_c
[4.954s] [ 17%] [34m[1mGenerating C type support for eProsima Fast-RTPS[0m
[4.963s] [ 18%] [34m[1mGenerating C introspection for ROS interfaces[0m
[4.974s] [ 20%] [34m[1mGenerating C type support dispatch for ROS interfaces[0m
[5.481s] [ 21%] [32mBuilding CXX object CMakeFiles/optris_drivers2__rosidl_typesupport_cpp.dir/rosidl_typesupport_cpp/optris_drivers2/msg/temperature__type_support.cpp.o[0m
[5.493s] [ 23%] [32mBuilding CXX object CMakeFiles/optris_drivers2__rosidl_typesupport_cpp.dir/rosidl_typesupport_cpp/optris_drivers2/msg/flag__type_support.cpp.o[0m
[5.508s] [ 24%] [32mBuilding CXX object CMakeFiles/optris_drivers2__rosidl_typesupport_cpp.dir/rosidl_typesupport_cpp/optris_drivers2/srv/auto_flag__type_support.cpp.o[0m
[6.286s] [ 26%] [32mBuilding CXX object CMakeFiles/optris_drivers2__rosidl_typesupport_cpp.dir/rosidl_typesupport_cpp/optris_drivers2/srv/temperature_range__type_support.cpp.o[0m
[6.826s] [ 27%] [32mBuilding CXX object CMakeFiles/optris_drivers2__rosidl_typesupport_c.dir/rosidl_typesupport_c/optris_drivers2/msg/temperature__type_support.cpp.o[0m
[6.827s] [ 28%] [32mBuilding CXX object CMakeFiles/optris_drivers2__rosidl_typesupport_introspection_cpp.dir/rosidl_typesupport_introspection_cpp/optris_drivers2/msg/detail/temperature__type_support.cpp.o[0m
[7.000s] [ 30%] [32mBuilding CXX object CMakeFiles/optris_drivers2__rosidl_typesupport_c.dir/rosidl_typesupport_c/optris_drivers2/msg/flag__type_support.cpp.o[0m
[7.155s] [ 31%] [32mBuilding CXX object CMakeFiles/optris_drivers2__rosidl_typesupport_c.dir/rosidl_typesupport_c/optris_drivers2/srv/auto_flag__type_support.cpp.o[0m
[7.373s] [ 33%] [32mBuilding CXX object CMakeFiles/optris_drivers2__rosidl_typesupport_c.dir/rosidl_typesupport_c/optris_drivers2/srv/temperature_range__type_support.cpp.o[0m
[7.495s] [ 34%] [32mBuilding CXX object CMakeFiles/optris_drivers2__rosidl_typesupport_cpp.dir/rosidl_typesupport_cpp/optris_drivers2/srv/palette__type_support.cpp.o[0m
[7.526s] [ 36%] [32mBuilding CXX object CMakeFiles/optris_drivers2__rosidl_typesupport_c.dir/rosidl_typesupport_c/optris_drivers2/srv/palette__type_support.cpp.o[0m
[7.563s] [ 37%] [32mBuilding CXX object CMakeFiles/optris_drivers2__rosidl_typesupport_introspection_cpp.dir/rosidl_typesupport_introspection_cpp/optris_drivers2/msg/detail/flag__type_support.cpp.o[0m
[7.630s] [ 39%] [32mBuilding CXX object CMakeFiles/optris_drivers2__rosidl_typesupport_fastrtps_cpp.dir/rosidl_typesupport_fastrtps_cpp/optris_drivers2/msg/detail/dds_fastrtps/temperature__type_support.cpp.o[0m
[7.744s] [ 40%] [32m[1mLinking CXX shared library liboptris_drivers2__rosidl_typesupport_c.so[0m
[7.932s] [ 42%] [32mBuilding CXX object CMakeFiles/optris_drivers2__rosidl_typesupport_introspection_cpp.dir/rosidl_typesupport_introspection_cpp/optris_drivers2/srv/detail/auto_flag__type_support.cpp.o[0m
[7.946s] [ 42%] Built target optris_drivers2__rosidl_typesupport_c
[7.946s] [ 43%] [32mBuilding CXX object CMakeFiles/optris_drivers2__rosidl_typesupport_introspection_cpp.dir/rosidl_typesupport_introspection_cpp/optris_drivers2/srv/detail/temperature_range__type_support.cpp.o[0m
[7.986s] [ 44%] [32mBuilding CXX object CMakeFiles/optris_drivers2__rosidl_typesupport_fastrtps_cpp.dir/rosidl_typesupport_fastrtps_cpp/optris_drivers2/msg/detail/dds_fastrtps/flag__type_support.cpp.o[0m
[8.696s] [ 46%] [32mBuilding C object CMakeFiles/optris_drivers2__rosidl_typesupport_introspection_c.dir/rosidl_typesupport_introspection_c/optris_drivers2/msg/detail/temperature__type_support.c.o[0m
[8.865s] [ 47%] [32mBuilding C object CMakeFiles/optris_drivers2__rosidl_typesupport_introspection_c.dir/rosidl_typesupport_introspection_c/optris_drivers2/msg/detail/flag__type_support.c.o[0m
[8.966s] [ 49%] [32mBuilding CXX object CMakeFiles/optris_drivers2__rosidl_typesupport_introspection_cpp.dir/rosidl_typesupport_introspection_cpp/optris_drivers2/srv/detail/palette__type_support.cpp.o[0m
[9.007s] [ 50%] [32mBuilding CXX object CMakeFiles/optris_drivers2__rosidl_typesupport_fastrtps_c.dir/rosidl_typesupport_fastrtps_c/optris_drivers2/msg/detail/temperature__type_support_c.cpp.o[0m
[9.065s] [ 52%] [32m[1mLinking CXX shared library liboptris_drivers2__rosidl_typesupport_cpp.so[0m
[9.103s] [ 53%] [32mBuilding C object CMakeFiles/optris_drivers2__rosidl_typesupport_introspection_c.dir/rosidl_typesupport_introspection_c/optris_drivers2/srv/detail/auto_flag__type_support.c.o[0m
[9.254s] [ 53%] Built target optris_drivers2__rosidl_typesupport_cpp
[9.289s] [ 55%] [32mBuilding CXX object CMakeFiles/optris_drivers2__rosidl_typesupport_fastrtps_cpp.dir/rosidl_typesupport_fastrtps_cpp/optris_drivers2/srv/detail/dds_fastrtps/auto_flag__type_support.cpp.o[0m
[9.439s] [ 56%] [32mBuilding C object CMakeFiles/optris_drivers2__rosidl_typesupport_introspection_c.dir/rosidl_typesupport_introspection_c/optris_drivers2/srv/detail/temperature_range__type_support.c.o[0m
[9.559s] [ 57%] [32mBuilding C object CMakeFiles/optris_drivers2__rosidl_typesupport_introspection_c.dir/rosidl_typesupport_introspection_c/optris_drivers2/srv/detail/palette__type_support.c.o[0m
[9.665s] [ 59%] [32m[1mLinking C shared library liboptris_drivers2__rosidl_typesupport_introspection_c.so[0m
[9.962s] [ 59%] Built target optris_drivers2__rosidl_typesupport_introspection_c
[10.035s] [ 60%] [32mBuilding CXX object CMakeFiles/optris_drivers2__rosidl_typesupport_fastrtps_cpp.dir/rosidl_typesupport_fastrtps_cpp/optris_drivers2/srv/detail/dds_fastrtps/temperature_range__type_support.cpp.o[0m
[10.295s] [ 62%] [32mBuilding CXX object CMakeFiles/optris_drivers2__rosidl_typesupport_fastrtps_cpp.dir/rosidl_typesupport_fastrtps_cpp/optris_drivers2/srv/detail/dds_fastrtps/palette__type_support.cpp.o[0m
[10.706s] [ 63%] [32mBuilding CXX object CMakeFiles/optris_drivers2__rosidl_typesupport_fastrtps_c.dir/rosidl_typesupport_fastrtps_c/optris_drivers2/msg/detail/flag__type_support_c.cpp.o[0m
[10.782s] [ 65%] [32mBuilding CXX object CMakeFiles/optris_drivers2__rosidl_typesupport_fastrtps_c.dir/rosidl_typesupport_fastrtps_c/optris_drivers2/srv/detail/auto_flag__type_support_c.cpp.o[0m
[10.811s] [ 66%] [32mBuilding CXX object CMakeFiles/optris_drivers2__rosidl_typesupport_fastrtps_c.dir/rosidl_typesupport_fastrtps_c/optris_drivers2/srv/detail/temperature_range__type_support_c.cpp.o[0m
[10.895s] [ 68%] [32mBuilding CXX object CMakeFiles/optris_drivers2__rosidl_typesupport_fastrtps_c.dir/rosidl_typesupport_fastrtps_c/optris_drivers2/srv/detail/palette__type_support_c.cpp.o[0m
[10.975s] [ 69%] [32m[1mLinking CXX shared library liboptris_drivers2__rosidl_typesupport_introspection_cpp.so[0m
[11.220s] [ 69%] Built target optris_drivers2__rosidl_typesupport_introspection_cpp
[12.126s] [ 71%] [32m[1mLinking CXX shared library liboptris_drivers2__rosidl_typesupport_fastrtps_cpp.so[0m
[12.181s] [ 72%] [32m[1mLinking CXX shared library liboptris_drivers2__rosidl_typesupport_fastrtps_c.so[0m
[12.316s] [ 72%] Built target optris_drivers2__rosidl_typesupport_fastrtps_cpp
[12.370s] [ 72%] Built target optris_drivers2__rosidl_typesupport_fastrtps_c
[12.399s] [ 72%] Built target optris_drivers2
[12.426s] [ 73%] [34m[1mGenerating Python code for ROS interfaces[0m
[12.429s] [ 75%] [32mBuilding CXX object CMakeFiles/optris_imager_node.dir/src/optris_imager_node.cpp.o[0m
[12.430s] [ 76%] [32mBuilding CXX object CMakeFiles/optris_imager_node.dir/src/OptrisImager.cpp.o[0m
[12.437s] [ 78%] [32mBuilding CXX object CMakeFiles/optris_colorconvert_node.dir/src/optris_colorconvert_node.cpp.o[0m
[12.437s] [ 79%] [32mBuilding CXX object CMakeFiles/optris_colorconvert_node.dir/src/OptrisColorconvert.cpp.o[0m
[16.346s] [ 79%] Built target optris_drivers2__py
[16.397s] [ 81%] [32mBuilding C object CMakeFiles/optris_drivers2__rosidl_generator_py.dir/rosidl_generator_py/optris_drivers2/srv/_auto_flag_s.c.o[0m
[16.404s] [ 82%] [32mBuilding C object CMakeFiles/optris_drivers2__rosidl_generator_py.dir/rosidl_generator_py/optris_drivers2/msg/_temperature_s.c.o[0m
[16.413s] [ 84%] [32mBuilding C object CMakeFiles/optris_drivers2__rosidl_generator_py.dir/rosidl_generator_py/optris_drivers2/msg/_flag_s.c.o[0m
[16.413s] [ 85%] [32mBuilding C object CMakeFiles/optris_drivers2__rosidl_generator_py.dir/rosidl_generator_py/optris_drivers2/srv/_temperature_range_s.c.o[0m
[16.798s] [ 86%] [32mBuilding C object CMakeFiles/optris_drivers2__rosidl_generator_py.dir/rosidl_generator_py/optris_drivers2/srv/_palette_s.c.o[0m
[17.249s] [ 88%] [32m[1mLinking C shared library rosidl_generator_py/optris_drivers2/liboptris_drivers2__rosidl_generator_py.so[0m
[17.351s] [ 88%] Built target optris_drivers2__rosidl_generator_py
[17.408s] [ 89%] [32mBuilding C object CMakeFiles/optris_drivers2__rosidl_typesupport_introspection_c__pyext.dir/rosidl_generator_py/optris_drivers2/_optris_drivers2_s.ep.rosidl_typesupport_introspection_c.c.o[0m
[17.423s] [ 91%] [32mBuilding C object CMakeFiles/optris_drivers2__rosidl_typesupport_fastrtps_c__pyext.dir/rosidl_generator_py/optris_drivers2/_optris_drivers2_s.ep.rosidl_typesupport_fastrtps_c.c.o[0m
[17.434s] [ 92%] [32mBuilding C object CMakeFiles/optris_drivers2__rosidl_typesupport_c__pyext.dir/rosidl_generator_py/optris_drivers2/_optris_drivers2_s.ep.rosidl_typesupport_c.c.o[0m
[17.825s] [ 94%] [32m[1mLinking C shared library rosidl_generator_py/optris_drivers2/optris_drivers2_s__rosidl_typesupport_c.cpython-310-x86_64-linux-gnu.so[0m
[17.840s] [ 95%] [32m[1mLinking C shared library rosidl_generator_py/optris_drivers2/optris_drivers2_s__rosidl_typesupport_introspection_c.cpython-310-x86_64-linux-gnu.so[0m
[17.858s] [ 97%] [32m[1mLinking C shared library rosidl_generator_py/optris_drivers2/optris_drivers2_s__rosidl_typesupport_fastrtps_c.cpython-310-x86_64-linux-gnu.so[0m
[18.001s] [ 97%] Built target optris_drivers2__rosidl_typesupport_c__pyext
[18.021s] [ 97%] Built target optris_drivers2__rosidl_typesupport_fastrtps_c__pyext
[18.067s] [ 97%] Built target optris_drivers2__rosidl_typesupport_introspection_c__pyext
[19.905s] In file included from [01m[K/home/yeray/sensors_ws/src/optris_drivers2/src/OptrisColorconvert.h:7[m[K,
[19.906s]                  from [01m[K/home/yeray/sensors_ws/src/optris_drivers2/src/optris_colorconvert_node.cpp:40[m[K:
[19.906s] [01m[K/opt/ros/humble/include/image_transport/image_transport/image_transport.h:32:89:[m[K [01;36m[Knote: [m[K‘[01m[K#pragma message: Warning: This header is deprecated. Use 'image_transport.hpp' instead[m[K’
[19.906s]    32 | #pragma message ("Warning: This header is deprecated. Use 'image_transport.hpp' instead"[01;36m[K)[m[K
[19.906s]       |                                                                                         [01;36m[K^[m[K
[20.020s] In file included from [01m[K/home/yeray/sensors_ws/src/optris_drivers2/src/OptrisColorconvert.h:7[m[K,
[20.020s]                  from [01m[K/home/yeray/sensors_ws/src/optris_drivers2/src/OptrisColorconvert.cpp:1[m[K:
[20.020s] [01m[K/opt/ros/humble/include/image_transport/image_transport/image_transport.h:32:89:[m[K [01;36m[Knote: [m[K‘[01m[K#pragma message: Warning: This header is deprecated. Use 'image_transport.hpp' instead[m[K’
[20.020s]    32 | #pragma message ("Warning: This header is deprecated. Use 'image_transport.hpp' instead"[01;36m[K)[m[K
[20.020s]       |                                                                                         [01;36m[K^[m[K
[20.066s] In file included from [01m[K/home/yeray/sensors_ws/src/optris_drivers2/src/OptrisImager.h:11[m[K,
[20.066s]                  from [01m[K/home/yeray/sensors_ws/src/optris_drivers2/src/OptrisImager.cpp:1[m[K:
[20.066s] [01m[K/opt/ros/humble/include/image_transport/image_transport/image_transport.h:32:89:[m[K [01;36m[Knote: [m[K‘[01m[K#pragma message: Warning: This header is deprecated. Use 'image_transport.hpp' instead[m[K’
[20.066s]    32 | #pragma message ("Warning: This header is deprecated. Use 'image_transport.hpp' instead"[01;36m[K)[m[K
[20.066s]       |                                                                                         [01;36m[K^[m[K
[20.079s] In file included from [01m[K/home/yeray/sensors_ws/src/optris_drivers2/src/OptrisColorconvert.h:10[m[K,
[20.079s]                  from [01m[K/home/yeray/sensors_ws/src/optris_drivers2/src/optris_colorconvert_node.cpp:40[m[K:
[20.080s] [01m[K/opt/ros/humble/include/camera_info_manager/camera_info_manager/camera_info_manager.h:41:93:[m[K [01;36m[Knote: [m[K‘[01m[K#pragma message: Warning: This header is deprecated. Use 'camera_info_manager.hpp' instead[m[K’
[20.080s]    41 | #pragma message ("Warning: This header is deprecated. Use 'camera_info_manager.hpp' instead"[01;36m[K)[m[K
[20.080s]       |                                                                                             [01;36m[K^[m[K
[20.190s] In file included from [01m[K/home/yeray/sensors_ws/src/optris_drivers2/src/OptrisColorconvert.h:10[m[K,
[20.190s]                  from [01m[K/home/yeray/sensors_ws/src/optris_drivers2/src/OptrisColorconvert.cpp:1[m[K:
[20.190s] [01m[K/opt/ros/humble/include/camera_info_manager/camera_info_manager/camera_info_manager.h:41:93:[m[K [01;36m[Knote: [m[K‘[01m[K#pragma message: Warning: This header is deprecated. Use 'camera_info_manager.hpp' instead[m[K’
[20.190s]    41 | #pragma message ("Warning: This header is deprecated. Use 'camera_info_manager.hpp' instead"[01;36m[K)[m[K
[20.190s]       |                                                                                             [01;36m[K^[m[K
[20.265s] In file included from [01m[K/home/yeray/sensors_ws/src/optris_drivers2/src/OptrisImager.h:11[m[K,
[20.265s]                  from [01m[K/home/yeray/sensors_ws/src/optris_drivers2/src/optris_imager_node.cpp:40[m[K:
[20.266s] [01m[K/opt/ros/humble/include/image_transport/image_transport/image_transport.h:32:89:[m[K [01;36m[Knote: [m[K‘[01m[K#pragma message: Warning: This header is deprecated. Use 'image_transport.hpp' instead[m[K’
[20.266s]    32 | #pragma message ("Warning: This header is deprecated. Use 'image_transport.hpp' instead"[01;36m[K)[m[K
[20.266s]       |                                                                                         [01;36m[K^[m[K
[20.335s] In file included from [01m[K/opt/ros/humble/include/rclcpp/rclcpp/logging.hpp:24[m[K,
[20.335s]                  from [01m[K/opt/ros/humble/include/rclcpp/rclcpp/client.hpp:40[m[K,
[20.335s]                  from [01m[K/opt/ros/humble/include/rclcpp/rclcpp/callback_group.hpp:24[m[K,
[20.335s]                  from [01m[K/opt/ros/humble/include/rclcpp/rclcpp/any_executable.hpp:20[m[K,
[20.336s]                  from [01m[K/opt/ros/humble/include/rclcpp/rclcpp/memory_strategy.hpp:25[m[K,
[20.336s]                  from [01m[K/opt/ros/humble/include/rclcpp/rclcpp/memory_strategies.hpp:18[m[K,
[20.336s]                  from [01m[K/opt/ros/humble/include/rclcpp/rclcpp/executor_options.hpp:20[m[K,
[20.336s]                  from [01m[K/opt/ros/humble/include/rclcpp/rclcpp/executor.hpp:37[m[K,
[20.336s]                  from [01m[K/opt/ros/humble/include/rclcpp/rclcpp/executors/multi_threaded_executor.hpp:25[m[K,
[20.336s]                  from [01m[K/opt/ros/humble/include/rclcpp/rclcpp/executors.hpp:21[m[K,
[20.336s]                  from [01m[K/opt/ros/humble/include/rclcpp/rclcpp/rclcpp.hpp:155[m[K,
[20.337s]                  from [01m[K/home/yeray/sensors_ws/src/optris_drivers2/src/OptrisColorconvert.h:4[m[K,
[20.337s]                  from [01m[K/home/yeray/sensors_ws/src/optris_drivers2/src/OptrisColorconvert.cpp:1[m[K:
[20.337s] [01m[K/home/yeray/sensors_ws/src/optris_drivers2/src/OptrisColorconvert.cpp:[m[K In constructor ‘[01m[Koptris_drivers2::OptrisColorconvert::OptrisColorconvert()[m[K’:
[20.337s] [01m[K/home/yeray/sensors_ws/src/optris_drivers2/src/OptrisColorconvert.cpp:63:39:[m[K [01;35m[Kwarning: [m[Kformat ‘[01m[K%s[m[K’ expects argument of type ‘[01m[Kchar*[m[K’, but argument 5 has type ‘[01m[Kstd::string[m[K’ {aka ‘[01m[Kstd::__cxx11::basic_string<char>[m[K’} [[01;35m[K]8;;https://gcc.gnu.org/onlinedocs/gcc/Warning-Options.html#index-Wformat=-Wformat=]8;;[m[K]
[20.337s]    63 |       RCLCPP_WARN(this->get_logger(), [01;35m[K"[%s] name not valid for camera_info_manger"[m[K, camera_name);
[20.337s]       |                                       [01;35m[K^~~~~~~~~~~~~~~~~~~~~~~~~~~~~~~~~~~~~~~~~~~~[m[K
[20.338s] [01m[K/home/yeray/sensors_ws/src/optris_drivers2/src/OptrisColorconvert.cpp:63:42:[m[K [01;36m[Knote: [m[Kformat string is defined here
[20.338s]    63 |       RCLCPP_WARN(this->get_logger(), "[[01;36m[K%s[m[K] name not valid for camera_info_manger", camera_name);
[20.338s]       |                                         [01;36m[K~^[m[K
[20.338s]       |                                          [01;36m[K|[m[K
[20.338s]       |                                          [01;36m[Kchar*[m[K
[20.383s] In file included from [01m[K/opt/ros/humble/include/rclcpp/rclcpp/logging.hpp:24[m[K,
[20.383s]                  from [01m[K/opt/ros/humble/include/rclcpp/rclcpp/client.hpp:40[m[K,
[20.383s]                  from [01m[K/opt/ros/humble/include/rclcpp/rclcpp/callback_group.hpp:24[m[K,
[20.383s]                  from [01m[K/opt/ros/humble/include/rclcpp/rclcpp/any_executable.hpp:20[m[K,
[20.384s]                  from [01m[K/opt/ros/humble/include/rclcpp/rclcpp/memory_strategy.hpp:25[m[K,
[20.384s]                  from [01m[K/opt/ros/humble/include/rclcpp/rclcpp/memory_strategies.hpp:18[m[K,
[20.384s]                  from [01m[K/opt/ros/humble/include/rclcpp/rclcpp/executor_options.hpp:20[m[K,
[20.384s]                  from [01m[K/opt/ros/humble/include/rclcpp/rclcpp/executor.hpp:37[m[K,
[20.384s]                  from [01m[K/opt/ros/humble/include/rclcpp/rclcpp/executors/multi_threaded_executor.hpp:25[m[K,
[20.384s]                  from [01m[K/opt/ros/humble/include/rclcpp/rclcpp/executors.hpp:21[m[K,
[20.384s]                  from [01m[K/opt/ros/humble/include/rclcpp/rclcpp/rclcpp.hpp:155[m[K,
[20.385s]                  from [01m[K/home/yeray/sensors_ws/src/optris_drivers2/src/OptrisImager.h:8[m[K,
[20.385s]                  from [01m[K/home/yeray/sensors_ws/src/optris_drivers2/src/OptrisImager.cpp:1[m[K:
[20.385s] [01m[K/home/yeray/sensors_ws/src/optris_drivers2/src/OptrisImager.cpp:[m[K In constructor ‘[01m[Koptris_drivers2::OptrisImager::OptrisImager(evo::IRDevice*, evo::IRDeviceParams)[m[K’:
[20.385s] [01m[K/home/yeray/sensors_ws/src/optris_drivers2/src/OptrisImager.cpp:12:29:[m[K [01;35m[Kwarning: [m[Kformat ‘[01m[K%d[m[K’ expects argument of type ‘[01m[Kint[m[K’, but argument 5 has type ‘[01m[Klong unsigned int[m[K’ [[01;35m[K]8;;https://gcc.gnu.org/onlinedocs/gcc/Warning-Options.html#index-Wformat=-Wformat=]8;;[m[K]
[20.385s]    12 |   RCLCPP_INFO(get_logger(), [01;35m[K"Serial: %d"[m[K, [32m[Kparams.serial[m[K);
[20.385s]       |                             [01;35m[K^~~~~~~~~~~~[m[K  [32m[K~~~~~~~~~~~~~[m[K
[20.385s]       |                                                  [32m[K|[m[K
[20.386s]       |                                                  [32m[Klong unsigned int[m[K
[20.386s] [01m[K/home/yeray/sensors_ws/src/optris_drivers2/src/OptrisImager.cpp:12:39:[m[K [01;36m[Knote: [m[Kformat string is defined here
[20.386s]    12 |   RCLCPP_INFO(get_logger(), "Serial: [01;36m[K%d[m[K", params.serial);
[20.386s]       |                                      [01;36m[K~^[m[K
[20.386s]       |                                       [01;36m[K|[m[K
[20.386s]       |                                       [01;36m[Kint[m[K
[20.386s]       |                                      [32m[K%ld[m[K
[22.727s] [ 98%] [32m[1mLinking CXX executable optris_colorconvert_node[0m
[23.045s] [ 98%] Built target optris_colorconvert_node
[29.216s] [100%] [32m[1mLinking CXX executable optris_imager_node[0m
[29.909s] [100%] Built target optris_imager_node
[29.924s] Invoked command in '/home/yeray/sensors_ws/build/optris_drivers2' returned '0': CMAKE_PREFIX_PATH=${CMAKE_PREFIX_PATH}:/opt/ros/humble /usr/bin/cmake --build /home/yeray/sensors_ws/build/optris_drivers2 -- -j8 -l8
[30.108s] Invoking command in '/home/yeray/sensors_ws/build/optris_drivers2': CMAKE_PREFIX_PATH=${CMAKE_PREFIX_PATH}:/opt/ros/humble /usr/bin/cmake --install /home/yeray/sensors_ws/build/optris_drivers2
[30.118s] -- Install configuration: ""
[30.119s] -- Installing: /home/yeray/sensors_ws/install/optris_drivers2/share/ament_index/resource_index/rosidl_interfaces/optris_drivers2
[30.119s] -- Installing: /home/yeray/sensors_ws/install/optris_drivers2/include/optris_drivers2/optris_drivers2
[30.119s] -- Installing: /home/yeray/sensors_ws/install/optris_drivers2/include/optris_drivers2/optris_drivers2/srv
[30.119s] -- Installing: /home/yeray/sensors_ws/install/optris_drivers2/include/optris_drivers2/optris_drivers2/srv/temperature_range.h
[30.119s] -- Installing: /home/yeray/sensors_ws/install/optris_drivers2/include/optris_drivers2/optris_drivers2/srv/palette.h
[30.119s] -- Installing: /home/yeray/sensors_ws/install/optris_drivers2/include/optris_drivers2/optris_drivers2/srv/detail
[30.120s] -- Installing: /home/yeray/sensors_ws/install/optris_drivers2/include/optris_drivers2/optris_drivers2/srv/detail/temperature_range__type_support.h
[30.120s] -- Installing: /home/yeray/sensors_ws/install/optris_drivers2/include/optris_drivers2/optris_drivers2/srv/detail/palette__struct.h
[30.120s] -- Installing: /home/yeray/sensors_ws/install/optris_drivers2/include/optris_drivers2/optris_drivers2/srv/detail/auto_flag__struct.h
[30.120s] -- Installing: /home/yeray/sensors_ws/install/optris_drivers2/include/optris_drivers2/optris_drivers2/srv/detail/auto_flag__functions.h
[30.120s] -- Installing: /home/yeray/sensors_ws/install/optris_drivers2/include/optris_drivers2/optris_drivers2/srv/detail/temperature_range__functions.c
[30.120s] -- Installing: /home/yeray/sensors_ws/install/optris_drivers2/include/optris_drivers2/optris_drivers2/srv/detail/palette__functions.c
[30.120s] -- Installing: /home/yeray/sensors_ws/install/optris_drivers2/include/optris_drivers2/optris_drivers2/srv/detail/auto_flag__functions.c
[30.121s] -- Installing: /home/yeray/sensors_ws/install/optris_drivers2/include/optris_drivers2/optris_drivers2/srv/detail/auto_flag__type_support.h
[30.121s] -- Installing: /home/yeray/sensors_ws/install/optris_drivers2/include/optris_drivers2/optris_drivers2/srv/detail/temperature_range__struct.h
[30.121s] -- Installing: /home/yeray/sensors_ws/install/optris_drivers2/include/optris_drivers2/optris_drivers2/srv/detail/palette__functions.h
[30.121s] -- Installing: /home/yeray/sensors_ws/install/optris_drivers2/include/optris_drivers2/optris_drivers2/srv/detail/temperature_range__functions.h
[30.121s] -- Installing: /home/yeray/sensors_ws/install/optris_drivers2/include/optris_drivers2/optris_drivers2/srv/detail/palette__type_support.h
[30.121s] -- Installing: /home/yeray/sensors_ws/install/optris_drivers2/include/optris_drivers2/optris_drivers2/srv/auto_flag.h
[30.121s] -- Installing: /home/yeray/sensors_ws/install/optris_drivers2/include/optris_drivers2/optris_drivers2/msg
[30.122s] -- Installing: /home/yeray/sensors_ws/install/optris_drivers2/include/optris_drivers2/optris_drivers2/msg/flag.h
[30.122s] -- Installing: /home/yeray/sensors_ws/install/optris_drivers2/include/optris_drivers2/optris_drivers2/msg/rosidl_generator_c__visibility_control.h
[30.122s] -- Installing: /home/yeray/sensors_ws/install/optris_drivers2/include/optris_drivers2/optris_drivers2/msg/detail
[30.122s] -- Installing: /home/yeray/sensors_ws/install/optris_drivers2/include/optris_drivers2/optris_drivers2/msg/detail/flag__functions.c
[30.122s] -- Installing: /home/yeray/sensors_ws/install/optris_drivers2/include/optris_drivers2/optris_drivers2/msg/detail/temperature__struct.h
[30.122s] -- Installing: /home/yeray/sensors_ws/install/optris_drivers2/include/optris_drivers2/optris_drivers2/msg/detail/temperature__type_support.h
[30.122s] -- Installing: /home/yeray/sensors_ws/install/optris_drivers2/include/optris_drivers2/optris_drivers2/msg/detail/flag__struct.h
[30.123s] -- Installing: /home/yeray/sensors_ws/install/optris_drivers2/include/optris_drivers2/optris_drivers2/msg/detail/temperature__functions.c
[30.123s] -- Installing: /home/yeray/sensors_ws/install/optris_drivers2/include/optris_drivers2/optris_drivers2/msg/detail/flag__functions.h
[30.123s] -- Installing: /home/yeray/sensors_ws/install/optris_drivers2/include/optris_drivers2/optris_drivers2/msg/detail/flag__type_support.h
[30.123s] -- Installing: /home/yeray/sensors_ws/install/optris_drivers2/include/optris_drivers2/optris_drivers2/msg/detail/temperature__functions.h
[30.123s] -- Installing: /home/yeray/sensors_ws/install/optris_drivers2/include/optris_drivers2/optris_drivers2/msg/temperature.h
[30.123s] -- Installing: /home/yeray/sensors_ws/install/optris_drivers2/share/optris_drivers2/environment/library_path.sh
[30.123s] -- Installing: /home/yeray/sensors_ws/install/optris_drivers2/share/optris_drivers2/environment/library_path.dsv
[30.124s] -- Installing: /home/yeray/sensors_ws/install/optris_drivers2/lib/liboptris_drivers2__rosidl_generator_c.so
[30.124s] -- Set runtime path of "/home/yeray/sensors_ws/install/optris_drivers2/lib/liboptris_drivers2__rosidl_generator_c.so" to ""
[30.124s] -- Up-to-date: /home/yeray/sensors_ws/install/optris_drivers2/include/optris_drivers2/optris_drivers2
[30.124s] -- Up-to-date: /home/yeray/sensors_ws/install/optris_drivers2/include/optris_drivers2/optris_drivers2/srv
[30.124s] -- Up-to-date: /home/yeray/sensors_ws/install/optris_drivers2/include/optris_drivers2/optris_drivers2/srv/detail
[30.125s] -- Installing: /home/yeray/sensors_ws/install/optris_drivers2/include/optris_drivers2/optris_drivers2/srv/detail/auto_flag__rosidl_typesupport_fastrtps_c.h
[30.125s] -- Installing: /home/yeray/sensors_ws/install/optris_drivers2/include/optris_drivers2/optris_drivers2/srv/detail/temperature_range__rosidl_typesupport_fastrtps_c.h
[30.125s] -- Installing: /home/yeray/sensors_ws/install/optris_drivers2/include/optris_drivers2/optris_drivers2/srv/detail/palette__rosidl_typesupport_fastrtps_c.h
[30.125s] -- Up-to-date: /home/yeray/sensors_ws/install/optris_drivers2/include/optris_drivers2/optris_drivers2/msg
[30.125s] -- Installing: /home/yeray/sensors_ws/install/optris_drivers2/include/optris_drivers2/optris_drivers2/msg/rosidl_typesupport_fastrtps_c__visibility_control.h
[30.125s] -- Up-to-date: /home/yeray/sensors_ws/install/optris_drivers2/include/optris_drivers2/optris_drivers2/msg/detail
[30.125s] -- Installing: /home/yeray/sensors_ws/install/optris_drivers2/include/optris_drivers2/optris_drivers2/msg/detail/flag__rosidl_typesupport_fastrtps_c.h
[30.125s] -- Installing: /home/yeray/sensors_ws/install/optris_drivers2/include/optris_drivers2/optris_drivers2/msg/detail/temperature__rosidl_typesupport_fastrtps_c.h
[30.125s] -- Installing: /home/yeray/sensors_ws/install/optris_drivers2/lib/liboptris_drivers2__rosidl_typesupport_fastrtps_c.so
[30.126s] -- Set runtime path of "/home/yeray/sensors_ws/install/optris_drivers2/lib/liboptris_drivers2__rosidl_typesupport_fastrtps_c.so" to ""
[30.126s] -- Up-to-date: /home/yeray/sensors_ws/install/optris_drivers2/include/optris_drivers2/optris_drivers2
[30.126s] -- Up-to-date: /home/yeray/sensors_ws/install/optris_drivers2/include/optris_drivers2/optris_drivers2/srv
[30.126s] -- Up-to-date: /home/yeray/sensors_ws/install/optris_drivers2/include/optris_drivers2/optris_drivers2/srv/detail
[30.126s] -- Installing: /home/yeray/sensors_ws/install/optris_drivers2/include/optris_drivers2/optris_drivers2/srv/detail/auto_flag__builder.hpp
[30.126s] -- Installing: /home/yeray/sensors_ws/install/optris_drivers2/include/optris_drivers2/optris_drivers2/srv/detail/auto_flag__struct.hpp
[30.126s] -- Installing: /home/yeray/sensors_ws/install/optris_drivers2/include/optris_drivers2/optris_drivers2/srv/detail/palette__traits.hpp
[30.126s] -- Installing: /home/yeray/sensors_ws/install/optris_drivers2/include/optris_drivers2/optris_drivers2/srv/detail/temperature_range__builder.hpp
[30.127s] -- Installing: /home/yeray/sensors_ws/install/optris_drivers2/include/optris_drivers2/optris_drivers2/srv/detail/palette__builder.hpp
[30.127s] -- Installing: /home/yeray/sensors_ws/install/optris_drivers2/include/optris_drivers2/optris_drivers2/srv/detail/auto_flag__traits.hpp
[30.127s] -- Installing: /home/yeray/sensors_ws/install/optris_drivers2/include/optris_drivers2/optris_drivers2/srv/detail/temperature_range__struct.hpp
[30.127s] -- Installing: /home/yeray/sensors_ws/install/optris_drivers2/include/optris_drivers2/optris_drivers2/srv/detail/temperature_range__traits.hpp
[30.127s] -- Installing: /home/yeray/sensors_ws/install/optris_drivers2/include/optris_drivers2/optris_drivers2/srv/detail/palette__struct.hpp
[30.127s] -- Installing: /home/yeray/sensors_ws/install/optris_drivers2/include/optris_drivers2/optris_drivers2/srv/palette.hpp
[30.127s] -- Installing: /home/yeray/sensors_ws/install/optris_drivers2/include/optris_drivers2/optris_drivers2/srv/auto_flag.hpp
[30.127s] -- Installing: /home/yeray/sensors_ws/install/optris_drivers2/include/optris_drivers2/optris_drivers2/srv/temperature_range.hpp
[30.128s] -- Up-to-date: /home/yeray/sensors_ws/install/optris_drivers2/include/optris_drivers2/optris_drivers2/msg
[30.128s] -- Installing: /home/yeray/sensors_ws/install/optris_drivers2/include/optris_drivers2/optris_drivers2/msg/flag.hpp
[30.128s] -- Installing: /home/yeray/sensors_ws/install/optris_drivers2/include/optris_drivers2/optris_drivers2/msg/temperature.hpp
[30.128s] -- Up-to-date: /home/yeray/sensors_ws/install/optris_drivers2/include/optris_drivers2/optris_drivers2/msg/detail
[30.128s] -- Installing: /home/yeray/sensors_ws/install/optris_drivers2/include/optris_drivers2/optris_drivers2/msg/detail/flag__traits.hpp
[30.128s] -- Installing: /home/yeray/sensors_ws/install/optris_drivers2/include/optris_drivers2/optris_drivers2/msg/detail/temperature__traits.hpp
[30.128s] -- Installing: /home/yeray/sensors_ws/install/optris_drivers2/include/optris_drivers2/optris_drivers2/msg/detail/flag__struct.hpp
[30.128s] -- Installing: /home/yeray/sensors_ws/install/optris_drivers2/include/optris_drivers2/optris_drivers2/msg/detail/temperature__builder.hpp
[30.128s] -- Installing: /home/yeray/sensors_ws/install/optris_drivers2/include/optris_drivers2/optris_drivers2/msg/detail/temperature__struct.hpp
[30.129s] -- Installing: /home/yeray/sensors_ws/install/optris_drivers2/include/optris_drivers2/optris_drivers2/msg/detail/flag__builder.hpp
[30.129s] -- Up-to-date: /home/yeray/sensors_ws/install/optris_drivers2/include/optris_drivers2/optris_drivers2
[30.129s] -- Up-to-date: /home/yeray/sensors_ws/install/optris_drivers2/include/optris_drivers2/optris_drivers2/srv
[30.129s] -- Up-to-date: /home/yeray/sensors_ws/install/optris_drivers2/include/optris_drivers2/optris_drivers2/srv/detail
[30.129s] -- Installing: /home/yeray/sensors_ws/install/optris_drivers2/include/optris_drivers2/optris_drivers2/srv/detail/auto_flag__rosidl_typesupport_fastrtps_cpp.hpp
[30.129s] -- Installing: /home/yeray/sensors_ws/install/optris_drivers2/include/optris_drivers2/optris_drivers2/srv/detail/dds_fastrtps
[30.129s] -- Installing: /home/yeray/sensors_ws/install/optris_drivers2/include/optris_drivers2/optris_drivers2/srv/detail/temperature_range__rosidl_typesupport_fastrtps_cpp.hpp
[30.129s] -- Installing: /home/yeray/sensors_ws/install/optris_drivers2/include/optris_drivers2/optris_drivers2/srv/detail/palette__rosidl_typesupport_fastrtps_cpp.hpp
[30.130s] -- Up-to-date: /home/yeray/sensors_ws/install/optris_drivers2/include/optris_drivers2/optris_drivers2/msg
[30.130s] -- Installing: /home/yeray/sensors_ws/install/optris_drivers2/include/optris_drivers2/optris_drivers2/msg/rosidl_typesupport_fastrtps_cpp__visibility_control.h
[30.130s] -- Up-to-date: /home/yeray/sensors_ws/install/optris_drivers2/include/optris_drivers2/optris_drivers2/msg/detail
[30.130s] -- Installing: /home/yeray/sensors_ws/install/optris_drivers2/include/optris_drivers2/optris_drivers2/msg/detail/dds_fastrtps
[30.130s] -- Installing: /home/yeray/sensors_ws/install/optris_drivers2/include/optris_drivers2/optris_drivers2/msg/detail/temperature__rosidl_typesupport_fastrtps_cpp.hpp
[30.130s] -- Installing: /home/yeray/sensors_ws/install/optris_drivers2/include/optris_drivers2/optris_drivers2/msg/detail/flag__rosidl_typesupport_fastrtps_cpp.hpp
[30.130s] -- Installing: /home/yeray/sensors_ws/install/optris_drivers2/lib/liboptris_drivers2__rosidl_typesupport_fastrtps_cpp.so
[30.131s] -- Set runtime path of "/home/yeray/sensors_ws/install/optris_drivers2/lib/liboptris_drivers2__rosidl_typesupport_fastrtps_cpp.so" to ""
[30.131s] -- Up-to-date: /home/yeray/sensors_ws/install/optris_drivers2/include/optris_drivers2/optris_drivers2
[30.131s] -- Up-to-date: /home/yeray/sensors_ws/install/optris_drivers2/include/optris_drivers2/optris_drivers2/srv
[30.131s] -- Up-to-date: /home/yeray/sensors_ws/install/optris_drivers2/include/optris_drivers2/optris_drivers2/srv/detail
[30.131s] -- Installing: /home/yeray/sensors_ws/install/optris_drivers2/include/optris_drivers2/optris_drivers2/srv/detail/palette__rosidl_typesupport_introspection_c.h
[30.131s] -- Installing: /home/yeray/sensors_ws/install/optris_drivers2/include/optris_drivers2/optris_drivers2/srv/detail/temperature_range__type_support.c
[30.132s] -- Installing: /home/yeray/sensors_ws/install/optris_drivers2/include/optris_drivers2/optris_drivers2/srv/detail/palette__type_support.c
[30.132s] -- Installing: /home/yeray/sensors_ws/install/optris_drivers2/include/optris_drivers2/optris_drivers2/srv/detail/temperature_range__rosidl_typesupport_introspection_c.h
[30.132s] -- Installing: /home/yeray/sensors_ws/install/optris_drivers2/include/optris_drivers2/optris_drivers2/srv/detail/auto_flag__type_support.c
[30.132s] -- Installing: /home/yeray/sensors_ws/install/optris_drivers2/include/optris_drivers2/optris_drivers2/srv/detail/auto_flag__rosidl_typesupport_introspection_c.h
[30.132s] -- Up-to-date: /home/yeray/sensors_ws/install/optris_drivers2/include/optris_drivers2/optris_drivers2/msg
[30.132s] -- Installing: /home/yeray/sensors_ws/install/optris_drivers2/include/optris_drivers2/optris_drivers2/msg/rosidl_typesupport_introspection_c__visibility_control.h
[30.133s] -- Up-to-date: /home/yeray/sensors_ws/install/optris_drivers2/include/optris_drivers2/optris_drivers2/msg/detail
[30.133s] -- Installing: /home/yeray/sensors_ws/install/optris_drivers2/include/optris_drivers2/optris_drivers2/msg/detail/flag__rosidl_typesupport_introspection_c.h
[30.133s] -- Installing: /home/yeray/sensors_ws/install/optris_drivers2/include/optris_drivers2/optris_drivers2/msg/detail/flag__type_support.c
[30.133s] -- Installing: /home/yeray/sensors_ws/install/optris_drivers2/include/optris_drivers2/optris_drivers2/msg/detail/temperature__rosidl_typesupport_introspection_c.h
[30.133s] -- Installing: /home/yeray/sensors_ws/install/optris_drivers2/include/optris_drivers2/optris_drivers2/msg/detail/temperature__type_support.c
[30.133s] -- Installing: /home/yeray/sensors_ws/install/optris_drivers2/lib/liboptris_drivers2__rosidl_typesupport_introspection_c.so
[30.134s] -- Set runtime path of "/home/yeray/sensors_ws/install/optris_drivers2/lib/liboptris_drivers2__rosidl_typesupport_introspection_c.so" to ""
[30.134s] -- Installing: /home/yeray/sensors_ws/install/optris_drivers2/lib/liboptris_drivers2__rosidl_typesupport_c.so
[30.134s] -- Set runtime path of "/home/yeray/sensors_ws/install/optris_drivers2/lib/liboptris_drivers2__rosidl_typesupport_c.so" to ""
[30.134s] -- Up-to-date: /home/yeray/sensors_ws/install/optris_drivers2/include/optris_drivers2/optris_drivers2
[30.135s] -- Up-to-date: /home/yeray/sensors_ws/install/optris_drivers2/include/optris_drivers2/optris_drivers2/srv
[30.135s] -- Up-to-date: /home/yeray/sensors_ws/install/optris_drivers2/include/optris_drivers2/optris_drivers2/srv/detail
[30.135s] -- Installing: /home/yeray/sensors_ws/install/optris_drivers2/include/optris_drivers2/optris_drivers2/srv/detail/temperature_range__rosidl_typesupport_introspection_cpp.hpp
[30.135s] -- Installing: /home/yeray/sensors_ws/install/optris_drivers2/include/optris_drivers2/optris_drivers2/srv/detail/auto_flag__type_support.cpp
[30.135s] -- Installing: /home/yeray/sensors_ws/install/optris_drivers2/include/optris_drivers2/optris_drivers2/srv/detail/auto_flag__rosidl_typesupport_introspection_cpp.hpp
[30.135s] -- Installing: /home/yeray/sensors_ws/install/optris_drivers2/include/optris_drivers2/optris_drivers2/srv/detail/palette__type_support.cpp
[30.135s] -- Installing: /home/yeray/sensors_ws/install/optris_drivers2/include/optris_drivers2/optris_drivers2/srv/detail/palette__rosidl_typesupport_introspection_cpp.hpp
[30.135s] -- Installing: /home/yeray/sensors_ws/install/optris_drivers2/include/optris_drivers2/optris_drivers2/srv/detail/temperature_range__type_support.cpp
[30.136s] -- Up-to-date: /home/yeray/sensors_ws/install/optris_drivers2/include/optris_drivers2/optris_drivers2/msg
[30.136s] -- Up-to-date: /home/yeray/sensors_ws/install/optris_drivers2/include/optris_drivers2/optris_drivers2/msg/detail
[30.136s] -- Installing: /home/yeray/sensors_ws/install/optris_drivers2/include/optris_drivers2/optris_drivers2/msg/detail/temperature__rosidl_typesupport_introspection_cpp.hpp
[30.136s] -- Installing: /home/yeray/sensors_ws/install/optris_drivers2/include/optris_drivers2/optris_drivers2/msg/detail/flag__type_support.cpp
[30.136s] -- Installing: /home/yeray/sensors_ws/install/optris_drivers2/include/optris_drivers2/optris_drivers2/msg/detail/flag__rosidl_typesupport_introspection_cpp.hpp
[30.136s] -- Installing: /home/yeray/sensors_ws/install/optris_drivers2/include/optris_drivers2/optris_drivers2/msg/detail/temperature__type_support.cpp
[30.136s] -- Installing: /home/yeray/sensors_ws/install/optris_drivers2/lib/liboptris_drivers2__rosidl_typesupport_introspection_cpp.so
[30.137s] -- Set runtime path of "/home/yeray/sensors_ws/install/optris_drivers2/lib/liboptris_drivers2__rosidl_typesupport_introspection_cpp.so" to ""
[30.137s] -- Installing: /home/yeray/sensors_ws/install/optris_drivers2/lib/liboptris_drivers2__rosidl_typesupport_cpp.so
[30.137s] -- Set runtime path of "/home/yeray/sensors_ws/install/optris_drivers2/lib/liboptris_drivers2__rosidl_typesupport_cpp.so" to ""
[30.137s] -- Installing: /home/yeray/sensors_ws/install/optris_drivers2/share/optris_drivers2/environment/pythonpath.sh
[30.137s] -- Installing: /home/yeray/sensors_ws/install/optris_drivers2/share/optris_drivers2/environment/pythonpath.dsv
[30.138s] -- Installing: /home/yeray/sensors_ws/install/optris_drivers2/local/lib/python3.10/dist-packages/optris_drivers2-0.0.1-py3.10.egg-info
[30.138s] -- Installing: /home/yeray/sensors_ws/install/optris_drivers2/local/lib/python3.10/dist-packages/optris_drivers2-0.0.1-py3.10.egg-info/SOURCES.txt
[30.138s] -- Installing: /home/yeray/sensors_ws/install/optris_drivers2/local/lib/python3.10/dist-packages/optris_drivers2-0.0.1-py3.10.egg-info/PKG-INFO
[30.138s] -- Installing: /home/yeray/sensors_ws/install/optris_drivers2/local/lib/python3.10/dist-packages/optris_drivers2-0.0.1-py3.10.egg-info/top_level.txt
[30.138s] -- Installing: /home/yeray/sensors_ws/install/optris_drivers2/local/lib/python3.10/dist-packages/optris_drivers2-0.0.1-py3.10.egg-info/dependency_links.txt
[30.138s] -- Installing: /home/yeray/sensors_ws/install/optris_drivers2/local/lib/python3.10/dist-packages/optris_drivers2
[30.139s] -- Installing: /home/yeray/sensors_ws/install/optris_drivers2/local/lib/python3.10/dist-packages/optris_drivers2/srv
[30.139s] -- Installing: /home/yeray/sensors_ws/install/optris_drivers2/local/lib/python3.10/dist-packages/optris_drivers2/srv/_auto_flag_s.c
[30.139s] -- Installing: /home/yeray/sensors_ws/install/optris_drivers2/local/lib/python3.10/dist-packages/optris_drivers2/srv/__init__.py
[30.139s] -- Installing: /home/yeray/sensors_ws/install/optris_drivers2/local/lib/python3.10/dist-packages/optris_drivers2/srv/_auto_flag.py
[30.139s] -- Installing: /home/yeray/sensors_ws/install/optris_drivers2/local/lib/python3.10/dist-packages/optris_drivers2/srv/_temperature_range.py
[30.139s] -- Installing: /home/yeray/sensors_ws/install/optris_drivers2/local/lib/python3.10/dist-packages/optris_drivers2/srv/_palette.py
[30.139s] -- Installing: /home/yeray/sensors_ws/install/optris_drivers2/local/lib/python3.10/dist-packages/optris_drivers2/srv/_palette_s.c
[30.139s] -- Installing: /home/yeray/sensors_ws/install/optris_drivers2/local/lib/python3.10/dist-packages/optris_drivers2/srv/_temperature_range_s.c
[30.140s] -- Installing: /home/yeray/sensors_ws/install/optris_drivers2/local/lib/python3.10/dist-packages/optris_drivers2/__init__.py
[30.140s] -- Installing: /home/yeray/sensors_ws/install/optris_drivers2/local/lib/python3.10/dist-packages/optris_drivers2/msg
[30.140s] -- Installing: /home/yeray/sensors_ws/install/optris_drivers2/local/lib/python3.10/dist-packages/optris_drivers2/msg/_temperature_s.c
[30.140s] -- Installing: /home/yeray/sensors_ws/install/optris_drivers2/local/lib/python3.10/dist-packages/optris_drivers2/msg/__init__.py
[30.140s] -- Installing: /home/yeray/sensors_ws/install/optris_drivers2/local/lib/python3.10/dist-packages/optris_drivers2/msg/_flag.py
[30.140s] -- Installing: /home/yeray/sensors_ws/install/optris_drivers2/local/lib/python3.10/dist-packages/optris_drivers2/msg/_temperature.py
[30.140s] -- Installing: /home/yeray/sensors_ws/install/optris_drivers2/local/lib/python3.10/dist-packages/optris_drivers2/msg/_flag_s.c
[30.141s] -- Installing: /home/yeray/sensors_ws/install/optris_drivers2/local/lib/python3.10/dist-packages/optris_drivers2/liboptris_drivers2__rosidl_generator_py.so
[30.141s] -- Installing: /home/yeray/sensors_ws/install/optris_drivers2/local/lib/python3.10/dist-packages/optris_drivers2/optris_drivers2_s__rosidl_typesupport_introspection_c.cpython-310-x86_64-linux-gnu.so
[30.141s] -- Installing: /home/yeray/sensors_ws/install/optris_drivers2/local/lib/python3.10/dist-packages/optris_drivers2/optris_drivers2_s__rosidl_typesupport_fastrtps_c.cpython-310-x86_64-linux-gnu.so
[30.141s] -- Installing: /home/yeray/sensors_ws/install/optris_drivers2/local/lib/python3.10/dist-packages/optris_drivers2/_optris_drivers2_s.ep.rosidl_typesupport_fastrtps_c.c
[30.141s] -- Installing: /home/yeray/sensors_ws/install/optris_drivers2/local/lib/python3.10/dist-packages/optris_drivers2/optris_drivers2_s__rosidl_typesupport_c.cpython-310-x86_64-linux-gnu.so
[30.141s] -- Installing: /home/yeray/sensors_ws/install/optris_drivers2/local/lib/python3.10/dist-packages/optris_drivers2/_optris_drivers2_s.ep.rosidl_typesupport_c.c
[30.142s] -- Installing: /home/yeray/sensors_ws/install/optris_drivers2/local/lib/python3.10/dist-packages/optris_drivers2/_optris_drivers2_s.ep.rosidl_typesupport_introspection_c.c
[30.203s] Listing '/home/yeray/sensors_ws/install/optris_drivers2/local/lib/python3.10/dist-packages/optris_drivers2'...
[30.203s] Compiling '/home/yeray/sensors_ws/install/optris_drivers2/local/lib/python3.10/dist-packages/optris_drivers2/__init__.py'...
[30.203s] Listing '/home/yeray/sensors_ws/install/optris_drivers2/local/lib/python3.10/dist-packages/optris_drivers2/msg'...
[30.203s] Compiling '/home/yeray/sensors_ws/install/optris_drivers2/local/lib/python3.10/dist-packages/optris_drivers2/msg/__init__.py'...
[30.203s] Compiling '/home/yeray/sensors_ws/install/optris_drivers2/local/lib/python3.10/dist-packages/optris_drivers2/msg/_flag.py'...
[30.203s] Compiling '/home/yeray/sensors_ws/install/optris_drivers2/local/lib/python3.10/dist-packages/optris_drivers2/msg/_temperature.py'...
[30.203s] Listing '/home/yeray/sensors_ws/install/optris_drivers2/local/lib/python3.10/dist-packages/optris_drivers2/srv'...
[30.204s] Compiling '/home/yeray/sensors_ws/install/optris_drivers2/local/lib/python3.10/dist-packages/optris_drivers2/srv/__init__.py'...
[30.204s] Compiling '/home/yeray/sensors_ws/install/optris_drivers2/local/lib/python3.10/dist-packages/optris_drivers2/srv/_auto_flag.py'...
[30.204s] Compiling '/home/yeray/sensors_ws/install/optris_drivers2/local/lib/python3.10/dist-packages/optris_drivers2/srv/_palette.py'...
[30.204s] Compiling '/home/yeray/sensors_ws/install/optris_drivers2/local/lib/python3.10/dist-packages/optris_drivers2/srv/_temperature_range.py'...
[30.210s] -- Installing: /home/yeray/sensors_ws/install/optris_drivers2/local/lib/python3.10/dist-packages/optris_drivers2/optris_drivers2_s__rosidl_typesupport_fastrtps_c.cpython-310-x86_64-linux-gnu.so
[30.210s] -- Set runtime path of "/home/yeray/sensors_ws/install/optris_drivers2/local/lib/python3.10/dist-packages/optris_drivers2/optris_drivers2_s__rosidl_typesupport_fastrtps_c.cpython-310-x86_64-linux-gnu.so" to ""
[30.210s] -- Installing: /home/yeray/sensors_ws/install/optris_drivers2/local/lib/python3.10/dist-packages/optris_drivers2/optris_drivers2_s__rosidl_typesupport_introspection_c.cpython-310-x86_64-linux-gnu.so
[30.211s] -- Set runtime path of "/home/yeray/sensors_ws/install/optris_drivers2/local/lib/python3.10/dist-packages/optris_drivers2/optris_drivers2_s__rosidl_typesupport_introspection_c.cpython-310-x86_64-linux-gnu.so" to ""
[30.211s] -- Installing: /home/yeray/sensors_ws/install/optris_drivers2/local/lib/python3.10/dist-packages/optris_drivers2/optris_drivers2_s__rosidl_typesupport_c.cpython-310-x86_64-linux-gnu.so
[30.211s] -- Set runtime path of "/home/yeray/sensors_ws/install/optris_drivers2/local/lib/python3.10/dist-packages/optris_drivers2/optris_drivers2_s__rosidl_typesupport_c.cpython-310-x86_64-linux-gnu.so" to ""
[30.212s] -- Installing: /home/yeray/sensors_ws/install/optris_drivers2/lib/liboptris_drivers2__rosidl_generator_py.so
[30.212s] -- Set runtime path of "/home/yeray/sensors_ws/install/optris_drivers2/lib/liboptris_drivers2__rosidl_generator_py.so" to ""
[30.212s] -- Installing: /home/yeray/sensors_ws/install/optris_drivers2/share/optris_drivers2/msg/Temperature.idl
[30.212s] -- Installing: /home/yeray/sensors_ws/install/optris_drivers2/share/optris_drivers2/msg/Flag.idl
[30.213s] -- Installing: /home/yeray/sensors_ws/install/optris_drivers2/share/optris_drivers2/srv/AutoFlag.idl
[30.213s] -- Installing: /home/yeray/sensors_ws/install/optris_drivers2/share/optris_drivers2/srv/TemperatureRange.idl
[30.213s] -- Installing: /home/yeray/sensors_ws/install/optris_drivers2/share/optris_drivers2/srv/Palette.idl
[30.213s] -- Installing: /home/yeray/sensors_ws/install/optris_drivers2/share/optris_drivers2/msg/Temperature.msg
[30.213s] -- Installing: /home/yeray/sensors_ws/install/optris_drivers2/share/optris_drivers2/msg/Flag.msg
[30.213s] -- Installing: /home/yeray/sensors_ws/install/optris_drivers2/share/optris_drivers2/srv/AutoFlag.srv
[30.214s] -- Installing: /home/yeray/sensors_ws/install/optris_drivers2/share/optris_drivers2/srv/AutoFlag_Request.msg
[30.214s] -- Installing: /home/yeray/sensors_ws/install/optris_drivers2/share/optris_drivers2/srv/AutoFlag_Response.msg
[30.214s] -- Installing: /home/yeray/sensors_ws/install/optris_drivers2/share/optris_drivers2/srv/TemperatureRange.srv
[30.214s] -- Installing: /home/yeray/sensors_ws/install/optris_drivers2/share/optris_drivers2/srv/TemperatureRange_Request.msg
[30.214s] -- Installing: /home/yeray/sensors_ws/install/optris_drivers2/share/optris_drivers2/srv/TemperatureRange_Response.msg
[30.215s] -- Installing: /home/yeray/sensors_ws/install/optris_drivers2/share/optris_drivers2/srv/Palette.srv
[30.215s] -- Installing: /home/yeray/sensors_ws/install/optris_drivers2/share/optris_drivers2/srv/Palette_Request.msg
[30.215s] -- Installing: /home/yeray/sensors_ws/install/optris_drivers2/share/optris_drivers2/srv/Palette_Response.msg
[30.215s] -- Installing: /home/yeray/sensors_ws/install/optris_drivers2/lib/optris_drivers2/optris_imager_node
[30.218s] -- Set runtime path of "/home/yeray/sensors_ws/install/optris_drivers2/lib/optris_drivers2/optris_imager_node" to ""
[30.218s] -- Installing: /home/yeray/sensors_ws/install/optris_drivers2/lib/optris_drivers2/optris_colorconvert_node
[30.219s] -- Set runtime path of "/home/yeray/sensors_ws/install/optris_drivers2/lib/optris_drivers2/optris_colorconvert_node" to ""
[30.219s] -- Installing: /home/yeray/sensors_ws/install/optris_drivers2/share/ament_index/resource_index/package_run_dependencies/optris_drivers2
[30.219s] -- Installing: /home/yeray/sensors_ws/install/optris_drivers2/share/ament_index/resource_index/parent_prefix_path/optris_drivers2
[30.219s] -- Installing: /home/yeray/sensors_ws/install/optris_drivers2/share/optris_drivers2/environment/ament_prefix_path.sh
[30.220s] -- Installing: /home/yeray/sensors_ws/install/optris_drivers2/share/optris_drivers2/environment/ament_prefix_path.dsv
[30.220s] -- Installing: /home/yeray/sensors_ws/install/optris_drivers2/share/optris_drivers2/environment/path.sh
[30.220s] -- Installing: /home/yeray/sensors_ws/install/optris_drivers2/share/optris_drivers2/environment/path.dsv
[30.220s] -- Installing: /home/yeray/sensors_ws/install/optris_drivers2/share/optris_drivers2/local_setup.bash
[30.220s] -- Installing: /home/yeray/sensors_ws/install/optris_drivers2/share/optris_drivers2/local_setup.sh
[30.221s] -- Installing: /home/yeray/sensors_ws/install/optris_drivers2/share/optris_drivers2/local_setup.zsh
[30.221s] -- Installing: /home/yeray/sensors_ws/install/optris_drivers2/share/optris_drivers2/local_setup.dsv
[30.221s] -- Installing: /home/yeray/sensors_ws/install/optris_drivers2/share/optris_drivers2/package.dsv
[30.221s] -- Installing: /home/yeray/sensors_ws/install/optris_drivers2/share/ament_index/resource_index/packages/optris_drivers2
[30.221s] -- Installing: /home/yeray/sensors_ws/install/optris_drivers2/share/optris_drivers2/cmake/export_optris_drivers2__rosidl_generator_cExport.cmake
[30.222s] -- Installing: /home/yeray/sensors_ws/install/optris_drivers2/share/optris_drivers2/cmake/export_optris_drivers2__rosidl_generator_cExport-noconfig.cmake
[30.222s] -- Installing: /home/yeray/sensors_ws/install/optris_drivers2/share/optris_drivers2/cmake/export_optris_drivers2__rosidl_typesupport_fastrtps_cExport.cmake
[30.222s] -- Installing: /home/yeray/sensors_ws/install/optris_drivers2/share/optris_drivers2/cmake/export_optris_drivers2__rosidl_typesupport_fastrtps_cExport-noconfig.cmake
[30.222s] -- Installing: /home/yeray/sensors_ws/install/optris_drivers2/share/optris_drivers2/cmake/export_optris_drivers2__rosidl_generator_cppExport.cmake
[30.222s] -- Installing: /home/yeray/sensors_ws/install/optris_drivers2/share/optris_drivers2/cmake/export_optris_drivers2__rosidl_typesupport_fastrtps_cppExport.cmake
[30.223s] -- Installing: /home/yeray/sensors_ws/install/optris_drivers2/share/optris_drivers2/cmake/export_optris_drivers2__rosidl_typesupport_fastrtps_cppExport-noconfig.cmake
[30.223s] -- Installing: /home/yeray/sensors_ws/install/optris_drivers2/share/optris_drivers2/cmake/optris_drivers2__rosidl_typesupport_introspection_cExport.cmake
[30.223s] -- Installing: /home/yeray/sensors_ws/install/optris_drivers2/share/optris_drivers2/cmake/optris_drivers2__rosidl_typesupport_introspection_cExport-noconfig.cmake
[30.223s] -- Installing: /home/yeray/sensors_ws/install/optris_drivers2/share/optris_drivers2/cmake/optris_drivers2__rosidl_typesupport_cExport.cmake
[30.224s] -- Installing: /home/yeray/sensors_ws/install/optris_drivers2/share/optris_drivers2/cmake/optris_drivers2__rosidl_typesupport_cExport-noconfig.cmake
[30.224s] -- Installing: /home/yeray/sensors_ws/install/optris_drivers2/share/optris_drivers2/cmake/optris_drivers2__rosidl_typesupport_introspection_cppExport.cmake
[30.224s] -- Installing: /home/yeray/sensors_ws/install/optris_drivers2/share/optris_drivers2/cmake/optris_drivers2__rosidl_typesupport_introspection_cppExport-noconfig.cmake
[30.224s] -- Installing: /home/yeray/sensors_ws/install/optris_drivers2/share/optris_drivers2/cmake/optris_drivers2__rosidl_typesupport_cppExport.cmake
[30.224s] -- Installing: /home/yeray/sensors_ws/install/optris_drivers2/share/optris_drivers2/cmake/optris_drivers2__rosidl_typesupport_cppExport-noconfig.cmake
[30.225s] -- Installing: /home/yeray/sensors_ws/install/optris_drivers2/share/optris_drivers2/cmake/export_optris_drivers2__rosidl_generator_pyExport.cmake
[30.225s] -- Installing: /home/yeray/sensors_ws/install/optris_drivers2/share/optris_drivers2/cmake/export_optris_drivers2__rosidl_generator_pyExport-noconfig.cmake
[30.225s] -- Installing: /home/yeray/sensors_ws/install/optris_drivers2/share/optris_drivers2/cmake/rosidl_cmake-extras.cmake
[30.225s] -- Installing: /home/yeray/sensors_ws/install/optris_drivers2/share/optris_drivers2/cmake/ament_cmake_export_dependencies-extras.cmake
[30.225s] -- Installing: /home/yeray/sensors_ws/install/optris_drivers2/share/optris_drivers2/cmake/ament_cmake_export_include_directories-extras.cmake
[30.226s] -- Installing: /home/yeray/sensors_ws/install/optris_drivers2/share/optris_drivers2/cmake/ament_cmake_export_libraries-extras.cmake
[30.226s] -- Installing: /home/yeray/sensors_ws/install/optris_drivers2/share/optris_drivers2/cmake/ament_cmake_export_targets-extras.cmake
[30.226s] -- Installing: /home/yeray/sensors_ws/install/optris_drivers2/share/optris_drivers2/cmake/rosidl_cmake_export_typesupport_targets-extras.cmake
[30.226s] -- Installing: /home/yeray/sensors_ws/install/optris_drivers2/share/optris_drivers2/cmake/rosidl_cmake_export_typesupport_libraries-extras.cmake
[30.226s] -- Installing: /home/yeray/sensors_ws/install/optris_drivers2/share/optris_drivers2/cmake/optris_drivers2Config.cmake
[30.227s] -- Installing: /home/yeray/sensors_ws/install/optris_drivers2/share/optris_drivers2/cmake/optris_drivers2Config-version.cmake
[30.227s] -- Installing: /home/yeray/sensors_ws/install/optris_drivers2/share/optris_drivers2/package.xml
[30.230s] Invoked command in '/home/yeray/sensors_ws/build/optris_drivers2' returned '0': CMAKE_PREFIX_PATH=${CMAKE_PREFIX_PATH}:/opt/ros/humble /usr/bin/cmake --install /home/yeray/sensors_ws/build/optris_drivers2
