[0.015s] Invoking command in '/home/yeray/sensors_ws/build/optris_drivers2': CMAKE_PREFIX_PATH=${CMAKE_PREFIX_PATH}:/opt/ros/humble /usr/bin/cmake /home/yeray/sensors_ws/src/optris_drivers2 -DCMAKE_INSTALL_PREFIX=/home/yeray/sensors_ws/install/optris_drivers2
[0.089s] -- The C compiler identification is GNU 11.4.0
[0.209s] -- The CXX compiler identification is GNU 11.4.0
[0.224s] -- Detecting C compiler ABI info
[0.331s] -- Detecting C compiler ABI info - done
[0.352s] -- Check for working C compiler: /usr/bin/cc - skipped
[0.352s] -- Detecting C compile features
[0.353s] -- Detecting C compile features - done
[0.359s] -- Detecting CXX compiler ABI info
[0.445s] -- Detecting CXX compiler ABI info - done
[0.454s] -- Check for working CXX compiler: /usr/bin/c++ - skipped
[0.454s] -- Detecting CXX compile features
[0.455s] -- Detecting CXX compile features - done
[0.458s] -- Found ament_cmake: 1.3.10 (/opt/ros/humble/share/ament_cmake/cmake)
[0.657s] -- Found Python3: /usr/bin/python3 (found version "3.10.12") found components: Interpreter 
[0.781s] -- Found rclcpp: 16.0.10 (/opt/ros/humble/share/rclcpp/cmake)
[0.835s] -- Found rosidl_generator_c: 3.1.5 (/opt/ros/humble/share/rosidl_generator_c/cmake)
[0.842s] -- Found rosidl_adapter: 3.1.5 (/opt/ros/humble/share/rosidl_adapter/cmake)
[0.854s] -- Found rosidl_generator_cpp: 3.1.5 (/opt/ros/humble/share/rosidl_generator_cpp/cmake)
[0.870s] -- Using all available rosidl_typesupport_c: rosidl_typesupport_fastrtps_c;rosidl_typesupport_introspection_c
[0.889s] -- Using all available rosidl_typesupport_cpp: rosidl_typesupport_fastrtps_cpp;rosidl_typesupport_introspection_cpp
[0.948s] -- Found rmw_implementation_cmake: 6.1.2 (/opt/ros/humble/share/rmw_implementation_cmake/cmake)
[0.951s] -- Found rmw_fastrtps_cpp: 6.2.7 (/opt/ros/humble/share/rmw_fastrtps_cpp/cmake)
[1.075s] -- Found OpenSSL: /usr/lib/x86_64-linux-gnu/libcrypto.so (found version "3.0.2")  
[1.119s] -- Found FastRTPS: /opt/ros/humble/include  
[1.173s] -- Using RMW implementation 'rmw_fastrtps_cpp' as default
[1.186s] -- Looking for pthread.h
[1.272s] -- Looking for pthread.h - found
[1.273s] -- Performing Test CMAKE_HAVE_LIBC_PTHREAD
[1.361s] -- Performing Test CMAKE_HAVE_LIBC_PTHREAD - Success
[1.362s] -- Found Threads: TRUE  
[1.430s] -- Found std_srvs: 4.2.4 (/opt/ros/humble/share/std_srvs/cmake)
[1.448s] -- Found sensor_msgs: 4.2.4 (/opt/ros/humble/share/sensor_msgs/cmake)
[1.482s] -- Found image_transport: 3.1.9 (/opt/ros/humble/share/image_transport/cmake)
[1.517s] -- Found camera_info_manager: 3.1.9 (/opt/ros/humble/share/camera_info_manager/cmake)
[1.537s] -- Found rosidl_default_generators: 1.2.0 (/opt/ros/humble/share/rosidl_default_generators/cmake)
[1.865s] -- Found ament_cmake_ros: 0.10.0 (/opt/ros/humble/share/ament_cmake_ros/cmake)
[2.279s] -- Using all available rosidl_typesupport_c: rosidl_typesupport_fastrtps_c;rosidl_typesupport_introspection_c
[2.443s] -- Using all available rosidl_typesupport_cpp: rosidl_typesupport_fastrtps_cpp;rosidl_typesupport_introspection_cpp
[2.471s] -- Found PythonInterp: /usr/bin/python3 (found suitable version "3.10.12", minimum required is "3.6") 
[2.473s] -- Found python_cmake_module: 0.10.0 (/opt/ros/humble/share/python_cmake_module/cmake)
[2.502s] -- Found PythonLibs: /usr/lib/x86_64-linux-gnu/libpython3.10.so (found suitable version "3.10.12", minimum required is "3.5") 
[2.502s] -- Using PYTHON_EXECUTABLE: /usr/bin/python3
[2.502s] -- Using PYTHON_INCLUDE_DIRS: /usr/include/python3.10
[2.502s] -- Using PYTHON_LIBRARIES: /usr/lib/x86_64-linux-gnu/libpython3.10.so
[2.526s] -- Found PythonExtra: .so  
[2.585s] [0mCMake Deprecation Warning at /opt/ros/humble/share/rosidl_cmake/cmake/rosidl_target_interfaces.cmake:32 (message):
[2.585s]   Use rosidl_get_typesupport_target() and target_link_libraries() instead of
[2.585s]   rosidl_target_interfaces()
[2.585s] Call Stack (most recent call first):
[2.585s]   CMakeLists.txt:55 (rosidl_target_interfaces)
[2.585s] 
[2.585s] [0m
[2.587s] [0mCMake Deprecation Warning at /opt/ros/humble/share/rosidl_cmake/cmake/rosidl_target_interfaces.cmake:32 (message):
[2.587s]   Use rosidl_get_typesupport_target() and target_link_libraries() instead of
[2.587s]   rosidl_target_interfaces()
[2.587s] Call Stack (most recent call first):
[2.587s]   CMakeLists.txt:59 (rosidl_target_interfaces)
[2.588s] 
[2.588s] [0m
[2.594s] -- Configuring done
[2.643s] -- Generating done
[2.647s] -- Build files have been written to: /home/yeray/sensors_ws/build/optris_drivers2
[2.662s] Invoked command in '/home/yeray/sensors_ws/build/optris_drivers2' returned '0': CMAKE_PREFIX_PATH=${CMAKE_PREFIX_PATH}:/opt/ros/humble /usr/bin/cmake /home/yeray/sensors_ws/src/optris_drivers2 -DCMAKE_INSTALL_PREFIX=/home/yeray/sensors_ws/install/optris_drivers2
[2.664s] Invoking command in '/home/yeray/sensors_ws/build/optris_drivers2': CMAKE_PREFIX_PATH=${CMAKE_PREFIX_PATH}:/opt/ros/humble /usr/bin/cmake --build /home/yeray/sensors_ws/build/optris_drivers2 -- -j8 -l8
[2.715s] [  1%] [34m[1mGenerating C code for ROS interfaces[0m
[2.728s] [  2%] [34m[1mGenerating C++ code for ROS interfaces[0m
[2.739s] [  2%] Built target ament_cmake_python_copy_optris_drivers2
[3.032s] running egg_info
[3.032s] creating optris_drivers2.egg-info
[3.033s] writing optris_drivers2.egg-info/PKG-INFO
[3.033s] writing dependency_links to optris_drivers2.egg-info/dependency_links.txt
[3.033s] writing top-level names to optris_drivers2.egg-info/top_level.txt
[3.033s] writing manifest file 'optris_drivers2.egg-info/SOURCES.txt'
[3.035s] reading manifest file 'optris_drivers2.egg-info/SOURCES.txt'
[3.036s] writing manifest file 'optris_drivers2.egg-info/SOURCES.txt'
[3.069s] [  2%] Built target ament_cmake_python_build_optris_drivers2_egg
[3.348s] [  2%] Built target optris_drivers2__cpp
[3.379s] [  4%] [34m[1mGenerating C++ type support dispatch for ROS interfaces[0m
[3.379s] [  5%] [34m[1mGenerating C++ type support for eProsima Fast-RTPS[0m
[3.380s] [  7%] [34m[1mGenerating C++ introspection for ROS interfaces[0m
[3.405s] [  8%] [32mBuilding C object CMakeFiles/optris_drivers2__rosidl_generator_c.dir/rosidl_generator_c/optris_drivers2/msg/detail/temperature__functions.c.o[0m
[3.405s] [ 11%] [32mBuilding C object CMakeFiles/optris_drivers2__rosidl_generator_c.dir/rosidl_generator_c/optris_drivers2/msg/detail/flag__functions.c.o[0m
[3.405s] [ 11%] [32mBuilding C object CMakeFiles/optris_drivers2__rosidl_generator_c.dir/rosidl_generator_c/optris_drivers2/srv/detail/temperature_range__functions.c.o[0m
[3.406s] [ 13%] [32mBuilding C object CMakeFiles/optris_drivers2__rosidl_generator_c.dir/rosidl_generator_c/optris_drivers2/srv/detail/palette__functions.c.o[0m
[3.406s] [ 14%] [32mBuilding C object CMakeFiles/optris_drivers2__rosidl_generator_c.dir/rosidl_generator_c/optris_drivers2/srv/detail/auto_flag__functions.c.o[0m
[3.509s] [ 15%] [32m[1mLinking C shared library liboptris_drivers2__rosidl_generator_c.so[0m
[3.551s] [ 15%] Built target optris_drivers2__rosidl_generator_c
[3.563s] [ 17%] [34m[1mGenerating C type support for eProsima Fast-RTPS[0m
[3.568s] [ 20%] [34m[1mGenerating C type support dispatch for ROS interfaces[0m
[3.568s] [ 20%] [34m[1mGenerating C introspection for ROS interfaces[0m
[3.890s] [ 24%] [32mBuilding CXX object CMakeFiles/optris_drivers2__rosidl_typesupport_cpp.dir/rosidl_typesupport_cpp/optris_drivers2/msg/temperature__type_support.cpp.o[0m
[3.890s] [ 24%] [32mBuilding CXX object CMakeFiles/optris_drivers2__rosidl_typesupport_cpp.dir/rosidl_typesupport_cpp/optris_drivers2/srv/auto_flag__type_support.cpp.o[0m
[3.890s] [ 24%] [32mBuilding CXX object CMakeFiles/optris_drivers2__rosidl_typesupport_cpp.dir/rosidl_typesupport_cpp/optris_drivers2/msg/flag__type_support.cpp.o[0m
[4.113s] [ 26%] [32mBuilding CXX object CMakeFiles/optris_drivers2__rosidl_typesupport_introspection_cpp.dir/rosidl_typesupport_introspection_cpp/optris_drivers2/msg/detail/temperature__type_support.cpp.o[0m
[4.412s] [ 27%] [32mBuilding CXX object CMakeFiles/optris_drivers2__rosidl_typesupport_cpp.dir/rosidl_typesupport_cpp/optris_drivers2/srv/temperature_range__type_support.cpp.o[0m
[4.420s] [ 28%] [32mBuilding CXX object CMakeFiles/optris_drivers2__rosidl_typesupport_cpp.dir/rosidl_typesupport_cpp/optris_drivers2/srv/palette__type_support.cpp.o[0m
[4.443s] [ 30%] [32mBuilding CXX object CMakeFiles/optris_drivers2__rosidl_typesupport_c.dir/rosidl_typesupport_c/optris_drivers2/msg/temperature__type_support.cpp.o[0m
[4.494s] [ 31%] [32mBuilding CXX object CMakeFiles/optris_drivers2__rosidl_typesupport_c.dir/rosidl_typesupport_c/optris_drivers2/msg/flag__type_support.cpp.o[0m
[4.506s] [ 33%] [32mBuilding CXX object CMakeFiles/optris_drivers2__rosidl_typesupport_c.dir/rosidl_typesupport_c/optris_drivers2/srv/auto_flag__type_support.cpp.o[0m
[4.525s] [ 34%] [32mBuilding CXX object CMakeFiles/optris_drivers2__rosidl_typesupport_fastrtps_cpp.dir/rosidl_typesupport_fastrtps_cpp/optris_drivers2/msg/detail/dds_fastrtps/temperature__type_support.cpp.o[0m
[4.565s] [ 36%] [32mBuilding CXX object CMakeFiles/optris_drivers2__rosidl_typesupport_c.dir/rosidl_typesupport_c/optris_drivers2/srv/temperature_range__type_support.cpp.o[0m
[4.584s] [ 37%] [32mBuilding CXX object CMakeFiles/optris_drivers2__rosidl_typesupport_c.dir/rosidl_typesupport_c/optris_drivers2/srv/palette__type_support.cpp.o[0m
[4.664s] [ 39%] [32m[1mLinking CXX shared library liboptris_drivers2__rosidl_typesupport_c.so[0m
[4.723s] [ 40%] [32mBuilding CXX object CMakeFiles/optris_drivers2__rosidl_typesupport_fastrtps_c.dir/rosidl_typesupport_fastrtps_c/optris_drivers2/msg/detail/temperature__type_support_c.cpp.o[0m
[4.726s] [ 42%] [32mBuilding CXX object CMakeFiles/optris_drivers2__rosidl_typesupport_fastrtps_c.dir/rosidl_typesupport_fastrtps_c/optris_drivers2/msg/detail/flag__type_support_c.cpp.o[0m
[4.766s] [ 42%] Built target optris_drivers2__rosidl_typesupport_c
[4.773s] [ 43%] [32mBuilding C object CMakeFiles/optris_drivers2__rosidl_typesupport_introspection_c.dir/rosidl_typesupport_introspection_c/optris_drivers2/msg/detail/temperature__type_support.c.o[0m
[4.785s] [ 44%] [32mBuilding CXX object CMakeFiles/optris_drivers2__rosidl_typesupport_fastrtps_c.dir/rosidl_typesupport_fastrtps_c/optris_drivers2/srv/detail/auto_flag__type_support_c.cpp.o[0m
[4.876s] [ 46%] [32mBuilding C object CMakeFiles/optris_drivers2__rosidl_typesupport_introspection_c.dir/rosidl_typesupport_introspection_c/optris_drivers2/msg/detail/flag__type_support.c.o[0m
[4.968s] [ 47%] [32mBuilding C object CMakeFiles/optris_drivers2__rosidl_typesupport_introspection_c.dir/rosidl_typesupport_introspection_c/optris_drivers2/srv/detail/auto_flag__type_support.c.o[0m
[4.974s] [ 49%] [32mBuilding CXX object CMakeFiles/optris_drivers2__rosidl_typesupport_introspection_cpp.dir/rosidl_typesupport_introspection_cpp/optris_drivers2/msg/detail/flag__type_support.cpp.o[0m
[5.029s] [ 50%] [32mBuilding CXX object CMakeFiles/optris_drivers2__rosidl_typesupport_introspection_cpp.dir/rosidl_typesupport_introspection_cpp/optris_drivers2/srv/detail/auto_flag__type_support.cpp.o[0m
[5.033s] [ 52%] [32m[1mLinking CXX shared library liboptris_drivers2__rosidl_typesupport_cpp.so[0m
[5.099s] [ 53%] [32mBuilding C object CMakeFiles/optris_drivers2__rosidl_typesupport_introspection_c.dir/rosidl_typesupport_introspection_c/optris_drivers2/srv/detail/temperature_range__type_support.c.o[0m
[5.123s] [ 53%] Built target optris_drivers2__rosidl_typesupport_cpp
[5.140s] [ 55%] [32mBuilding C object CMakeFiles/optris_drivers2__rosidl_typesupport_introspection_c.dir/rosidl_typesupport_introspection_c/optris_drivers2/srv/detail/palette__type_support.c.o[0m
[5.177s] [ 56%] [32mBuilding CXX object CMakeFiles/optris_drivers2__rosidl_typesupport_introspection_cpp.dir/rosidl_typesupport_introspection_cpp/optris_drivers2/srv/detail/temperature_range__type_support.cpp.o[0m
[5.225s] [ 57%] [32m[1mLinking C shared library liboptris_drivers2__rosidl_typesupport_introspection_c.so[0m
[5.304s] [ 57%] Built target optris_drivers2__rosidl_typesupport_introspection_c
[5.321s] [ 59%] [32mBuilding CXX object CMakeFiles/optris_drivers2__rosidl_typesupport_introspection_cpp.dir/rosidl_typesupport_introspection_cpp/optris_drivers2/srv/detail/palette__type_support.cpp.o[0m
[5.475s] [ 60%] [32mBuilding CXX object CMakeFiles/optris_drivers2__rosidl_typesupport_fastrtps_c.dir/rosidl_typesupport_fastrtps_c/optris_drivers2/srv/detail/temperature_range__type_support_c.cpp.o[0m
[5.490s] [ 62%] [32mBuilding CXX object CMakeFiles/optris_drivers2__rosidl_typesupport_fastrtps_c.dir/rosidl_typesupport_fastrtps_c/optris_drivers2/srv/detail/palette__type_support_c.cpp.o[0m
[5.506s] [ 63%] [32mBuilding CXX object CMakeFiles/optris_drivers2__rosidl_typesupport_fastrtps_cpp.dir/rosidl_typesupport_fastrtps_cpp/optris_drivers2/msg/detail/dds_fastrtps/flag__type_support.cpp.o[0m
[5.620s] [ 65%] [32mBuilding CXX object CMakeFiles/optris_drivers2__rosidl_typesupport_fastrtps_cpp.dir/rosidl_typesupport_fastrtps_cpp/optris_drivers2/srv/detail/dds_fastrtps/auto_flag__type_support.cpp.o[0m
[5.885s] [ 66%] [32mBuilding CXX object CMakeFiles/optris_drivers2__rosidl_typesupport_fastrtps_cpp.dir/rosidl_typesupport_fastrtps_cpp/optris_drivers2/srv/detail/dds_fastrtps/temperature_range__type_support.cpp.o[0m
[5.908s] [ 68%] [32mBuilding CXX object CMakeFiles/optris_drivers2__rosidl_typesupport_fastrtps_cpp.dir/rosidl_typesupport_fastrtps_cpp/optris_drivers2/srv/detail/dds_fastrtps/palette__type_support.cpp.o[0m
[6.156s] [ 69%] [32m[1mLinking CXX shared library liboptris_drivers2__rosidl_typesupport_introspection_cpp.so[0m
[6.260s] [ 71%] [32m[1mLinking CXX shared library liboptris_drivers2__rosidl_typesupport_fastrtps_c.so[0m
[6.269s] [ 71%] Built target optris_drivers2__rosidl_typesupport_introspection_cpp
[6.405s] [ 71%] Built target optris_drivers2__rosidl_typesupport_fastrtps_c
[6.658s] [ 72%] [32m[1mLinking CXX shared library liboptris_drivers2__rosidl_typesupport_fastrtps_cpp.so[0m
[6.770s] [ 72%] Built target optris_drivers2__rosidl_typesupport_fastrtps_cpp
[6.797s] [ 72%] Built target optris_drivers2
[6.824s] [ 73%] [32mBuilding CXX object CMakeFiles/optris_colorconvert_node.dir/src/OptrisColorconvert.cpp.o[0m
[6.827s] [ 79%] [32mBuilding CXX object CMakeFiles/optris_colorconvert_node.dir/src/optris_colorconvert_node.cpp.o[0m
[6.827s] [ 79%] [32mBuilding CXX object CMakeFiles/optris_imager_node.dir/src/optris_imager_node.cpp.o[0m
[6.827s] [ 79%] [32mBuilding CXX object CMakeFiles/optris_imager_node.dir/src/OptrisImager.cpp.o[0m
[6.827s] [ 79%] [34m[1mGenerating Python code for ROS interfaces[0m
[8.387s] [ 79%] Built target optris_drivers2__py
[8.418s] [ 84%] [32mBuilding C object CMakeFiles/optris_drivers2__rosidl_generator_py.dir/rosidl_generator_py/optris_drivers2/msg/_flag_s.c.o[0m
[8.419s] [ 84%] [32mBuilding C object CMakeFiles/optris_drivers2__rosidl_generator_py.dir/rosidl_generator_py/optris_drivers2/msg/_temperature_s.c.o[0m
[8.419s] [ 84%] [32mBuilding C object CMakeFiles/optris_drivers2__rosidl_generator_py.dir/rosidl_generator_py/optris_drivers2/srv/_temperature_range_s.c.o[0m
[8.419s] [ 85%] [32mBuilding C object CMakeFiles/optris_drivers2__rosidl_generator_py.dir/rosidl_generator_py/optris_drivers2/srv/_auto_flag_s.c.o[0m
[8.646s] [ 86%] [32mBuilding C object CMakeFiles/optris_drivers2__rosidl_generator_py.dir/rosidl_generator_py/optris_drivers2/srv/_palette_s.c.o[0m
[8.801s] [ 88%] [32m[1mLinking C shared library rosidl_generator_py/optris_drivers2/liboptris_drivers2__rosidl_generator_py.so[0m
[8.867s] [ 88%] Built target optris_drivers2__rosidl_generator_py
[8.904s] [ 89%] [32mBuilding C object CMakeFiles/optris_drivers2__rosidl_typesupport_introspection_c__pyext.dir/rosidl_generator_py/optris_drivers2/_optris_drivers2_s.ep.rosidl_typesupport_introspection_c.c.o[0m
[8.908s] [ 91%] [32mBuilding C object CMakeFiles/optris_drivers2__rosidl_typesupport_c__pyext.dir/rosidl_generator_py/optris_drivers2/_optris_drivers2_s.ep.rosidl_typesupport_c.c.o[0m
[8.910s] [ 92%] [32mBuilding C object CMakeFiles/optris_drivers2__rosidl_typesupport_fastrtps_c__pyext.dir/rosidl_generator_py/optris_drivers2/_optris_drivers2_s.ep.rosidl_typesupport_fastrtps_c.c.o[0m
[9.195s] [ 94%] [32m[1mLinking C shared library rosidl_generator_py/optris_drivers2/optris_drivers2_s__rosidl_typesupport_introspection_c.cpython-310-x86_64-linux-gnu.so[0m
[9.206s] [ 95%] [32m[1mLinking C shared library rosidl_generator_py/optris_drivers2/optris_drivers2_s__rosidl_typesupport_c.cpython-310-x86_64-linux-gnu.so[0m
[9.211s] [ 97%] [32m[1mLinking C shared library rosidl_generator_py/optris_drivers2/optris_drivers2_s__rosidl_typesupport_fastrtps_c.cpython-310-x86_64-linux-gnu.so[0m
[9.277s] [ 97%] Built target optris_drivers2__rosidl_typesupport_c__pyext
[9.289s] [ 97%] Built target optris_drivers2__rosidl_typesupport_fastrtps_c__pyext
[9.292s] [ 97%] Built target optris_drivers2__rosidl_typesupport_introspection_c__pyext
[10.415s] In file included from [01m[K/home/yeray/sensors_ws/src/optris_drivers2/src/OptrisColorconvert.h:7[m[K,
[10.416s]                  from [01m[K/home/yeray/sensors_ws/src/optris_drivers2/src/optris_colorconvert_node.cpp:40[m[K:
[10.416s] [01m[K/opt/ros/humble/include/image_transport/image_transport/image_transport.h:32:89:[m[K [01;36m[Knote: [m[K‘[01m[K#pragma message: Warning: This header is deprecated. Use 'image_transport.hpp' instead[m[K’
[10.416s]    32 | #pragma message ("Warning: This header is deprecated. Use 'image_transport.hpp' instead"[01;36m[K)[m[K
[10.416s]       |                                                                                         [01;36m[K^[m[K
[10.513s] In file included from [01m[K/home/yeray/sensors_ws/src/optris_drivers2/src/OptrisColorconvert.h:10[m[K,
[10.513s]                  from [01m[K/home/yeray/sensors_ws/src/optris_drivers2/src/optris_colorconvert_node.cpp:40[m[K:
[10.513s] [01m[K/opt/ros/humble/include/camera_info_manager/camera_info_manager/camera_info_manager.h:41:93:[m[K [01;36m[Knote: [m[K‘[01m[K#pragma message: Warning: This header is deprecated. Use 'camera_info_manager.hpp' instead[m[K’
[10.513s]    41 | #pragma message ("Warning: This header is deprecated. Use 'camera_info_manager.hpp' instead"[01;36m[K)[m[K
[10.514s]       |                                                                                             [01;36m[K^[m[K
[10.653s] In file included from [01m[K/home/yeray/sensors_ws/src/optris_drivers2/src/OptrisImager.h:11[m[K,
[10.653s]                  from [01m[K/home/yeray/sensors_ws/src/optris_drivers2/src/OptrisImager.cpp:1[m[K:
[10.653s] [01m[K/opt/ros/humble/include/image_transport/image_transport/image_transport.h:32:89:[m[K [01;36m[Knote: [m[K‘[01m[K#pragma message: Warning: This header is deprecated. Use 'image_transport.hpp' instead[m[K’
[10.653s]    32 | #pragma message ("Warning: This header is deprecated. Use 'image_transport.hpp' instead"[01;36m[K)[m[K
[10.654s]       |                                                                                         [01;36m[K^[m[K
[10.877s] In file included from [01m[K/opt/ros/humble/include/rclcpp/rclcpp/logging.hpp:24[m[K,
[10.877s]                  from [01m[K/opt/ros/humble/include/rclcpp/rclcpp/client.hpp:40[m[K,
[10.878s]                  from [01m[K/opt/ros/humble/include/rclcpp/rclcpp/callback_group.hpp:24[m[K,
[10.878s]                  from [01m[K/opt/ros/humble/include/rclcpp/rclcpp/any_executable.hpp:20[m[K,
[10.878s]                  from [01m[K/opt/ros/humble/include/rclcpp/rclcpp/memory_strategy.hpp:25[m[K,
[10.878s]                  from [01m[K/opt/ros/humble/include/rclcpp/rclcpp/memory_strategies.hpp:18[m[K,
[10.878s]                  from [01m[K/opt/ros/humble/include/rclcpp/rclcpp/executor_options.hpp:20[m[K,
[10.879s]                  from [01m[K/opt/ros/humble/include/rclcpp/rclcpp/executor.hpp:37[m[K,
[10.879s]                  from [01m[K/opt/ros/humble/include/rclcpp/rclcpp/executors/multi_threaded_executor.hpp:25[m[K,
[10.879s]                  from [01m[K/opt/ros/humble/include/rclcpp/rclcpp/executors.hpp:21[m[K,
[10.879s]                  from [01m[K/opt/ros/humble/include/rclcpp/rclcpp/rclcpp.hpp:155[m[K,
[10.879s]                  from [01m[K/home/yeray/sensors_ws/src/optris_drivers2/src/OptrisImager.h:8[m[K,
[10.879s]                  from [01m[K/home/yeray/sensors_ws/src/optris_drivers2/src/OptrisImager.cpp:1[m[K:
[10.880s] [01m[K/home/yeray/sensors_ws/src/optris_drivers2/src/OptrisImager.cpp:[m[K In constructor ‘[01m[Koptris_drivers2::OptrisImager::OptrisImager(evo::IRDevice*, evo::IRDeviceParams)[m[K’:
[10.880s] [01m[K/home/yeray/sensors_ws/src/optris_drivers2/src/OptrisImager.cpp:12:29:[m[K [01;35m[Kwarning: [m[Kformat ‘[01m[K%d[m[K’ expects argument of type ‘[01m[Kint[m[K’, but argument 5 has type ‘[01m[Klong unsigned int[m[K’ [[01;35m[K]8;;https://gcc.gnu.org/onlinedocs/gcc/Warning-Options.html#index-Wformat=-Wformat=]8;;[m[K]
[10.880s]    12 |   RCLCPP_INFO(get_logger(), [01;35m[K"Serial: %d"[m[K, [32m[Kparams.serial[m[K);
[10.880s]       |                             [01;35m[K^~~~~~~~~~~~[m[K  [32m[K~~~~~~~~~~~~~[m[K
[10.880s]       |                                                  [32m[K|[m[K
[10.880s]       |                                                  [32m[Klong unsigned int[m[K
[10.881s] [01m[K/home/yeray/sensors_ws/src/optris_drivers2/src/OptrisImager.cpp:12:39:[m[K [01;36m[Knote: [m[Kformat string is defined here
[10.881s]    12 |   RCLCPP_INFO(get_logger(), "Serial: [01;36m[K%d[m[K", params.serial);
[10.881s]       |                                      [01;36m[K~^[m[K
[10.881s]       |                                       [01;36m[K|[m[K
[10.881s]       |                                       [01;36m[Kint[m[K
[10.881s]       |                                      [32m[K%ld[m[K
[11.092s] In file included from [01m[K/home/yeray/sensors_ws/src/optris_drivers2/src/OptrisColorconvert.h:7[m[K,
[11.092s]                  from [01m[K/home/yeray/sensors_ws/src/optris_drivers2/src/OptrisColorconvert.cpp:1[m[K:
[11.092s] [01m[K/opt/ros/humble/include/image_transport/image_transport/image_transport.h:32:89:[m[K [01;36m[Knote: [m[K‘[01m[K#pragma message: Warning: This header is deprecated. Use 'image_transport.hpp' instead[m[K’
[11.092s]    32 | #pragma message ("Warning: This header is deprecated. Use 'image_transport.hpp' instead"[01;36m[K)[m[K
[11.093s]       |                                                                                         [01;36m[K^[m[K
[11.101s] In file included from [01m[K/home/yeray/sensors_ws/src/optris_drivers2/src/OptrisImager.h:11[m[K,
[11.102s]                  from [01m[K/home/yeray/sensors_ws/src/optris_drivers2/src/optris_imager_node.cpp:40[m[K:
[11.102s] [01m[K/opt/ros/humble/include/image_transport/image_transport/image_transport.h:32:89:[m[K [01;36m[Knote: [m[K‘[01m[K#pragma message: Warning: This header is deprecated. Use 'image_transport.hpp' instead[m[K’
[11.102s]    32 | #pragma message ("Warning: This header is deprecated. Use 'image_transport.hpp' instead"[01;36m[K)[m[K
[11.102s]       |                                                                                         [01;36m[K^[m[K
[11.188s] In file included from [01m[K/home/yeray/sensors_ws/src/optris_drivers2/src/OptrisColorconvert.h:10[m[K,
[11.189s]                  from [01m[K/home/yeray/sensors_ws/src/optris_drivers2/src/OptrisColorconvert.cpp:1[m[K:
[11.189s] [01m[K/opt/ros/humble/include/camera_info_manager/camera_info_manager/camera_info_manager.h:41:93:[m[K [01;36m[Knote: [m[K‘[01m[K#pragma message: Warning: This header is deprecated. Use 'camera_info_manager.hpp' instead[m[K’
[11.189s]    41 | #pragma message ("Warning: This header is deprecated. Use 'camera_info_manager.hpp' instead"[01;36m[K)[m[K
[11.189s]       |                                                                                             [01;36m[K^[m[K
[11.273s] In file included from [01m[K/opt/ros/humble/include/rclcpp/rclcpp/logging.hpp:24[m[K,
[11.273s]                  from [01m[K/opt/ros/humble/include/rclcpp/rclcpp/client.hpp:40[m[K,
[11.273s]                  from [01m[K/opt/ros/humble/include/rclcpp/rclcpp/callback_group.hpp:24[m[K,
[11.274s]                  from [01m[K/opt/ros/humble/include/rclcpp/rclcpp/any_executable.hpp:20[m[K,
[11.274s]                  from [01m[K/opt/ros/humble/include/rclcpp/rclcpp/memory_strategy.hpp:25[m[K,
[11.274s]                  from [01m[K/opt/ros/humble/include/rclcpp/rclcpp/memory_strategies.hpp:18[m[K,
[11.274s]                  from [01m[K/opt/ros/humble/include/rclcpp/rclcpp/executor_options.hpp:20[m[K,
[11.274s]                  from [01m[K/opt/ros/humble/include/rclcpp/rclcpp/executor.hpp:37[m[K,
[11.274s]                  from [01m[K/opt/ros/humble/include/rclcpp/rclcpp/executors/multi_threaded_executor.hpp:25[m[K,
[11.275s]                  from [01m[K/opt/ros/humble/include/rclcpp/rclcpp/executors.hpp:21[m[K,
[11.275s]                  from [01m[K/opt/ros/humble/include/rclcpp/rclcpp/rclcpp.hpp:155[m[K,
[11.275s]                  from [01m[K/home/yeray/sensors_ws/src/optris_drivers2/src/OptrisColorconvert.h:4[m[K,
[11.275s]                  from [01m[K/home/yeray/sensors_ws/src/optris_drivers2/src/OptrisColorconvert.cpp:1[m[K:
[11.275s] [01m[K/home/yeray/sensors_ws/src/optris_drivers2/src/OptrisColorconvert.cpp:[m[K In constructor ‘[01m[Koptris_drivers2::OptrisColorconvert::OptrisColorconvert()[m[K’:
[11.275s] [01m[K/home/yeray/sensors_ws/src/optris_drivers2/src/OptrisColorconvert.cpp:63:39:[m[K [01;35m[Kwarning: [m[Kformat ‘[01m[K%s[m[K’ expects argument of type ‘[01m[Kchar*[m[K’, but argument 5 has type ‘[01m[Kstd::string[m[K’ {aka ‘[01m[Kstd::__cxx11::basic_string<char>[m[K’} [[01;35m[K]8;;https://gcc.gnu.org/onlinedocs/gcc/Warning-Options.html#index-Wformat=-Wformat=]8;;[m[K]
[11.276s]    63 |       RCLCPP_WARN(this->get_logger(), [01;35m[K"[%s] name not valid for camera_info_manger"[m[K, camera_name);
[11.276s]       |                                       [01;35m[K^~~~~~~~~~~~~~~~~~~~~~~~~~~~~~~~~~~~~~~~~~~~[m[K
[11.276s] [01m[K/home/yeray/sensors_ws/src/optris_drivers2/src/OptrisColorconvert.cpp:63:42:[m[K [01;36m[Knote: [m[Kformat string is defined here
[11.276s]    63 |       RCLCPP_WARN(this->get_logger(), "[[01;36m[K%s[m[K] name not valid for camera_info_manger", camera_name);
[11.276s]       |                                         [01;36m[K~^[m[K
[11.277s]       |                                          [01;36m[K|[m[K
[11.277s]       |                                          [01;36m[Kchar*[m[K
[13.060s] [ 98%] [32m[1mLinking CXX executable optris_colorconvert_node[0m
[13.337s] [ 98%] Built target optris_colorconvert_node
[17.124s] [100%] [32m[1mLinking CXX executable optris_imager_node[0m
[17.583s] [100%] Built target optris_imager_node
[17.597s] Invoked command in '/home/yeray/sensors_ws/build/optris_drivers2' returned '0': CMAKE_PREFIX_PATH=${CMAKE_PREFIX_PATH}:/opt/ros/humble /usr/bin/cmake --build /home/yeray/sensors_ws/build/optris_drivers2 -- -j8 -l8
[17.818s] Invoking command in '/home/yeray/sensors_ws/build/optris_drivers2': CMAKE_PREFIX_PATH=${CMAKE_PREFIX_PATH}:/opt/ros/humble /usr/bin/cmake --install /home/yeray/sensors_ws/build/optris_drivers2
[17.831s] -- Install configuration: ""
[17.831s] -- Installing: /home/yeray/sensors_ws/install/optris_drivers2/share/ament_index/resource_index/rosidl_interfaces/optris_drivers2
[17.832s] -- Installing: /home/yeray/sensors_ws/install/optris_drivers2/include/optris_drivers2/optris_drivers2
[17.832s] -- Installing: /home/yeray/sensors_ws/install/optris_drivers2/include/optris_drivers2/optris_drivers2/srv
[17.832s] -- Installing: /home/yeray/sensors_ws/install/optris_drivers2/include/optris_drivers2/optris_drivers2/srv/temperature_range.h
[17.832s] -- Installing: /home/yeray/sensors_ws/install/optris_drivers2/include/optris_drivers2/optris_drivers2/srv/palette.h
[17.833s] -- Installing: /home/yeray/sensors_ws/install/optris_drivers2/include/optris_drivers2/optris_drivers2/srv/detail
[17.833s] -- Installing: /home/yeray/sensors_ws/install/optris_drivers2/include/optris_drivers2/optris_drivers2/srv/detail/temperature_range__type_support.h
[17.833s] -- Installing: /home/yeray/sensors_ws/install/optris_drivers2/include/optris_drivers2/optris_drivers2/srv/detail/palette__struct.h
[17.833s] -- Installing: /home/yeray/sensors_ws/install/optris_drivers2/include/optris_drivers2/optris_drivers2/srv/detail/auto_flag__struct.h
[17.833s] -- Installing: /home/yeray/sensors_ws/install/optris_drivers2/include/optris_drivers2/optris_drivers2/srv/detail/auto_flag__functions.h
[17.833s] -- Installing: /home/yeray/sensors_ws/install/optris_drivers2/include/optris_drivers2/optris_drivers2/srv/detail/temperature_range__functions.c
[17.833s] -- Installing: /home/yeray/sensors_ws/install/optris_drivers2/include/optris_drivers2/optris_drivers2/srv/detail/palette__functions.c
[17.834s] -- Installing: /home/yeray/sensors_ws/install/optris_drivers2/include/optris_drivers2/optris_drivers2/srv/detail/auto_flag__functions.c
[17.834s] -- Installing: /home/yeray/sensors_ws/install/optris_drivers2/include/optris_drivers2/optris_drivers2/srv/detail/auto_flag__type_support.h
[17.834s] -- Installing: /home/yeray/sensors_ws/install/optris_drivers2/include/optris_drivers2/optris_drivers2/srv/detail/temperature_range__struct.h
[17.834s] -- Installing: /home/yeray/sensors_ws/install/optris_drivers2/include/optris_drivers2/optris_drivers2/srv/detail/palette__functions.h
[17.834s] -- Installing: /home/yeray/sensors_ws/install/optris_drivers2/include/optris_drivers2/optris_drivers2/srv/detail/temperature_range__functions.h
[17.834s] -- Installing: /home/yeray/sensors_ws/install/optris_drivers2/include/optris_drivers2/optris_drivers2/srv/detail/palette__type_support.h
[17.834s] -- Installing: /home/yeray/sensors_ws/install/optris_drivers2/include/optris_drivers2/optris_drivers2/srv/auto_flag.h
[17.835s] -- Installing: /home/yeray/sensors_ws/install/optris_drivers2/include/optris_drivers2/optris_drivers2/msg
[17.835s] -- Installing: /home/yeray/sensors_ws/install/optris_drivers2/include/optris_drivers2/optris_drivers2/msg/flag.h
[17.835s] -- Installing: /home/yeray/sensors_ws/install/optris_drivers2/include/optris_drivers2/optris_drivers2/msg/rosidl_generator_c__visibility_control.h
[17.835s] -- Installing: /home/yeray/sensors_ws/install/optris_drivers2/include/optris_drivers2/optris_drivers2/msg/detail
[17.835s] -- Installing: /home/yeray/sensors_ws/install/optris_drivers2/include/optris_drivers2/optris_drivers2/msg/detail/flag__functions.c
[17.835s] -- Installing: /home/yeray/sensors_ws/install/optris_drivers2/include/optris_drivers2/optris_drivers2/msg/detail/temperature__struct.h
[17.835s] -- Installing: /home/yeray/sensors_ws/install/optris_drivers2/include/optris_drivers2/optris_drivers2/msg/detail/temperature__type_support.h
[17.836s] -- Installing: /home/yeray/sensors_ws/install/optris_drivers2/include/optris_drivers2/optris_drivers2/msg/detail/flag__struct.h
[17.836s] -- Installing: /home/yeray/sensors_ws/install/optris_drivers2/include/optris_drivers2/optris_drivers2/msg/detail/temperature__functions.c
[17.836s] -- Installing: /home/yeray/sensors_ws/install/optris_drivers2/include/optris_drivers2/optris_drivers2/msg/detail/flag__functions.h
[17.836s] -- Installing: /home/yeray/sensors_ws/install/optris_drivers2/include/optris_drivers2/optris_drivers2/msg/detail/flag__type_support.h
[17.836s] -- Installing: /home/yeray/sensors_ws/install/optris_drivers2/include/optris_drivers2/optris_drivers2/msg/detail/temperature__functions.h
[17.836s] -- Installing: /home/yeray/sensors_ws/install/optris_drivers2/include/optris_drivers2/optris_drivers2/msg/temperature.h
[17.837s] -- Installing: /home/yeray/sensors_ws/install/optris_drivers2/share/optris_drivers2/environment/library_path.sh
[17.837s] -- Installing: /home/yeray/sensors_ws/install/optris_drivers2/share/optris_drivers2/environment/library_path.dsv
[17.837s] -- Installing: /home/yeray/sensors_ws/install/optris_drivers2/lib/liboptris_drivers2__rosidl_generator_c.so
[17.838s] -- Set runtime path of "/home/yeray/sensors_ws/install/optris_drivers2/lib/liboptris_drivers2__rosidl_generator_c.so" to ""
[17.838s] -- Up-to-date: /home/yeray/sensors_ws/install/optris_drivers2/include/optris_drivers2/optris_drivers2
[17.838s] -- Up-to-date: /home/yeray/sensors_ws/install/optris_drivers2/include/optris_drivers2/optris_drivers2/srv
[17.838s] -- Up-to-date: /home/yeray/sensors_ws/install/optris_drivers2/include/optris_drivers2/optris_drivers2/srv/detail
[17.838s] -- Installing: /home/yeray/sensors_ws/install/optris_drivers2/include/optris_drivers2/optris_drivers2/srv/detail/auto_flag__rosidl_typesupport_fastrtps_c.h
[17.838s] -- Installing: /home/yeray/sensors_ws/install/optris_drivers2/include/optris_drivers2/optris_drivers2/srv/detail/temperature_range__rosidl_typesupport_fastrtps_c.h
[17.839s] -- Installing: /home/yeray/sensors_ws/install/optris_drivers2/include/optris_drivers2/optris_drivers2/srv/detail/palette__rosidl_typesupport_fastrtps_c.h
[17.839s] -- Up-to-date: /home/yeray/sensors_ws/install/optris_drivers2/include/optris_drivers2/optris_drivers2/msg
[17.839s] -- Installing: /home/yeray/sensors_ws/install/optris_drivers2/include/optris_drivers2/optris_drivers2/msg/rosidl_typesupport_fastrtps_c__visibility_control.h
[17.839s] -- Up-to-date: /home/yeray/sensors_ws/install/optris_drivers2/include/optris_drivers2/optris_drivers2/msg/detail
[17.839s] -- Installing: /home/yeray/sensors_ws/install/optris_drivers2/include/optris_drivers2/optris_drivers2/msg/detail/flag__rosidl_typesupport_fastrtps_c.h
[17.839s] -- Installing: /home/yeray/sensors_ws/install/optris_drivers2/include/optris_drivers2/optris_drivers2/msg/detail/temperature__rosidl_typesupport_fastrtps_c.h
[17.840s] -- Installing: /home/yeray/sensors_ws/install/optris_drivers2/lib/liboptris_drivers2__rosidl_typesupport_fastrtps_c.so
[17.840s] -- Set runtime path of "/home/yeray/sensors_ws/install/optris_drivers2/lib/liboptris_drivers2__rosidl_typesupport_fastrtps_c.so" to ""
[17.840s] -- Up-to-date: /home/yeray/sensors_ws/install/optris_drivers2/include/optris_drivers2/optris_drivers2
[17.840s] -- Up-to-date: /home/yeray/sensors_ws/install/optris_drivers2/include/optris_drivers2/optris_drivers2/srv
[17.840s] -- Up-to-date: /home/yeray/sensors_ws/install/optris_drivers2/include/optris_drivers2/optris_drivers2/srv/detail
[17.840s] -- Installing: /home/yeray/sensors_ws/install/optris_drivers2/include/optris_drivers2/optris_drivers2/srv/detail/auto_flag__builder.hpp
[17.840s] -- Installing: /home/yeray/sensors_ws/install/optris_drivers2/include/optris_drivers2/optris_drivers2/srv/detail/auto_flag__struct.hpp
[17.840s] -- Installing: /home/yeray/sensors_ws/install/optris_drivers2/include/optris_drivers2/optris_drivers2/srv/detail/palette__traits.hpp
[17.841s] -- Installing: /home/yeray/sensors_ws/install/optris_drivers2/include/optris_drivers2/optris_drivers2/srv/detail/temperature_range__builder.hpp
[17.841s] -- Installing: /home/yeray/sensors_ws/install/optris_drivers2/include/optris_drivers2/optris_drivers2/srv/detail/palette__builder.hpp
[17.841s] -- Installing: /home/yeray/sensors_ws/install/optris_drivers2/include/optris_drivers2/optris_drivers2/srv/detail/auto_flag__traits.hpp
[17.841s] -- Installing: /home/yeray/sensors_ws/install/optris_drivers2/include/optris_drivers2/optris_drivers2/srv/detail/temperature_range__struct.hpp
[17.841s] -- Installing: /home/yeray/sensors_ws/install/optris_drivers2/include/optris_drivers2/optris_drivers2/srv/detail/temperature_range__traits.hpp
[17.841s] -- Installing: /home/yeray/sensors_ws/install/optris_drivers2/include/optris_drivers2/optris_drivers2/srv/detail/palette__struct.hpp
[17.841s] -- Installing: /home/yeray/sensors_ws/install/optris_drivers2/include/optris_drivers2/optris_drivers2/srv/palette.hpp
[17.841s] -- Installing: /home/yeray/sensors_ws/install/optris_drivers2/include/optris_drivers2/optris_drivers2/srv/auto_flag.hpp
[17.841s] -- Installing: /home/yeray/sensors_ws/install/optris_drivers2/include/optris_drivers2/optris_drivers2/srv/temperature_range.hpp
[17.842s] -- Up-to-date: /home/yeray/sensors_ws/install/optris_drivers2/include/optris_drivers2/optris_drivers2/msg
[17.842s] -- Installing: /home/yeray/sensors_ws/install/optris_drivers2/include/optris_drivers2/optris_drivers2/msg/flag.hpp
[17.842s] -- Installing: /home/yeray/sensors_ws/install/optris_drivers2/include/optris_drivers2/optris_drivers2/msg/temperature.hpp
[17.842s] -- Up-to-date: /home/yeray/sensors_ws/install/optris_drivers2/include/optris_drivers2/optris_drivers2/msg/detail
[17.842s] -- Installing: /home/yeray/sensors_ws/install/optris_drivers2/include/optris_drivers2/optris_drivers2/msg/detail/flag__traits.hpp
[17.842s] -- Installing: /home/yeray/sensors_ws/install/optris_drivers2/include/optris_drivers2/optris_drivers2/msg/detail/temperature__traits.hpp
[17.842s] -- Installing: /home/yeray/sensors_ws/install/optris_drivers2/include/optris_drivers2/optris_drivers2/msg/detail/flag__struct.hpp
[17.842s] -- Installing: /home/yeray/sensors_ws/install/optris_drivers2/include/optris_drivers2/optris_drivers2/msg/detail/temperature__builder.hpp
[17.843s] -- Installing: /home/yeray/sensors_ws/install/optris_drivers2/include/optris_drivers2/optris_drivers2/msg/detail/temperature__struct.hpp
[17.843s] -- Installing: /home/yeray/sensors_ws/install/optris_drivers2/include/optris_drivers2/optris_drivers2/msg/detail/flag__builder.hpp
[17.843s] -- Up-to-date: /home/yeray/sensors_ws/install/optris_drivers2/include/optris_drivers2/optris_drivers2
[17.843s] -- Up-to-date: /home/yeray/sensors_ws/install/optris_drivers2/include/optris_drivers2/optris_drivers2/srv
[17.843s] -- Up-to-date: /home/yeray/sensors_ws/install/optris_drivers2/include/optris_drivers2/optris_drivers2/srv/detail
[17.843s] -- Installing: /home/yeray/sensors_ws/install/optris_drivers2/include/optris_drivers2/optris_drivers2/srv/detail/auto_flag__rosidl_typesupport_fastrtps_cpp.hpp
[17.843s] -- Installing: /home/yeray/sensors_ws/install/optris_drivers2/include/optris_drivers2/optris_drivers2/srv/detail/dds_fastrtps
[17.843s] -- Installing: /home/yeray/sensors_ws/install/optris_drivers2/include/optris_drivers2/optris_drivers2/srv/detail/temperature_range__rosidl_typesupport_fastrtps_cpp.hpp
[17.844s] -- Installing: /home/yeray/sensors_ws/install/optris_drivers2/include/optris_drivers2/optris_drivers2/srv/detail/palette__rosidl_typesupport_fastrtps_cpp.hpp
[17.844s] -- Up-to-date: /home/yeray/sensors_ws/install/optris_drivers2/include/optris_drivers2/optris_drivers2/msg
[17.844s] -- Installing: /home/yeray/sensors_ws/install/optris_drivers2/include/optris_drivers2/optris_drivers2/msg/rosidl_typesupport_fastrtps_cpp__visibility_control.h
[17.844s] -- Up-to-date: /home/yeray/sensors_ws/install/optris_drivers2/include/optris_drivers2/optris_drivers2/msg/detail
[17.844s] -- Installing: /home/yeray/sensors_ws/install/optris_drivers2/include/optris_drivers2/optris_drivers2/msg/detail/dds_fastrtps
[17.844s] -- Installing: /home/yeray/sensors_ws/install/optris_drivers2/include/optris_drivers2/optris_drivers2/msg/detail/temperature__rosidl_typesupport_fastrtps_cpp.hpp
[17.844s] -- Installing: /home/yeray/sensors_ws/install/optris_drivers2/include/optris_drivers2/optris_drivers2/msg/detail/flag__rosidl_typesupport_fastrtps_cpp.hpp
[17.844s] -- Installing: /home/yeray/sensors_ws/install/optris_drivers2/lib/liboptris_drivers2__rosidl_typesupport_fastrtps_cpp.so
[17.844s] -- Set runtime path of "/home/yeray/sensors_ws/install/optris_drivers2/lib/liboptris_drivers2__rosidl_typesupport_fastrtps_cpp.so" to ""
[17.845s] -- Up-to-date: /home/yeray/sensors_ws/install/optris_drivers2/include/optris_drivers2/optris_drivers2
[17.845s] -- Up-to-date: /home/yeray/sensors_ws/install/optris_drivers2/include/optris_drivers2/optris_drivers2/srv
[17.845s] -- Up-to-date: /home/yeray/sensors_ws/install/optris_drivers2/include/optris_drivers2/optris_drivers2/srv/detail
[17.845s] -- Installing: /home/yeray/sensors_ws/install/optris_drivers2/include/optris_drivers2/optris_drivers2/srv/detail/palette__rosidl_typesupport_introspection_c.h
[17.845s] -- Installing: /home/yeray/sensors_ws/install/optris_drivers2/include/optris_drivers2/optris_drivers2/srv/detail/temperature_range__type_support.c
[17.845s] -- Installing: /home/yeray/sensors_ws/install/optris_drivers2/include/optris_drivers2/optris_drivers2/srv/detail/palette__type_support.c
[17.845s] -- Installing: /home/yeray/sensors_ws/install/optris_drivers2/include/optris_drivers2/optris_drivers2/srv/detail/temperature_range__rosidl_typesupport_introspection_c.h
[17.845s] -- Installing: /home/yeray/sensors_ws/install/optris_drivers2/include/optris_drivers2/optris_drivers2/srv/detail/auto_flag__type_support.c
[17.845s] -- Installing: /home/yeray/sensors_ws/install/optris_drivers2/include/optris_drivers2/optris_drivers2/srv/detail/auto_flag__rosidl_typesupport_introspection_c.h
[17.846s] -- Up-to-date: /home/yeray/sensors_ws/install/optris_drivers2/include/optris_drivers2/optris_drivers2/msg
[17.846s] -- Installing: /home/yeray/sensors_ws/install/optris_drivers2/include/optris_drivers2/optris_drivers2/msg/rosidl_typesupport_introspection_c__visibility_control.h
[17.846s] -- Up-to-date: /home/yeray/sensors_ws/install/optris_drivers2/include/optris_drivers2/optris_drivers2/msg/detail
[17.846s] -- Installing: /home/yeray/sensors_ws/install/optris_drivers2/include/optris_drivers2/optris_drivers2/msg/detail/flag__rosidl_typesupport_introspection_c.h
[17.846s] -- Installing: /home/yeray/sensors_ws/install/optris_drivers2/include/optris_drivers2/optris_drivers2/msg/detail/flag__type_support.c
[17.846s] -- Installing: /home/yeray/sensors_ws/install/optris_drivers2/include/optris_drivers2/optris_drivers2/msg/detail/temperature__rosidl_typesupport_introspection_c.h
[17.846s] -- Installing: /home/yeray/sensors_ws/install/optris_drivers2/include/optris_drivers2/optris_drivers2/msg/detail/temperature__type_support.c
[17.846s] -- Installing: /home/yeray/sensors_ws/install/optris_drivers2/lib/liboptris_drivers2__rosidl_typesupport_introspection_c.so
[17.846s] -- Set runtime path of "/home/yeray/sensors_ws/install/optris_drivers2/lib/liboptris_drivers2__rosidl_typesupport_introspection_c.so" to ""
[17.846s] -- Installing: /home/yeray/sensors_ws/install/optris_drivers2/lib/liboptris_drivers2__rosidl_typesupport_c.so
[17.847s] -- Set runtime path of "/home/yeray/sensors_ws/install/optris_drivers2/lib/liboptris_drivers2__rosidl_typesupport_c.so" to ""
[17.847s] -- Up-to-date: /home/yeray/sensors_ws/install/optris_drivers2/include/optris_drivers2/optris_drivers2
[17.847s] -- Up-to-date: /home/yeray/sensors_ws/install/optris_drivers2/include/optris_drivers2/optris_drivers2/srv
[17.847s] -- Up-to-date: /home/yeray/sensors_ws/install/optris_drivers2/include/optris_drivers2/optris_drivers2/srv/detail
[17.847s] -- Installing: /home/yeray/sensors_ws/install/optris_drivers2/include/optris_drivers2/optris_drivers2/srv/detail/temperature_range__rosidl_typesupport_introspection_cpp.hpp
[17.847s] -- Installing: /home/yeray/sensors_ws/install/optris_drivers2/include/optris_drivers2/optris_drivers2/srv/detail/auto_flag__type_support.cpp
[17.847s] -- Installing: /home/yeray/sensors_ws/install/optris_drivers2/include/optris_drivers2/optris_drivers2/srv/detail/auto_flag__rosidl_typesupport_introspection_cpp.hpp
[17.847s] -- Installing: /home/yeray/sensors_ws/install/optris_drivers2/include/optris_drivers2/optris_drivers2/srv/detail/palette__type_support.cpp
[17.847s] -- Installing: /home/yeray/sensors_ws/install/optris_drivers2/include/optris_drivers2/optris_drivers2/srv/detail/palette__rosidl_typesupport_introspection_cpp.hpp
[17.848s] -- Installing: /home/yeray/sensors_ws/install/optris_drivers2/include/optris_drivers2/optris_drivers2/srv/detail/temperature_range__type_support.cpp
[17.848s] -- Up-to-date: /home/yeray/sensors_ws/install/optris_drivers2/include/optris_drivers2/optris_drivers2/msg
[17.848s] -- Up-to-date: /home/yeray/sensors_ws/install/optris_drivers2/include/optris_drivers2/optris_drivers2/msg/detail
[17.848s] -- Installing: /home/yeray/sensors_ws/install/optris_drivers2/include/optris_drivers2/optris_drivers2/msg/detail/temperature__rosidl_typesupport_introspection_cpp.hpp
[17.848s] -- Installing: /home/yeray/sensors_ws/install/optris_drivers2/include/optris_drivers2/optris_drivers2/msg/detail/flag__type_support.cpp
[17.848s] -- Installing: /home/yeray/sensors_ws/install/optris_drivers2/include/optris_drivers2/optris_drivers2/msg/detail/flag__rosidl_typesupport_introspection_cpp.hpp
[17.848s] -- Installing: /home/yeray/sensors_ws/install/optris_drivers2/include/optris_drivers2/optris_drivers2/msg/detail/temperature__type_support.cpp
[17.848s] -- Installing: /home/yeray/sensors_ws/install/optris_drivers2/lib/liboptris_drivers2__rosidl_typesupport_introspection_cpp.so
[17.848s] -- Set runtime path of "/home/yeray/sensors_ws/install/optris_drivers2/lib/liboptris_drivers2__rosidl_typesupport_introspection_cpp.so" to ""
[17.848s] -- Installing: /home/yeray/sensors_ws/install/optris_drivers2/lib/liboptris_drivers2__rosidl_typesupport_cpp.so
[17.848s] -- Set runtime path of "/home/yeray/sensors_ws/install/optris_drivers2/lib/liboptris_drivers2__rosidl_typesupport_cpp.so" to ""
[17.849s] -- Installing: /home/yeray/sensors_ws/install/optris_drivers2/share/optris_drivers2/environment/pythonpath.sh
[17.849s] -- Installing: /home/yeray/sensors_ws/install/optris_drivers2/share/optris_drivers2/environment/pythonpath.dsv
[17.849s] -- Installing: /home/yeray/sensors_ws/install/optris_drivers2/local/lib/python3.10/dist-packages/optris_drivers2-0.0.1-py3.10.egg-info
[17.849s] -- Installing: /home/yeray/sensors_ws/install/optris_drivers2/local/lib/python3.10/dist-packages/optris_drivers2-0.0.1-py3.10.egg-info/SOURCES.txt
[17.849s] -- Installing: /home/yeray/sensors_ws/install/optris_drivers2/local/lib/python3.10/dist-packages/optris_drivers2-0.0.1-py3.10.egg-info/PKG-INFO
[17.849s] -- Installing: /home/yeray/sensors_ws/install/optris_drivers2/local/lib/python3.10/dist-packages/optris_drivers2-0.0.1-py3.10.egg-info/top_level.txt
[17.849s] -- Installing: /home/yeray/sensors_ws/install/optris_drivers2/local/lib/python3.10/dist-packages/optris_drivers2-0.0.1-py3.10.egg-info/dependency_links.txt
[17.850s] -- Installing: /home/yeray/sensors_ws/install/optris_drivers2/local/lib/python3.10/dist-packages/optris_drivers2
[17.850s] -- Installing: /home/yeray/sensors_ws/install/optris_drivers2/local/lib/python3.10/dist-packages/optris_drivers2/srv
[17.850s] -- Installing: /home/yeray/sensors_ws/install/optris_drivers2/local/lib/python3.10/dist-packages/optris_drivers2/srv/_auto_flag_s.c
[17.850s] -- Installing: /home/yeray/sensors_ws/install/optris_drivers2/local/lib/python3.10/dist-packages/optris_drivers2/srv/__init__.py
[17.850s] -- Installing: /home/yeray/sensors_ws/install/optris_drivers2/local/lib/python3.10/dist-packages/optris_drivers2/srv/_auto_flag.py
[17.850s] -- Installing: /home/yeray/sensors_ws/install/optris_drivers2/local/lib/python3.10/dist-packages/optris_drivers2/srv/_temperature_range.py
[17.850s] -- Installing: /home/yeray/sensors_ws/install/optris_drivers2/local/lib/python3.10/dist-packages/optris_drivers2/srv/_palette.py
[17.850s] -- Installing: /home/yeray/sensors_ws/install/optris_drivers2/local/lib/python3.10/dist-packages/optris_drivers2/srv/_palette_s.c
[17.850s] -- Installing: /home/yeray/sensors_ws/install/optris_drivers2/local/lib/python3.10/dist-packages/optris_drivers2/srv/_temperature_range_s.c
[17.850s] -- Installing: /home/yeray/sensors_ws/install/optris_drivers2/local/lib/python3.10/dist-packages/optris_drivers2/__init__.py
[17.850s] -- Installing: /home/yeray/sensors_ws/install/optris_drivers2/local/lib/python3.10/dist-packages/optris_drivers2/msg
[17.851s] -- Installing: /home/yeray/sensors_ws/install/optris_drivers2/local/lib/python3.10/dist-packages/optris_drivers2/msg/_temperature_s.c
[17.851s] -- Installing: /home/yeray/sensors_ws/install/optris_drivers2/local/lib/python3.10/dist-packages/optris_drivers2/msg/__init__.py
[17.851s] -- Installing: /home/yeray/sensors_ws/install/optris_drivers2/local/lib/python3.10/dist-packages/optris_drivers2/msg/_flag.py
[17.851s] -- Installing: /home/yeray/sensors_ws/install/optris_drivers2/local/lib/python3.10/dist-packages/optris_drivers2/msg/_temperature.py
[17.851s] -- Installing: /home/yeray/sensors_ws/install/optris_drivers2/local/lib/python3.10/dist-packages/optris_drivers2/msg/_flag_s.c
[17.851s] -- Installing: /home/yeray/sensors_ws/install/optris_drivers2/local/lib/python3.10/dist-packages/optris_drivers2/liboptris_drivers2__rosidl_generator_py.so
[17.851s] -- Installing: /home/yeray/sensors_ws/install/optris_drivers2/local/lib/python3.10/dist-packages/optris_drivers2/optris_drivers2_s__rosidl_typesupport_introspection_c.cpython-310-x86_64-linux-gnu.so
[17.851s] -- Installing: /home/yeray/sensors_ws/install/optris_drivers2/local/lib/python3.10/dist-packages/optris_drivers2/optris_drivers2_s__rosidl_typesupport_fastrtps_c.cpython-310-x86_64-linux-gnu.so
[17.851s] -- Installing: /home/yeray/sensors_ws/install/optris_drivers2/local/lib/python3.10/dist-packages/optris_drivers2/_optris_drivers2_s.ep.rosidl_typesupport_fastrtps_c.c
[17.851s] -- Installing: /home/yeray/sensors_ws/install/optris_drivers2/local/lib/python3.10/dist-packages/optris_drivers2/optris_drivers2_s__rosidl_typesupport_c.cpython-310-x86_64-linux-gnu.so
[17.851s] -- Installing: /home/yeray/sensors_ws/install/optris_drivers2/local/lib/python3.10/dist-packages/optris_drivers2/_optris_drivers2_s.ep.rosidl_typesupport_c.c
[17.852s] -- Installing: /home/yeray/sensors_ws/install/optris_drivers2/local/lib/python3.10/dist-packages/optris_drivers2/_optris_drivers2_s.ep.rosidl_typesupport_introspection_c.c
[17.891s] Listing '/home/yeray/sensors_ws/install/optris_drivers2/local/lib/python3.10/dist-packages/optris_drivers2'...
[17.891s] Compiling '/home/yeray/sensors_ws/install/optris_drivers2/local/lib/python3.10/dist-packages/optris_drivers2/__init__.py'...
[17.891s] Listing '/home/yeray/sensors_ws/install/optris_drivers2/local/lib/python3.10/dist-packages/optris_drivers2/msg'...
[17.891s] Compiling '/home/yeray/sensors_ws/install/optris_drivers2/local/lib/python3.10/dist-packages/optris_drivers2/msg/__init__.py'...
[17.891s] Compiling '/home/yeray/sensors_ws/install/optris_drivers2/local/lib/python3.10/dist-packages/optris_drivers2/msg/_flag.py'...
[17.891s] Compiling '/home/yeray/sensors_ws/install/optris_drivers2/local/lib/python3.10/dist-packages/optris_drivers2/msg/_temperature.py'...
[17.891s] Listing '/home/yeray/sensors_ws/install/optris_drivers2/local/lib/python3.10/dist-packages/optris_drivers2/srv'...
[17.891s] Compiling '/home/yeray/sensors_ws/install/optris_drivers2/local/lib/python3.10/dist-packages/optris_drivers2/srv/__init__.py'...
[17.891s] Compiling '/home/yeray/sensors_ws/install/optris_drivers2/local/lib/python3.10/dist-packages/optris_drivers2/srv/_auto_flag.py'...
[17.891s] Compiling '/home/yeray/sensors_ws/install/optris_drivers2/local/lib/python3.10/dist-packages/optris_drivers2/srv/_palette.py'...
[17.891s] Compiling '/home/yeray/sensors_ws/install/optris_drivers2/local/lib/python3.10/dist-packages/optris_drivers2/srv/_temperature_range.py'...
[17.895s] -- Installing: /home/yeray/sensors_ws/install/optris_drivers2/local/lib/python3.10/dist-packages/optris_drivers2/optris_drivers2_s__rosidl_typesupport_fastrtps_c.cpython-310-x86_64-linux-gnu.so
[17.895s] -- Set runtime path of "/home/yeray/sensors_ws/install/optris_drivers2/local/lib/python3.10/dist-packages/optris_drivers2/optris_drivers2_s__rosidl_typesupport_fastrtps_c.cpython-310-x86_64-linux-gnu.so" to ""
[17.895s] -- Installing: /home/yeray/sensors_ws/install/optris_drivers2/local/lib/python3.10/dist-packages/optris_drivers2/optris_drivers2_s__rosidl_typesupport_introspection_c.cpython-310-x86_64-linux-gnu.so
[17.895s] -- Set runtime path of "/home/yeray/sensors_ws/install/optris_drivers2/local/lib/python3.10/dist-packages/optris_drivers2/optris_drivers2_s__rosidl_typesupport_introspection_c.cpython-310-x86_64-linux-gnu.so" to ""
[17.896s] -- Installing: /home/yeray/sensors_ws/install/optris_drivers2/local/lib/python3.10/dist-packages/optris_drivers2/optris_drivers2_s__rosidl_typesupport_c.cpython-310-x86_64-linux-gnu.so
[17.896s] -- Set runtime path of "/home/yeray/sensors_ws/install/optris_drivers2/local/lib/python3.10/dist-packages/optris_drivers2/optris_drivers2_s__rosidl_typesupport_c.cpython-310-x86_64-linux-gnu.so" to ""
[17.896s] -- Installing: /home/yeray/sensors_ws/install/optris_drivers2/lib/liboptris_drivers2__rosidl_generator_py.so
[17.896s] -- Set runtime path of "/home/yeray/sensors_ws/install/optris_drivers2/lib/liboptris_drivers2__rosidl_generator_py.so" to ""
[17.896s] -- Installing: /home/yeray/sensors_ws/install/optris_drivers2/share/optris_drivers2/msg/Temperature.idl
[17.896s] -- Installing: /home/yeray/sensors_ws/install/optris_drivers2/share/optris_drivers2/msg/Flag.idl
[17.896s] -- Installing: /home/yeray/sensors_ws/install/optris_drivers2/share/optris_drivers2/srv/AutoFlag.idl
[17.897s] -- Installing: /home/yeray/sensors_ws/install/optris_drivers2/share/optris_drivers2/srv/TemperatureRange.idl
[17.897s] -- Installing: /home/yeray/sensors_ws/install/optris_drivers2/share/optris_drivers2/srv/Palette.idl
[17.897s] -- Installing: /home/yeray/sensors_ws/install/optris_drivers2/share/optris_drivers2/msg/Temperature.msg
[17.897s] -- Installing: /home/yeray/sensors_ws/install/optris_drivers2/share/optris_drivers2/msg/Flag.msg
[17.897s] -- Installing: /home/yeray/sensors_ws/install/optris_drivers2/share/optris_drivers2/srv/AutoFlag.srv
[17.897s] -- Installing: /home/yeray/sensors_ws/install/optris_drivers2/share/optris_drivers2/srv/AutoFlag_Request.msg
[17.897s] -- Installing: /home/yeray/sensors_ws/install/optris_drivers2/share/optris_drivers2/srv/AutoFlag_Response.msg
[17.897s] -- Installing: /home/yeray/sensors_ws/install/optris_drivers2/share/optris_drivers2/srv/TemperatureRange.srv
[17.897s] -- Installing: /home/yeray/sensors_ws/install/optris_drivers2/share/optris_drivers2/srv/TemperatureRange_Request.msg
[17.898s] -- Installing: /home/yeray/sensors_ws/install/optris_drivers2/share/optris_drivers2/srv/TemperatureRange_Response.msg
[17.898s] -- Installing: /home/yeray/sensors_ws/install/optris_drivers2/share/optris_drivers2/srv/Palette.srv
[17.898s] -- Installing: /home/yeray/sensors_ws/install/optris_drivers2/share/optris_drivers2/srv/Palette_Request.msg
[17.898s] -- Installing: /home/yeray/sensors_ws/install/optris_drivers2/share/optris_drivers2/srv/Palette_Response.msg
[17.898s] -- Installing: /home/yeray/sensors_ws/install/optris_drivers2/lib/optris_drivers2/optris_imager_node
[17.900s] -- Set runtime path of "/home/yeray/sensors_ws/install/optris_drivers2/lib/optris_drivers2/optris_imager_node" to ""
[17.900s] -- Installing: /home/yeray/sensors_ws/install/optris_drivers2/lib/optris_drivers2/optris_colorconvert_node
[17.901s] -- Set runtime path of "/home/yeray/sensors_ws/install/optris_drivers2/lib/optris_drivers2/optris_colorconvert_node" to ""
[17.901s] -- Installing: /home/yeray/sensors_ws/install/optris_drivers2/share/ament_index/resource_index/package_run_dependencies/optris_drivers2
[17.901s] -- Installing: /home/yeray/sensors_ws/install/optris_drivers2/share/ament_index/resource_index/parent_prefix_path/optris_drivers2
[17.901s] -- Installing: /home/yeray/sensors_ws/install/optris_drivers2/share/optris_drivers2/environment/ament_prefix_path.sh
[17.901s] -- Installing: /home/yeray/sensors_ws/install/optris_drivers2/share/optris_drivers2/environment/ament_prefix_path.dsv
[17.901s] -- Installing: /home/yeray/sensors_ws/install/optris_drivers2/share/optris_drivers2/environment/path.sh
[17.902s] -- Installing: /home/yeray/sensors_ws/install/optris_drivers2/share/optris_drivers2/environment/path.dsv
[17.902s] -- Installing: /home/yeray/sensors_ws/install/optris_drivers2/share/optris_drivers2/local_setup.bash
[17.902s] -- Installing: /home/yeray/sensors_ws/install/optris_drivers2/share/optris_drivers2/local_setup.sh
[17.902s] -- Installing: /home/yeray/sensors_ws/install/optris_drivers2/share/optris_drivers2/local_setup.zsh
[17.902s] -- Installing: /home/yeray/sensors_ws/install/optris_drivers2/share/optris_drivers2/local_setup.dsv
[17.902s] -- Installing: /home/yeray/sensors_ws/install/optris_drivers2/share/optris_drivers2/package.dsv
[17.902s] -- Installing: /home/yeray/sensors_ws/install/optris_drivers2/share/ament_index/resource_index/packages/optris_drivers2
[17.902s] -- Installing: /home/yeray/sensors_ws/install/optris_drivers2/share/optris_drivers2/cmake/export_optris_drivers2__rosidl_generator_cExport.cmake
[17.903s] -- Installing: /home/yeray/sensors_ws/install/optris_drivers2/share/optris_drivers2/cmake/export_optris_drivers2__rosidl_generator_cExport-noconfig.cmake
[17.903s] -- Installing: /home/yeray/sensors_ws/install/optris_drivers2/share/optris_drivers2/cmake/export_optris_drivers2__rosidl_typesupport_fastrtps_cExport.cmake
[17.903s] -- Installing: /home/yeray/sensors_ws/install/optris_drivers2/share/optris_drivers2/cmake/export_optris_drivers2__rosidl_typesupport_fastrtps_cExport-noconfig.cmake
[17.903s] -- Installing: /home/yeray/sensors_ws/install/optris_drivers2/share/optris_drivers2/cmake/export_optris_drivers2__rosidl_generator_cppExport.cmake
[17.903s] -- Installing: /home/yeray/sensors_ws/install/optris_drivers2/share/optris_drivers2/cmake/export_optris_drivers2__rosidl_typesupport_fastrtps_cppExport.cmake
[17.903s] -- Installing: /home/yeray/sensors_ws/install/optris_drivers2/share/optris_drivers2/cmake/export_optris_drivers2__rosidl_typesupport_fastrtps_cppExport-noconfig.cmake
[17.903s] -- Installing: /home/yeray/sensors_ws/install/optris_drivers2/share/optris_drivers2/cmake/optris_drivers2__rosidl_typesupport_introspection_cExport.cmake
[17.904s] -- Installing: /home/yeray/sensors_ws/install/optris_drivers2/share/optris_drivers2/cmake/optris_drivers2__rosidl_typesupport_introspection_cExport-noconfig.cmake
[17.904s] -- Installing: /home/yeray/sensors_ws/install/optris_drivers2/share/optris_drivers2/cmake/optris_drivers2__rosidl_typesupport_cExport.cmake
[17.904s] -- Installing: /home/yeray/sensors_ws/install/optris_drivers2/share/optris_drivers2/cmake/optris_drivers2__rosidl_typesupport_cExport-noconfig.cmake
[17.904s] -- Installing: /home/yeray/sensors_ws/install/optris_drivers2/share/optris_drivers2/cmake/optris_drivers2__rosidl_typesupport_introspection_cppExport.cmake
[17.904s] -- Installing: /home/yeray/sensors_ws/install/optris_drivers2/share/optris_drivers2/cmake/optris_drivers2__rosidl_typesupport_introspection_cppExport-noconfig.cmake
[17.904s] -- Installing: /home/yeray/sensors_ws/install/optris_drivers2/share/optris_drivers2/cmake/optris_drivers2__rosidl_typesupport_cppExport.cmake
[17.904s] -- Installing: /home/yeray/sensors_ws/install/optris_drivers2/share/optris_drivers2/cmake/optris_drivers2__rosidl_typesupport_cppExport-noconfig.cmake
[17.905s] -- Installing: /home/yeray/sensors_ws/install/optris_drivers2/share/optris_drivers2/cmake/export_optris_drivers2__rosidl_generator_pyExport.cmake
[17.905s] -- Installing: /home/yeray/sensors_ws/install/optris_drivers2/share/optris_drivers2/cmake/export_optris_drivers2__rosidl_generator_pyExport-noconfig.cmake
[17.905s] -- Installing: /home/yeray/sensors_ws/install/optris_drivers2/share/optris_drivers2/cmake/rosidl_cmake-extras.cmake
[17.905s] -- Installing: /home/yeray/sensors_ws/install/optris_drivers2/share/optris_drivers2/cmake/ament_cmake_export_dependencies-extras.cmake
[17.905s] -- Installing: /home/yeray/sensors_ws/install/optris_drivers2/share/optris_drivers2/cmake/ament_cmake_export_include_directories-extras.cmake
[17.905s] -- Installing: /home/yeray/sensors_ws/install/optris_drivers2/share/optris_drivers2/cmake/ament_cmake_export_libraries-extras.cmake
[17.905s] -- Installing: /home/yeray/sensors_ws/install/optris_drivers2/share/optris_drivers2/cmake/ament_cmake_export_targets-extras.cmake
[17.905s] -- Installing: /home/yeray/sensors_ws/install/optris_drivers2/share/optris_drivers2/cmake/rosidl_cmake_export_typesupport_targets-extras.cmake
[17.905s] -- Installing: /home/yeray/sensors_ws/install/optris_drivers2/share/optris_drivers2/cmake/rosidl_cmake_export_typesupport_libraries-extras.cmake
[17.906s] -- Installing: /home/yeray/sensors_ws/install/optris_drivers2/share/optris_drivers2/cmake/optris_drivers2Config.cmake
[17.906s] -- Installing: /home/yeray/sensors_ws/install/optris_drivers2/share/optris_drivers2/cmake/optris_drivers2Config-version.cmake
[17.906s] -- Installing: /home/yeray/sensors_ws/install/optris_drivers2/share/optris_drivers2/package.xml
[17.908s] Invoked command in '/home/yeray/sensors_ws/build/optris_drivers2' returned '0': CMAKE_PREFIX_PATH=${CMAKE_PREFIX_PATH}:/opt/ros/humble /usr/bin/cmake --install /home/yeray/sensors_ws/build/optris_drivers2
