[0.021s] Invoking command in '/home/yeray/sensors_ws/build/realsense2_camera_msgs': CMAKE_PREFIX_PATH=${CMAKE_PREFIX_PATH}:/opt/ros/humble /usr/bin/cmake --build /home/yeray/sensors_ws/build/realsense2_camera_msgs -- -j8 -l8
[0.099s] [ 11%] Built target realsense2_camera_msgs__rosidl_generator_c
[0.105s] [ 12%] Built target realsense2_camera_msgs__cpp
[0.124s] [ 12%] Built target ament_cmake_python_copy_realsense2_camera_msgs
[0.173s] [ 23%] Built target realsense2_camera_msgs__rosidl_typesupport_fastrtps_c
[0.187s] [ 34%] Built target realsense2_camera_msgs__rosidl_typesupport_c
[0.196s] [ 46%] Built target realsense2_camera_msgs__rosidl_typesupport_cpp
[0.216s] [ 57%] Built target realsense2_camera_msgs__rosidl_typesupport_introspection_c
[0.230s] [ 68%] Built target realsense2_camera_msgs__rosidl_typesupport_fastrtps_cpp
[0.235s] [ 79%] Built target realsense2_camera_msgs__rosidl_typesupport_introspection_cpp
[0.277s] [ 79%] Built target realsense2_camera_msgs
[0.321s] [ 80%] Built target realsense2_camera_msgs__py
[0.364s] [ 90%] Built target realsense2_camera_msgs__rosidl_generator_py
[0.423s] [ 93%] Built target realsense2_camera_msgs__rosidl_typesupport_introspection_c__pyext
[0.425s] [ 96%] Built target realsense2_camera_msgs__rosidl_typesupport_fastrtps_c__pyext
[0.440s] [100%] Built target realsense2_camera_msgs__rosidl_typesupport_c__pyext
[0.655s] running egg_info
[0.656s] writing realsense2_camera_msgs.egg-info/PKG-INFO
[0.657s] writing dependency_links to realsense2_camera_msgs.egg-info/dependency_links.txt
[0.657s] writing top-level names to realsense2_camera_msgs.egg-info/top_level.txt
[0.660s] reading manifest file 'realsense2_camera_msgs.egg-info/SOURCES.txt'
[0.661s] writing manifest file 'realsense2_camera_msgs.egg-info/SOURCES.txt'
[0.712s] [100%] Built target ament_cmake_python_build_realsense2_camera_msgs_egg
[0.728s] Invoked command in '/home/yeray/sensors_ws/build/realsense2_camera_msgs' returned '0': CMAKE_PREFIX_PATH=${CMAKE_PREFIX_PATH}:/opt/ros/humble /usr/bin/cmake --build /home/yeray/sensors_ws/build/realsense2_camera_msgs -- -j8 -l8
[0.877s] Invoking command in '/home/yeray/sensors_ws/build/realsense2_camera_msgs': CMAKE_PREFIX_PATH=${CMAKE_PREFIX_PATH}:/opt/ros/humble /usr/bin/cmake --install /home/yeray/sensors_ws/build/realsense2_camera_msgs
[0.889s] -- Install configuration: ""
[0.890s] -- Up-to-date: /home/yeray/sensors_ws/install/realsense2_camera_msgs/share/ament_index/resource_index/rosidl_interfaces/realsense2_camera_msgs
[0.890s] -- Up-to-date: /home/yeray/sensors_ws/install/realsense2_camera_msgs/include/realsense2_camera_msgs/realsense2_camera_msgs
[0.891s] -- Up-to-date: /home/yeray/sensors_ws/install/realsense2_camera_msgs/include/realsense2_camera_msgs/realsense2_camera_msgs/srv
[0.891s] -- Up-to-date: /home/yeray/sensors_ws/install/realsense2_camera_msgs/include/realsense2_camera_msgs/realsense2_camera_msgs/srv/device_info.h
[0.891s] -- Up-to-date: /home/yeray/sensors_ws/install/realsense2_camera_msgs/include/realsense2_camera_msgs/realsense2_camera_msgs/srv/detail
[0.891s] -- Up-to-date: /home/yeray/sensors_ws/install/realsense2_camera_msgs/include/realsense2_camera_msgs/realsense2_camera_msgs/srv/detail/device_info__struct.h
[0.891s] -- Up-to-date: /home/yeray/sensors_ws/install/realsense2_camera_msgs/include/realsense2_camera_msgs/realsense2_camera_msgs/srv/detail/device_info__functions.h
[0.891s] -- Up-to-date: /home/yeray/sensors_ws/install/realsense2_camera_msgs/include/realsense2_camera_msgs/realsense2_camera_msgs/srv/detail/device_info__functions.c
[0.891s] -- Up-to-date: /home/yeray/sensors_ws/install/realsense2_camera_msgs/include/realsense2_camera_msgs/realsense2_camera_msgs/srv/detail/device_info__type_support.h
[0.891s] -- Up-to-date: /home/yeray/sensors_ws/install/realsense2_camera_msgs/include/realsense2_camera_msgs/realsense2_camera_msgs/msg
[0.891s] -- Up-to-date: /home/yeray/sensors_ws/install/realsense2_camera_msgs/include/realsense2_camera_msgs/realsense2_camera_msgs/msg/rgbd.h
[0.892s] -- Up-to-date: /home/yeray/sensors_ws/install/realsense2_camera_msgs/include/realsense2_camera_msgs/realsense2_camera_msgs/msg/extrinsics.h
[0.892s] -- Up-to-date: /home/yeray/sensors_ws/install/realsense2_camera_msgs/include/realsense2_camera_msgs/realsense2_camera_msgs/msg/metadata.h
[0.892s] -- Up-to-date: /home/yeray/sensors_ws/install/realsense2_camera_msgs/include/realsense2_camera_msgs/realsense2_camera_msgs/msg/rosidl_generator_c__visibility_control.h
[0.892s] -- Up-to-date: /home/yeray/sensors_ws/install/realsense2_camera_msgs/include/realsense2_camera_msgs/realsense2_camera_msgs/msg/detail
[0.892s] -- Up-to-date: /home/yeray/sensors_ws/install/realsense2_camera_msgs/include/realsense2_camera_msgs/realsense2_camera_msgs/msg/detail/rgbd__functions.h
[0.892s] -- Up-to-date: /home/yeray/sensors_ws/install/realsense2_camera_msgs/include/realsense2_camera_msgs/realsense2_camera_msgs/msg/detail/metadata__functions.h
[0.893s] -- Up-to-date: /home/yeray/sensors_ws/install/realsense2_camera_msgs/include/realsense2_camera_msgs/realsense2_camera_msgs/msg/detail/extrinsics__struct.h
[0.893s] -- Up-to-date: /home/yeray/sensors_ws/install/realsense2_camera_msgs/include/realsense2_camera_msgs/realsense2_camera_msgs/msg/detail/metadata__type_support.h
[0.893s] -- Up-to-date: /home/yeray/sensors_ws/install/realsense2_camera_msgs/include/realsense2_camera_msgs/realsense2_camera_msgs/msg/detail/metadata__functions.c
[0.894s] -- Up-to-date: /home/yeray/sensors_ws/install/realsense2_camera_msgs/include/realsense2_camera_msgs/realsense2_camera_msgs/msg/detail/imu_info__type_support.h
[0.895s] -- Up-to-date: /home/yeray/sensors_ws/install/realsense2_camera_msgs/include/realsense2_camera_msgs/realsense2_camera_msgs/msg/detail/rgbd__struct.h
[0.897s] -- Up-to-date: /home/yeray/sensors_ws/install/realsense2_camera_msgs/include/realsense2_camera_msgs/realsense2_camera_msgs/msg/detail/imu_info__functions.h
[0.897s] -- Up-to-date: /home/yeray/sensors_ws/install/realsense2_camera_msgs/include/realsense2_camera_msgs/realsense2_camera_msgs/msg/detail/extrinsics__functions.c
[0.897s] -- Up-to-date: /home/yeray/sensors_ws/install/realsense2_camera_msgs/include/realsense2_camera_msgs/realsense2_camera_msgs/msg/detail/extrinsics__type_support.h
[0.897s] -- Up-to-date: /home/yeray/sensors_ws/install/realsense2_camera_msgs/include/realsense2_camera_msgs/realsense2_camera_msgs/msg/detail/rgbd__functions.c
[0.897s] -- Up-to-date: /home/yeray/sensors_ws/install/realsense2_camera_msgs/include/realsense2_camera_msgs/realsense2_camera_msgs/msg/detail/rgbd__type_support.h
[0.898s] -- Up-to-date: /home/yeray/sensors_ws/install/realsense2_camera_msgs/include/realsense2_camera_msgs/realsense2_camera_msgs/msg/detail/imu_info__struct.h
[0.898s] -- Up-to-date: /home/yeray/sensors_ws/install/realsense2_camera_msgs/include/realsense2_camera_msgs/realsense2_camera_msgs/msg/detail/imu_info__functions.c
[0.898s] -- Up-to-date: /home/yeray/sensors_ws/install/realsense2_camera_msgs/include/realsense2_camera_msgs/realsense2_camera_msgs/msg/detail/metadata__struct.h
[0.898s] -- Up-to-date: /home/yeray/sensors_ws/install/realsense2_camera_msgs/include/realsense2_camera_msgs/realsense2_camera_msgs/msg/detail/extrinsics__functions.h
[0.898s] -- Up-to-date: /home/yeray/sensors_ws/install/realsense2_camera_msgs/include/realsense2_camera_msgs/realsense2_camera_msgs/msg/imu_info.h
[0.899s] -- Up-to-date: /home/yeray/sensors_ws/install/realsense2_camera_msgs/share/realsense2_camera_msgs/environment/library_path.sh
[0.899s] -- Up-to-date: /home/yeray/sensors_ws/install/realsense2_camera_msgs/share/realsense2_camera_msgs/environment/library_path.dsv
[0.899s] -- Up-to-date: /home/yeray/sensors_ws/install/realsense2_camera_msgs/lib/librealsense2_camera_msgs__rosidl_generator_c.so
[0.899s] -- Up-to-date: /home/yeray/sensors_ws/install/realsense2_camera_msgs/include/realsense2_camera_msgs/realsense2_camera_msgs
[0.899s] -- Up-to-date: /home/yeray/sensors_ws/install/realsense2_camera_msgs/include/realsense2_camera_msgs/realsense2_camera_msgs/srv
[0.899s] -- Up-to-date: /home/yeray/sensors_ws/install/realsense2_camera_msgs/include/realsense2_camera_msgs/realsense2_camera_msgs/srv/detail
[0.899s] -- Up-to-date: /home/yeray/sensors_ws/install/realsense2_camera_msgs/include/realsense2_camera_msgs/realsense2_camera_msgs/srv/detail/device_info__rosidl_typesupport_fastrtps_c.h
[0.900s] -- Up-to-date: /home/yeray/sensors_ws/install/realsense2_camera_msgs/include/realsense2_camera_msgs/realsense2_camera_msgs/msg
[0.902s] -- Up-to-date: /home/yeray/sensors_ws/install/realsense2_camera_msgs/include/realsense2_camera_msgs/realsense2_camera_msgs/msg/rosidl_typesupport_fastrtps_c__visibility_control.h
[0.902s] -- Up-to-date: /home/yeray/sensors_ws/install/realsense2_camera_msgs/include/realsense2_camera_msgs/realsense2_camera_msgs/msg/detail
[0.902s] -- Up-to-date: /home/yeray/sensors_ws/install/realsense2_camera_msgs/include/realsense2_camera_msgs/realsense2_camera_msgs/msg/detail/extrinsics__rosidl_typesupport_fastrtps_c.h
[0.903s] -- Up-to-date: /home/yeray/sensors_ws/install/realsense2_camera_msgs/include/realsense2_camera_msgs/realsense2_camera_msgs/msg/detail/rgbd__rosidl_typesupport_fastrtps_c.h
[0.903s] -- Up-to-date: /home/yeray/sensors_ws/install/realsense2_camera_msgs/include/realsense2_camera_msgs/realsense2_camera_msgs/msg/detail/imu_info__rosidl_typesupport_fastrtps_c.h
[0.903s] -- Up-to-date: /home/yeray/sensors_ws/install/realsense2_camera_msgs/include/realsense2_camera_msgs/realsense2_camera_msgs/msg/detail/metadata__rosidl_typesupport_fastrtps_c.h
[0.903s] -- Up-to-date: /home/yeray/sensors_ws/install/realsense2_camera_msgs/lib/librealsense2_camera_msgs__rosidl_typesupport_fastrtps_c.so
[0.903s] -- Up-to-date: /home/yeray/sensors_ws/install/realsense2_camera_msgs/include/realsense2_camera_msgs/realsense2_camera_msgs
[0.903s] -- Up-to-date: /home/yeray/sensors_ws/install/realsense2_camera_msgs/include/realsense2_camera_msgs/realsense2_camera_msgs/srv
[0.903s] -- Up-to-date: /home/yeray/sensors_ws/install/realsense2_camera_msgs/include/realsense2_camera_msgs/realsense2_camera_msgs/srv/detail
[0.903s] -- Up-to-date: /home/yeray/sensors_ws/install/realsense2_camera_msgs/include/realsense2_camera_msgs/realsense2_camera_msgs/srv/detail/device_info__type_support.c
[0.903s] -- Up-to-date: /home/yeray/sensors_ws/install/realsense2_camera_msgs/include/realsense2_camera_msgs/realsense2_camera_msgs/srv/detail/device_info__rosidl_typesupport_introspection_c.h
[0.903s] -- Up-to-date: /home/yeray/sensors_ws/install/realsense2_camera_msgs/include/realsense2_camera_msgs/realsense2_camera_msgs/msg
[0.903s] -- Up-to-date: /home/yeray/sensors_ws/install/realsense2_camera_msgs/include/realsense2_camera_msgs/realsense2_camera_msgs/msg/rosidl_typesupport_introspection_c__visibility_control.h
[0.903s] -- Up-to-date: /home/yeray/sensors_ws/install/realsense2_camera_msgs/include/realsense2_camera_msgs/realsense2_camera_msgs/msg/detail
[0.904s] -- Up-to-date: /home/yeray/sensors_ws/install/realsense2_camera_msgs/include/realsense2_camera_msgs/realsense2_camera_msgs/msg/detail/metadata__type_support.c
[0.904s] -- Up-to-date: /home/yeray/sensors_ws/install/realsense2_camera_msgs/include/realsense2_camera_msgs/realsense2_camera_msgs/msg/detail/metadata__rosidl_typesupport_introspection_c.h
[0.904s] -- Up-to-date: /home/yeray/sensors_ws/install/realsense2_camera_msgs/include/realsense2_camera_msgs/realsense2_camera_msgs/msg/detail/extrinsics__type_support.c
[0.904s] -- Up-to-date: /home/yeray/sensors_ws/install/realsense2_camera_msgs/include/realsense2_camera_msgs/realsense2_camera_msgs/msg/detail/rgbd__type_support.c
[0.904s] -- Up-to-date: /home/yeray/sensors_ws/install/realsense2_camera_msgs/include/realsense2_camera_msgs/realsense2_camera_msgs/msg/detail/imu_info__rosidl_typesupport_introspection_c.h
[0.904s] -- Up-to-date: /home/yeray/sensors_ws/install/realsense2_camera_msgs/include/realsense2_camera_msgs/realsense2_camera_msgs/msg/detail/extrinsics__rosidl_typesupport_introspection_c.h
[0.904s] -- Up-to-date: /home/yeray/sensors_ws/install/realsense2_camera_msgs/include/realsense2_camera_msgs/realsense2_camera_msgs/msg/detail/rgbd__rosidl_typesupport_introspection_c.h
[0.904s] -- Up-to-date: /home/yeray/sensors_ws/install/realsense2_camera_msgs/include/realsense2_camera_msgs/realsense2_camera_msgs/msg/detail/imu_info__type_support.c
[0.904s] -- Up-to-date: /home/yeray/sensors_ws/install/realsense2_camera_msgs/lib/librealsense2_camera_msgs__rosidl_typesupport_introspection_c.so
[0.904s] -- Up-to-date: /home/yeray/sensors_ws/install/realsense2_camera_msgs/lib/librealsense2_camera_msgs__rosidl_typesupport_c.so
[0.904s] -- Up-to-date: /home/yeray/sensors_ws/install/realsense2_camera_msgs/include/realsense2_camera_msgs/realsense2_camera_msgs
[0.904s] -- Up-to-date: /home/yeray/sensors_ws/install/realsense2_camera_msgs/include/realsense2_camera_msgs/realsense2_camera_msgs/srv
[0.905s] -- Up-to-date: /home/yeray/sensors_ws/install/realsense2_camera_msgs/include/realsense2_camera_msgs/realsense2_camera_msgs/srv/detail
[0.905s] -- Up-to-date: /home/yeray/sensors_ws/install/realsense2_camera_msgs/include/realsense2_camera_msgs/realsense2_camera_msgs/srv/detail/device_info__struct.hpp
[0.905s] -- Up-to-date: /home/yeray/sensors_ws/install/realsense2_camera_msgs/include/realsense2_camera_msgs/realsense2_camera_msgs/srv/detail/device_info__traits.hpp
[0.905s] -- Up-to-date: /home/yeray/sensors_ws/install/realsense2_camera_msgs/include/realsense2_camera_msgs/realsense2_camera_msgs/srv/detail/device_info__builder.hpp
[0.905s] -- Up-to-date: /home/yeray/sensors_ws/install/realsense2_camera_msgs/include/realsense2_camera_msgs/realsense2_camera_msgs/srv/device_info.hpp
[0.905s] -- Up-to-date: /home/yeray/sensors_ws/install/realsense2_camera_msgs/include/realsense2_camera_msgs/realsense2_camera_msgs/msg
[0.905s] -- Up-to-date: /home/yeray/sensors_ws/install/realsense2_camera_msgs/include/realsense2_camera_msgs/realsense2_camera_msgs/msg/imu_info.hpp
[0.905s] -- Up-to-date: /home/yeray/sensors_ws/install/realsense2_camera_msgs/include/realsense2_camera_msgs/realsense2_camera_msgs/msg/metadata.hpp
[0.905s] -- Up-to-date: /home/yeray/sensors_ws/install/realsense2_camera_msgs/include/realsense2_camera_msgs/realsense2_camera_msgs/msg/extrinsics.hpp
[0.905s] -- Up-to-date: /home/yeray/sensors_ws/install/realsense2_camera_msgs/include/realsense2_camera_msgs/realsense2_camera_msgs/msg/detail
[0.905s] -- Up-to-date: /home/yeray/sensors_ws/install/realsense2_camera_msgs/include/realsense2_camera_msgs/realsense2_camera_msgs/msg/detail/extrinsics__builder.hpp
[0.906s] -- Up-to-date: /home/yeray/sensors_ws/install/realsense2_camera_msgs/include/realsense2_camera_msgs/realsense2_camera_msgs/msg/detail/rgbd__struct.hpp
[0.906s] -- Up-to-date: /home/yeray/sensors_ws/install/realsense2_camera_msgs/include/realsense2_camera_msgs/realsense2_camera_msgs/msg/detail/extrinsics__struct.hpp
[0.906s] -- Up-to-date: /home/yeray/sensors_ws/install/realsense2_camera_msgs/include/realsense2_camera_msgs/realsense2_camera_msgs/msg/detail/extrinsics__traits.hpp
[0.906s] -- Up-to-date: /home/yeray/sensors_ws/install/realsense2_camera_msgs/include/realsense2_camera_msgs/realsense2_camera_msgs/msg/detail/metadata__struct.hpp
[0.906s] -- Up-to-date: /home/yeray/sensors_ws/install/realsense2_camera_msgs/include/realsense2_camera_msgs/realsense2_camera_msgs/msg/detail/imu_info__struct.hpp
[0.906s] -- Up-to-date: /home/yeray/sensors_ws/install/realsense2_camera_msgs/include/realsense2_camera_msgs/realsense2_camera_msgs/msg/detail/rgbd__traits.hpp
[0.906s] -- Up-to-date: /home/yeray/sensors_ws/install/realsense2_camera_msgs/include/realsense2_camera_msgs/realsense2_camera_msgs/msg/detail/metadata__traits.hpp
[0.906s] -- Up-to-date: /home/yeray/sensors_ws/install/realsense2_camera_msgs/include/realsense2_camera_msgs/realsense2_camera_msgs/msg/detail/imu_info__traits.hpp
[0.906s] -- Up-to-date: /home/yeray/sensors_ws/install/realsense2_camera_msgs/include/realsense2_camera_msgs/realsense2_camera_msgs/msg/detail/imu_info__builder.hpp
[0.906s] -- Up-to-date: /home/yeray/sensors_ws/install/realsense2_camera_msgs/include/realsense2_camera_msgs/realsense2_camera_msgs/msg/detail/rgbd__builder.hpp
[0.906s] -- Up-to-date: /home/yeray/sensors_ws/install/realsense2_camera_msgs/include/realsense2_camera_msgs/realsense2_camera_msgs/msg/detail/metadata__builder.hpp
[0.907s] -- Up-to-date: /home/yeray/sensors_ws/install/realsense2_camera_msgs/include/realsense2_camera_msgs/realsense2_camera_msgs/msg/rgbd.hpp
[0.907s] -- Up-to-date: /home/yeray/sensors_ws/install/realsense2_camera_msgs/include/realsense2_camera_msgs/realsense2_camera_msgs
[0.907s] -- Up-to-date: /home/yeray/sensors_ws/install/realsense2_camera_msgs/include/realsense2_camera_msgs/realsense2_camera_msgs/srv
[0.907s] -- Up-to-date: /home/yeray/sensors_ws/install/realsense2_camera_msgs/include/realsense2_camera_msgs/realsense2_camera_msgs/srv/detail
[0.907s] -- Up-to-date: /home/yeray/sensors_ws/install/realsense2_camera_msgs/include/realsense2_camera_msgs/realsense2_camera_msgs/srv/detail/dds_fastrtps
[0.907s] -- Up-to-date: /home/yeray/sensors_ws/install/realsense2_camera_msgs/include/realsense2_camera_msgs/realsense2_camera_msgs/srv/detail/device_info__rosidl_typesupport_fastrtps_cpp.hpp
[0.907s] -- Up-to-date: /home/yeray/sensors_ws/install/realsense2_camera_msgs/include/realsense2_camera_msgs/realsense2_camera_msgs/msg
[0.907s] -- Up-to-date: /home/yeray/sensors_ws/install/realsense2_camera_msgs/include/realsense2_camera_msgs/realsense2_camera_msgs/msg/rosidl_typesupport_fastrtps_cpp__visibility_control.h
[0.907s] -- Up-to-date: /home/yeray/sensors_ws/install/realsense2_camera_msgs/include/realsense2_camera_msgs/realsense2_camera_msgs/msg/detail
[0.907s] -- Up-to-date: /home/yeray/sensors_ws/install/realsense2_camera_msgs/include/realsense2_camera_msgs/realsense2_camera_msgs/msg/detail/extrinsics__rosidl_typesupport_fastrtps_cpp.hpp
[0.908s] -- Up-to-date: /home/yeray/sensors_ws/install/realsense2_camera_msgs/include/realsense2_camera_msgs/realsense2_camera_msgs/msg/detail/dds_fastrtps
[0.908s] -- Up-to-date: /home/yeray/sensors_ws/install/realsense2_camera_msgs/include/realsense2_camera_msgs/realsense2_camera_msgs/msg/detail/imu_info__rosidl_typesupport_fastrtps_cpp.hpp
[0.909s] -- Up-to-date: /home/yeray/sensors_ws/install/realsense2_camera_msgs/include/realsense2_camera_msgs/realsense2_camera_msgs/msg/detail/metadata__rosidl_typesupport_fastrtps_cpp.hpp
[0.909s] -- Up-to-date: /home/yeray/sensors_ws/install/realsense2_camera_msgs/include/realsense2_camera_msgs/realsense2_camera_msgs/msg/detail/rgbd__rosidl_typesupport_fastrtps_cpp.hpp
[0.909s] -- Up-to-date: /home/yeray/sensors_ws/install/realsense2_camera_msgs/lib/librealsense2_camera_msgs__rosidl_typesupport_fastrtps_cpp.so
[0.909s] -- Up-to-date: /home/yeray/sensors_ws/install/realsense2_camera_msgs/include/realsense2_camera_msgs/realsense2_camera_msgs
[0.909s] -- Up-to-date: /home/yeray/sensors_ws/install/realsense2_camera_msgs/include/realsense2_camera_msgs/realsense2_camera_msgs/srv
[0.909s] -- Up-to-date: /home/yeray/sensors_ws/install/realsense2_camera_msgs/include/realsense2_camera_msgs/realsense2_camera_msgs/srv/detail
[0.909s] -- Up-to-date: /home/yeray/sensors_ws/install/realsense2_camera_msgs/include/realsense2_camera_msgs/realsense2_camera_msgs/srv/detail/device_info__rosidl_typesupport_introspection_cpp.hpp
[0.910s] -- Up-to-date: /home/yeray/sensors_ws/install/realsense2_camera_msgs/include/realsense2_camera_msgs/realsense2_camera_msgs/srv/detail/device_info__type_support.cpp
[0.910s] -- Up-to-date: /home/yeray/sensors_ws/install/realsense2_camera_msgs/include/realsense2_camera_msgs/realsense2_camera_msgs/msg
[0.910s] -- Up-to-date: /home/yeray/sensors_ws/install/realsense2_camera_msgs/include/realsense2_camera_msgs/realsense2_camera_msgs/msg/detail
[0.910s] -- Up-to-date: /home/yeray/sensors_ws/install/realsense2_camera_msgs/include/realsense2_camera_msgs/realsense2_camera_msgs/msg/detail/metadata__type_support.cpp
[0.910s] -- Up-to-date: /home/yeray/sensors_ws/install/realsense2_camera_msgs/include/realsense2_camera_msgs/realsense2_camera_msgs/msg/detail/imu_info__type_support.cpp
[0.910s] -- Up-to-date: /home/yeray/sensors_ws/install/realsense2_camera_msgs/include/realsense2_camera_msgs/realsense2_camera_msgs/msg/detail/imu_info__rosidl_typesupport_introspection_cpp.hpp
[0.910s] -- Up-to-date: /home/yeray/sensors_ws/install/realsense2_camera_msgs/include/realsense2_camera_msgs/realsense2_camera_msgs/msg/detail/rgbd__rosidl_typesupport_introspection_cpp.hpp
[0.910s] -- Up-to-date: /home/yeray/sensors_ws/install/realsense2_camera_msgs/include/realsense2_camera_msgs/realsense2_camera_msgs/msg/detail/extrinsics__rosidl_typesupport_introspection_cpp.hpp
[0.910s] -- Up-to-date: /home/yeray/sensors_ws/install/realsense2_camera_msgs/include/realsense2_camera_msgs/realsense2_camera_msgs/msg/detail/metadata__rosidl_typesupport_introspection_cpp.hpp
[0.910s] -- Up-to-date: /home/yeray/sensors_ws/install/realsense2_camera_msgs/include/realsense2_camera_msgs/realsense2_camera_msgs/msg/detail/extrinsics__type_support.cpp
[0.910s] -- Up-to-date: /home/yeray/sensors_ws/install/realsense2_camera_msgs/include/realsense2_camera_msgs/realsense2_camera_msgs/msg/detail/rgbd__type_support.cpp
[0.911s] -- Up-to-date: /home/yeray/sensors_ws/install/realsense2_camera_msgs/lib/librealsense2_camera_msgs__rosidl_typesupport_introspection_cpp.so
[0.911s] -- Up-to-date: /home/yeray/sensors_ws/install/realsense2_camera_msgs/lib/librealsense2_camera_msgs__rosidl_typesupport_cpp.so
[0.911s] -- Up-to-date: /home/yeray/sensors_ws/install/realsense2_camera_msgs/share/realsense2_camera_msgs/environment/pythonpath.sh
[0.911s] -- Up-to-date: /home/yeray/sensors_ws/install/realsense2_camera_msgs/share/realsense2_camera_msgs/environment/pythonpath.dsv
[0.911s] -- Up-to-date: /home/yeray/sensors_ws/install/realsense2_camera_msgs/local/lib/python3.10/dist-packages/realsense2_camera_msgs-4.55.1-py3.10.egg-info
[0.911s] -- Installing: /home/yeray/sensors_ws/install/realsense2_camera_msgs/local/lib/python3.10/dist-packages/realsense2_camera_msgs-4.55.1-py3.10.egg-info/SOURCES.txt
[0.911s] -- Installing: /home/yeray/sensors_ws/install/realsense2_camera_msgs/local/lib/python3.10/dist-packages/realsense2_camera_msgs-4.55.1-py3.10.egg-info/PKG-INFO
[0.911s] -- Installing: /home/yeray/sensors_ws/install/realsense2_camera_msgs/local/lib/python3.10/dist-packages/realsense2_camera_msgs-4.55.1-py3.10.egg-info/top_level.txt
[0.912s] -- Installing: /home/yeray/sensors_ws/install/realsense2_camera_msgs/local/lib/python3.10/dist-packages/realsense2_camera_msgs-4.55.1-py3.10.egg-info/dependency_links.txt
[0.912s] -- Up-to-date: /home/yeray/sensors_ws/install/realsense2_camera_msgs/local/lib/python3.10/dist-packages/realsense2_camera_msgs
[0.912s] -- Up-to-date: /home/yeray/sensors_ws/install/realsense2_camera_msgs/local/lib/python3.10/dist-packages/realsense2_camera_msgs/_realsense2_camera_msgs_s.ep.rosidl_typesupport_introspection_c.c
[0.912s] -- Up-to-date: /home/yeray/sensors_ws/install/realsense2_camera_msgs/local/lib/python3.10/dist-packages/realsense2_camera_msgs/realsense2_camera_msgs_s__rosidl_typesupport_fastrtps_c.cpython-310-x86_64-linux-gnu.so
[0.912s] -- Up-to-date: /home/yeray/sensors_ws/install/realsense2_camera_msgs/local/lib/python3.10/dist-packages/realsense2_camera_msgs/srv
[0.912s] -- Up-to-date: /home/yeray/sensors_ws/install/realsense2_camera_msgs/local/lib/python3.10/dist-packages/realsense2_camera_msgs/srv/__init__.py
[0.912s] -- Up-to-date: /home/yeray/sensors_ws/install/realsense2_camera_msgs/local/lib/python3.10/dist-packages/realsense2_camera_msgs/srv/_device_info_s.c
[0.912s] -- Up-to-date: /home/yeray/sensors_ws/install/realsense2_camera_msgs/local/lib/python3.10/dist-packages/realsense2_camera_msgs/srv/_device_info.py
[0.912s] -- Up-to-date: /home/yeray/sensors_ws/install/realsense2_camera_msgs/local/lib/python3.10/dist-packages/realsense2_camera_msgs/__init__.py
[0.912s] -- Up-to-date: /home/yeray/sensors_ws/install/realsense2_camera_msgs/local/lib/python3.10/dist-packages/realsense2_camera_msgs/librealsense2_camera_msgs__rosidl_generator_py.so
[0.913s] -- Up-to-date: /home/yeray/sensors_ws/install/realsense2_camera_msgs/local/lib/python3.10/dist-packages/realsense2_camera_msgs/msg
[0.913s] -- Up-to-date: /home/yeray/sensors_ws/install/realsense2_camera_msgs/local/lib/python3.10/dist-packages/realsense2_camera_msgs/msg/_metadata.py
[0.913s] -- Up-to-date: /home/yeray/sensors_ws/install/realsense2_camera_msgs/local/lib/python3.10/dist-packages/realsense2_camera_msgs/msg/_rgbd_s.c
[0.913s] -- Up-to-date: /home/yeray/sensors_ws/install/realsense2_camera_msgs/local/lib/python3.10/dist-packages/realsense2_camera_msgs/msg/_rgbd.py
[0.913s] -- Up-to-date: /home/yeray/sensors_ws/install/realsense2_camera_msgs/local/lib/python3.10/dist-packages/realsense2_camera_msgs/msg/_imu_info.py
[0.913s] -- Up-to-date: /home/yeray/sensors_ws/install/realsense2_camera_msgs/local/lib/python3.10/dist-packages/realsense2_camera_msgs/msg/__init__.py
[0.913s] -- Up-to-date: /home/yeray/sensors_ws/install/realsense2_camera_msgs/local/lib/python3.10/dist-packages/realsense2_camera_msgs/msg/_metadata_s.c
[0.913s] -- Up-to-date: /home/yeray/sensors_ws/install/realsense2_camera_msgs/local/lib/python3.10/dist-packages/realsense2_camera_msgs/msg/_extrinsics_s.c
[0.914s] -- Up-to-date: /home/yeray/sensors_ws/install/realsense2_camera_msgs/local/lib/python3.10/dist-packages/realsense2_camera_msgs/msg/_extrinsics.py
[0.914s] -- Up-to-date: /home/yeray/sensors_ws/install/realsense2_camera_msgs/local/lib/python3.10/dist-packages/realsense2_camera_msgs/msg/_imu_info_s.c
[0.914s] -- Up-to-date: /home/yeray/sensors_ws/install/realsense2_camera_msgs/local/lib/python3.10/dist-packages/realsense2_camera_msgs/realsense2_camera_msgs_s__rosidl_typesupport_introspection_c.cpython-310-x86_64-linux-gnu.so
[0.914s] -- Up-to-date: /home/yeray/sensors_ws/install/realsense2_camera_msgs/local/lib/python3.10/dist-packages/realsense2_camera_msgs/_realsense2_camera_msgs_s.ep.rosidl_typesupport_fastrtps_c.c
[0.914s] -- Up-to-date: /home/yeray/sensors_ws/install/realsense2_camera_msgs/local/lib/python3.10/dist-packages/realsense2_camera_msgs/realsense2_camera_msgs_s__rosidl_typesupport_c.cpython-310-x86_64-linux-gnu.so
[0.914s] -- Up-to-date: /home/yeray/sensors_ws/install/realsense2_camera_msgs/local/lib/python3.10/dist-packages/realsense2_camera_msgs/_realsense2_camera_msgs_s.ep.rosidl_typesupport_c.c
[0.937s] Listing '/home/yeray/sensors_ws/install/realsense2_camera_msgs/local/lib/python3.10/dist-packages/realsense2_camera_msgs'...
[0.938s] Listing '/home/yeray/sensors_ws/install/realsense2_camera_msgs/local/lib/python3.10/dist-packages/realsense2_camera_msgs/msg'...
[0.938s] Listing '/home/yeray/sensors_ws/install/realsense2_camera_msgs/local/lib/python3.10/dist-packages/realsense2_camera_msgs/srv'...
[0.943s] -- Up-to-date: /home/yeray/sensors_ws/install/realsense2_camera_msgs/local/lib/python3.10/dist-packages/realsense2_camera_msgs/realsense2_camera_msgs_s__rosidl_typesupport_fastrtps_c.cpython-310-x86_64-linux-gnu.so
[0.943s] -- Up-to-date: /home/yeray/sensors_ws/install/realsense2_camera_msgs/local/lib/python3.10/dist-packages/realsense2_camera_msgs/realsense2_camera_msgs_s__rosidl_typesupport_introspection_c.cpython-310-x86_64-linux-gnu.so
[0.943s] -- Up-to-date: /home/yeray/sensors_ws/install/realsense2_camera_msgs/local/lib/python3.10/dist-packages/realsense2_camera_msgs/realsense2_camera_msgs_s__rosidl_typesupport_c.cpython-310-x86_64-linux-gnu.so
[0.944s] -- Up-to-date: /home/yeray/sensors_ws/install/realsense2_camera_msgs/lib/librealsense2_camera_msgs__rosidl_generator_py.so
[0.944s] -- Up-to-date: /home/yeray/sensors_ws/install/realsense2_camera_msgs/share/realsense2_camera_msgs/msg/IMUInfo.idl
[0.944s] -- Up-to-date: /home/yeray/sensors_ws/install/realsense2_camera_msgs/share/realsense2_camera_msgs/msg/Extrinsics.idl
[0.944s] -- Up-to-date: /home/yeray/sensors_ws/install/realsense2_camera_msgs/share/realsense2_camera_msgs/msg/Metadata.idl
[0.944s] -- Up-to-date: /home/yeray/sensors_ws/install/realsense2_camera_msgs/share/realsense2_camera_msgs/msg/RGBD.idl
[0.945s] -- Up-to-date: /home/yeray/sensors_ws/install/realsense2_camera_msgs/share/realsense2_camera_msgs/srv/DeviceInfo.idl
[0.945s] -- Up-to-date: /home/yeray/sensors_ws/install/realsense2_camera_msgs/share/realsense2_camera_msgs/msg/IMUInfo.msg
[0.945s] -- Up-to-date: /home/yeray/sensors_ws/install/realsense2_camera_msgs/share/realsense2_camera_msgs/msg/Extrinsics.msg
[0.945s] -- Up-to-date: /home/yeray/sensors_ws/install/realsense2_camera_msgs/share/realsense2_camera_msgs/msg/Metadata.msg
[0.945s] -- Up-to-date: /home/yeray/sensors_ws/install/realsense2_camera_msgs/share/realsense2_camera_msgs/msg/RGBD.msg
[0.945s] -- Up-to-date: /home/yeray/sensors_ws/install/realsense2_camera_msgs/share/realsense2_camera_msgs/srv/DeviceInfo.srv
[0.946s] -- Up-to-date: /home/yeray/sensors_ws/install/realsense2_camera_msgs/share/realsense2_camera_msgs/srv/DeviceInfo_Request.msg
[0.946s] -- Up-to-date: /home/yeray/sensors_ws/install/realsense2_camera_msgs/share/realsense2_camera_msgs/srv/DeviceInfo_Response.msg
[0.946s] -- Up-to-date: /home/yeray/sensors_ws/install/realsense2_camera_msgs/share/ament_index/resource_index/package_run_dependencies/realsense2_camera_msgs
[0.946s] -- Up-to-date: /home/yeray/sensors_ws/install/realsense2_camera_msgs/share/ament_index/resource_index/parent_prefix_path/realsense2_camera_msgs
[0.946s] -- Up-to-date: /home/yeray/sensors_ws/install/realsense2_camera_msgs/share/realsense2_camera_msgs/environment/ament_prefix_path.sh
[0.946s] -- Up-to-date: /home/yeray/sensors_ws/install/realsense2_camera_msgs/share/realsense2_camera_msgs/environment/ament_prefix_path.dsv
[0.946s] -- Up-to-date: /home/yeray/sensors_ws/install/realsense2_camera_msgs/share/realsense2_camera_msgs/environment/path.sh
[0.946s] -- Up-to-date: /home/yeray/sensors_ws/install/realsense2_camera_msgs/share/realsense2_camera_msgs/environment/path.dsv
[0.946s] -- Up-to-date: /home/yeray/sensors_ws/install/realsense2_camera_msgs/share/realsense2_camera_msgs/local_setup.bash
[0.946s] -- Up-to-date: /home/yeray/sensors_ws/install/realsense2_camera_msgs/share/realsense2_camera_msgs/local_setup.sh
[0.946s] -- Up-to-date: /home/yeray/sensors_ws/install/realsense2_camera_msgs/share/realsense2_camera_msgs/local_setup.zsh
[0.947s] -- Up-to-date: /home/yeray/sensors_ws/install/realsense2_camera_msgs/share/realsense2_camera_msgs/local_setup.dsv
[0.947s] -- Installing: /home/yeray/sensors_ws/install/realsense2_camera_msgs/share/realsense2_camera_msgs/package.dsv
[0.947s] -- Up-to-date: /home/yeray/sensors_ws/install/realsense2_camera_msgs/share/ament_index/resource_index/packages/realsense2_camera_msgs
[0.947s] -- Up-to-date: /home/yeray/sensors_ws/install/realsense2_camera_msgs/share/realsense2_camera_msgs/cmake/export_realsense2_camera_msgs__rosidl_generator_cExport.cmake
[0.947s] -- Up-to-date: /home/yeray/sensors_ws/install/realsense2_camera_msgs/share/realsense2_camera_msgs/cmake/export_realsense2_camera_msgs__rosidl_generator_cExport-noconfig.cmake
[0.947s] -- Up-to-date: /home/yeray/sensors_ws/install/realsense2_camera_msgs/share/realsense2_camera_msgs/cmake/export_realsense2_camera_msgs__rosidl_typesupport_fastrtps_cExport.cmake
[0.947s] -- Up-to-date: /home/yeray/sensors_ws/install/realsense2_camera_msgs/share/realsense2_camera_msgs/cmake/export_realsense2_camera_msgs__rosidl_typesupport_fastrtps_cExport-noconfig.cmake
[0.947s] -- Up-to-date: /home/yeray/sensors_ws/install/realsense2_camera_msgs/share/realsense2_camera_msgs/cmake/realsense2_camera_msgs__rosidl_typesupport_introspection_cExport.cmake
[0.947s] -- Up-to-date: /home/yeray/sensors_ws/install/realsense2_camera_msgs/share/realsense2_camera_msgs/cmake/realsense2_camera_msgs__rosidl_typesupport_introspection_cExport-noconfig.cmake
[0.947s] -- Up-to-date: /home/yeray/sensors_ws/install/realsense2_camera_msgs/share/realsense2_camera_msgs/cmake/realsense2_camera_msgs__rosidl_typesupport_cExport.cmake
[0.947s] -- Up-to-date: /home/yeray/sensors_ws/install/realsense2_camera_msgs/share/realsense2_camera_msgs/cmake/realsense2_camera_msgs__rosidl_typesupport_cExport-noconfig.cmake
[0.947s] -- Up-to-date: /home/yeray/sensors_ws/install/realsense2_camera_msgs/share/realsense2_camera_msgs/cmake/export_realsense2_camera_msgs__rosidl_generator_cppExport.cmake
[0.947s] -- Up-to-date: /home/yeray/sensors_ws/install/realsense2_camera_msgs/share/realsense2_camera_msgs/cmake/export_realsense2_camera_msgs__rosidl_typesupport_fastrtps_cppExport.cmake
[0.948s] -- Up-to-date: /home/yeray/sensors_ws/install/realsense2_camera_msgs/share/realsense2_camera_msgs/cmake/export_realsense2_camera_msgs__rosidl_typesupport_fastrtps_cppExport-noconfig.cmake
[0.948s] -- Up-to-date: /home/yeray/sensors_ws/install/realsense2_camera_msgs/share/realsense2_camera_msgs/cmake/realsense2_camera_msgs__rosidl_typesupport_introspection_cppExport.cmake
[0.948s] -- Up-to-date: /home/yeray/sensors_ws/install/realsense2_camera_msgs/share/realsense2_camera_msgs/cmake/realsense2_camera_msgs__rosidl_typesupport_introspection_cppExport-noconfig.cmake
[0.948s] -- Up-to-date: /home/yeray/sensors_ws/install/realsense2_camera_msgs/share/realsense2_camera_msgs/cmake/realsense2_camera_msgs__rosidl_typesupport_cppExport.cmake
[0.948s] -- Up-to-date: /home/yeray/sensors_ws/install/realsense2_camera_msgs/share/realsense2_camera_msgs/cmake/realsense2_camera_msgs__rosidl_typesupport_cppExport-noconfig.cmake
[0.948s] -- Up-to-date: /home/yeray/sensors_ws/install/realsense2_camera_msgs/share/realsense2_camera_msgs/cmake/export_realsense2_camera_msgs__rosidl_generator_pyExport.cmake
[0.948s] -- Up-to-date: /home/yeray/sensors_ws/install/realsense2_camera_msgs/share/realsense2_camera_msgs/cmake/export_realsense2_camera_msgs__rosidl_generator_pyExport-noconfig.cmake
[0.948s] -- Up-to-date: /home/yeray/sensors_ws/install/realsense2_camera_msgs/share/realsense2_camera_msgs/cmake/rosidl_cmake-extras.cmake
[0.948s] -- Up-to-date: /home/yeray/sensors_ws/install/realsense2_camera_msgs/share/realsense2_camera_msgs/cmake/ament_cmake_export_dependencies-extras.cmake
[0.948s] -- Up-to-date: /home/yeray/sensors_ws/install/realsense2_camera_msgs/share/realsense2_camera_msgs/cmake/ament_cmake_export_include_directories-extras.cmake
[0.949s] -- Up-to-date: /home/yeray/sensors_ws/install/realsense2_camera_msgs/share/realsense2_camera_msgs/cmake/ament_cmake_export_libraries-extras.cmake
[0.949s] -- Up-to-date: /home/yeray/sensors_ws/install/realsense2_camera_msgs/share/realsense2_camera_msgs/cmake/ament_cmake_export_targets-extras.cmake
[0.949s] -- Up-to-date: /home/yeray/sensors_ws/install/realsense2_camera_msgs/share/realsense2_camera_msgs/cmake/rosidl_cmake_export_typesupport_targets-extras.cmake
[0.949s] -- Up-to-date: /home/yeray/sensors_ws/install/realsense2_camera_msgs/share/realsense2_camera_msgs/cmake/rosidl_cmake_export_typesupport_libraries-extras.cmake
[0.949s] -- Up-to-date: /home/yeray/sensors_ws/install/realsense2_camera_msgs/share/realsense2_camera_msgs/cmake/realsense2_camera_msgsConfig.cmake
[0.949s] -- Up-to-date: /home/yeray/sensors_ws/install/realsense2_camera_msgs/share/realsense2_camera_msgs/cmake/realsense2_camera_msgsConfig-version.cmake
[0.949s] -- Up-to-date: /home/yeray/sensors_ws/install/realsense2_camera_msgs/share/realsense2_camera_msgs/package.xml
[0.951s] Invoked command in '/home/yeray/sensors_ws/build/realsense2_camera_msgs' returned '0': CMAKE_PREFIX_PATH=${CMAKE_PREFIX_PATH}:/opt/ros/humble /usr/bin/cmake --install /home/yeray/sensors_ws/build/realsense2_camera_msgs
