[0.065s] Invoking command in '/home/yeray/sensors_ws/build/ultralytics_ros': CMAKE_PREFIX_PATH=/opt/ros/humble:${CMAKE_PREFIX_PATH} /usr/bin/cmake --build /home/yeray/sensors_ws/build/ultralytics_ros -- -j8 -l8
[0.216s] [  3%] Built target ultralytics_ros__cpp
[0.299s] [  3%] Built target ament_cmake_python_copy_ultralytics_ros
[0.365s] [ 12%] Built target ultralytics_ros__rosidl_typesupport_introspection_cpp
[1.024s] running egg_info
[1.026s] writing ultralytics_ros.egg-info/PKG-INFO
[1.026s] writing dependency_links to ultralytics_ros.egg-info/dependency_links.txt
[1.033s] writing top-level names to ultralytics_ros.egg-info/top_level.txt
[1.033s] reading manifest file 'ultralytics_ros.egg-info/SOURCES.txt'
[1.033s] writing manifest file 'ultralytics_ros.egg-info/SOURCES.txt'
[1.093s] [ 12%] Built target ament_cmake_python_build_ultralytics_ros_egg
[1.169s] [ 21%] Built target ultralytics_ros__rosidl_typesupport_fastrtps_cpp
[1.242s] [ 30%] Built target ultralytics_ros__rosidl_typesupport_cpp
[1.304s] [ 39%] Built target ultralytics_ros__rosidl_generator_c
[1.423s] [ 45%] Built target tracker_with_cloud_node
[1.496s] [ 54%] Built target ultralytics_ros__rosidl_typesupport_c
[1.574s] [ 63%] Built target ultralytics_ros__rosidl_typesupport_introspection_c
[1.643s] [ 72%] Built target ultralytics_ros__rosidl_typesupport_fastrtps_c
[1.709s] [ 72%] Built target ultralytics_ros
[1.785s] [ 75%] Built target ultralytics_ros__py
[1.855s] [ 81%] Built target ultralytics_ros__rosidl_generator_py
[1.932s] [ 87%] Built target ultralytics_ros__rosidl_typesupport_fastrtps_c__pyext
[2.003s] [ 93%] Built target ultralytics_ros__rosidl_typesupport_c__pyext
[2.068s] [100%] Built target ultralytics_ros__rosidl_typesupport_introspection_c__pyext
[2.104s] Invoked command in '/home/yeray/sensors_ws/build/ultralytics_ros' returned '0': CMAKE_PREFIX_PATH=/opt/ros/humble:${CMAKE_PREFIX_PATH} /usr/bin/cmake --build /home/yeray/sensors_ws/build/ultralytics_ros -- -j8 -l8
[2.358s] Invoking command in '/home/yeray/sensors_ws/build/ultralytics_ros': CMAKE_PREFIX_PATH=/opt/ros/humble:${CMAKE_PREFIX_PATH} /usr/bin/cmake --install /home/yeray/sensors_ws/build/ultralytics_ros
[2.395s] -- Install configuration: ""
[2.395s] -- Up-to-date: /home/yeray/sensors_ws/install/ultralytics_ros/share/ament_index/resource_index/rosidl_interfaces/ultralytics_ros
[2.395s] -- Up-to-date: /home/yeray/sensors_ws/install/ultralytics_ros/include/ultralytics_ros/ultralytics_ros
[2.401s] -- Up-to-date: /home/yeray/sensors_ws/install/ultralytics_ros/include/ultralytics_ros/ultralytics_ros/msg
[2.407s] -- Up-to-date: /home/yeray/sensors_ws/install/ultralytics_ros/include/ultralytics_ros/ultralytics_ros/msg/yolo_result.h
[2.408s] -- Up-to-date: /home/yeray/sensors_ws/install/ultralytics_ros/include/ultralytics_ros/ultralytics_ros/msg/rosidl_generator_c__visibility_control.h
[2.408s] -- Up-to-date: /home/yeray/sensors_ws/install/ultralytics_ros/include/ultralytics_ros/ultralytics_ros/msg/detail
[2.408s] -- Up-to-date: /home/yeray/sensors_ws/install/ultralytics_ros/include/ultralytics_ros/ultralytics_ros/msg/detail/yolo_result__functions.c
[2.408s] -- Up-to-date: /home/yeray/sensors_ws/install/ultralytics_ros/include/ultralytics_ros/ultralytics_ros/msg/detail/yolo_result__functions.h
[2.408s] -- Up-to-date: /home/yeray/sensors_ws/install/ultralytics_ros/include/ultralytics_ros/ultralytics_ros/msg/detail/yolo_result__struct.h
[2.408s] -- Up-to-date: /home/yeray/sensors_ws/install/ultralytics_ros/include/ultralytics_ros/ultralytics_ros/msg/detail/yolo_result__type_support.h
[2.408s] -- Up-to-date: /home/yeray/sensors_ws/install/ultralytics_ros/share/ultralytics_ros/environment/library_path.sh
[2.408s] -- Up-to-date: /home/yeray/sensors_ws/install/ultralytics_ros/share/ultralytics_ros/environment/library_path.dsv
[2.408s] -- Up-to-date: /home/yeray/sensors_ws/install/ultralytics_ros/lib/libultralytics_ros__rosidl_generator_c.so
[2.409s] -- Up-to-date: /home/yeray/sensors_ws/install/ultralytics_ros/include/ultralytics_ros/ultralytics_ros
[2.417s] -- Up-to-date: /home/yeray/sensors_ws/install/ultralytics_ros/include/ultralytics_ros/ultralytics_ros/msg
[2.418s] -- Up-to-date: /home/yeray/sensors_ws/install/ultralytics_ros/include/ultralytics_ros/ultralytics_ros/msg/rosidl_typesupport_fastrtps_c__visibility_control.h
[2.418s] -- Up-to-date: /home/yeray/sensors_ws/install/ultralytics_ros/include/ultralytics_ros/ultralytics_ros/msg/detail
[2.418s] -- Up-to-date: /home/yeray/sensors_ws/install/ultralytics_ros/include/ultralytics_ros/ultralytics_ros/msg/detail/yolo_result__rosidl_typesupport_fastrtps_c.h
[2.418s] -- Up-to-date: /home/yeray/sensors_ws/install/ultralytics_ros/lib/libultralytics_ros__rosidl_typesupport_fastrtps_c.so
[2.418s] -- Up-to-date: /home/yeray/sensors_ws/install/ultralytics_ros/include/ultralytics_ros/ultralytics_ros
[2.418s] -- Up-to-date: /home/yeray/sensors_ws/install/ultralytics_ros/include/ultralytics_ros/ultralytics_ros/msg
[2.419s] -- Up-to-date: /home/yeray/sensors_ws/install/ultralytics_ros/include/ultralytics_ros/ultralytics_ros/msg/yolo_result.hpp
[2.419s] -- Up-to-date: /home/yeray/sensors_ws/install/ultralytics_ros/include/ultralytics_ros/ultralytics_ros/msg/detail
[2.419s] -- Up-to-date: /home/yeray/sensors_ws/install/ultralytics_ros/include/ultralytics_ros/ultralytics_ros/msg/detail/yolo_result__builder.hpp
[2.419s] -- Up-to-date: /home/yeray/sensors_ws/install/ultralytics_ros/include/ultralytics_ros/ultralytics_ros/msg/detail/yolo_result__traits.hpp
[2.419s] -- Up-to-date: /home/yeray/sensors_ws/install/ultralytics_ros/include/ultralytics_ros/ultralytics_ros/msg/detail/yolo_result__struct.hpp
[2.419s] -- Up-to-date: /home/yeray/sensors_ws/install/ultralytics_ros/include/ultralytics_ros/ultralytics_ros
[2.419s] -- Up-to-date: /home/yeray/sensors_ws/install/ultralytics_ros/include/ultralytics_ros/ultralytics_ros/msg
[2.419s] -- Up-to-date: /home/yeray/sensors_ws/install/ultralytics_ros/include/ultralytics_ros/ultralytics_ros/msg/rosidl_typesupport_fastrtps_cpp__visibility_control.h
[2.419s] -- Up-to-date: /home/yeray/sensors_ws/install/ultralytics_ros/include/ultralytics_ros/ultralytics_ros/msg/detail
[2.420s] -- Up-to-date: /home/yeray/sensors_ws/install/ultralytics_ros/include/ultralytics_ros/ultralytics_ros/msg/detail/dds_fastrtps
[2.421s] -- Up-to-date: /home/yeray/sensors_ws/install/ultralytics_ros/include/ultralytics_ros/ultralytics_ros/msg/detail/yolo_result__rosidl_typesupport_fastrtps_cpp.hpp
[2.421s] -- Up-to-date: /home/yeray/sensors_ws/install/ultralytics_ros/lib/libultralytics_ros__rosidl_typesupport_fastrtps_cpp.so
[2.422s] -- Up-to-date: /home/yeray/sensors_ws/install/ultralytics_ros/include/ultralytics_ros/ultralytics_ros
[2.422s] -- Up-to-date: /home/yeray/sensors_ws/install/ultralytics_ros/include/ultralytics_ros/ultralytics_ros/msg
[2.426s] -- Up-to-date: /home/yeray/sensors_ws/install/ultralytics_ros/include/ultralytics_ros/ultralytics_ros/msg/rosidl_typesupport_introspection_c__visibility_control.h
[2.426s] -- Up-to-date: /home/yeray/sensors_ws/install/ultralytics_ros/include/ultralytics_ros/ultralytics_ros/msg/detail
[2.426s] -- Up-to-date: /home/yeray/sensors_ws/install/ultralytics_ros/include/ultralytics_ros/ultralytics_ros/msg/detail/yolo_result__type_support.c
[2.426s] -- Up-to-date: /home/yeray/sensors_ws/install/ultralytics_ros/include/ultralytics_ros/ultralytics_ros/msg/detail/yolo_result__rosidl_typesupport_introspection_c.h
[2.427s] -- Up-to-date: /home/yeray/sensors_ws/install/ultralytics_ros/lib/libultralytics_ros__rosidl_typesupport_introspection_c.so
[2.427s] -- Up-to-date: /home/yeray/sensors_ws/install/ultralytics_ros/lib/libultralytics_ros__rosidl_typesupport_c.so
[2.427s] -- Up-to-date: /home/yeray/sensors_ws/install/ultralytics_ros/include/ultralytics_ros/ultralytics_ros
[2.427s] -- Up-to-date: /home/yeray/sensors_ws/install/ultralytics_ros/include/ultralytics_ros/ultralytics_ros/msg
[2.427s] -- Up-to-date: /home/yeray/sensors_ws/install/ultralytics_ros/include/ultralytics_ros/ultralytics_ros/msg/detail
[2.427s] -- Up-to-date: /home/yeray/sensors_ws/install/ultralytics_ros/include/ultralytics_ros/ultralytics_ros/msg/detail/yolo_result__type_support.cpp
[2.428s] -- Up-to-date: /home/yeray/sensors_ws/install/ultralytics_ros/include/ultralytics_ros/ultralytics_ros/msg/detail/yolo_result__rosidl_typesupport_introspection_cpp.hpp
[2.428s] -- Up-to-date: /home/yeray/sensors_ws/install/ultralytics_ros/lib/libultralytics_ros__rosidl_typesupport_introspection_cpp.so
[2.428s] -- Up-to-date: /home/yeray/sensors_ws/install/ultralytics_ros/lib/libultralytics_ros__rosidl_typesupport_cpp.so
[2.428s] -- Up-to-date: /home/yeray/sensors_ws/install/ultralytics_ros/share/ultralytics_ros/environment/pythonpath.sh
[2.428s] -- Up-to-date: /home/yeray/sensors_ws/install/ultralytics_ros/share/ultralytics_ros/environment/pythonpath.dsv
[2.428s] -- Up-to-date: /home/yeray/sensors_ws/install/ultralytics_ros/local/lib/python3.10/dist-packages/ultralytics_ros-0.0.0-py3.10.egg-info
[2.428s] -- Installing: /home/yeray/sensors_ws/install/ultralytics_ros/local/lib/python3.10/dist-packages/ultralytics_ros-0.0.0-py3.10.egg-info/SOURCES.txt
[2.428s] -- Installing: /home/yeray/sensors_ws/install/ultralytics_ros/local/lib/python3.10/dist-packages/ultralytics_ros-0.0.0-py3.10.egg-info/PKG-INFO
[2.428s] -- Installing: /home/yeray/sensors_ws/install/ultralytics_ros/local/lib/python3.10/dist-packages/ultralytics_ros-0.0.0-py3.10.egg-info/top_level.txt
[2.429s] -- Installing: /home/yeray/sensors_ws/install/ultralytics_ros/local/lib/python3.10/dist-packages/ultralytics_ros-0.0.0-py3.10.egg-info/dependency_links.txt
[2.429s] -- Up-to-date: /home/yeray/sensors_ws/install/ultralytics_ros/local/lib/python3.10/dist-packages/ultralytics_ros
[2.429s] -- Up-to-date: /home/yeray/sensors_ws/install/ultralytics_ros/local/lib/python3.10/dist-packages/ultralytics_ros/ultralytics_ros_s__rosidl_typesupport_introspection_c.cpython-310-x86_64-linux-gnu.so
[2.429s] -- Up-to-date: /home/yeray/sensors_ws/install/ultralytics_ros/local/lib/python3.10/dist-packages/ultralytics_ros/_ultralytics_ros_s.ep.rosidl_typesupport_c.c
[2.429s] -- Up-to-date: /home/yeray/sensors_ws/install/ultralytics_ros/local/lib/python3.10/dist-packages/ultralytics_ros/__init__.py
[2.429s] -- Up-to-date: /home/yeray/sensors_ws/install/ultralytics_ros/local/lib/python3.10/dist-packages/ultralytics_ros/msg
[2.429s] -- Up-to-date: /home/yeray/sensors_ws/install/ultralytics_ros/local/lib/python3.10/dist-packages/ultralytics_ros/msg/_yolo_result.py
[2.430s] -- Up-to-date: /home/yeray/sensors_ws/install/ultralytics_ros/local/lib/python3.10/dist-packages/ultralytics_ros/msg/__init__.py
[2.430s] -- Up-to-date: /home/yeray/sensors_ws/install/ultralytics_ros/local/lib/python3.10/dist-packages/ultralytics_ros/msg/_yolo_result_s.c
[2.430s] -- Up-to-date: /home/yeray/sensors_ws/install/ultralytics_ros/local/lib/python3.10/dist-packages/ultralytics_ros/ultralytics_ros_s__rosidl_typesupport_c.cpython-310-x86_64-linux-gnu.so
[2.430s] -- Up-to-date: /home/yeray/sensors_ws/install/ultralytics_ros/local/lib/python3.10/dist-packages/ultralytics_ros/_ultralytics_ros_s.ep.rosidl_typesupport_fastrtps_c.c
[2.430s] -- Up-to-date: /home/yeray/sensors_ws/install/ultralytics_ros/local/lib/python3.10/dist-packages/ultralytics_ros/_ultralytics_ros_s.ep.rosidl_typesupport_introspection_c.c
[2.431s] -- Up-to-date: /home/yeray/sensors_ws/install/ultralytics_ros/local/lib/python3.10/dist-packages/ultralytics_ros/libultralytics_ros__rosidl_generator_py.so
[2.431s] -- Up-to-date: /home/yeray/sensors_ws/install/ultralytics_ros/local/lib/python3.10/dist-packages/ultralytics_ros/ultralytics_ros_s__rosidl_typesupport_fastrtps_c.cpython-310-x86_64-linux-gnu.so
[2.522s] Listing '/home/yeray/sensors_ws/install/ultralytics_ros/local/lib/python3.10/dist-packages/ultralytics_ros'...
[2.522s] Listing '/home/yeray/sensors_ws/install/ultralytics_ros/local/lib/python3.10/dist-packages/ultralytics_ros/msg'...
[2.532s] -- Up-to-date: /home/yeray/sensors_ws/install/ultralytics_ros/local/lib/python3.10/dist-packages/ultralytics_ros/ultralytics_ros_s__rosidl_typesupport_fastrtps_c.cpython-310-x86_64-linux-gnu.so
[2.533s] -- Up-to-date: /home/yeray/sensors_ws/install/ultralytics_ros/local/lib/python3.10/dist-packages/ultralytics_ros/ultralytics_ros_s__rosidl_typesupport_introspection_c.cpython-310-x86_64-linux-gnu.so
[2.536s] -- Up-to-date: /home/yeray/sensors_ws/install/ultralytics_ros/local/lib/python3.10/dist-packages/ultralytics_ros/ultralytics_ros_s__rosidl_typesupport_c.cpython-310-x86_64-linux-gnu.so
[2.536s] -- Up-to-date: /home/yeray/sensors_ws/install/ultralytics_ros/lib/libultralytics_ros__rosidl_generator_py.so
[2.536s] -- Up-to-date: /home/yeray/sensors_ws/install/ultralytics_ros/share/ultralytics_ros/msg/YoloResult.idl
[2.537s] -- Up-to-date: /home/yeray/sensors_ws/install/ultralytics_ros/share/ultralytics_ros/msg/YoloResult.msg
[2.540s] -- Up-to-date: /home/yeray/sensors_ws/install/ultralytics_ros/lib/ultralytics_ros/tracker_with_cloud_node
[2.542s] -- Up-to-date: /home/yeray/sensors_ws/install/ultralytics_ros/lib/ultralytics_ros/tracker_node.py
[2.542s] -- Up-to-date: /home/yeray/sensors_ws/install/ultralytics_ros/share/ultralytics_ros/launch
[2.542s] -- Up-to-date: /home/yeray/sensors_ws/install/ultralytics_ros/share/ultralytics_ros/launch/kitti_tracker_with_cloud.launch.xml
[2.542s] -- Up-to-date: /home/yeray/sensors_ws/install/ultralytics_ros/share/ultralytics_ros/launch/tracker.launch.xml
[2.542s] -- Up-to-date: /home/yeray/sensors_ws/install/ultralytics_ros/share/ultralytics_ros/launch/tracker_with_cloud.launch.xml
[2.542s] -- Up-to-date: /home/yeray/sensors_ws/install/ultralytics_ros/share/ultralytics_ros/launch/kitti_tracker.launch.xml
[2.542s] -- Up-to-date: /home/yeray/sensors_ws/install/ultralytics_ros/share/ultralytics_ros/rviz2
[2.543s] -- Up-to-date: /home/yeray/sensors_ws/install/ultralytics_ros/share/ultralytics_ros/rviz2/default.rviz
[2.548s] -- Up-to-date: /home/yeray/sensors_ws/install/ultralytics_ros/share/ultralytics_ros/rviz2/kitti.rviz
[2.549s] -- Up-to-date: /home/yeray/sensors_ws/install/ultralytics_ros/share/ament_index/resource_index/package_run_dependencies/ultralytics_ros
[2.549s] -- Up-to-date: /home/yeray/sensors_ws/install/ultralytics_ros/share/ament_index/resource_index/parent_prefix_path/ultralytics_ros
[2.549s] -- Up-to-date: /home/yeray/sensors_ws/install/ultralytics_ros/share/ultralytics_ros/environment/ament_prefix_path.sh
[2.550s] -- Up-to-date: /home/yeray/sensors_ws/install/ultralytics_ros/share/ultralytics_ros/environment/ament_prefix_path.dsv
[2.550s] -- Up-to-date: /home/yeray/sensors_ws/install/ultralytics_ros/share/ultralytics_ros/environment/path.sh
[2.550s] -- Up-to-date: /home/yeray/sensors_ws/install/ultralytics_ros/share/ultralytics_ros/environment/path.dsv
[2.550s] -- Up-to-date: /home/yeray/sensors_ws/install/ultralytics_ros/share/ultralytics_ros/local_setup.bash
[2.550s] -- Up-to-date: /home/yeray/sensors_ws/install/ultralytics_ros/share/ultralytics_ros/local_setup.sh
[2.551s] -- Up-to-date: /home/yeray/sensors_ws/install/ultralytics_ros/share/ultralytics_ros/local_setup.zsh
[2.551s] -- Up-to-date: /home/yeray/sensors_ws/install/ultralytics_ros/share/ultralytics_ros/local_setup.dsv
[2.551s] -- Installing: /home/yeray/sensors_ws/install/ultralytics_ros/share/ultralytics_ros/package.dsv
[2.551s] -- Up-to-date: /home/yeray/sensors_ws/install/ultralytics_ros/share/ament_index/resource_index/packages/ultralytics_ros
[2.551s] -- Up-to-date: /home/yeray/sensors_ws/install/ultralytics_ros/share/ultralytics_ros/cmake/export_ultralytics_ros__rosidl_generator_cExport.cmake
[2.552s] -- Up-to-date: /home/yeray/sensors_ws/install/ultralytics_ros/share/ultralytics_ros/cmake/export_ultralytics_ros__rosidl_generator_cExport-noconfig.cmake
[2.552s] -- Up-to-date: /home/yeray/sensors_ws/install/ultralytics_ros/share/ultralytics_ros/cmake/export_ultralytics_ros__rosidl_typesupport_fastrtps_cExport.cmake
[2.552s] -- Up-to-date: /home/yeray/sensors_ws/install/ultralytics_ros/share/ultralytics_ros/cmake/export_ultralytics_ros__rosidl_typesupport_fastrtps_cExport-noconfig.cmake
[2.553s] -- Up-to-date: /home/yeray/sensors_ws/install/ultralytics_ros/share/ultralytics_ros/cmake/export_ultralytics_ros__rosidl_generator_cppExport.cmake
[2.553s] -- Up-to-date: /home/yeray/sensors_ws/install/ultralytics_ros/share/ultralytics_ros/cmake/export_ultralytics_ros__rosidl_typesupport_fastrtps_cppExport.cmake
[2.553s] -- Up-to-date: /home/yeray/sensors_ws/install/ultralytics_ros/share/ultralytics_ros/cmake/export_ultralytics_ros__rosidl_typesupport_fastrtps_cppExport-noconfig.cmake
[2.553s] -- Up-to-date: /home/yeray/sensors_ws/install/ultralytics_ros/share/ultralytics_ros/cmake/ultralytics_ros__rosidl_typesupport_introspection_cExport.cmake
[2.553s] -- Up-to-date: /home/yeray/sensors_ws/install/ultralytics_ros/share/ultralytics_ros/cmake/ultralytics_ros__rosidl_typesupport_introspection_cExport-noconfig.cmake
[2.553s] -- Up-to-date: /home/yeray/sensors_ws/install/ultralytics_ros/share/ultralytics_ros/cmake/ultralytics_ros__rosidl_typesupport_cExport.cmake
[2.553s] -- Up-to-date: /home/yeray/sensors_ws/install/ultralytics_ros/share/ultralytics_ros/cmake/ultralytics_ros__rosidl_typesupport_cExport-noconfig.cmake
[2.553s] -- Up-to-date: /home/yeray/sensors_ws/install/ultralytics_ros/share/ultralytics_ros/cmake/ultralytics_ros__rosidl_typesupport_introspection_cppExport.cmake
[2.554s] -- Up-to-date: /home/yeray/sensors_ws/install/ultralytics_ros/share/ultralytics_ros/cmake/ultralytics_ros__rosidl_typesupport_introspection_cppExport-noconfig.cmake
[2.554s] -- Up-to-date: /home/yeray/sensors_ws/install/ultralytics_ros/share/ultralytics_ros/cmake/ultralytics_ros__rosidl_typesupport_cppExport.cmake
[2.554s] -- Up-to-date: /home/yeray/sensors_ws/install/ultralytics_ros/share/ultralytics_ros/cmake/ultralytics_ros__rosidl_typesupport_cppExport-noconfig.cmake
[2.554s] -- Up-to-date: /home/yeray/sensors_ws/install/ultralytics_ros/share/ultralytics_ros/cmake/export_ultralytics_ros__rosidl_generator_pyExport.cmake
[2.554s] -- Up-to-date: /home/yeray/sensors_ws/install/ultralytics_ros/share/ultralytics_ros/cmake/export_ultralytics_ros__rosidl_generator_pyExport-noconfig.cmake
[2.554s] -- Up-to-date: /home/yeray/sensors_ws/install/ultralytics_ros/share/ultralytics_ros/cmake/rosidl_cmake-extras.cmake
[2.554s] -- Up-to-date: /home/yeray/sensors_ws/install/ultralytics_ros/share/ultralytics_ros/cmake/ament_cmake_export_dependencies-extras.cmake
[2.555s] -- Up-to-date: /home/yeray/sensors_ws/install/ultralytics_ros/share/ultralytics_ros/cmake/ament_cmake_export_include_directories-extras.cmake
[2.555s] -- Up-to-date: /home/yeray/sensors_ws/install/ultralytics_ros/share/ultralytics_ros/cmake/ament_cmake_export_libraries-extras.cmake
[2.555s] -- Up-to-date: /home/yeray/sensors_ws/install/ultralytics_ros/share/ultralytics_ros/cmake/ament_cmake_export_targets-extras.cmake
[2.555s] -- Up-to-date: /home/yeray/sensors_ws/install/ultralytics_ros/share/ultralytics_ros/cmake/rosidl_cmake_export_typesupport_targets-extras.cmake
[2.555s] -- Up-to-date: /home/yeray/sensors_ws/install/ultralytics_ros/share/ultralytics_ros/cmake/rosidl_cmake_export_typesupport_libraries-extras.cmake
[2.556s] -- Up-to-date: /home/yeray/sensors_ws/install/ultralytics_ros/share/ultralytics_ros/cmake/ultralytics_rosConfig.cmake
[2.563s] -- Up-to-date: /home/yeray/sensors_ws/install/ultralytics_ros/share/ultralytics_ros/cmake/ultralytics_rosConfig-version.cmake
[2.563s] -- Up-to-date: /home/yeray/sensors_ws/install/ultralytics_ros/share/ultralytics_ros/package.xml
[2.563s] Invoked command in '/home/yeray/sensors_ws/build/ultralytics_ros' returned '0': CMAKE_PREFIX_PATH=/opt/ros/humble:${CMAKE_PREFIX_PATH} /usr/bin/cmake --install /home/yeray/sensors_ws/build/ultralytics_ros
